#
# There is insufficient memory for the Java Runtime Environment to continue.
# Native memory allocation (mmap) failed to map 87031808 bytes for committing reserved memory.
# Possible reasons:
#   The system is out of physical RAM or swap space
#   In 32 bit mode, the process size limit was hit
# Possible solutions:
#   Reduce memory load on the system
#   Increase physical memory or swap space
#   Check if swap backing store is full
#   Use 64 bit Java on a 64 bit OS
#   Decrease Java heap size (-Xmx/-Xms)
#   Decrease number of Java threads
#   Decrease Java thread stack sizes (-Xss)
#   Set larger code cache with -XX:ReservedCodeCacheSize=
# This output file may be truncated or incomplete.
#
#  Out of Memory Error (os_linux.cpp:2627), pid=9674, tid=0x00007fe1445a5700
#
# JRE version:  (8.0_76-b03) (build )
# Java VM: OpenJDK 64-Bit Server VM (25.76-b03 mixed mode linux-amd64 compressed oops)
# Core dump written. Default location: /home/caitano/git-local/nutrition_app/app/core or core.9674
#

---------------  T H R E A D  ---------------

Current thread (0x00007fe13c008800):  JavaThread "Unknown thread" [_thread_in_vm, id=9678, stack(0x00007fe1444a5000,0x00007fe1445a6000)]

Stack: [0x00007fe1444a5000,0x00007fe1445a6000],  sp=0x00007fe1445a4620,  free space=1021k
Native frames: (J=compiled Java code, j=interpreted, Vv=VM code, C=native code)
V  [libjvm.so+0x9d9fcd]  VMError::report_and_die()+0x15d
V  [libjvm.so+0x4b4d4a]  report_vm_out_of_memory(char const*, int, unsigned long, VMErrorType, char const*)+0x8a
V  [libjvm.so+0x845190]  os::pd_commit_memory(char*, unsigned long, unsigned long, bool)+0xf0
V  [libjvm.so+0x83fcbf]  os::commit_memory(char*, unsigned long, unsigned long, bool)+0x1f
V  [libjvm.so+0x8b4d9b]  PSVirtualSpace::expand_by(unsigned long)+0x5b
V  [libjvm.so+0x8a6d18]  PSOldGen::initialize(ReservedSpace, unsigned long, char const*, int)+0xa8
V  [libjvm.so+0x2c3793]  AdjoiningGenerations::AdjoiningGenerations(ReservedSpace, GenerationSizer*, unsigned long)+0x353
V  [libjvm.so+0x868921]  ParallelScavengeHeap::initialize()+0x211
V  [libjvm.so+0x9a5e59]  Universe::initialize_heap()+0x189
V  [libjvm.so+0x9a6053]  universe_init()+0x33
V  [libjvm.so+0x5da925]  init_globals()+0x55
V  [libjvm.so+0x989ca3]  Threads::create_vm(JavaVMInitArgs*, bool*)+0x2b3
V  [libjvm.so+0x647c52]  JNI_CreateJavaVM+0x52
C  [libjli.so+0x77c8]  JavaMain+0x88
C  [libpthread.so.0+0x75ca]  start_thread+0xca


---------------  P R O C E S S  ---------------

Java Threads: ( => current thread )

Other Threads:

=>0x00007fe13c008800 (exited) JavaThread "Unknown thread" [_thread_in_vm, id=9678, stack(0x00007fe1444a5000,0x00007fe1445a6000)]

VM state:not at safepoint (not fully initialized)

VM Mutex/Monitor currently owned by a thread: None

GC Heap History (0 events):
No events

Deoptimization events (0 events):
No events

Internal exceptions (0 events):
No events

Events (0 events):
No events


Dynamic libraries:
00400000-00401000 r-xp 00000000 08:04 3148253                            /opt/android-studio/jre/bin/java
00600000-00601000 r--p 00000000 08:04 3148253                            /opt/android-studio/jre/bin/java
00601000-00602000 rw-p 00001000 08:04 3148253                            /opt/android-studio/jre/bin/java
00c4c000-00c6d000 rw-p 00000000 00:00 0                                  [heap]
c5300000-eab00000 ---p 00000000 00:00 0 
eab00000-ed400000 rw-p 00000000 00:00 0 
ed400000-100000000 ---p 00000000 00:00 0 
7fe12d000000-7fe12d270000 rwxp 00000000 00:00 0 
7fe12d270000-7fe13c000000 ---p 00000000 00:00 0 
7fe13c000000-7fe13c035000 rw-p 00000000 00:00 0 
7fe13c035000-7fe140000000 ---p 00000000 00:00 0 
7fe141508000-7fe14177d000 rw-p 00000000 00:00 0 
7fe14177d000-7fe1418d2000 ---p 00000000 00:00 0 
7fe1418d2000-7fe1418e7000 rw-p 00000000 00:00 0 
7fe1418e7000-7fe14197d000 ---p 00000000 00:00 0 
7fe14197d000-7fe141988000 rw-p 00000000 00:00 0 
7fe141988000-7fe141d3e000 ---p 00000000 00:00 0 
7fe141d3e000-7fe141d58000 r-xp 00000000 08:04 3803060                    /opt/android-studio/jre/jre/lib/amd64/libzip.so
7fe141d58000-7fe141f58000 ---p 0001a000 08:04 3803060                    /opt/android-studio/jre/jre/lib/amd64/libzip.so
7fe141f58000-7fe141f59000 r--p 0001a000 08:04 3803060                    /opt/android-studio/jre/jre/lib/amd64/libzip.so
7fe141f59000-7fe141f5a000 rw-p 0001b000 08:04 3803060                    /opt/android-studio/jre/jre/lib/amd64/libzip.so
7fe141f5a000-7fe141f65000 r-xp 00000000 08:04 3419534                    /usr/lib64/libnss_files-2.23.so
7fe141f65000-7fe142164000 ---p 0000b000 08:04 3419534                    /usr/lib64/libnss_files-2.23.so
7fe142164000-7fe142165000 r--p 0000a000 08:04 3419534                    /usr/lib64/libnss_files-2.23.so
7fe142165000-7fe142166000 rw-p 0000b000 08:04 3419534                    /usr/lib64/libnss_files-2.23.so
7fe142166000-7fe14216c000 rw-p 00000000 00:00 0 
7fe14216c000-7fe142199000 r-xp 00000000 08:04 3803946                    /opt/android-studio/jre/jre/lib/amd64/libjava.so
7fe142199000-7fe142398000 ---p 0002d000 08:04 3803946                    /opt/android-studio/jre/jre/lib/amd64/libjava.so
7fe142398000-7fe142399000 r--p 0002c000 08:04 3803946                    /opt/android-studio/jre/jre/lib/amd64/libjava.so
7fe142399000-7fe14239b000 rw-p 0002d000 08:04 3803946                    /opt/android-studio/jre/jre/lib/amd64/libjava.so
7fe14239b000-7fe1423ab000 r-xp 00000000 08:04 3804378                    /opt/android-studio/jre/jre/lib/amd64/libverify.so
7fe1423ab000-7fe1425aa000 ---p 00010000 08:04 3804378                    /opt/android-studio/jre/jre/lib/amd64/libverify.so
7fe1425aa000-7fe1425ac000 r--p 0000f000 08:04 3804378                    /opt/android-studio/jre/jre/lib/amd64/libverify.so
7fe1425ac000-7fe1425ad000 rw-p 00011000 08:04 3804378                    /opt/android-studio/jre/jre/lib/amd64/libverify.so
7fe1425ad000-7fe1425b4000 r-xp 00000000 08:04 3419537                    /usr/lib64/librt-2.23.so
7fe1425b4000-7fe1427b3000 ---p 00007000 08:04 3419537                    /usr/lib64/librt-2.23.so
7fe1427b3000-7fe1427b4000 r--p 00006000 08:04 3419537                    /usr/lib64/librt-2.23.so
7fe1427b4000-7fe1427b5000 rw-p 00007000 08:04 3419537                    /usr/lib64/librt-2.23.so
7fe1427b5000-7fe1428bd000 r-xp 00000000 08:04 3419531                    /usr/lib64/libm-2.23.so
7fe1428bd000-7fe142abc000 ---p 00108000 08:04 3419531                    /usr/lib64/libm-2.23.so
7fe142abc000-7fe142abd000 r--p 00107000 08:04 3419531                    /usr/lib64/libm-2.23.so
7fe142abd000-7fe142abe000 rw-p 00108000 08:04 3419531                    /usr/lib64/libm-2.23.so
7fe142abe000-7fe1436a4000 r-xp 00000000 08:04 3804440                    /opt/android-studio/jre/jre/lib/amd64/server/libjvm.so
7fe1436a4000-7fe1438a4000 ---p 00be6000 08:04 3804440                    /opt/android-studio/jre/jre/lib/amd64/server/libjvm.so
7fe1438a4000-7fe143943000 r--p 00be6000 08:04 3804440                    /opt/android-studio/jre/jre/lib/amd64/server/libjvm.so
7fe143943000-7fe14396c000 rw-p 00c85000 08:04 3804440                    /opt/android-studio/jre/jre/lib/amd64/server/libjvm.so
7fe14396c000-7fe1439ae000 rw-p 00000000 00:00 0 
7fe1439ae000-7fe1439c5000 r-xp 00000000 08:04 3417370                    /usr/lib64/libpthread-2.23.so
7fe1439c5000-7fe143bc4000 ---p 00017000 08:04 3417370                    /usr/lib64/libpthread-2.23.so
7fe143bc4000-7fe143bc5000 r--p 00016000 08:04 3417370                    /usr/lib64/libpthread-2.23.so
7fe143bc5000-7fe143bc6000 rw-p 00017000 08:04 3417370                    /usr/lib64/libpthread-2.23.so
7fe143bc6000-7fe143bca000 rw-p 00000000 00:00 0 
7fe143bca000-7fe143bcd000 r-xp 00000000 08:04 3419530                    /usr/lib64/libdl-2.23.so
7fe143bcd000-7fe143dcc000 ---p 00003000 08:04 3419530                    /usr/lib64/libdl-2.23.so
7fe143dcc000-7fe143dcd000 r--p 00002000 08:04 3419530                    /usr/lib64/libdl-2.23.so
7fe143dcd000-7fe143dce000 rw-p 00003000 08:04 3419530                    /usr/lib64/libdl-2.23.so
7fe143dce000-7fe143f87000 r-xp 00000000 08:04 3416783                    /usr/lib64/libc-2.23.so
7fe143f87000-7fe144186000 ---p 001b9000 08:04 3416783                    /usr/lib64/libc-2.23.so
7fe144186000-7fe14418a000 r--p 001b8000 08:04 3416783                    /usr/lib64/libc-2.23.so
7fe14418a000-7fe14418c000 rw-p 001bc000 08:04 3416783                    /usr/lib64/libc-2.23.so
7fe14418c000-7fe144190000 rw-p 00000000 00:00 0 
7fe144190000-7fe1441a6000 r-xp 00000000 08:04 3019000                    /opt/android-studio/jre/lib/amd64/jli/libjli.so
7fe1441a6000-7fe1443a5000 ---p 00016000 08:04 3019000                    /opt/android-studio/jre/lib/amd64/jli/libjli.so
7fe1443a5000-7fe1443a6000 r--p 00015000 08:04 3019000                    /opt/android-studio/jre/lib/amd64/jli/libjli.so
7fe1443a6000-7fe1443a7000 rw-p 00016000 08:04 3019000                    /opt/android-studio/jre/lib/amd64/jli/libjli.so
7fe1443a7000-7fe1443cb000 r-xp 00000000 08:04 3422375                    /usr/lib64/ld-2.23.so
7fe1444a5000-7fe1444a8000 ---p 00000000 00:00 0 
7fe1444a8000-7fe1445aa000 rw-p 00000000 00:00 0 
7fe1445bf000-7fe1445c7000 rw-s 00000000 00:26 368861                     /tmp/hsperfdata_caitano/9674
7fe1445c7000-7fe1445c8000 rw-p 00000000 00:00 0 
7fe1445c8000-7fe1445c9000 r--p 00000000 00:00 0 
7fe1445c9000-7fe1445ca000 rw-p 00000000 00:00 0 
7fe1445ca000-7fe1445cb000 r--p 00023000 08:04 3422375                    /usr/lib64/ld-2.23.so
7fe1445cb000-7fe1445cc000 rw-p 00024000 08:04 3422375                    /usr/lib64/ld-2.23.so
7fe1445cc000-7fe1445cd000 rw-p 00000000 00:00 0 
7ffd58ff7000-7ffd59018000 rw-p 00000000 00:00 0                          [stack]
7ffd5910b000-7ffd5910d000 r--p 00000000 00:00 0                          [vvar]
7ffd5910d000-7ffd5910f000 r-xp 00000000 00:00 0                          [vdso]
ffffffffff600000-ffffffffff601000 r-xp 00000000 00:00 0                  [vsyscall]

VM Arguments:
jvm_args: -Djava.awt.headless=true -Xmx1024M -Dfile.encoding=UTF-8 -Duser.country=US -Duser.language=en -Duser.variant 
java_command: com.android.dx.command.Main --dex --force-jumbo --num-threads=4 --multi-dex --output /home/caitano/git-local/nutrition_app/app/build/intermediates/transforms/dex/debug/folders/1000/10/com.google.android.gms-play-services-basement-8.4.0_cd0cd13684571a9f10c2c149df247b8efc10d868 /home/caitano/git-local/nutrition_app/app/build/intermediates/exploded-aar/com.google.android.gms/play-services-basement/8.4.0/jars/classes.jar
java_class_path (initial): /home/caitano/Android/Sdk/build-tools/24.0.2/lib/dx.jar
Launcher Type: SUN_STANDARD

Environment Variables:
PATH=/usr/lib64/qt-3.3/bin:/usr/java/jdk1.8.0_102/bin:/usr/java/jdk1.8.0_102/bin:/usr/java/jdk1.8.0_102/bin:/usr/local/bin:/usr/local/sbin:/usr/bin:/usr/sbin:/opt/android-studio/bin:/home/caitano/.local/bin:/home/caitano/bin
USERNAME=caitano
LD_LIBRARY_PATH=/opt/android-studio/bin:
SHELL=/bin/bash
DISPLAY=:0

Signal Handlers:
SIGSEGV: [libjvm.so+0x9daac0], sa_mask[0]=11111111011111111101111111111110, sa_flags=SA_RESTART|SA_SIGINFO
SIGBUS: [libjvm.so+0x9daac0], sa_mask[0]=11111111011111111101111111111110, sa_flags=SA_RESTART|SA_SIGINFO
SIGFPE: [libjvm.so+0x840d90], sa_mask[0]=11111111011111111101111111111110, sa_flags=SA_RESTART|SA_SIGINFO
SIGPIPE: [libjvm.so+0x840d90], sa_mask[0]=11111111011111111101111111111110, sa_flags=SA_RESTART|SA_SIGINFO
SIGXFSZ: [libjvm.so+0x840d90], sa_mask[0]=11111111011111111101111111111110, sa_flags=SA_RESTART|SA_SIGINFO
SIGILL: [libjvm.so+0x840d90], sa_mask[0]=11111111011111111101111111111110, sa_flags=SA_RESTART|SA_SIGINFO
SIGUSR1: SIG_DFL, sa_mask[0]=00000000000000000000000000000000, sa_flags=none
SIGUSR2: [libjvm.so+0x840c60], sa_mask[0]=00100000000000000000000000000000, sa_flags=SA_RESTART|SA_SIGINFO
SIGHUP: SIG_DFL, sa_mask[0]=00000000000000000000000000000000, sa_flags=none
SIGINT: SIG_DFL, sa_mask[0]=00000000000000000000000000000000, sa_flags=none
SIGTERM: SIG_DFL, sa_mask[0]=00000000000000000000000000000000, sa_flags=none
SIGQUIT: SIG_DFL, sa_mask[0]=00000000000000000000000000000000, sa_flags=none


---------------  S Y S T E M  ---------------

OS:Fedora release 24 (Twenty Four)

uname:Linux 4.7.6-200.fc24.x86_64 #1 SMP Mon Oct 3 20:10:24 UTC 2016 x86_64
libc:glibc 2.23 NPTL 2.23 
rlimit: STACK 8192k, CORE infinity, NPROC 31270, NOFILE 4096, AS infinity
load average:8.08 2.38 1.21

/proc/meminfo:
MemTotal:        8025292 kB
MemFree:          117920 kB
MemAvailable:      26452 kB
Buffers:            1104 kB
Cached:          1201792 kB
SwapCached:            0 kB
Active:          6460020 kB
Inactive:        1160784 kB
Active(anon):    6429516 kB
Inactive(anon):  1139320 kB
Active(file):      30504 kB
Inactive(file):    21464 kB
Unevictable:          60 kB
Mlocked:              60 kB
SwapTotal:             0 kB
SwapFree:              0 kB
Dirty:              2016 kB
Writeback:             0 kB
AnonPages:       6418608 kB
Mapped:           579592 kB
Shmem:           1150328 kB
Slab:             111580 kB
SReclaimable:      40128 kB
SUnreclaim:        71452 kB
KernelStack:       15408 kB
PageTables:        80232 kB
NFS_Unstable:          0 kB
Bounce:                0 kB
WritebackTmp:          0 kB
CommitLimit:     4012644 kB
Committed_AS:   16688432 kB
VmallocTotal:   34359738367 kB
VmallocUsed:           0 kB
VmallocChunk:          0 kB
HardwareCorrupted:     0 kB
AnonHugePages:         0 kB
CmaTotal:              0 kB
CmaFree:               0 kB
HugePages_Total:       0
HugePages_Free:        0
HugePages_Rsvd:        0
HugePages_Surp:        0
Hugepagesize:       2048 kB
DirectMap4k:      192768 kB
DirectMap2M:     8044544 kB


CPU:total 4 (2 cores per cpu, 2 threads per core) family 6 model 42 stepping 7, cmov, cx8, fxsr, mmx, sse, sse2, sse3, ssse3, sse4.1, sse4.2, popcnt, avx, clmul, ht, tsc, tscinvbit

/proc/cpuinfo:
processor	: 0
vendor_id	: GenuineIntel
cpu family	: 6
model		: 42
model name	: Intel(R) Core(TM) i3-2310M CPU @ 2.10GHz
stepping	: 7
microcode	: 0x29
cpu MHz		: 2100.000
cache size	: 3072 KB
physical id	: 0
siblings	: 4
core id		: 0
cpu cores	: 2
apicid		: 0
initial apicid	: 0
fpu		: yes
fpu_exception	: yes
cpuid level	: 13
wp		: yes
flags		: fpu vme de pse tsc msr pae mce cx8 apic sep mtrr pge mca cmov pat pse36 clflush dts acpi mmx fxsr sse sse2 ss ht tm pbe syscall nx rdtscp lm constant_tsc arch_perfmon pebs bts rep_good nopl xtopology nonstop_tsc aperfmperf eagerfpu pni pclmulqdq dtes64 monitor ds_cpl vmx est tm2 ssse3 cx16 xtpr pdcm pcid sse4_1 sse4_2 x2apic popcnt tsc_deadline_timer xsave avx lahf_lm epb tpr_shadow vnmi flexpriority ept vpid xsaveopt dtherm arat pln pts
bugs		:
bogomips	: 4190.51
clflush size	: 64
cache_alignment	: 64
address sizes	: 36 bits physical, 48 bits virtual
power management:

processor	: 1
vendor_id	: GenuineIntel
cpu family	: 6
model		: 42
model name	: Intel(R) Core(TM) i3-2310M CPU @ 2.10GHz
stepping	: 7
microcode	: 0x29
cpu MHz		: 2099.871
cache size	: 3072 KB
physical id	: 0
siblings	: 4
core id		: 0
cpu cores	: 2
apicid		: 1
initial apicid	: 1
fpu		: yes
fpu_exception	: yes
cpuid level	: 13
wp		: yes
flags		: fpu vme de pse tsc msr pae mce cx8 apic sep mtrr pge mca cmov pat pse36 clflush dts acpi mmx fxsr sse sse2 ss ht tm pbe syscall nx rdtscp lm constant_tsc arch_perfmon pebs bts rep_good nopl xtopology nonstop_tsc aperfmperf eagerfpu pni pclmulqdq dtes64 monitor ds_cpl vmx est tm2 ssse3 cx16 xtpr pdcm pcid sse4_1 sse4_2 x2apic popcnt tsc_deadline_timer xsave avx lahf_lm epb tpr_shadow vnmi flexpriority ept vpid xsaveopt dtherm arat pln pts
bugs		:
bogomips	: 4195.86
clflush size	: 64
cache_alignment	: 64
address sizes	: 36 bits physical, 48 bits virtual
power management:

processor	: 2
vendor_id	: GenuineIntel
cpu family	: 6
model		: 42
model name	: Intel(R) Core(TM) i3-2310M CPU @ 2.10GHz
stepping	: 7
microcode	: 0x29
cpu MHz		: 2099.871
cache size	: 3072 KB
physical id	: 0
siblings	: 4
core id		: 1
cpu cores	: 2
apicid		: 2
initial apicid	: 2
fpu		: yes
fpu_exception	: yes
cpuid level	: 13
wp		: yes
flags		: fpu vme de pse tsc msr pae mce cx8 apic sep mtrr pge mca cmov pat pse36 clflush dts acpi mmx fxsr sse sse2 ss ht tm pbe syscall nx rdtscp lm constant_tsc arch_perfmon pebs bts rep_good nopl xtopology nonstop_tsc aperfmperf eagerfpu pni pclmulqdq dtes64 monitor ds_cpl vmx est tm2 ssse3 cx16 xtpr pdcm pcid sse4_1 sse4_2 x2apic popcnt tsc_deadline_timer xsave avx lahf_lm epb tpr_shadow vnmi flexpriority ept vpid xsaveopt dtherm arat pln pts
bugs		:
bogomips	: 4194.40
clflush size	: 64
cache_alignment	: 64
address sizes	: 36 bits physical, 48 bits virtual
power management:

processor	: 3
vendor_id	: GenuineIntel
cpu family	: 6
model		: 42
model name	: Intel(R) Core(TM) i3-2310M CPU @ 2.10GHz
stepping	: 7
microcode	: 0x29
cpu MHz		: 2099.871
cache size	: 3072 KB
physical id	: 0
siblings	: 4
core id		: 1
cpu cores	: 2
apicid		: 3
initial apicid	: 3
fpu		: yes
fpu_exception	: yes
cpuid level	: 13
wp		: yes
flags		: fpu vme de pse tsc msr pae mce cx8 apic sep mtrr pge mca cmov pat pse36 clflush dts acpi mmx fxsr sse sse2 ss ht tm pbe syscall nx rdtscp lm constant_tsc arch_perfmon pebs bts rep_good nopl xtopology nonstop_tsc aperfmperf eagerfpu pni pclmulqdq dtes64 monitor ds_cpl vmx est tm2 ssse3 cx16 xtpr pdcm pcid sse4_1 sse4_2 x2apic popcnt tsc_deadline_timer xsave avx lahf_lm epb tpr_shadow vnmi flexpriority ept vpid xsaveopt dtherm arat pln pts
bugs		:
bogomips	: 4194.33
clflush size	: 64
cache_alignment	: 64
address sizes	: 36 bits physical, 48 bits virtual
power management:



Memory: 4k page, physical 8025292k(118412k free), swap 0k(0k free)

vm_info: OpenJDK 64-Bit Server VM (25.76-b03) for linux-amd64 JRE (1.8.0_76-release-b03), built on Jun 29 2016 09:39:19 by "builder" with gcc 4.8.4

time: Sat Nov 19 15:06:29 2016
elapsed time: 0 seconds (0d 0h 0m 0s)

