#
# A fatal error has been detected by the Java Runtime Environment:
#
#  SIGSEGV (0xb) at pc=0x00007f66c11b86b9, pid=7873, tid=0x00007f669ae24700
#
# JRE version: OpenJDK Runtime Environment (8.0_76-b03) (build 1.8.0_76-release-b03)
# Java VM: OpenJDK 64-Bit Server VM (25.76-b03 mixed mode linux-amd64 compressed oops)
# Problematic frame:
# J 313 C1 java.util.BitSet.nextSetBit(I)I (102 bytes) @ 0x00007f66c11b86b9 [0x00007f66c11b8600+0xb9]
#
# Failed to write core dump. Core dumps have been disabled. To enable core dumping, try "ulimit -c unlimited" before starting Java again
#
# If you would like to submit a bug report, please visit:
#   http://bugreport.java.com/bugreport/crash.jsp
#

---------------  T H R E A D  ---------------

Current thread (0x00007f66d016b800):  JavaThread "pool-2-thread-2" [_thread_in_Java, id=7924, stack(0x00007f669ad24000,0x00007f669ae25000)]

siginfo: si_signo: 11 (SIGSEGV), si_code: 128 (SI_KERNEL), si_addr: 0x0000000000000000

Registers:
RAX=0x0000000000000237, RBX=0x00007f669daea0b0, RCX=0x00000000eb593388, RDX=0x0000000000000000
RSP=0x00007f669ae23110, RBP=0x00007f669ae23220, RSI=0x00000000eb593388, RDI=0x00000000eb593388
R8 =0x000000000000000a, R9 =0x0000000000000000, R10=0x00007f66d5e41260, R11=0x00007f66c11b8620
R12=0x0000000000000000, R13=0x00007f669ae231d0, R14=0x0000000000000000, R15=0x00007f66d016b800
RIP=0x00007f66c11b86b9, EFLAGS=0x0000000000010202, CSGSFS=0x002b000000000033, ERR=0x0000000000000000
  TRAPNO=0x000000000000000d

Top of Stack: (sp=0x00007f669ae23110)
0x00007f669ae23110:   0000000000000000 00007f660000000a
0x00007f669ae23120:   00000000eb5b6a78 00007f66c11ad30c
0x00007f669ae23130:   00007f669d8c5e21 00007f669ae23178
0x00007f669ae23140:   00007f669ae231b0 00007f66c1007710
0x00007f669ae23150:   0000000000000000 0000000000000000
0x00007f669ae23160:   0000000000000000 00000000eb5b6a90
0x00007f669ae23170:   00007f669ae23170 0000000000000000
0x00007f669ae23180:   00007f669ae23180 00007f669dd18cf8
0x00007f669ae23190:   00007f669ae231d8 00007f669dd19200
0x00007f669ae231a0:   0000000000000000 00007f669dd18d20
0x00007f669ae231b0:   00007f669ae23220 00007f66c10073d0
0x00007f669ae231c0:   00007f669ae23220 00007f66c10073d0
0x00007f669ae231d0:   0000000000000000 00000000eb593388
0x00007f669ae231e0:   00007f669ae231e0 00007f669dd0ded2
0x00007f669ae231f0:   00007f669ae23250 00007f669dd12e78
0x00007f669ae23200:   0000000000000000 00007f669dd0df60
0x00007f669ae23210:   00007f669ae231d0 00007f669ae23250
0x00007f669ae23220:   00007f669ae23298 00007f66c100798d
0x00007f669ae23230:   0000000000000000 00000000eb593388
0x00007f669ae23240:   00000000eb5932f8 00000000eb5b6a78
0x00007f669ae23250:   00000000eb58bc68 00007f669ae23258
0x00007f669ae23260:   00007f669dd377ec 00007f669ae23300
0x00007f669ae23270:   00007f669dd37d68 0000000000000000
0x00007f669ae23280:   00007f669dd37990 00007f669ae23250
0x00007f669ae23290:   00007f669ae23300 00007f669ae23348
0x00007f669ae232a0:   00007f66c100798d 0000000000000000
0x00007f669ae232b0:   0000000000000000 0000000000000000
0x00007f669ae232c0:   0000000000000000 0000000000000000
0x00007f669ae232d0:   0000000000000000 0000000000000000
0x00007f669ae232e0:   0000000000000000 0000000000000000
0x00007f669ae232f0:   0000000000000000 00000000eb5b6a18
0x00007f669ae23300:   00000000eb5b63c0 00007f669ae23308 

Instructions: (pc=0x00007f66c11b86b9)
0x00007f66c11b8699:   8c 2a 02 00 00 48 8b fe 48 bb b0 a0 ae 9d 66 7f
0x00007f66c11b86a9:   00 00 48 83 83 d8 01 00 00 01 48 8b fe 48 8b f7
0x00007f66c11b86b9:   48 a1 7c 24 70 90 e8 9c d6 e8 ff 48 b9 b0 a0 ae
0x00007f66c11b86c9:   9d 66 7f 00 00 48 83 81 e8 01 00 00 01 48 b9 a8 

Register to memory mapping:

RAX=0x0000000000000237 is an unknown value
RBX=0x00007f669daea0b0 is pointing into metadata
RCX=0x00000000eb593388 is an oop
java.util.BitSet 
 - klass: 'java/util/BitSet'
RDX=0x0000000000000000 is an unknown value
RSP=0x00007f669ae23110 is pointing into the stack for thread: 0x00007f66d016b800
RBP=0x00007f669ae23220 is pointing into the stack for thread: 0x00007f66d016b800
RSI=0x00000000eb593388 is an oop
java.util.BitSet 
 - klass: 'java/util/BitSet'
RDI=0x00000000eb593388 is an oop
java.util.BitSet 
 - klass: 'java/util/BitSet'
R8 =0x000000000000000a is an unknown value
R9 =0x0000000000000000 is an unknown value
R10=0x00007f66d5e41260: <offset 0xed3260> in /home/caitano/android-studio/jre/jre/lib/amd64/server/libjvm.so at 0x00007f66d4f6e000
R11=0x00007f66c11b8620 is at entry_point+32 in (nmethod*)0x00007f66c11b83d0
R12=0x0000000000000000 is an unknown value
R13=0x00007f669ae231d0 is pointing into the stack for thread: 0x00007f66d016b800
R14=0x0000000000000000 is an unknown value
R15=0x00007f66d016b800 is a thread


Stack: [0x00007f669ad24000,0x00007f669ae25000],  sp=0x00007f669ae23110,  free space=1020k
Native frames: (J=compiled Java code, j=interpreted, Vv=VM code, C=native code)
J 313 C1 java.util.BitSet.nextSetBit(I)I (102 bytes) @ 0x00007f66c11b86b9 [0x00007f66c11b8600+0xb9]
j  com.android.dx.ssa.SsaMethod.computeReachability()V+90
j  com.android.dx.ssa.DeadCodeRemover.pruneDeadInstructions()V+12
j  com.android.dx.ssa.DeadCodeRemover.run()V+1
j  com.android.dx.ssa.DeadCodeRemover.process(Lcom/android/dx/ssa/SsaMethod;)V+10
j  com.android.dx.ssa.Optimizer.runSsaFormSteps(Lcom/android/dx/ssa/SsaMethod;Ljava/util/EnumSet;)V+51
j  com.android.dx.ssa.Optimizer.optimize(Lcom/android/dx/rop/code/RopMethod;IZZLcom/android/dx/rop/code/TranslationAdvice;Ljava/util/EnumSet;)Lcom/android/dx/rop/code/RopMethod;+24
j  com.android.dx.ssa.Optimizer.optimize(Lcom/android/dx/rop/code/RopMethod;IZZLcom/android/dx/rop/code/TranslationAdvice;)Lcom/android/dx/rop/code/RopMethod;+11
j  com.android.dx.dex.cf.CfTranslator.processMethods(Lcom/android/dx/cf/direct/DirectClassFile;Lcom/android/dx/dex/cf/CfOptions;Lcom/android/dx/dex/DexOptions;Lcom/android/dx/dex/file/ClassDefItem;Lcom/android/dx/dex/file/DexFile;)V+265
j  com.android.dx.dex.cf.CfTranslator.translate0(Lcom/android/dx/cf/direct/DirectClassFile;[BLcom/android/dx/dex/cf/CfOptions;Lcom/android/dx/dex/DexOptions;Lcom/android/dx/dex/file/DexFile;)Lcom/android/dx/dex/file/ClassDefItem;+120
j  com.android.dx.dex.cf.CfTranslator.translate(Lcom/android/dx/cf/direct/DirectClassFile;[BLcom/android/dx/dex/cf/CfOptions;Lcom/android/dx/dex/DexOptions;Lcom/android/dx/dex/file/DexFile;)Lcom/android/dx/dex/file/ClassDefItem;+6
j  com.android.dx.command.dexer.Main.translateClass([BLcom/android/dx/cf/direct/DirectClassFile;)Lcom/android/dx/dex/file/ClassDefItem;+17
j  com.android.dx.command.dexer.Main.access$2700([BLcom/android/dx/cf/direct/DirectClassFile;)Lcom/android/dx/dex/file/ClassDefItem;+2
j  com.android.dx.command.dexer.Main$ClassTranslatorTask.call()Lcom/android/dx/dex/file/ClassDefItem;+8
j  com.android.dx.command.dexer.Main$ClassTranslatorTask.call()Ljava/lang/Object;+1
j  java.util.concurrent.FutureTask.run()V+42
j  java.util.concurrent.ThreadPoolExecutor.runWorker(Ljava/util/concurrent/ThreadPoolExecutor$Worker;)V+95
j  java.util.concurrent.ThreadPoolExecutor$Worker.run()V+5
j  java.lang.Thread.run()V+11
v  ~StubRoutines::call_stub
V  [libjvm.so+0x6257fa]  JavaCalls::call_helper(JavaValue*, methodHandle*, JavaCallArguments*, Thread*)+0xeea
V  [libjvm.so+0x622ed4]  JavaCalls::call_virtual(JavaValue*, KlassHandle, Symbol*, Symbol*, JavaCallArguments*, Thread*)+0x2a4
V  [libjvm.so+0x6234ca]  JavaCalls::call_virtual(JavaValue*, Handle, KlassHandle, Symbol*, Symbol*, Thread*)+0x4a
V  [libjvm.so+0x663efe]  thread_entry(JavaThread*, Thread*)+0x8e
V  [libjvm.so+0x986ec0]  JavaThread::thread_main_inner()+0xf0
V  [libjvm.so+0x8425b2]  java_start(Thread*)+0xf2
C  [libpthread.so.0+0x75ca]  start_thread+0xca


---------------  P R O C E S S  ---------------

Java Threads: ( => current thread )
  0x00007f66d016e800 JavaThread "pool-2-thread-4" [_thread_in_Java, id=7926, stack(0x00007f669ab22000,0x00007f669ac23000)]
  0x00007f66d016c800 JavaThread "pool-2-thread-3" [_thread_in_Java, id=7925, stack(0x00007f669ac23000,0x00007f669ad24000)]
=>0x00007f66d016b800 JavaThread "pool-2-thread-2" [_thread_in_Java, id=7924, stack(0x00007f669ad24000,0x00007f669ae25000)]
  0x00007f66d0162000 JavaThread "pool-3-thread-1" [_thread_blocked, id=7917, stack(0x00007f669ae25000,0x00007f669af26000)]
  0x00007f66d0160800 JavaThread "pool-2-thread-1" [_thread_in_Java, id=7916, stack(0x00007f669af26000,0x00007f669b027000)]
  0x00007f66d00c9000 JavaThread "Service Thread" daemon [_thread_blocked, id=7899, stack(0x00007f669b128000,0x00007f669b229000)]
  0x00007f66d00c5800 JavaThread "C1 CompilerThread3" daemon [_thread_blocked, id=7897, stack(0x00007f669b229000,0x00007f669b32a000)]
  0x00007f66d00c3800 JavaThread "C2 CompilerThread2" daemon [_thread_blocked, id=7896, stack(0x00007f669b32a000,0x00007f669b42b000)]
  0x00007f66d00c2000 JavaThread "C2 CompilerThread1" daemon [_thread_blocked, id=7895, stack(0x00007f669b42b000,0x00007f669b52c000)]
  0x00007f66d00bf000 JavaThread "C2 CompilerThread0" daemon [_thread_blocked, id=7894, stack(0x00007f669b52c000,0x00007f669b62d000)]
  0x00007f66d00bd800 JavaThread "Signal Dispatcher" daemon [_thread_blocked, id=7893, stack(0x00007f669b62d000,0x00007f669b72e000)]
  0x00007f66d008b000 JavaThread "Finalizer" daemon [_thread_blocked, id=7890, stack(0x00007f669b72e000,0x00007f669b82f000)]
  0x00007f66d0086000 JavaThread "Reference Handler" daemon [_thread_blocked, id=7889, stack(0x00007f669b82f000,0x00007f669b930000)]
  0x00007f66d0008800 JavaThread "main" [_thread_in_Java, id=7876, stack(0x00007f66d6953000,0x00007f66d6a54000)]

Other Threads:
  0x00007f66d007e800 VMThread [stack: 0x00007f669b930000,0x00007f669ba31000] [id=7888]
  0x00007f66d00cb800 WatcherThread [stack: 0x00007f669b027000,0x00007f669b128000] [id=7900]

VM state:not at safepoint (normal execution)

VM Mutex/Monitor currently owned by a thread: None

Heap:
 PSYoungGen      total 150016K, used 20654K [0x00000000eab00000, 0x00000000f5200000, 0x0000000100000000)
  eden space 129024K, 16% used [0x00000000eab00000,0x00000000ebf2b8d0,0x00000000f2900000)
  from space 20992K, 0% used [0x00000000f3d80000,0x00000000f3d80000,0x00000000f5200000)
  to   space 20992K, 0% used [0x00000000f2900000,0x00000000f2900000,0x00000000f3d80000)
 ParOldGen       total 343040K, used 0K [0x00000000c0000000, 0x00000000d4f00000, 0x00000000eab00000)
  object space 343040K, 0% used [0x00000000c0000000,0x00000000c0000000,0x00000000d4f00000)
 Metaspace       used 4798K, capacity 5936K, committed 6272K, reserved 1056768K
  class space    used 518K, capacity 552K, committed 640K, reserved 1048576K

Card table byte_map: [0x00007f66c0a3f000,0x00007f66c0c40000] byte_map_base: 0x00007f66c043f000

Marking Bits: (ParMarkBitMap*) 0x00007f66d5e311a0
 Begin Bits: [0x00007f669e000000, 0x00007f669f000000)
 End Bits:   [0x00007f669f000000, 0x00007f66a0000000)

Polling page: 0x00007f66d6a78000

CodeCache: size=245760Kb used=1779Kb max_used=1779Kb free=243980Kb
 bounds [0x00007f66c1000000, 0x00007f66c1270000, 0x00007f66d0000000]
 total_blobs=582 nmethods=319 adapters=178
 compilation: enabled

Compilation events (10 events):
Event: 0.313 Thread 0x00007f66d00c5800  301       1       com.android.dx.rop.code.RegisterSpec::getLocalItem (5 bytes)
Event: 0.313 Thread 0x00007f66d00c5800 nmethod 301 0x00007f66c11b5290 code [0x00007f66c11b53e0, 0x00007f66c11b54f0]
Event: 0.313 Thread 0x00007f66d00c5800  292       1       com.android.dx.ssa.SsaBasicBlock::getSuccessors (5 bytes)
Event: 0.313 Thread 0x00007f66d00c5800 nmethod 292 0x00007f66c11b4fd0 code [0x00007f66c11b5120, 0x00007f66c11b5230]
Event: 0.313 Thread 0x00007f66d00c5800  287       1       com.android.dx.rop.code.BasicBlock::getSuccessors (5 bytes)
Event: 0.313 Thread 0x00007f66d00c5800 nmethod 287 0x00007f66c11b4d10 code [0x00007f66c11b4e60, 0x00007f66c11b4f70]
Event: 0.313 Thread 0x00007f66d00c5800  313       3       java.util.BitSet::nextSetBit (102 bytes)
Event: 0.313 Thread 0x00007f66d00c5800 nmethod 313 0x00007f66c11b83d0 code [0x00007f66c11b8600, 0x00007f66c11b90d8]
Event: 0.313 Thread 0x00007f66d00c5800  315       3       com.android.dx.ssa.NormalSsaInsn::isNormalMoveInsn (20 bytes)
Event: 0.313 Thread 0x00007f66d00c5800 nmethod 315 0x00007f66c11b47d0 code [0x00007f66c11b4940, 0x00007f66c11b4c30]

GC Heap History (0 events):
No events

Deoptimization events (1 events):
Event: 0.239 Thread 0x00007f66d0008800 Uncommon trap: reason=unstable_if action=reinterpret pc=0x00007f66c114fc88 method=java.lang.String.indexOf(II)I @ 49

Internal exceptions (3 events):
Event: 0.074 Thread 0x00007f66d0008800 Exception <a 'java/lang/NoSuchMethodError': Method sun.misc.Unsafe.defineClass(Ljava/lang/String;[BII)Ljava/lang/Class; name or signature does not match> (0x00000000eab07cc0) thrown at [/ssd/Android/AOSP-openjdk/external/jetbrains/jdk/hotspot/src/share/vm
Event: 0.074 Thread 0x00007f66d0008800 Exception <a 'java/lang/NoSuchMethodError': Method sun.misc.Unsafe.prefetchRead(Ljava/lang/Object;J)V name or signature does not match> (0x00000000eab07fa8) thrown at [/ssd/Android/AOSP-openjdk/external/jetbrains/jdk/hotspot/src/share/vm/prims/jni.cpp, li
Event: 0.313 Thread 0x00007f66d016b800 Implicit null exception at 0x00007f66c11b86b9 to 0x0000000000000000

Events (10 events):
Event: 0.310 loading class com/android/dx/ssa/DeadCodeRemover$NoSideEffectVisitor
Event: 0.310 loading class com/android/dx/ssa/DeadCodeRemover$NoSideEffectVisitor done
Event: 0.311 loading class com/android/dx/ssa/LiteralOpUpgrader
Event: 0.311 loading class com/android/dx/ssa/LiteralOpUpgrader done
Event: 0.311 loading class com/android/dx/ssa/SsaMethod$1
Event: 0.311 loading class com/android/dx/ssa/SsaMethod$1 done
Event: 0.313 loading class com/android/dx/ssa/LiteralOpUpgrader$1
Event: 0.313 loading class com/android/dx/ssa/LiteralOpUpgrader$1 done
Event: 0.313 loading class com/android/dx/ssa/ConstCollector
Event: 0.313 loading class com/android/dx/ssa/ConstCollector done


Dynamic libraries:
00400000-00401000 r-xp 00000000 08:01 37487725                           /home/caitano/android-studio/jre/bin/java
00600000-00601000 r--p 00000000 08:01 37487725                           /home/caitano/android-studio/jre/bin/java
00601000-00602000 rw-p 00001000 08:01 37487725                           /home/caitano/android-studio/jre/bin/java
01332000-01353000 rw-p 00000000 00:00 0                                  [heap]
c0000000-d4f00000 rw-p 00000000 00:00 0 
d4f00000-eab00000 ---p 00000000 00:00 0 
eab00000-f5200000 rw-p 00000000 00:00 0 
f5200000-100000000 ---p 00000000 00:00 0 
100000000-1000a0000 rw-p 00000000 00:00 0 
1000a0000-140000000 ---p 00000000 00:00 0 
7f6650000000-7f6650021000 rw-p 00000000 00:00 0 
7f6650021000-7f6654000000 ---p 00000000 00:00 0 
7f6658000000-7f6658299000 rw-p 00000000 00:00 0 
7f6658299000-7f665c000000 ---p 00000000 00:00 0 
7f665c000000-7f665c041000 rw-p 00000000 00:00 0 
7f665c041000-7f6660000000 ---p 00000000 00:00 0 
7f6660000000-7f6660021000 rw-p 00000000 00:00 0 
7f6660021000-7f6664000000 ---p 00000000 00:00 0 
7f6664000000-7f6664022000 rw-p 00000000 00:00 0 
7f6664022000-7f6668000000 ---p 00000000 00:00 0 
7f6668000000-7f6668021000 rw-p 00000000 00:00 0 
7f6668021000-7f666c000000 ---p 00000000 00:00 0 
7f666c000000-7f666c021000 rw-p 00000000 00:00 0 
7f666c021000-7f6670000000 ---p 00000000 00:00 0 
7f6670000000-7f667005b000 rw-p 00000000 00:00 0 
7f667005b000-7f6674000000 ---p 00000000 00:00 0 
7f6674000000-7f66741b8000 rw-p 00000000 00:00 0 
7f66741b8000-7f6678000000 ---p 00000000 00:00 0 
7f6678000000-7f667803a000 rw-p 00000000 00:00 0 
7f667803a000-7f667c000000 ---p 00000000 00:00 0 
7f667c000000-7f667c021000 rw-p 00000000 00:00 0 
7f667c021000-7f6680000000 ---p 00000000 00:00 0 
7f6680000000-7f6680021000 rw-p 00000000 00:00 0 
7f6680021000-7f6684000000 ---p 00000000 00:00 0 
7f668568d000-7f668c000000 r--p 00000000 08:02 1579773                    /usr/lib/locale/locale-archive
7f668c000000-7f668c021000 rw-p 00000000 00:00 0 
7f668c021000-7f6690000000 ---p 00000000 00:00 0 
7f6690000000-7f6690021000 rw-p 00000000 00:00 0 
7f6690021000-7f6694000000 ---p 00000000 00:00 0 
7f6694000000-7f6694021000 rw-p 00000000 00:00 0 
7f6694021000-7f6698000000 ---p 00000000 00:00 0 
7f669ab22000-7f669ab25000 ---p 00000000 00:00 0 
7f669ab25000-7f669ac23000 rw-p 00000000 00:00 0 
7f669ac23000-7f669ac26000 ---p 00000000 00:00 0 
7f669ac26000-7f669ad24000 rw-p 00000000 00:00 0 
7f669ad24000-7f669ad27000 ---p 00000000 00:00 0 
7f669ad27000-7f669ae25000 rw-p 00000000 00:00 0 
7f669ae25000-7f669ae28000 ---p 00000000 00:00 0 
7f669ae28000-7f669af26000 rw-p 00000000 00:00 0 
7f669af26000-7f669af29000 ---p 00000000 00:00 0 
7f669af29000-7f669b027000 rw-p 00000000 00:00 0 
7f669b027000-7f669b028000 ---p 00000000 00:00 0 
7f669b028000-7f669b128000 rw-p 00000000 00:00 0 
7f669b128000-7f669b12b000 ---p 00000000 00:00 0 
7f669b12b000-7f669b229000 rw-p 00000000 00:00 0 
7f669b229000-7f669b22c000 ---p 00000000 00:00 0 
7f669b22c000-7f669b32a000 rw-p 00000000 00:00 0 
7f669b32a000-7f669b32d000 ---p 00000000 00:00 0 
7f669b32d000-7f669b42b000 rw-p 00000000 00:00 0 
7f669b42b000-7f669b42e000 ---p 00000000 00:00 0 
7f669b42e000-7f669b52c000 rw-p 00000000 00:00 0 
7f669b52c000-7f669b52f000 ---p 00000000 00:00 0 
7f669b52f000-7f669b62d000 rw-p 00000000 00:00 0 
7f669b62d000-7f669b630000 ---p 00000000 00:00 0 
7f669b630000-7f669b72e000 rw-p 00000000 00:00 0 
7f669b72e000-7f669b731000 ---p 00000000 00:00 0 
7f669b731000-7f669b82f000 rw-p 00000000 00:00 0 
7f669b82f000-7f669b832000 ---p 00000000 00:00 0 
7f669b832000-7f669b930000 rw-p 00000000 00:00 0 
7f669b930000-7f669b931000 ---p 00000000 00:00 0 
7f669b931000-7f669d633000 rw-p 00000000 00:00 0 
7f669d633000-7f669d800000 r--s 03bec000 08:01 37487781                   /home/caitano/android-studio/jre/jre/lib/rt.jar
7f669d800000-7f669dd80000 rw-p 00000000 00:00 0 
7f669dd80000-7f669e000000 ---p 00000000 00:00 0 
7f669e000000-7f66a0000000 rw-p 00000000 00:00 0 
7f66a0000000-7f66a0021000 rw-p 00000000 00:00 0 
7f66a0021000-7f66a4000000 ---p 00000000 00:00 0 
7f66a4000000-7f66a4021000 rw-p 00000000 00:00 0 
7f66a4021000-7f66a8000000 ---p 00000000 00:00 0 
7f66a8000000-7f66a8021000 rw-p 00000000 00:00 0 
7f66a8021000-7f66ac000000 ---p 00000000 00:00 0 
7f66ac000000-7f66ac021000 rw-p 00000000 00:00 0 
7f66ac021000-7f66b0000000 ---p 00000000 00:00 0 
7f66b0000000-7f66b0021000 rw-p 00000000 00:00 0 
7f66b0021000-7f66b4000000 ---p 00000000 00:00 0 
7f66b4000000-7f66b4021000 rw-p 00000000 00:00 0 
7f66b4021000-7f66b8000000 ---p 00000000 00:00 0 
7f66b8000000-7f66b8021000 rw-p 00000000 00:00 0 
7f66b8021000-7f66bc000000 ---p 00000000 00:00 0 
7f66bc000000-7f66bc021000 rw-p 00000000 00:00 0 
7f66bc021000-7f66c0000000 ---p 00000000 00:00 0 
7f66c0008000-7f66c0016000 r--s 000e0000 08:01 22164268                   /home/caitano/Android/Sdk/build-tools/24.0.2/lib/dx.jar
7f66c0016000-7f66c0237000 rw-p 00000000 00:00 0 
7f66c0237000-7f66c0238000 ---p 00000000 00:00 0 
7f66c0238000-7f66c0338000 rw-p 00000000 00:00 0 
7f66c0338000-7f66c0339000 ---p 00000000 00:00 0 
7f66c0339000-7f66c0439000 rw-p 00000000 00:00 0 
7f66c0439000-7f66c043a000 ---p 00000000 00:00 0 
7f66c043a000-7f66c053a000 rw-p 00000000 00:00 0 
7f66c053a000-7f66c053b000 ---p 00000000 00:00 0 
7f66c053b000-7f66c063b000 rw-p 00000000 00:00 0 
7f66c063b000-7f66c063c000 ---p 00000000 00:00 0 
7f66c063c000-7f66c073c000 rw-p 00000000 00:00 0 
7f66c073c000-7f66c073d000 ---p 00000000 00:00 0 
7f66c073d000-7f66c083d000 rw-p 00000000 00:00 0 
7f66c083d000-7f66c083e000 ---p 00000000 00:00 0 
7f66c083e000-7f66c093e000 rw-p 00000000 00:00 0 
7f66c093e000-7f66c093f000 ---p 00000000 00:00 0 
7f66c093f000-7f66c0ae7000 rw-p 00000000 00:00 0 
7f66c0ae7000-7f66c0b94000 ---p 00000000 00:00 0 
7f66c0b94000-7f66c0be8000 rw-p 00000000 00:00 0 
7f66c0be8000-7f66c0c3f000 ---p 00000000 00:00 0 
7f66c0c3f000-7f66c0c4a000 rw-p 00000000 00:00 0 
7f66c0c4a000-7f66c1000000 ---p 00000000 00:00 0 
7f66c1000000-7f66c1270000 rwxp 00000000 00:00 0 
7f66c1270000-7f66d0000000 ---p 00000000 00:00 0 
7f66d0000000-7f66d0389000 rw-p 00000000 00:00 0 
7f66d0389000-7f66d4000000 ---p 00000000 00:00 0 
7f66d4001000-7f66d4140000 rw-p 00000000 00:00 0 
7f66d4140000-7f66d41ee000 ---p 00000000 00:00 0 
7f66d41ee000-7f66d4208000 r-xp 00000000 08:01 37487808                   /home/caitano/android-studio/jre/jre/lib/amd64/libzip.so
7f66d4208000-7f66d4408000 ---p 0001a000 08:01 37487808                   /home/caitano/android-studio/jre/jre/lib/amd64/libzip.so
7f66d4408000-7f66d4409000 r--p 0001a000 08:01 37487808                   /home/caitano/android-studio/jre/jre/lib/amd64/libzip.so
7f66d4409000-7f66d440a000 rw-p 0001b000 08:01 37487808                   /home/caitano/android-studio/jre/jre/lib/amd64/libzip.so
7f66d440a000-7f66d4415000 r-xp 00000000 08:02 1584032                    /usr/lib64/libnss_files-2.23.so
7f66d4415000-7f66d4614000 ---p 0000b000 08:02 1584032                    /usr/lib64/libnss_files-2.23.so
7f66d4614000-7f66d4615000 r--p 0000a000 08:02 1584032                    /usr/lib64/libnss_files-2.23.so
7f66d4615000-7f66d4616000 rw-p 0000b000 08:02 1584032                    /usr/lib64/libnss_files-2.23.so
7f66d4616000-7f66d461c000 rw-p 00000000 00:00 0 
7f66d461c000-7f66d4649000 r-xp 00000000 08:01 37487818                   /home/caitano/android-studio/jre/jre/lib/amd64/libjava.so
7f66d4649000-7f66d4848000 ---p 0002d000 08:01 37487818                   /home/caitano/android-studio/jre/jre/lib/amd64/libjava.so
7f66d4848000-7f66d4849000 r--p 0002c000 08:01 37487818                   /home/caitano/android-studio/jre/jre/lib/amd64/libjava.so
7f66d4849000-7f66d484b000 rw-p 0002d000 08:01 37487818                   /home/caitano/android-studio/jre/jre/lib/amd64/libjava.so
7f66d484b000-7f66d485b000 r-xp 00000000 08:01 37487834                   /home/caitano/android-studio/jre/jre/lib/amd64/libverify.so
7f66d485b000-7f66d4a5a000 ---p 00010000 08:01 37487834                   /home/caitano/android-studio/jre/jre/lib/amd64/libverify.so
7f66d4a5a000-7f66d4a5c000 r--p 0000f000 08:01 37487834                   /home/caitano/android-studio/jre/jre/lib/amd64/libverify.so
7f66d4a5c000-7f66d4a5d000 rw-p 00011000 08:01 37487834                   /home/caitano/android-studio/jre/jre/lib/amd64/libverify.so
7f66d4a5d000-7f66d4a64000 r-xp 00000000 08:02 1584140                    /usr/lib64/librt-2.23.so
7f66d4a64000-7f66d4c63000 ---p 00007000 08:02 1584140                    /usr/lib64/librt-2.23.so
7f66d4c63000-7f66d4c64000 r--p 00006000 08:02 1584140                    /usr/lib64/librt-2.23.so
7f66d4c64000-7f66d4c65000 rw-p 00007000 08:02 1584140                    /usr/lib64/librt-2.23.so
7f66d4c65000-7f66d4d6d000 r-xp 00000000 08:02 1583634                    /usr/lib64/libm-2.23.so
7f66d4d6d000-7f66d4f6c000 ---p 00108000 08:02 1583634                    /usr/lib64/libm-2.23.so
7f66d4f6c000-7f66d4f6d000 r--p 00107000 08:02 1583634                    /usr/lib64/libm-2.23.so
7f66d4f6d000-7f66d4f6e000 rw-p 00108000 08:02 1583634                    /usr/lib64/libm-2.23.so
7f66d4f6e000-7f66d5b54000 r-xp 00000000 08:01 37487838                   /home/caitano/android-studio/jre/jre/lib/amd64/server/libjvm.so
7f66d5b54000-7f66d5d54000 ---p 00be6000 08:01 37487838                   /home/caitano/android-studio/jre/jre/lib/amd64/server/libjvm.so
7f66d5d54000-7f66d5df3000 r--p 00be6000 08:01 37487838                   /home/caitano/android-studio/jre/jre/lib/amd64/server/libjvm.so
7f66d5df3000-7f66d5e1c000 rw-p 00c85000 08:01 37487838                   /home/caitano/android-studio/jre/jre/lib/amd64/server/libjvm.so
7f66d5e1c000-7f66d5e5e000 rw-p 00000000 00:00 0 
7f66d5e5e000-7f66d5e75000 r-xp 00000000 08:02 1584040                    /usr/lib64/libpthread-2.23.so
7f66d5e75000-7f66d6074000 ---p 00017000 08:02 1584040                    /usr/lib64/libpthread-2.23.so
7f66d6074000-7f66d6075000 r--p 00016000 08:02 1584040                    /usr/lib64/libpthread-2.23.so
7f66d6075000-7f66d6076000 rw-p 00017000 08:02 1584040                    /usr/lib64/libpthread-2.23.so
7f66d6076000-7f66d607a000 rw-p 00000000 00:00 0 
7f66d607a000-7f66d607d000 r-xp 00000000 08:02 1583610                    /usr/lib64/libdl-2.23.so
7f66d607d000-7f66d627c000 ---p 00003000 08:02 1583610                    /usr/lib64/libdl-2.23.so
7f66d627c000-7f66d627d000 r--p 00002000 08:02 1583610                    /usr/lib64/libdl-2.23.so
7f66d627d000-7f66d627e000 rw-p 00003000 08:02 1583610                    /usr/lib64/libdl-2.23.so
7f66d627e000-7f66d6437000 r-xp 00000000 08:02 1583483                    /usr/lib64/libc-2.23.so
7f66d6437000-7f66d6636000 ---p 001b9000 08:02 1583483                    /usr/lib64/libc-2.23.so
7f66d6636000-7f66d663a000 r--p 001b8000 08:02 1583483                    /usr/lib64/libc-2.23.so
7f66d663a000-7f66d663c000 rw-p 001bc000 08:02 1583483                    /usr/lib64/libc-2.23.so
7f66d663c000-7f66d6640000 rw-p 00000000 00:00 0 
7f66d6640000-7f66d6656000 r-xp 00000000 08:01 37487699                   /home/caitano/android-studio/jre/lib/amd64/jli/libjli.so
7f66d6656000-7f66d6855000 ---p 00016000 08:01 37487699                   /home/caitano/android-studio/jre/lib/amd64/jli/libjli.so
7f66d6855000-7f66d6856000 r--p 00015000 08:01 37487699                   /home/caitano/android-studio/jre/lib/amd64/jli/libjli.so
7f66d6856000-7f66d6857000 rw-p 00016000 08:01 37487699                   /home/caitano/android-studio/jre/lib/amd64/jli/libjli.so
7f66d6857000-7f66d687b000 r-xp 00000000 08:02 1586592                    /usr/lib64/ld-2.23.so
7f66d6883000-7f66d6953000 rw-p 00000000 00:00 0 
7f66d6953000-7f66d6956000 ---p 00000000 00:00 0 
7f66d6956000-7f66d6a58000 rw-p 00000000 00:00 0 
7f66d6a58000-7f66d6a5b000 r--s 0001e000 08:01 19137371                   /home/caitano/AndroidStudioProjects/nutrition_app/app/build/intermediates/exploded-aar/com.android.support/support-fragment/24.2.0/jars/classes.jar
7f66d6a5b000-7f66d6a6f000 rw-p 00000000 00:00 0 
7f66d6a6f000-7f66d6a77000 rw-s 00000000 00:26 160155                     /tmp/hsperfdata_caitano/7873
7f66d6a77000-7f66d6a78000 rw-p 00000000 00:00 0 
7f66d6a78000-7f66d6a79000 r--p 00000000 00:00 0 
7f66d6a79000-7f66d6a7a000 rw-p 00000000 00:00 0 
7f66d6a7a000-7f66d6a7b000 r--p 00023000 08:02 1586592                    /usr/lib64/ld-2.23.so
7f66d6a7b000-7f66d6a7c000 rw-p 00024000 08:02 1586592                    /usr/lib64/ld-2.23.so
7f66d6a7c000-7f66d6a7d000 rw-p 00000000 00:00 0 
7ffe43544000-7ffe43565000 rw-p 00000000 00:00 0                          [stack]
7ffe435e6000-7ffe435e8000 r--p 00000000 00:00 0                          [vvar]
7ffe435e8000-7ffe435ea000 r-xp 00000000 00:00 0                          [vdso]
ffffffffff600000-ffffffffff601000 r-xp 00000000 00:00 0                  [vsyscall]

VM Arguments:
jvm_args: -Djava.awt.headless=true -Xmx1024M -Dfile.encoding=UTF-8 -Duser.country=US -Duser.language=en -Duser.variant 
java_command: com.android.dx.command.Main --dex --force-jumbo --num-threads=4 --multi-dex --output /home/caitano/AndroidStudioProjects/nutrition_app/app/build/intermediates/transforms/dex/debug/folders/1000/10/com.android.support-support-fragment-24.2.0_13a1835c743793210b2a32f9a679de8ba133d005 /home/caitano/AndroidStudioProjects/nutrition_app/app/build/intermediates/exploded-aar/com.android.support/support-fragment/24.2.0/jars/classes.jar
java_class_path (initial): /home/caitano/Android/Sdk/build-tools/24.0.2/lib/dx.jar
Launcher Type: SUN_STANDARD

Environment Variables:
JAVA_HOME=/usr/java/jdk1.8.0_102
PATH=/usr/lib64/qt-3.3/bin:/usr/java/latest/bin:/usr/local/bin:/usr/local/sbin:/usr/bin:/usr/sbin:/opt/node-v4.4.7-linux-x64/bin:/home/caitano/WebStorm-145.597.6/bin:/home/caitano/android-studio/bin:/home/caitano/.local/bin:/home/caitano/bin
USERNAME=caitano
LD_LIBRARY_PATH=/home/caitano/android-studio/bin:
SHELL=/bin/bash
DISPLAY=:0

Signal Handlers:
SIGSEGV: [libjvm.so+0x9daac0], sa_mask[0]=11111111011111111101111111111110, sa_flags=SA_RESTART|SA_SIGINFO
SIGBUS: [libjvm.so+0x9daac0], sa_mask[0]=11111111011111111101111111111110, sa_flags=SA_RESTART|SA_SIGINFO
SIGFPE: [libjvm.so+0x840d90], sa_mask[0]=11111111011111111101111111111110, sa_flags=SA_RESTART|SA_SIGINFO
SIGPIPE: [libjvm.so+0x840d90], sa_mask[0]=11111111011111111101111111111110, sa_flags=SA_RESTART|SA_SIGINFO
SIGXFSZ: [libjvm.so+0x840d90], sa_mask[0]=11111111011111111101111111111110, sa_flags=SA_RESTART|SA_SIGINFO
SIGILL: [libjvm.so+0x840d90], sa_mask[0]=11111111011111111101111111111110, sa_flags=SA_RESTART|SA_SIGINFO
SIGUSR1: SIG_DFL, sa_mask[0]=00000000000000000000000000000000, sa_flags=none
SIGUSR2: [libjvm.so+0x840c60], sa_mask[0]=00100000000000000000000000000000, sa_flags=SA_RESTART|SA_SIGINFO
SIGHUP: [libjvm.so+0x840e50], sa_mask[0]=11111111011111111101111111111110, sa_flags=SA_RESTART|SA_SIGINFO
SIGINT: [libjvm.so+0x840e50], sa_mask[0]=11111111011111111101111111111110, sa_flags=SA_RESTART|SA_SIGINFO
SIGTERM: [libjvm.so+0x840e50], sa_mask[0]=11111111011111111101111111111110, sa_flags=SA_RESTART|SA_SIGINFO
SIGQUIT: [libjvm.so+0x840e50], sa_mask[0]=11111111011111111101111111111110, sa_flags=SA_RESTART|SA_SIGINFO


---------------  S Y S T E M  ---------------

OS:Fedora release 24 (Twenty Four)

uname:Linux 4.7.4-200.fc24.x86_64 #1 SMP Thu Sep 15 18:42:09 UTC 2016 x86_64
libc:glibc 2.23 NPTL 2.23 
rlimit: STACK 8192k, CORE 0k, NPROC 128111, NOFILE 4096, AS infinity
load average:5.19 1.94 1.33

/proc/meminfo:
MemTotal:       32816512 kB
MemFree:        22708004 kB
MemAvailable:   25424864 kB
Buffers:          582004 kB
Cached:          3545660 kB
SwapCached:            0 kB
Active:          6412568 kB
Inactive:        3042096 kB
Active(anon):    5328732 kB
Inactive(anon):  1304832 kB
Active(file):    1083836 kB
Inactive(file):  1737264 kB
Unevictable:         100 kB
Mlocked:             100 kB
SwapTotal:             0 kB
SwapFree:              0 kB
Dirty:              6528 kB
Writeback:             0 kB
AnonPages:       5327452 kB
Mapped:           964924 kB
Shmem:           1306572 kB
Slab:             447844 kB
SReclaimable:     360184 kB
SUnreclaim:        87660 kB
KernelStack:       17136 kB
PageTables:        64964 kB
NFS_Unstable:          0 kB
Bounce:                0 kB
WritebackTmp:          0 kB
CommitLimit:    16408256 kB
Committed_AS:   15191232 kB
VmallocTotal:   34359738367 kB
VmallocUsed:           0 kB
VmallocChunk:          0 kB
HardwareCorrupted:     0 kB
AnonHugePages:         0 kB
CmaTotal:              0 kB
CmaFree:               0 kB
HugePages_Total:       0
HugePages_Free:        0
HugePages_Rsvd:        0
HugePages_Surp:        0
Hugepagesize:       2048 kB
DirectMap4k:      180096 kB
DirectMap2M:    10174464 kB
DirectMap1G:    24117248 kB


CPU:total 8 (4 cores per cpu, 2 threads per core) family 6 model 60 stepping 3, cmov, cx8, fxsr, mmx, sse, sse2, sse3, ssse3, sse4.1, sse4.2, popcnt, avx, avx2, aes, clmul, erms, lzcnt, ht, tsc, tscinvbit, bmi1, bmi2

/proc/cpuinfo:
processor	: 0
vendor_id	: GenuineIntel
cpu family	: 6
model		: 60
model name	: Intel(R) Core(TM) i7-4790 CPU @ 3.60GHz
stepping	: 3
microcode	: 0x20
cpu MHz		: 3799.951
cache size	: 8192 KB
physical id	: 0
siblings	: 8
core id		: 0
cpu cores	: 4
apicid		: 0
initial apicid	: 0
fpu		: yes
fpu_exception	: yes
cpuid level	: 13
wp		: yes
flags		: fpu vme de pse tsc msr pae mce cx8 apic sep mtrr pge mca cmov pat pse36 clflush dts acpi mmx fxsr sse sse2 ss ht tm pbe syscall nx pdpe1gb rdtscp lm constant_tsc arch_perfmon pebs bts rep_good nopl xtopology nonstop_tsc aperfmperf eagerfpu pni pclmulqdq dtes64 monitor ds_cpl vmx smx est tm2 ssse3 sdbg fma cx16 xtpr pdcm pcid sse4_1 sse4_2 x2apic movbe popcnt tsc_deadline_timer aes xsave avx f16c rdrand lahf_lm abm epb tpr_shadow vnmi flexpriority ept vpid fsgsbase tsc_adjust bmi1 avx2 smep bmi2 erms invpcid xsaveopt dtherm ida arat pln pts
bugs		:
bogomips	: 7182.93
clflush size	: 64
cache_alignment	: 64
address sizes	: 39 bits physical, 48 bits virtual
power management:

processor	: 1
vendor_id	: GenuineIntel
cpu family	: 6
model		: 60
model name	: Intel(R) Core(TM) i7-4790 CPU @ 3.60GHz
stepping	: 3
microcode	: 0x20
cpu MHz		: 3799.951
cache size	: 8192 KB
physical id	: 0
siblings	: 8
core id		: 1
cpu cores	: 4
apicid		: 2
initial apicid	: 2
fpu		: yes
fpu_exception	: yes
cpuid level	: 13
wp		: yes
flags		: fpu vme de pse tsc msr pae mce cx8 apic sep mtrr pge mca cmov pat pse36 clflush dts acpi mmx fxsr sse sse2 ss ht tm pbe syscall nx pdpe1gb rdtscp lm constant_tsc arch_perfmon pebs bts rep_good nopl xtopology nonstop_tsc aperfmperf eagerfpu pni pclmulqdq dtes64 monitor ds_cpl vmx smx est tm2 ssse3 sdbg fma cx16 xtpr pdcm pcid sse4_1 sse4_2 x2apic movbe popcnt tsc_deadline_timer aes xsave avx f16c rdrand lahf_lm abm epb tpr_shadow vnmi flexpriority ept vpid fsgsbase tsc_adjust bmi1 avx2 smep bmi2 erms invpcid xsaveopt dtherm ida arat pln pts
bugs		:
bogomips	: 7186.21
clflush size	: 64
cache_alignment	: 64
address sizes	: 39 bits physical, 48 bits virtual
power management:

processor	: 2
vendor_id	: GenuineIntel
cpu family	: 6
model		: 60
model name	: Intel(R) Core(TM) i7-4790 CPU @ 3.60GHz
stepping	: 3
microcode	: 0x20
cpu MHz		: 3799.951
cache size	: 8192 KB
physical id	: 0
siblings	: 8
core id		: 2
cpu cores	: 4
apicid		: 4
initial apicid	: 4
fpu		: yes
fpu_exception	: yes
cpuid level	: 13
wp		: yes
flags		: fpu vme de pse tsc msr pae mce cx8 apic sep mtrr pge mca cmov pat pse36 clflush dts acpi mmx fxsr sse sse2 ss ht tm pbe syscall nx pdpe1gb rdtscp lm constant_tsc arch_perfmon pebs bts rep_good nopl xtopology nonstop_tsc aperfmperf eagerfpu pni pclmulqdq dtes64 monitor ds_cpl vmx smx est tm2 ssse3 sdbg fma cx16 xtpr pdcm pcid sse4_1 sse4_2 x2apic movbe popcnt tsc_deadline_timer aes xsave avx f16c rdrand lahf_lm abm epb tpr_shadow vnmi flexpriority ept vpid fsgsbase tsc_adjust bmi1 avx2 smep bmi2 erms invpcid xsaveopt dtherm ida arat pln pts
bugs		:
bogomips	: 7186.44
clflush size	: 64
cache_alignment	: 64
address sizes	: 39 bits physical, 48 bits virtual
power management:

processor	: 3
vendor_id	: GenuineIntel
cpu family	: 6
model		: 60
model name	: Intel(R) Core(TM) i7-4790 CPU @ 3.60GHz
stepping	: 3
microcode	: 0x20
cpu MHz		: 3799.951
cache size	: 8192 KB
physical id	: 0
siblings	: 8
core id		: 3
cpu cores	: 4
apicid		: 6
initial apicid	: 6
fpu		: yes
fpu_exception	: yes
cpuid level	: 13
wp		: yes
flags		: fpu vme de pse tsc msr pae mce cx8 apic sep mtrr pge mca cmov pat pse36 clflush dts acpi mmx fxsr sse sse2 ss ht tm pbe syscall nx pdpe1gb rdtscp lm constant_tsc arch_perfmon pebs bts rep_good nopl xtopology nonstop_tsc aperfmperf eagerfpu pni pclmulqdq dtes64 monitor ds_cpl vmx smx est tm2 ssse3 sdbg fma cx16 xtpr pdcm pcid sse4_1 sse4_2 x2apic movbe popcnt tsc_deadline_timer aes xsave avx f16c rdrand lahf_lm abm epb tpr_shadow vnmi flexpriority ept vpid fsgsbase tsc_adjust bmi1 avx2 smep bmi2 erms invpcid xsaveopt dtherm ida arat pln pts
bugs		:
bogomips	: 7186.54
clflush size	: 64
cache_alignment	: 64
address sizes	: 39 bits physical, 48 bits virtual
power management:

processor	: 4
vendor_id	: GenuineIntel
cpu family	: 6
model		: 60
model name	: Intel(R) Core(TM) i7-4790 CPU @ 3.60GHz
stepping	: 3
microcode	: 0x20
cpu MHz		: 3799.951
cache size	: 8192 KB
physical id	: 0
siblings	: 8
core id		: 0
cpu cores	: 4
apicid		: 1
initial apicid	: 1
fpu		: yes
fpu_exception	: yes
cpuid level	: 13
wp		: yes
flags		: fpu vme de pse tsc msr pae mce cx8 apic sep mtrr pge mca cmov pat pse36 clflush dts acpi mmx fxsr sse sse2 ss ht tm pbe syscall nx pdpe1gb rdtscp lm constant_tsc arch_perfmon pebs bts rep_good nopl xtopology nonstop_tsc aperfmperf eagerfpu pni pclmulqdq dtes64 monitor ds_cpl vmx smx est tm2 ssse3 sdbg fma cx16 xtpr pdcm pcid sse4_1 sse4_2 x2apic movbe popcnt tsc_deadline_timer aes xsave avx f16c rdrand lahf_lm abm epb tpr_shadow vnmi flexpriority ept vpid fsgsbase tsc_adjust bmi1 avx2 smep bmi2 erms invpcid xsaveopt dtherm ida arat pln pts
bugs		:
bogomips	: 7188.60
clflush size	: 64
cache_alignment	: 64
address sizes	: 39 bits physical, 48 bits virtual
power management:

processor	: 5
vendor_id	: GenuineIntel
cpu family	: 6
model		: 60
model name	: Intel(R) Core(TM) i7-4790 CPU @ 3.60GHz
stepping	: 3
microcode	: 0x20
cpu MHz		: 3799.951
cache size	: 8192 KB
physical id	: 0
siblings	: 8
core id		: 1
cpu cores	: 4
apicid		: 3
initial apicid	: 3
fpu		: yes
fpu_exception	: yes
cpuid level	: 13
wp		: yes
flags		: fpu vme de pse tsc msr pae mce cx8 apic sep mtrr pge mca cmov pat pse36 clflush dts acpi mmx fxsr sse sse2 ss ht tm pbe syscall nx pdpe1gb rdtscp lm constant_tsc arch_perfmon pebs bts rep_good nopl xtopology nonstop_tsc aperfmperf eagerfpu pni pclmulqdq dtes64 monitor ds_cpl vmx smx est tm2 ssse3 sdbg fma cx16 xtpr pdcm pcid sse4_1 sse4_2 x2apic movbe popcnt tsc_deadline_timer aes xsave avx f16c rdrand lahf_lm abm epb tpr_shadow vnmi flexpriority ept vpid fsgsbase tsc_adjust bmi1 avx2 smep bmi2 erms invpcid xsaveopt dtherm ida arat pln pts
bugs		:
bogomips	: 7186.95
clflush size	: 64
cache_alignment	: 64
address sizes	: 39 bits physical, 48 bits virtual
power management:

processor	: 6
vendor_id	: GenuineIntel
cpu family	: 6
model		: 60
model name	: Intel(R) Core(TM) i7-4790 CPU @ 3.60GHz
stepping	: 3
microcode	: 0x20
cpu MHz		: 3799.951
cache size	: 8192 KB
physical id	: 0
siblings	: 8
core id		: 2
cpu cores	: 4
apicid		: 5
initial apicid	: 5
fpu		: yes
fpu_exception	: yes
cpuid level	: 13
wp		: yes
flags		: fpu vme de pse tsc msr pae mce cx8 apic sep mtrr pge mca cmov pat pse36 clflush dts acpi mmx fxsr sse sse2 ss ht tm pbe syscall nx pdpe1gb rdtscp lm constant_tsc arch_perfmon pebs bts rep_good nopl xtopology nonstop_tsc aperfmperf eagerfpu pni pclmulqdq dtes64 monitor ds_cpl vmx smx est tm2 ssse3 sdbg fma cx16 xtpr pdcm pcid sse4_1 sse4_2 x2apic movbe popcnt tsc_deadline_timer aes xsave avx f16c rdrand lahf_lm abm epb tpr_shadow vnmi flexpriority ept vpid fsgsbase tsc_adjust bmi1 avx2 smep bmi2 erms invpcid xsaveopt dtherm ida arat pln pts
bugs		:
bogomips	: 7186.87
clflush size	: 64
cache_alignment	: 64
address sizes	: 39 bits physical, 48 bits virtual
power management:

processor	: 7
vendor_id	: GenuineIntel
cpu family	: 6
model		: 60
model name	: Intel(R) Core(TM) i7-4790 CPU @ 3.60GHz
stepping	: 3
microcode	: 0x20
cpu MHz		: 3799.951
cache size	: 8192 KB
physical id	: 0
siblings	: 8
core id		: 3
cpu cores	: 4
apicid		: 7
initial apicid	: 7
fpu		: yes
fpu_exception	: yes
cpuid level	: 13
wp		: yes
flags		: fpu vme de pse tsc msr pae mce cx8 apic sep mtrr pge mca cmov pat pse36 clflush dts acpi mmx fxsr sse sse2 ss ht tm pbe syscall nx pdpe1gb rdtscp lm constant_tsc arch_perfmon pebs bts rep_good nopl xtopology nonstop_tsc aperfmperf eagerfpu pni pclmulqdq dtes64 monitor ds_cpl vmx smx est tm2 ssse3 sdbg fma cx16 xtpr pdcm pcid sse4_1 sse4_2 x2apic movbe popcnt tsc_deadline_timer aes xsave avx f16c rdrand lahf_lm abm epb tpr_shadow vnmi flexpriority ept vpid fsgsbase tsc_adjust bmi1 avx2 smep bmi2 erms invpcid xsaveopt dtherm ida arat pln pts
bugs		:
bogomips	: 7186.79
clflush size	: 64
cache_alignment	: 64
address sizes	: 39 bits physical, 48 bits virtual
power management:



Memory: 4k page, physical 32816512k(22707880k free), swap 0k(0k free)

vm_info: OpenJDK 64-Bit Server VM (25.76-b03) for linux-amd64 JRE (1.8.0_76-release-b03), built on Jun 29 2016 09:39:19 by "builder" with gcc 4.8.4

time: Mon Dec 12 14:50:01 2016
elapsed time: 0 seconds (0d 0h 0m 0s)

