#
# A fatal error has been detected by the Java Runtime Environment:
#
#  SIGSEGV (0xb) at pc=0x00007f5e6bfe8870, pid=6504, tid=0x00007f5e51eee700
#
# JRE version: OpenJDK Runtime Environment (8.0_76-b03) (build 1.8.0_76-release-b03)
# Java VM: OpenJDK 64-Bit Server VM (25.76-b03 mixed mode linux-amd64 compressed oops)
# Problematic frame:
# V  [libjvm.so+0x401870]  ciObjectFactory::create_new_metadata(Metadata*)+0x310
#
# Failed to write core dump. Core dumps have been disabled. To enable core dumping, try "ulimit -c unlimited" before starting Java again
#
# If you would like to submit a bug report, please visit:
#   http://bugreport.java.com/bugreport/crash.jsp
#

---------------  T H R E A D  ---------------

Current thread (0x00007f5e640c5800):  JavaThread "C1 CompilerThread3" daemon [_thread_in_vm, id=6529, stack(0x00007f5e51dee000,0x00007f5e51eef000)]

siginfo: si_signo: 11 (SIGSEGV), si_code: 1 (SEGV_MAPERR), si_addr: 0x0000000000000008

Registers:
RAX=0x0000000000000001, RBX=0x0000000000000008, RCX=0x00007f5e6ccee2c0, RDX=0x00007f5e51eeea20
RSP=0x00007f5e51eed340, RBP=0x00007f5e51eed390, RSI=0x0000000000000001, RDI=0x0000000000000010
R8 =0x0000000000000003, R9 =0x0000000000000318, R10=0x00007f5e0c112920, R11=0x0000000000000020
R12=0x00007f5e640c5800, R13=0x00007f5e0c000a40, R14=0x00007f5e0c0c4910, R15=0x0000000000000068
RIP=0x00007f5e6bfe8870, EFLAGS=0x0000000000010202, CSGSFS=0x002b000000000033, ERR=0x0000000000000004
  TRAPNO=0x000000000000000e

Top of Stack: (sp=0x00007f5e51eed340)
0x00007f5e51eed340:   00007f5e552ef380 00007f5e640c6930
0x00007f5e51eed350:   00007f5e69a460f0 00007f5e6c61e0c0
0x00007f5e51eed360:   00007f5e51eed580 0000000000000000
0x00007f5e51eed370:   0000000000000008 00007f5e0c000a40
0x00007f5e51eed380:   00007f5e0c0c4910 0000000000000068
0x00007f5e51eed390:   00007f5e51eed3d0 00007f5e6bfe72ff
0x00007f5e51eed3a0:   00007f5e69a460f0 0000000000000008
0x00007f5e51eed3b0:   0000000000000001 0000000000000003
0x00007f5e51eed3c0:   00007f5e0c0c4910 00007f5e0c0c4900
0x00007f5e51eed3d0:   00007f5e51eed410 00007f5e6bfe011b
0x00007f5e51eed3e0:   00007f5e69b06950 00007f5e0c1127b0
0x00007f5e51eed3f0:   00007f5e69b06950 00007f5e0c0c4910
0x00007f5e51eed400:   00007f5e0c112950 00007f5e0c0c4900
0x00007f5e51eed410:   00007f5e51eed490 00007f5e6bfe234f
0x00007f5e51eed420:   00007f5e640b9d00 0000000000000066
0x00007f5e51eed430:   00000000000083b0 00007f5e0c0c8ef8
0x00007f5e51eed440:   00007f5e0c0c48e0 00007f5e69b06a50
0x00007f5e51eed450:   00007f5e640c63d0 00007f5e0c0c0f10
0x00007f5e51eed460:   00007f5e69a460f0 0000000000000001
0x00007f5e51eed470:   00007f5e0c111930 00007f5e6ca80770
0x00007f5e51eed480:   00007f5e51eed510 00007f5e69b06950
0x00007f5e51eed490:   00007f5e51eed4f0 00007f5e6bfd9a36
0x00007f5e51eed4a0:   00007f5e51eed4d0 00007f5e640c5800
0x00007f5e51eed4b0:   00007f5e51eed570 00007f5e640071d0
0x00007f5e51eed4c0:   00007f5e552ef1d0 00007f5e0c111930
0x00007f5e51eed4d0:   00007f5e51eed510 00007f5e6ca80770
0x00007f5e51eed4e0:   00007f5e640c5800 00007f5e51eed770
0x00007f5e51eed4f0:   00007f5e51eed540 00007f5e6bfdd815
0x00007f5e51eed500:   00000000000000f0 00007f5e69a39e88
0x00007f5e51eed510:   00007f5e69a39e88 00007f5e640c5800
0x00007f5e51eed520:   00007f5e51eed770 00007f5e6ca80770
0x00007f5e51eed530:   00007f5e51eed6d0 00007f5e0c111930 

Instructions: (pc=0x00007f5e6bfe8870)
0x00007f5e6bfe8850:   7c e6 83 e8 01 89 06 48 83 c4 28 4c 89 e8 5b 41
0x00007f5e6bfe8860:   5c 41 5d 41 5e 41 5f 5d c3 0f 1f 80 00 00 00 00
0x00007f5e6bfe8870:   48 8b 03 48 89 df ff 50 08 84 c0 0f 84 16 fd ff
0x00007f5e6bfe8880:   ff 8b 43 08 85 c0 0f 8e 0b fd ff ff f6 83 fe 00 

Register to memory mapping:

RAX=0x0000000000000001 is an unknown value
RBX=0x0000000000000008 is an unknown value
RCX=0x00007f5e6ccee2c0: <offset 0x2172c0> in /lib64/libpthread.so.0 at 0x00007f5e6cad7000
RDX=0x00007f5e51eeea20 is pointing into the stack for thread: 0x00007f5e640c5800
RSP=0x00007f5e51eed340 is pointing into the stack for thread: 0x00007f5e640c5800
RBP=0x00007f5e51eed390 is pointing into the stack for thread: 0x00007f5e640c5800
RSI=0x0000000000000001 is an unknown value
RDI=0x0000000000000010 is an unknown value
R8 =0x0000000000000003 is an unknown value
R9 =0x0000000000000318 is an unknown value
R10=0x00007f5e0c112920 is an unknown value
R11=0x0000000000000020 is an unknown value
R12=0x00007f5e640c5800 is a thread
R13=0x00007f5e0c000a40 is an unknown value
R14=0x00007f5e0c0c4910 is an unknown value
R15=0x0000000000000068 is an unknown value


Stack: [0x00007f5e51dee000,0x00007f5e51eef000],  sp=0x00007f5e51eed340,  free space=1020k
Native frames: (J=compiled Java code, j=interpreted, Vv=VM code, C=native code)
V  [libjvm.so+0x401870]  ciObjectFactory::create_new_metadata(Metadata*)+0x310
V  [libjvm.so+0x4002ff]  ciObjectFactory::get_metadata(Metadata*)+0x7f
V  [libjvm.so+0x3f911b]  ciReceiverTypeData::translate_receiver_data_from(ProfileData const*)+0x7b
V  [libjvm.so+0x3fb34f]  ciMethodData::load_data()+0x19f
V  [libjvm.so+0x3f2a36]  ciMethod::ensure_method_data(methodHandle)+0xa6
V  [libjvm.so+0x3f6815]  ciMethod::ensure_method_data()+0xa5
V  [libjvm.so+0x330df1]  Compilation::compile_java_method()+0x391
V  [libjvm.so+0x330f2a]  Compilation::compile_method()+0x7a
V  [libjvm.so+0x3313e3]  Compilation::Compilation(AbstractCompiler*, ciEnv*, ciMethod*, int, BufferBlob*)+0x243
V  [libjvm.so+0x3320f8]  Compiler::compile_method(ciEnv*, ciMethod*, int)+0xa8
V  [libjvm.so+0x46d832]  CompileBroker::invoke_compiler_on_method(CompileTask*)+0x8b2
V  [libjvm.so+0x46e6e8]  CompileBroker::compiler_thread_loop()+0x4e8
V  [libjvm.so+0x986ec0]  JavaThread::thread_main_inner()+0xf0
V  [libjvm.so+0x8425b2]  java_start(Thread*)+0xf2
C  [libpthread.so.0+0x75ca]  start_thread+0xca


Current CompileTask:
C1:    956  775       2       com.android.dx.ssa.SsaConverter::nodeNeedsUniquePredecessor (32 bytes)


---------------  P R O C E S S  ---------------

Java Threads: ( => current thread )
  0x00007f5e64176800 JavaThread "pool-2-thread-4" [_thread_in_vm, id=6536, stack(0x00007f5e516e7000,0x00007f5e517e8000)]
  0x00007f5e64175000 JavaThread "pool-2-thread-3" [_thread_in_Java, id=6535, stack(0x00007f5e517e8000,0x00007f5e518e9000)]
  0x00007f5e64173000 JavaThread "pool-2-thread-2" [_thread_in_vm, id=6534, stack(0x00007f5e518e9000,0x00007f5e519ea000)]
  0x00007f5e64171800 JavaThread "pool-3-thread-1" [_thread_blocked, id=6533, stack(0x00007f5e519ea000,0x00007f5e51aeb000)]
  0x00007f5e64170000 JavaThread "pool-2-thread-1" [_thread_in_Java, id=6532, stack(0x00007f5e51aeb000,0x00007f5e51bec000)]
  0x00007f5e640c9000 JavaThread "Service Thread" daemon [_thread_blocked, id=6530, stack(0x00007f5e51ced000,0x00007f5e51dee000)]
=>0x00007f5e640c5800 JavaThread "C1 CompilerThread3" daemon [_thread_in_vm, id=6529, stack(0x00007f5e51dee000,0x00007f5e51eef000)]
  0x00007f5e640c3800 JavaThread "C2 CompilerThread2" daemon [_thread_in_vm, id=6528, stack(0x00007f5e51eef000,0x00007f5e51ff0000)]
  0x00007f5e640c2000 JavaThread "C2 CompilerThread1" daemon [_thread_in_native, id=6527, stack(0x00007f5e51ff0000,0x00007f5e520f1000)]
  0x00007f5e640bf000 JavaThread "C2 CompilerThread0" daemon [_thread_in_native, id=6526, stack(0x00007f5e520f1000,0x00007f5e521f2000)]
  0x00007f5e640bd800 JavaThread "Signal Dispatcher" daemon [_thread_blocked, id=6525, stack(0x00007f5e521f2000,0x00007f5e522f3000)]
  0x00007f5e6408b000 JavaThread "Finalizer" daemon [_thread_blocked, id=6522, stack(0x00007f5e522f3000,0x00007f5e523f4000)]
  0x00007f5e64086000 JavaThread "Reference Handler" daemon [_thread_blocked, id=6521, stack(0x00007f5e523f4000,0x00007f5e524f5000)]
  0x00007f5e64008800 JavaThread "main" [_thread_in_Java, id=6506, stack(0x00007f5e6d5cc000,0x00007f5e6d6cd000)]

Other Threads:
  0x00007f5e6407e800 VMThread [stack: 0x00007f5e524f5000,0x00007f5e525f6000] [id=6520]
  0x00007f5e640cb800 WatcherThread [stack: 0x00007f5e51bec000,0x00007f5e51ced000] [id=6531]

VM state:not at safepoint (normal execution)

VM Mutex/Monitor currently owned by a thread: None

Heap:
 PSYoungGen      total 150016K, used 54208K [0x00000000eab00000, 0x00000000f5200000, 0x0000000100000000)
  eden space 129024K, 42% used [0x00000000eab00000,0x00000000edff0030,0x00000000f2900000)
  from space 20992K, 0% used [0x00000000f3d80000,0x00000000f3d80000,0x00000000f5200000)
  to   space 20992K, 0% used [0x00000000f2900000,0x00000000f2900000,0x00000000f3d80000)
 ParOldGen       total 343040K, used 0K [0x00000000c0000000, 0x00000000d4f00000, 0x00000000eab00000)
  object space 343040K, 0% used [0x00000000c0000000,0x00000000c0000000,0x00000000d4f00000)
 Metaspace       used 5766K, capacity 6832K, committed 7040K, reserved 1056768K
  class space    used 573K, capacity 616K, committed 640K, reserved 1048576K

Card table byte_map: [0x00007f5e6a8a6000,0x00007f5e6aaa7000] byte_map_base: 0x00007f5e6a2a6000

Marking Bits: (ParMarkBitMap*) 0x00007f5e6caaa1a0
 Begin Bits: [0x00007f5e53000000, 0x00007f5e54000000)
 End Bits:   [0x00007f5e54000000, 0x00007f5e55000000)

Polling page: 0x00007f5e6d6f1000

CodeCache: size=245760Kb used=3047Kb max_used=3059Kb free=242712Kb
 bounds [0x00007f5e55000000, 0x00007f5e55300000, 0x00007f5e64000000]
 total_blobs=1071 nmethods=802 adapters=182
 compilation: enabled

Compilation events (10 events):
Event: 0.933 Thread 0x00007f5e640c5800 nmethod 801 0x00007f5e552e9ed0 code [0x00007f5e552ea040, 0x00007f5e552ea1d0]
Event: 0.933 Thread 0x00007f5e640c5800  802       2       com.android.dx.ssa.PhiInsn::hasSideEffect (19 bytes)
Event: 0.933 Thread 0x00007f5e640c5800 nmethod 802 0x00007f5e552e9a50 code [0x00007f5e552e9bc0, 0x00007f5e552e9d70]
Event: 0.933 Thread 0x00007f5e640c5800  929       2       com.android.dx.dex.code.BlockAddresses::getEnd (10 bytes)
Event: 0.933 Thread 0x00007f5e640c5800 nmethod 929 0x00007f5e552efad0 code [0x00007f5e552efc40, 0x00007f5e552efdb0]
Event: 0.933 Thread 0x00007f5e640c5800  837       2       com.android.dx.ssa.InterferenceRegisterMapper::interferes (78 bytes)
Event: 0.934 Thread 0x00007f5e640c5800 nmethod 837 0x00007f5e552f7410 code [0x00007f5e552f75c0, 0x00007f5e552f7a88]
Event: 0.934 Thread 0x00007f5e640c5800  771       2       com.android.dx.ssa.SsaBasicBlock::<init> (109 bytes)
Event: 0.934 Thread 0x00007f5e640c5800 nmethod 771 0x00007f5e552ef1d0 code [0x00007f5e552ef380, 0x00007f5e552ef828]
Event: 0.934 Thread 0x00007f5e640c5800  775       2       com.android.dx.ssa.SsaConverter::nodeNeedsUniquePredecessor (32 bytes)

GC Heap History (0 events):
No events

Deoptimization events (9 events):
Event: 0.163 Thread 0x00007f5e64008800 Uncommon trap: reason=unstable_if action=reinterpret pc=0x00007f5e55157348 method=java.lang.String.indexOf(II)I @ 49
Event: 0.294 Thread 0x00007f5e64170000 Uncommon trap: reason=unstable_if action=reinterpret pc=0x00007f5e551c803c method=java.util.HashMap.getNode(ILjava/lang/Object;)Ljava/util/HashMap$Node; @ 62
Event: 0.298 Thread 0x00007f5e64170000 Uncommon trap: reason=unstable_if action=reinterpret pc=0x00007f5e551d0f24 method=java.util.HashMap.getNode(ILjava/lang/Object;)Ljava/util/HashMap$Node; @ 62
Event: 0.306 Thread 0x00007f5e64173000 Uncommon trap: reason=unstable_if action=reinterpret pc=0x00007f5e551c88ec method=java.util.BitSet.nextSetBit(I)I @ 87
Event: 0.539 Thread 0x00007f5e64170000 Uncommon trap: reason=class_check action=maybe_recompile pc=0x00007f5e551f2190 method=com.android.dx.rop.type.Type.equals(Ljava/lang/Object;)Z @ 8
Event: 0.540 Thread 0x00007f5e64170000 Uncommon trap: reason=class_check action=maybe_recompile pc=0x00007f5e551f2190 method=com.android.dx.rop.type.Type.equals(Ljava/lang/Object;)Z @ 8
Event: 0.540 Thread 0x00007f5e64170000 Uncommon trap: reason=class_check action=maybe_recompile pc=0x00007f5e551f2190 method=com.android.dx.rop.type.Type.equals(Ljava/lang/Object;)Z @ 8
Event: 0.721 Thread 0x00007f5e64170000 Uncommon trap: reason=class_check action=maybe_recompile pc=0x00007f5e551f2190 method=com.android.dx.rop.type.Type.equals(Ljava/lang/Object;)Z @ 8
Event: 0.773 Thread 0x00007f5e64173000 Uncommon trap: reason=null_check action=make_not_entrant pc=0x00007f5e55292058 method=com.android.dx.ssa.SsaRenamer.getLocalForNewReg(I)Lcom/android/dx/rop/code/LocalItem; @ 19

Internal exceptions (3 events):
Event: 0.017 Thread 0x00007f5e64008800 Exception <a 'java/lang/NoSuchMethodError': Method sun.misc.Unsafe.defineClass(Ljava/lang/String;[BII)Ljava/lang/Class; name or signature does not match> (0x00000000eab07cc0) thrown at [/ssd/Android/AOSP-openjdk/external/jetbrains/jdk/hotspot/src/share/vm
Event: 0.017 Thread 0x00007f5e64008800 Exception <a 'java/lang/NoSuchMethodError': Method sun.misc.Unsafe.prefetchRead(Ljava/lang/Object;J)V name or signature does not match> (0x00000000eab07fa8) thrown at [/ssd/Android/AOSP-openjdk/external/jetbrains/jdk/hotspot/src/share/vm/prims/jni.cpp, li
Event: 0.773 Thread 0x00007f5e64173000 Implicit null exception at 0x00007f5e5528fc09 to 0x00007f5e55292039

Events (10 events):
Event: 0.706 Executing VM operation: ForceSafepoint
Event: 0.711 Executing VM operation: ForceSafepoint done
Event: 0.721 Thread 0x00007f5e64170000 Uncommon trap: trap_request=0xffffffde fr.pc=0x00007f5e551f2190
Event: 0.721 Thread 0x00007f5e64170000 DEOPT PACKING pc=0x00007f5e551f2190 sp=0x00007f5e51be9a90
Event: 0.721 Thread 0x00007f5e64170000 DEOPT UNPACKING pc=0x00007f5e55004f69 sp=0x00007f5e51be9890 mode 2
Event: 0.773 Thread 0x00007f5e64173000 Uncommon trap: trap_request=0xfffffff4 fr.pc=0x00007f5e55292058
Event: 0.773 Thread 0x00007f5e64173000 DEOPT PACKING pc=0x00007f5e55292058 sp=0x00007f5e519e8090
Event: 0.773 Thread 0x00007f5e64173000 DEOPT UNPACKING pc=0x00007f5e55004f69 sp=0x00007f5e519e7f58 mode 2
Event: 0.852 loading class com/android/dx/rop/code/RegOps
Event: 0.852 loading class com/android/dx/rop/code/RegOps done


Dynamic libraries:
00400000-00401000 r-xp 00000000 08:01 37487725                           /home/caitano/android-studio/jre/bin/java
00600000-00601000 r--p 00000000 08:01 37487725                           /home/caitano/android-studio/jre/bin/java
00601000-00602000 rw-p 00001000 08:01 37487725                           /home/caitano/android-studio/jre/bin/java
00c97000-00cb8000 rw-p 00000000 00:00 0                                  [heap]
c0000000-d4f00000 rw-p 00000000 00:00 0 
d4f00000-eab00000 ---p 00000000 00:00 0 
eab00000-f5200000 rw-p 00000000 00:00 0 
f5200000-100000000 ---p 00000000 00:00 0 
100000000-1000a0000 rw-p 00000000 00:00 0 
1000a0000-140000000 ---p 00000000 00:00 0 
7f5de8000000-7f5de8022000 rw-p 00000000 00:00 0 
7f5de8022000-7f5dec000000 ---p 00000000 00:00 0 
7f5dec000000-7f5dec021000 rw-p 00000000 00:00 0 
7f5dec021000-7f5df0000000 ---p 00000000 00:00 0 
7f5df0000000-7f5df0021000 rw-p 00000000 00:00 0 
7f5df0021000-7f5df4000000 ---p 00000000 00:00 0 
7f5df4000000-7f5df4034000 rw-p 00000000 00:00 0 
7f5df4034000-7f5df8000000 ---p 00000000 00:00 0 
7f5df8000000-7f5df8021000 rw-p 00000000 00:00 0 
7f5df8021000-7f5dfc000000 ---p 00000000 00:00 0 
7f5dfc000000-7f5dfc037000 rw-p 00000000 00:00 0 
7f5dfc037000-7f5e00000000 ---p 00000000 00:00 0 
7f5e00000000-7f5e00021000 rw-p 00000000 00:00 0 
7f5e00021000-7f5e04000000 ---p 00000000 00:00 0 
7f5e04000000-7f5e0441c000 rw-p 00000000 00:00 0 
7f5e0441c000-7f5e08000000 ---p 00000000 00:00 0 
7f5e08000000-7f5e08403000 rw-p 00000000 00:00 0 
7f5e08403000-7f5e0c000000 ---p 00000000 00:00 0 
7f5e0c000000-7f5e0c68a000 rw-p 00000000 00:00 0 
7f5e0c68a000-7f5e10000000 ---p 00000000 00:00 0 
7f5e10000000-7f5e10021000 rw-p 00000000 00:00 0 
7f5e10021000-7f5e14000000 ---p 00000000 00:00 0 
7f5e14000000-7f5e1453b000 rw-p 00000000 00:00 0 
7f5e1453b000-7f5e18000000 ---p 00000000 00:00 0 
7f5e18000000-7f5e18021000 rw-p 00000000 00:00 0 
7f5e18021000-7f5e1c000000 ---p 00000000 00:00 0 
7f5e1d68d000-7f5e24000000 r--p 00000000 08:02 1579773                    /usr/lib/locale/locale-archive
7f5e24000000-7f5e24021000 rw-p 00000000 00:00 0 
7f5e24021000-7f5e28000000 ---p 00000000 00:00 0 
7f5e28000000-7f5e28021000 rw-p 00000000 00:00 0 
7f5e28021000-7f5e2c000000 ---p 00000000 00:00 0 
7f5e2c000000-7f5e2c021000 rw-p 00000000 00:00 0 
7f5e2c021000-7f5e30000000 ---p 00000000 00:00 0 
7f5e34000000-7f5e34021000 rw-p 00000000 00:00 0 
7f5e34021000-7f5e38000000 ---p 00000000 00:00 0 
7f5e38000000-7f5e38021000 rw-p 00000000 00:00 0 
7f5e38021000-7f5e3c000000 ---p 00000000 00:00 0 
7f5e3c000000-7f5e3c021000 rw-p 00000000 00:00 0 
7f5e3c021000-7f5e40000000 ---p 00000000 00:00 0 
7f5e40000000-7f5e40021000 rw-p 00000000 00:00 0 
7f5e40021000-7f5e44000000 ---p 00000000 00:00 0 
7f5e44000000-7f5e44021000 rw-p 00000000 00:00 0 
7f5e44021000-7f5e48000000 ---p 00000000 00:00 0 
7f5e48000000-7f5e48021000 rw-p 00000000 00:00 0 
7f5e48021000-7f5e4c000000 ---p 00000000 00:00 0 
7f5e4c000000-7f5e4c021000 rw-p 00000000 00:00 0 
7f5e4c021000-7f5e50000000 ---p 00000000 00:00 0 
7f5e516e7000-7f5e516ea000 ---p 00000000 00:00 0 
7f5e516ea000-7f5e517e8000 rw-p 00000000 00:00 0 
7f5e517e8000-7f5e517eb000 ---p 00000000 00:00 0 
7f5e517eb000-7f5e518e9000 rw-p 00000000 00:00 0 
7f5e518e9000-7f5e518ec000 ---p 00000000 00:00 0 
7f5e518ec000-7f5e519ea000 rw-p 00000000 00:00 0 
7f5e519ea000-7f5e519ed000 ---p 00000000 00:00 0 
7f5e519ed000-7f5e51aeb000 rw-p 00000000 00:00 0 
7f5e51aeb000-7f5e51aee000 ---p 00000000 00:00 0 
7f5e51aee000-7f5e51bec000 rw-p 00000000 00:00 0 
7f5e51bec000-7f5e51bed000 ---p 00000000 00:00 0 
7f5e51bed000-7f5e51ced000 rw-p 00000000 00:00 0 
7f5e51ced000-7f5e51cf0000 ---p 00000000 00:00 0 
7f5e51cf0000-7f5e51dee000 rw-p 00000000 00:00 0 
7f5e51dee000-7f5e51df1000 ---p 00000000 00:00 0 
7f5e51df1000-7f5e51eef000 rw-p 00000000 00:00 0 
7f5e51eef000-7f5e51ef2000 ---p 00000000 00:00 0 
7f5e51ef2000-7f5e51ff0000 rw-p 00000000 00:00 0 
7f5e51ff0000-7f5e51ff3000 ---p 00000000 00:00 0 
7f5e51ff3000-7f5e520f1000 rw-p 00000000 00:00 0 
7f5e520f1000-7f5e520f4000 ---p 00000000 00:00 0 
7f5e520f4000-7f5e521f2000 rw-p 00000000 00:00 0 
7f5e521f2000-7f5e521f5000 ---p 00000000 00:00 0 
7f5e521f5000-7f5e522f3000 rw-p 00000000 00:00 0 
7f5e522f3000-7f5e522f6000 ---p 00000000 00:00 0 
7f5e522f6000-7f5e523f4000 rw-p 00000000 00:00 0 
7f5e523f4000-7f5e523f7000 ---p 00000000 00:00 0 
7f5e523f7000-7f5e524f5000 rw-p 00000000 00:00 0 
7f5e524f5000-7f5e524f6000 ---p 00000000 00:00 0 
7f5e524f6000-7f5e55000000 rw-p 00000000 00:00 0 
7f5e55000000-7f5e55300000 rwxp 00000000 00:00 0 
7f5e55300000-7f5e64000000 ---p 00000000 00:00 0 
7f5e64000000-7f5e643c6000 rw-p 00000000 00:00 0 
7f5e643c6000-7f5e68000000 ---p 00000000 00:00 0 
7f5e680bd000-7f5e680cb000 r--s 000e0000 08:01 22164268                   /home/caitano/Android/Sdk/build-tools/24.0.2/lib/dx.jar
7f5e680cb000-7f5e69305000 rw-p 00000000 00:00 0 
7f5e69305000-7f5e694d2000 r--s 03bec000 08:01 37487781                   /home/caitano/android-studio/jre/jre/lib/rt.jar
7f5e694d2000-7f5e69b88000 rw-p 00000000 00:00 0 
7f5e69b88000-7f5e69d48000 ---p 00000000 00:00 0 
7f5e69d48000-7f5e69f48000 rw-p 00000000 00:00 0 
7f5e69f48000-7f5e69f49000 ---p 00000000 00:00 0 
7f5e69f49000-7f5e6a049000 rw-p 00000000 00:00 0 
7f5e6a049000-7f5e6a04a000 ---p 00000000 00:00 0 
7f5e6a04a000-7f5e6a14a000 rw-p 00000000 00:00 0 
7f5e6a14a000-7f5e6a14b000 ---p 00000000 00:00 0 
7f5e6a14b000-7f5e6a24b000 rw-p 00000000 00:00 0 
7f5e6a24b000-7f5e6a24c000 ---p 00000000 00:00 0 
7f5e6a24c000-7f5e6a34c000 rw-p 00000000 00:00 0 
7f5e6a34c000-7f5e6a34d000 ---p 00000000 00:00 0 
7f5e6a34d000-7f5e6a44d000 rw-p 00000000 00:00 0 
7f5e6a44d000-7f5e6a44e000 ---p 00000000 00:00 0 
7f5e6a44e000-7f5e6a54e000 rw-p 00000000 00:00 0 
7f5e6a54e000-7f5e6a54f000 ---p 00000000 00:00 0 
7f5e6a54f000-7f5e6a64f000 rw-p 00000000 00:00 0 
7f5e6a64f000-7f5e6a650000 ---p 00000000 00:00 0 
7f5e6a650000-7f5e6a7f8000 rw-p 00000000 00:00 0 
7f5e6a7f8000-7f5e6a8a6000 ---p 00000000 00:00 0 
7f5e6a8a6000-7f5e6a94e000 rw-p 00000000 00:00 0 
7f5e6a94e000-7f5e6a9fb000 ---p 00000000 00:00 0 
7f5e6a9fb000-7f5e6aa4f000 rw-p 00000000 00:00 0 
7f5e6aa4f000-7f5e6aaa6000 ---p 00000000 00:00 0 
7f5e6aaa6000-7f5e6aab3000 rw-p 00000000 00:00 0 
7f5e6aab3000-7f5e6ae67000 ---p 00000000 00:00 0 
7f5e6ae67000-7f5e6ae81000 r-xp 00000000 08:01 37487808                   /home/caitano/android-studio/jre/jre/lib/amd64/libzip.so
7f5e6ae81000-7f5e6b081000 ---p 0001a000 08:01 37487808                   /home/caitano/android-studio/jre/jre/lib/amd64/libzip.so
7f5e6b081000-7f5e6b082000 r--p 0001a000 08:01 37487808                   /home/caitano/android-studio/jre/jre/lib/amd64/libzip.so
7f5e6b082000-7f5e6b083000 rw-p 0001b000 08:01 37487808                   /home/caitano/android-studio/jre/jre/lib/amd64/libzip.so
7f5e6b083000-7f5e6b08e000 r-xp 00000000 08:02 1584032                    /usr/lib64/libnss_files-2.23.so
7f5e6b08e000-7f5e6b28d000 ---p 0000b000 08:02 1584032                    /usr/lib64/libnss_files-2.23.so
7f5e6b28d000-7f5e6b28e000 r--p 0000a000 08:02 1584032                    /usr/lib64/libnss_files-2.23.so
7f5e6b28e000-7f5e6b28f000 rw-p 0000b000 08:02 1584032                    /usr/lib64/libnss_files-2.23.so
7f5e6b28f000-7f5e6b295000 rw-p 00000000 00:00 0 
7f5e6b295000-7f5e6b2c2000 r-xp 00000000 08:01 37487818                   /home/caitano/android-studio/jre/jre/lib/amd64/libjava.so
7f5e6b2c2000-7f5e6b4c1000 ---p 0002d000 08:01 37487818                   /home/caitano/android-studio/jre/jre/lib/amd64/libjava.so
7f5e6b4c1000-7f5e6b4c2000 r--p 0002c000 08:01 37487818                   /home/caitano/android-studio/jre/jre/lib/amd64/libjava.so
7f5e6b4c2000-7f5e6b4c4000 rw-p 0002d000 08:01 37487818                   /home/caitano/android-studio/jre/jre/lib/amd64/libjava.so
7f5e6b4c4000-7f5e6b4d4000 r-xp 00000000 08:01 37487834                   /home/caitano/android-studio/jre/jre/lib/amd64/libverify.so
7f5e6b4d4000-7f5e6b6d3000 ---p 00010000 08:01 37487834                   /home/caitano/android-studio/jre/jre/lib/amd64/libverify.so
7f5e6b6d3000-7f5e6b6d5000 r--p 0000f000 08:01 37487834                   /home/caitano/android-studio/jre/jre/lib/amd64/libverify.so
7f5e6b6d5000-7f5e6b6d6000 rw-p 00011000 08:01 37487834                   /home/caitano/android-studio/jre/jre/lib/amd64/libverify.so
7f5e6b6d6000-7f5e6b6dd000 r-xp 00000000 08:02 1584140                    /usr/lib64/librt-2.23.so
7f5e6b6dd000-7f5e6b8dc000 ---p 00007000 08:02 1584140                    /usr/lib64/librt-2.23.so
7f5e6b8dc000-7f5e6b8dd000 r--p 00006000 08:02 1584140                    /usr/lib64/librt-2.23.so
7f5e6b8dd000-7f5e6b8de000 rw-p 00007000 08:02 1584140                    /usr/lib64/librt-2.23.so
7f5e6b8de000-7f5e6b9e6000 r-xp 00000000 08:02 1583634                    /usr/lib64/libm-2.23.so
7f5e6b9e6000-7f5e6bbe5000 ---p 00108000 08:02 1583634                    /usr/lib64/libm-2.23.so
7f5e6bbe5000-7f5e6bbe6000 r--p 00107000 08:02 1583634                    /usr/lib64/libm-2.23.so
7f5e6bbe6000-7f5e6bbe7000 rw-p 00108000 08:02 1583634                    /usr/lib64/libm-2.23.so
7f5e6bbe7000-7f5e6c7cd000 r-xp 00000000 08:01 37487838                   /home/caitano/android-studio/jre/jre/lib/amd64/server/libjvm.so
7f5e6c7cd000-7f5e6c9cd000 ---p 00be6000 08:01 37487838                   /home/caitano/android-studio/jre/jre/lib/amd64/server/libjvm.so
7f5e6c9cd000-7f5e6ca6c000 r--p 00be6000 08:01 37487838                   /home/caitano/android-studio/jre/jre/lib/amd64/server/libjvm.so
7f5e6ca6c000-7f5e6ca95000 rw-p 00c85000 08:01 37487838                   /home/caitano/android-studio/jre/jre/lib/amd64/server/libjvm.so
7f5e6ca95000-7f5e6cad7000 rw-p 00000000 00:00 0 
7f5e6cad7000-7f5e6caee000 r-xp 00000000 08:02 1584040                    /usr/lib64/libpthread-2.23.so
7f5e6caee000-7f5e6cced000 ---p 00017000 08:02 1584040                    /usr/lib64/libpthread-2.23.so
7f5e6cced000-7f5e6ccee000 r--p 00016000 08:02 1584040                    /usr/lib64/libpthread-2.23.so
7f5e6ccee000-7f5e6ccef000 rw-p 00017000 08:02 1584040                    /usr/lib64/libpthread-2.23.so
7f5e6ccef000-7f5e6ccf3000 rw-p 00000000 00:00 0 
7f5e6ccf3000-7f5e6ccf6000 r-xp 00000000 08:02 1583610                    /usr/lib64/libdl-2.23.so
7f5e6ccf6000-7f5e6cef5000 ---p 00003000 08:02 1583610                    /usr/lib64/libdl-2.23.so
7f5e6cef5000-7f5e6cef6000 r--p 00002000 08:02 1583610                    /usr/lib64/libdl-2.23.so
7f5e6cef6000-7f5e6cef7000 rw-p 00003000 08:02 1583610                    /usr/lib64/libdl-2.23.so
7f5e6cef7000-7f5e6d0b0000 r-xp 00000000 08:02 1583483                    /usr/lib64/libc-2.23.so
7f5e6d0b0000-7f5e6d2af000 ---p 001b9000 08:02 1583483                    /usr/lib64/libc-2.23.so
7f5e6d2af000-7f5e6d2b3000 r--p 001b8000 08:02 1583483                    /usr/lib64/libc-2.23.so
7f5e6d2b3000-7f5e6d2b5000 rw-p 001bc000 08:02 1583483                    /usr/lib64/libc-2.23.so
7f5e6d2b5000-7f5e6d2b9000 rw-p 00000000 00:00 0 
7f5e6d2b9000-7f5e6d2cf000 r-xp 00000000 08:01 37487699                   /home/caitano/android-studio/jre/lib/amd64/jli/libjli.so
7f5e6d2cf000-7f5e6d4ce000 ---p 00016000 08:01 37487699                   /home/caitano/android-studio/jre/lib/amd64/jli/libjli.so
7f5e6d4ce000-7f5e6d4cf000 r--p 00015000 08:01 37487699                   /home/caitano/android-studio/jre/lib/amd64/jli/libjli.so
7f5e6d4cf000-7f5e6d4d0000 rw-p 00016000 08:01 37487699                   /home/caitano/android-studio/jre/lib/amd64/jli/libjli.so
7f5e6d4d0000-7f5e6d4f4000 r-xp 00000000 08:02 1586592                    /usr/lib64/ld-2.23.so
7f5e6d4fc000-7f5e6d5cc000 rw-p 00000000 00:00 0 
7f5e6d5cc000-7f5e6d5cf000 ---p 00000000 00:00 0 
7f5e6d5cf000-7f5e6d6d1000 rw-p 00000000 00:00 0 
7f5e6d6d1000-7f5e6d6d4000 r--s 00013000 08:01 19137442                   /home/caitano/AndroidStudioProjects/nutrition_app/app/build/intermediates/exploded-aar/com.google.android.gms/play-services-base/8.4.0/jars/classes.jar
7f5e6d6d4000-7f5e6d6e8000 rw-p 00000000 00:00 0 
7f5e6d6e8000-7f5e6d6f0000 rw-s 00000000 00:26 134037                     /tmp/hsperfdata_caitano/6504
7f5e6d6f0000-7f5e6d6f1000 rw-p 00000000 00:00 0 
7f5e6d6f1000-7f5e6d6f2000 r--p 00000000 00:00 0 
7f5e6d6f2000-7f5e6d6f3000 rw-p 00000000 00:00 0 
7f5e6d6f3000-7f5e6d6f4000 r--p 00023000 08:02 1586592                    /usr/lib64/ld-2.23.so
7f5e6d6f4000-7f5e6d6f5000 rw-p 00024000 08:02 1586592                    /usr/lib64/ld-2.23.so
7f5e6d6f5000-7f5e6d6f6000 rw-p 00000000 00:00 0 
7ffc912a9000-7ffc912ca000 rw-p 00000000 00:00 0                          [stack]
7ffc91365000-7ffc91367000 r--p 00000000 00:00 0                          [vvar]
7ffc91367000-7ffc91369000 r-xp 00000000 00:00 0                          [vdso]
ffffffffff600000-ffffffffff601000 r-xp 00000000 00:00 0                  [vsyscall]

VM Arguments:
jvm_args: -Djava.awt.headless=true -Xmx1024M -Dfile.encoding=UTF-8 -Duser.country=US -Duser.language=en -Duser.variant 
java_command: com.android.dx.command.Main --dex --force-jumbo --num-threads=4 --multi-dex --output /home/caitano/AndroidStudioProjects/nutrition_app/app/build/intermediates/transforms/dex/debug/folders/1000/10/com.google.android.gms-play-services-base-8.4.0_6a33daa7e4ad764e9e0cf3ccb08385b051d85d3c /home/caitano/AndroidStudioProjects/nutrition_app/app/build/intermediates/exploded-aar/com.google.android.gms/play-services-base/8.4.0/jars/classes.jar
java_class_path (initial): /home/caitano/Android/Sdk/build-tools/24.0.2/lib/dx.jar
Launcher Type: SUN_STANDARD

Environment Variables:
JAVA_HOME=/usr/java/jdk1.8.0_102
PATH=/usr/lib64/qt-3.3/bin:/usr/java/latest/bin:/usr/local/bin:/usr/local/sbin:/usr/bin:/usr/sbin:/opt/node-v4.4.7-linux-x64/bin:/home/caitano/WebStorm-145.597.6/bin:/home/caitano/android-studio/bin:/home/caitano/.local/bin:/home/caitano/bin
USERNAME=caitano
LD_LIBRARY_PATH=/home/caitano/android-studio/bin:
SHELL=/bin/bash
DISPLAY=:0

Signal Handlers:
SIGSEGV: [libjvm.so+0x9daac0], sa_mask[0]=11111111011111111101111111111110, sa_flags=SA_RESTART|SA_SIGINFO
SIGBUS: [libjvm.so+0x9daac0], sa_mask[0]=11111111011111111101111111111110, sa_flags=SA_RESTART|SA_SIGINFO
SIGFPE: [libjvm.so+0x840d90], sa_mask[0]=11111111011111111101111111111110, sa_flags=SA_RESTART|SA_SIGINFO
SIGPIPE: [libjvm.so+0x840d90], sa_mask[0]=11111111011111111101111111111110, sa_flags=SA_RESTART|SA_SIGINFO
SIGXFSZ: [libjvm.so+0x840d90], sa_mask[0]=11111111011111111101111111111110, sa_flags=SA_RESTART|SA_SIGINFO
SIGILL: [libjvm.so+0x840d90], sa_mask[0]=11111111011111111101111111111110, sa_flags=SA_RESTART|SA_SIGINFO
SIGUSR1: SIG_DFL, sa_mask[0]=00000000000000000000000000000000, sa_flags=none
SIGUSR2: [libjvm.so+0x840c60], sa_mask[0]=00100000000000000000000000000000, sa_flags=SA_RESTART|SA_SIGINFO
SIGHUP: [libjvm.so+0x840e50], sa_mask[0]=11111111011111111101111111111110, sa_flags=SA_RESTART|SA_SIGINFO
SIGINT: [libjvm.so+0x840e50], sa_mask[0]=11111111011111111101111111111110, sa_flags=SA_RESTART|SA_SIGINFO
SIGTERM: [libjvm.so+0x840e50], sa_mask[0]=11111111011111111101111111111110, sa_flags=SA_RESTART|SA_SIGINFO
SIGQUIT: [libjvm.so+0x840e50], sa_mask[0]=11111111011111111101111111111110, sa_flags=SA_RESTART|SA_SIGINFO


---------------  S Y S T E M  ---------------

OS:Fedora release 24 (Twenty Four)

uname:Linux 4.7.4-200.fc24.x86_64 #1 SMP Thu Sep 15 18:42:09 UTC 2016 x86_64
libc:glibc 2.23 NPTL 2.23 
rlimit: STACK 8192k, CORE 0k, NPROC 128111, NOFILE 4096, AS infinity
load average:4.26 1.37 1.14

/proc/meminfo:
MemTotal:       32816512 kB
MemFree:        22869416 kB
MemAvailable:   25572848 kB
Buffers:          581056 kB
Cached:          3536356 kB
SwapCached:            0 kB
Active:          6244124 kB
Inactive:        3056016 kB
Active(anon):    5184464 kB
Inactive(anon):  1301352 kB
Active(file):    1059660 kB
Inactive(file):  1754664 kB
Unevictable:         100 kB
Mlocked:             100 kB
SwapTotal:             0 kB
SwapFree:              0 kB
Dirty:             35460 kB
Writeback:             0 kB
AnonPages:       5182752 kB
Mapped:           962684 kB
Shmem:           1303084 kB
Slab:             441300 kB
SReclaimable:     353532 kB
SUnreclaim:        87768 kB
KernelStack:       17104 kB
PageTables:        64492 kB
NFS_Unstable:          0 kB
Bounce:                0 kB
WritebackTmp:          0 kB
CommitLimit:    16408256 kB
Committed_AS:   14988800 kB
VmallocTotal:   34359738367 kB
VmallocUsed:           0 kB
VmallocChunk:          0 kB
HardwareCorrupted:     0 kB
AnonHugePages:         0 kB
CmaTotal:              0 kB
CmaFree:               0 kB
HugePages_Total:       0
HugePages_Free:        0
HugePages_Rsvd:        0
HugePages_Surp:        0
Hugepagesize:       2048 kB
DirectMap4k:      180096 kB
DirectMap2M:    10174464 kB
DirectMap1G:    24117248 kB


CPU:total 8 (4 cores per cpu, 2 threads per core) family 6 model 60 stepping 3, cmov, cx8, fxsr, mmx, sse, sse2, sse3, ssse3, sse4.1, sse4.2, popcnt, avx, avx2, aes, clmul, erms, lzcnt, ht, tsc, tscinvbit, bmi1, bmi2

/proc/cpuinfo:
processor	: 0
vendor_id	: GenuineIntel
cpu family	: 6
model		: 60
model name	: Intel(R) Core(TM) i7-4790 CPU @ 3.60GHz
stepping	: 3
microcode	: 0x20
cpu MHz		: 3799.951
cache size	: 8192 KB
physical id	: 0
siblings	: 8
core id		: 0
cpu cores	: 4
apicid		: 0
initial apicid	: 0
fpu		: yes
fpu_exception	: yes
cpuid level	: 13
wp		: yes
flags		: fpu vme de pse tsc msr pae mce cx8 apic sep mtrr pge mca cmov pat pse36 clflush dts acpi mmx fxsr sse sse2 ss ht tm pbe syscall nx pdpe1gb rdtscp lm constant_tsc arch_perfmon pebs bts rep_good nopl xtopology nonstop_tsc aperfmperf eagerfpu pni pclmulqdq dtes64 monitor ds_cpl vmx smx est tm2 ssse3 sdbg fma cx16 xtpr pdcm pcid sse4_1 sse4_2 x2apic movbe popcnt tsc_deadline_timer aes xsave avx f16c rdrand lahf_lm abm epb tpr_shadow vnmi flexpriority ept vpid fsgsbase tsc_adjust bmi1 avx2 smep bmi2 erms invpcid xsaveopt dtherm ida arat pln pts
bugs		:
bogomips	: 7182.93
clflush size	: 64
cache_alignment	: 64
address sizes	: 39 bits physical, 48 bits virtual
power management:

processor	: 1
vendor_id	: GenuineIntel
cpu family	: 6
model		: 60
model name	: Intel(R) Core(TM) i7-4790 CPU @ 3.60GHz
stepping	: 3
microcode	: 0x20
cpu MHz		: 3799.951
cache size	: 8192 KB
physical id	: 0
siblings	: 8
core id		: 1
cpu cores	: 4
apicid		: 2
initial apicid	: 2
fpu		: yes
fpu_exception	: yes
cpuid level	: 13
wp		: yes
flags		: fpu vme de pse tsc msr pae mce cx8 apic sep mtrr pge mca cmov pat pse36 clflush dts acpi mmx fxsr sse sse2 ss ht tm pbe syscall nx pdpe1gb rdtscp lm constant_tsc arch_perfmon pebs bts rep_good nopl xtopology nonstop_tsc aperfmperf eagerfpu pni pclmulqdq dtes64 monitor ds_cpl vmx smx est tm2 ssse3 sdbg fma cx16 xtpr pdcm pcid sse4_1 sse4_2 x2apic movbe popcnt tsc_deadline_timer aes xsave avx f16c rdrand lahf_lm abm epb tpr_shadow vnmi flexpriority ept vpid fsgsbase tsc_adjust bmi1 avx2 smep bmi2 erms invpcid xsaveopt dtherm ida arat pln pts
bugs		:
bogomips	: 7186.21
clflush size	: 64
cache_alignment	: 64
address sizes	: 39 bits physical, 48 bits virtual
power management:

processor	: 2
vendor_id	: GenuineIntel
cpu family	: 6
model		: 60
model name	: Intel(R) Core(TM) i7-4790 CPU @ 3.60GHz
stepping	: 3
microcode	: 0x20
cpu MHz		: 3799.951
cache size	: 8192 KB
physical id	: 0
siblings	: 8
core id		: 2
cpu cores	: 4
apicid		: 4
initial apicid	: 4
fpu		: yes
fpu_exception	: yes
cpuid level	: 13
wp		: yes
flags		: fpu vme de pse tsc msr pae mce cx8 apic sep mtrr pge mca cmov pat pse36 clflush dts acpi mmx fxsr sse sse2 ss ht tm pbe syscall nx pdpe1gb rdtscp lm constant_tsc arch_perfmon pebs bts rep_good nopl xtopology nonstop_tsc aperfmperf eagerfpu pni pclmulqdq dtes64 monitor ds_cpl vmx smx est tm2 ssse3 sdbg fma cx16 xtpr pdcm pcid sse4_1 sse4_2 x2apic movbe popcnt tsc_deadline_timer aes xsave avx f16c rdrand lahf_lm abm epb tpr_shadow vnmi flexpriority ept vpid fsgsbase tsc_adjust bmi1 avx2 smep bmi2 erms invpcid xsaveopt dtherm ida arat pln pts
bugs		:
bogomips	: 7186.44
clflush size	: 64
cache_alignment	: 64
address sizes	: 39 bits physical, 48 bits virtual
power management:

processor	: 3
vendor_id	: GenuineIntel
cpu family	: 6
model		: 60
model name	: Intel(R) Core(TM) i7-4790 CPU @ 3.60GHz
stepping	: 3
microcode	: 0x20
cpu MHz		: 3799.951
cache size	: 8192 KB
physical id	: 0
siblings	: 8
core id		: 3
cpu cores	: 4
apicid		: 6
initial apicid	: 6
fpu		: yes
fpu_exception	: yes
cpuid level	: 13
wp		: yes
flags		: fpu vme de pse tsc msr pae mce cx8 apic sep mtrr pge mca cmov pat pse36 clflush dts acpi mmx fxsr sse sse2 ss ht tm pbe syscall nx pdpe1gb rdtscp lm constant_tsc arch_perfmon pebs bts rep_good nopl xtopology nonstop_tsc aperfmperf eagerfpu pni pclmulqdq dtes64 monitor ds_cpl vmx smx est tm2 ssse3 sdbg fma cx16 xtpr pdcm pcid sse4_1 sse4_2 x2apic movbe popcnt tsc_deadline_timer aes xsave avx f16c rdrand lahf_lm abm epb tpr_shadow vnmi flexpriority ept vpid fsgsbase tsc_adjust bmi1 avx2 smep bmi2 erms invpcid xsaveopt dtherm ida arat pln pts
bugs		:
bogomips	: 7186.54
clflush size	: 64
cache_alignment	: 64
address sizes	: 39 bits physical, 48 bits virtual
power management:

processor	: 4
vendor_id	: GenuineIntel
cpu family	: 6
model		: 60
model name	: Intel(R) Core(TM) i7-4790 CPU @ 3.60GHz
stepping	: 3
microcode	: 0x20
cpu MHz		: 3799.951
cache size	: 8192 KB
physical id	: 0
siblings	: 8
core id		: 0
cpu cores	: 4
apicid		: 1
initial apicid	: 1
fpu		: yes
fpu_exception	: yes
cpuid level	: 13
wp		: yes
flags		: fpu vme de pse tsc msr pae mce cx8 apic sep mtrr pge mca cmov pat pse36 clflush dts acpi mmx fxsr sse sse2 ss ht tm pbe syscall nx pdpe1gb rdtscp lm constant_tsc arch_perfmon pebs bts rep_good nopl xtopology nonstop_tsc aperfmperf eagerfpu pni pclmulqdq dtes64 monitor ds_cpl vmx smx est tm2 ssse3 sdbg fma cx16 xtpr pdcm pcid sse4_1 sse4_2 x2apic movbe popcnt tsc_deadline_timer aes xsave avx f16c rdrand lahf_lm abm epb tpr_shadow vnmi flexpriority ept vpid fsgsbase tsc_adjust bmi1 avx2 smep bmi2 erms invpcid xsaveopt dtherm ida arat pln pts
bugs		:
bogomips	: 7188.60
clflush size	: 64
cache_alignment	: 64
address sizes	: 39 bits physical, 48 bits virtual
power management:

processor	: 5
vendor_id	: GenuineIntel
cpu family	: 6
model		: 60
model name	: Intel(R) Core(TM) i7-4790 CPU @ 3.60GHz
stepping	: 3
microcode	: 0x20
cpu MHz		: 3799.951
cache size	: 8192 KB
physical id	: 0
siblings	: 8
core id		: 1
cpu cores	: 4
apicid		: 3
initial apicid	: 3
fpu		: yes
fpu_exception	: yes
cpuid level	: 13
wp		: yes
flags		: fpu vme de pse tsc msr pae mce cx8 apic sep mtrr pge mca cmov pat pse36 clflush dts acpi mmx fxsr sse sse2 ss ht tm pbe syscall nx pdpe1gb rdtscp lm constant_tsc arch_perfmon pebs bts rep_good nopl xtopology nonstop_tsc aperfmperf eagerfpu pni pclmulqdq dtes64 monitor ds_cpl vmx smx est tm2 ssse3 sdbg fma cx16 xtpr pdcm pcid sse4_1 sse4_2 x2apic movbe popcnt tsc_deadline_timer aes xsave avx f16c rdrand lahf_lm abm epb tpr_shadow vnmi flexpriority ept vpid fsgsbase tsc_adjust bmi1 avx2 smep bmi2 erms invpcid xsaveopt dtherm ida arat pln pts
bugs		:
bogomips	: 7186.95
clflush size	: 64
cache_alignment	: 64
address sizes	: 39 bits physical, 48 bits virtual
power management:

processor	: 6
vendor_id	: GenuineIntel
cpu family	: 6
model		: 60
model name	: Intel(R) Core(TM) i7-4790 CPU @ 3.60GHz
stepping	: 3
microcode	: 0x20
cpu MHz		: 3799.951
cache size	: 8192 KB
physical id	: 0
siblings	: 8
core id		: 2
cpu cores	: 4
apicid		: 5
initial apicid	: 5
fpu		: yes
fpu_exception	: yes
cpuid level	: 13
wp		: yes
flags		: fpu vme de pse tsc msr pae mce cx8 apic sep mtrr pge mca cmov pat pse36 clflush dts acpi mmx fxsr sse sse2 ss ht tm pbe syscall nx pdpe1gb rdtscp lm constant_tsc arch_perfmon pebs bts rep_good nopl xtopology nonstop_tsc aperfmperf eagerfpu pni pclmulqdq dtes64 monitor ds_cpl vmx smx est tm2 ssse3 sdbg fma cx16 xtpr pdcm pcid sse4_1 sse4_2 x2apic movbe popcnt tsc_deadline_timer aes xsave avx f16c rdrand lahf_lm abm epb tpr_shadow vnmi flexpriority ept vpid fsgsbase tsc_adjust bmi1 avx2 smep bmi2 erms invpcid xsaveopt dtherm ida arat pln pts
bugs		:
bogomips	: 7186.87
clflush size	: 64
cache_alignment	: 64
address sizes	: 39 bits physical, 48 bits virtual
power management:

processor	: 7
vendor_id	: GenuineIntel
cpu family	: 6
model		: 60
model name	: Intel(R) Core(TM) i7-4790 CPU @ 3.60GHz
stepping	: 3
microcode	: 0x20
cpu MHz		: 3799.951
cache size	: 8192 KB
physical id	: 0
siblings	: 8
core id		: 3
cpu cores	: 4
apicid		: 7
initial apicid	: 7
fpu		: yes
fpu_exception	: yes
cpuid level	: 13
wp		: yes
flags		: fpu vme de pse tsc msr pae mce cx8 apic sep mtrr pge mca cmov pat pse36 clflush dts acpi mmx fxsr sse sse2 ss ht tm pbe syscall nx pdpe1gb rdtscp lm constant_tsc arch_perfmon pebs bts rep_good nopl xtopology nonstop_tsc aperfmperf eagerfpu pni pclmulqdq dtes64 monitor ds_cpl vmx smx est tm2 ssse3 sdbg fma cx16 xtpr pdcm pcid sse4_1 sse4_2 x2apic movbe popcnt tsc_deadline_timer aes xsave avx f16c rdrand lahf_lm abm epb tpr_shadow vnmi flexpriority ept vpid fsgsbase tsc_adjust bmi1 avx2 smep bmi2 erms invpcid xsaveopt dtherm ida arat pln pts
bugs		:
bogomips	: 7186.79
clflush size	: 64
cache_alignment	: 64
address sizes	: 39 bits physical, 48 bits virtual
power management:



Memory: 4k page, physical 32816512k(22869416k free), swap 0k(0k free)

vm_info: OpenJDK 64-Bit Server VM (25.76-b03) for linux-amd64 JRE (1.8.0_76-release-b03), built on Jun 29 2016 09:39:19 by "builder" with gcc 4.8.4

time: Mon Dec 12 14:46:39 2016
elapsed time: 0 seconds (0d 0h 0m 0s)

