#
# A fatal error has been detected by the Java Runtime Environment:
#
#  SIGSEGV (0xb) at pc=0x00007ff4465ea7da, pid=7825, tid=0x00007ff447785700
#
# JRE version: OpenJDK Runtime Environment (8.0_76-b03) (build 1.8.0_76-release-b03)
# Java VM: OpenJDK 64-Bit Server VM (25.76-b03 mixed mode linux-amd64 compressed oops)
# Problematic frame:
# V  [libjvm.so+0x94a7da]  StringTable::intern(Handle, unsigned short*, int, Thread*)+0xaa
#
# Failed to write core dump. Core dumps have been disabled. To enable core dumping, try "ulimit -c unlimited" before starting Java again
#
# If you would like to submit a bug report, please visit:
#   http://bugreport.java.com/bugreport/crash.jsp
#

---------------  T H R E A D  ---------------

Current thread (0x00007ff440008800):  JavaThread "main" [_thread_in_vm, id=7831, stack(0x00007ff447685000,0x00007ff447786000)]

siginfo: si_signo: 11 (SIGSEGV), si_code: 1 (SEGV_MAPERR), si_addr: 0x0000000000d90000

Registers:
RAX=0x00007ff42e5f0b38, RBX=0x0000000000000052, RCX=0x00007ff4400078c4, RDX=0x000000000000cd65
RSP=0x00007ff447783b70, RBP=0x00007ff447783bd0, RSI=0x00000000ffffffff, RDI=0x0000000000000000
R8 =0x00007ff440007820, R9 =0x0000000000000052, R10=0x00007ff440007820, R11=0x00007ff4465816e0
R12=0x0000000000d90000, R13=0x00007ff44002c970, R14=0x000000009c9eefcd, R15=0x0000000000000001
RIP=0x00007ff4465ea7da, EFLAGS=0x0000000000010202, CSGSFS=0x002b000000000033, ERR=0x0000000000000004
  TRAPNO=0x000000000000000e

Top of Stack: (sp=0x00007ff447783b70)
0x00007ff447783b70:   0000000100000ea8 00007ff446572089
0x00007ff447783b80:   0000cd65eb6921d0 00007ff440009850
0x00007ff447783b90:   00007ff440008800 00007ff440007820
0x00007ff447783ba0:   00007ff447783bd0 00007ff440007810
0x00007ff447783bb0:   00007ff440008800 00007ff440007820
0x00007ff447783bc0:   00007ff440007de0 00007ff440009850
0x00007ff447783bd0:   00007ff447783c40 00007ff4465eab29
0x00007ff447783be0:   0000000000000001 00007ff440008800
0x00007ff447783bf0:   00000000000003d8 00007ff440007bf8
0x00007ff447783c00:   0000000000000052 00007ff446b39770
0x00007ff447783c10:   00007ff447783c20 00007ff440008800
0x00007ff447783c20:   00007ff447783c50 00007ff447783d08
0x00007ff447783c30:   00007ff4400089e0 00007ff440008800
0x00007ff447783c40:   00007ff447783c90 00007ff44630e145
0x00007ff447783c50:   00007ff446b182d0 00007ff440008800
0x00007ff447783c60:   0000000000000000 0000000100000e00
0x00007ff447783c70:   00007ff42e607750 0000000000000000
0x00007ff447783c80:   00007ff42e607750 00007ff447783d08
0x00007ff447783c90:   00007ff447783ce8 00007ff4310156d4
0x00007ff447783ca0:   00007ff447783ca0 00007ff447783ca8
0x00007ff447783cb0:   0000000000000000 00007ff447783d08
0x00007ff447783cc0:   00007ff42e6ae9b8 0000000000000000
0x00007ff447783cd0:   00007ff42e607750 0000000000000000
0x00007ff447783ce0:   00007ff447783d08 00007ff447783d58
0x00007ff447783cf0:   00007ff431007710 0000000000000000
0x00007ff447783d00:   00007ff43100f2bb 00000000eb6921b8
0x00007ff447783d10:   00000000eb6920e8 00007ff447783d18
0x00007ff447783d20:   00007ff42ea3d6f4 00007ff447783d70
0x00007ff447783d30:   00007ff42ea476a8 0000000000000000
0x00007ff447783d40:   00007ff42ea3d720 00007ff447783d08
0x00007ff447783d50:   00007ff447783d68 00007ff447783dc0
0x00007ff447783d60:   00007ff43100798d 00000000eb6920d0 

Instructions: (pc=0x00007ff4465ea7da)
0x00007ff4465ea7ba:   e4 75 19 e9 8e 00 00 00 66 0f 1f 44 00 00 49 8b
0x00007ff4465ea7ca:   4c 24 08 48 83 e1 fe 49 89 cc 74 5a 41 83 c7 01
0x00007ff4465ea7da:   45 3b 34 24 75 e8 49 8b 7c 24 10 48 8b 75 c8 89
0x00007ff4465ea7ea:   da e8 60 da cd ff 84 c0 74 d4 49 8b 44 24 10 48 

Register to memory mapping:

RAX=0x00007ff42e5f0b38 is an unknown value
RBX=0x0000000000000052 is an unknown value
RCX=0x00007ff4400078c4 is an unknown value
RDX=0x000000000000cd65 is an unknown value
RSP=0x00007ff447783b70 is pointing into the stack for thread: 0x00007ff440008800
RBP=0x00007ff447783bd0 is pointing into the stack for thread: 0x00007ff440008800
RSI=0x00000000ffffffff is an unallocated location in the heap
RDI=0x0000000000000000 is an unknown value
R8 =0x00007ff440007820 is an unknown value
R9 =0x0000000000000052 is an unknown value
R10=0x00007ff440007820 is an unknown value
R11=0x00007ff4465816e0: <offset 0x8e16e0> in /home/caitano/android-studio/jre/jre/lib/amd64/server/libjvm.so at 0x00007ff445ca0000
R12=0x0000000000d90000 is an unknown value
R13=0x00007ff44002c970 is an unknown value
R14=0x000000009c9eefcd is an unknown value
R15=0x0000000000000001 is an unknown value


Stack: [0x00007ff447685000,0x00007ff447786000],  sp=0x00007ff447783b70,  free space=1018k
Native frames: (J=compiled Java code, j=interpreted, Vv=VM code, C=native code)
V  [libjvm.so+0x94a7da]  StringTable::intern(Handle, unsigned short*, int, Thread*)+0xaa
V  [libjvm.so+0x94ab29]  StringTable::intern(oopDesc*, Thread*)+0x129
V  [libjvm.so+0x66e145]  JVM_InternString+0x65
j  java.lang.String.intern()Ljava/lang/String;+0
j  com.android.dx.rop.cst.CstString.<init>(Lcom/android/dx/util/ByteArray;)V+28
j  com.android.dx.cf.cst.ConstantPoolParser.parseUtf8(I)Lcom/android/dx/rop/cst/CstString;+31
j  com.android.dx.cf.cst.ConstantPoolParser.parse0(ILjava/util/BitSet;)Lcom/android/dx/rop/cst/Constant;+127
j  com.android.dx.cf.cst.ConstantPoolParser.parse0(ILjava/util/BitSet;)Lcom/android/dx/rop/cst/Constant;+244
j  com.android.dx.cf.cst.ConstantPoolParser.parse0(ILjava/util/BitSet;)Lcom/android/dx/rop/cst/Constant;+377
j  com.android.dx.cf.cst.ConstantPoolParser.parse()V+130
j  com.android.dx.cf.cst.ConstantPoolParser.parseIfNecessary()V+8
j  com.android.dx.cf.cst.ConstantPoolParser.getPool()Lcom/android/dx/rop/cst/StdConstantPool;+1
j  com.android.dx.cf.direct.DirectClassFile.parse0()V+302
j  com.android.dx.cf.direct.DirectClassFile.parse()V+1
j  com.android.dx.cf.direct.DirectClassFile.parseToInterfacesIfNecessary()V+9
j  com.android.dx.cf.direct.DirectClassFile.getMagic()I+1
j  com.android.dx.command.dexer.Main.parseClass(Ljava/lang/String;[B)Lcom/android/dx/cf/direct/DirectClassFile;+27
j  com.android.dx.command.dexer.Main.access$1500(Ljava/lang/String;[B)Lcom/android/dx/cf/direct/DirectClassFile;+2
j  com.android.dx.command.dexer.Main$ClassParserTask.call()Lcom/android/dx/cf/direct/DirectClassFile;+8
j  com.android.dx.command.dexer.Main.processClass(Ljava/lang/String;[B)Z+34
j  com.android.dx.command.dexer.Main.processFileBytes(Ljava/lang/String;J[B)Z+188
j  com.android.dx.command.dexer.Main.access$1200(Ljava/lang/String;J[B)Z+3
j  com.android.dx.command.dexer.Main$FileBytesConsumer.processFileBytes(Ljava/lang/String;J[B)Z+4
j  com.android.dx.cf.direct.ClassPathOpener.processArchive(Ljava/io/File;)Z+203
j  com.android.dx.cf.direct.ClassPathOpener.processOne(Ljava/io/File;Z)Z+48
j  com.android.dx.cf.direct.ClassPathOpener.process()Z+15
j  com.android.dx.command.dexer.Main.processOne(Ljava/lang/String;Lcom/android/dx/cf/direct/ClassPathOpener$FileNameFilter;)V+20
j  com.android.dx.command.dexer.Main.processAllFiles()Z+272
j  com.android.dx.command.dexer.Main.runMultiDex()I+66
j  com.android.dx.command.dexer.Main.run(Lcom/android/dx/command/dexer/Main$Arguments;)I+66
j  com.android.dx.command.dexer.Main.main([Ljava/lang/String;)V+14
j  com.android.dx.command.Main.main([Ljava/lang/String;)V+61
v  ~StubRoutines::call_stub
V  [libjvm.so+0x6257fa]  JavaCalls::call_helper(JavaValue*, methodHandle*, JavaCallArguments*, Thread*)+0xeea
V  [libjvm.so+0x635eca]  jni_invoke_static(JNIEnv_*, JavaValue*, _jobject*, JNICallType, _jmethodID*, JNI_ArgumentPusher*, Thread*) [clone .isra.200]+0x2fa
V  [libjvm.so+0x646f7e]  jni_CallStaticVoidMethod+0x16e
C  [libjli.so+0x8149]  JavaMain+0xa09
C  [libpthread.so.0+0x75ca]  start_thread+0xca

Java frames: (J=compiled Java code, j=interpreted, Vv=VM code)
j  java.lang.String.intern()Ljava/lang/String;+0
j  com.android.dx.rop.cst.CstString.<init>(Lcom/android/dx/util/ByteArray;)V+28
j  com.android.dx.cf.cst.ConstantPoolParser.parseUtf8(I)Lcom/android/dx/rop/cst/CstString;+31
j  com.android.dx.cf.cst.ConstantPoolParser.parse0(ILjava/util/BitSet;)Lcom/android/dx/rop/cst/Constant;+127
j  com.android.dx.cf.cst.ConstantPoolParser.parse0(ILjava/util/BitSet;)Lcom/android/dx/rop/cst/Constant;+244
j  com.android.dx.cf.cst.ConstantPoolParser.parse0(ILjava/util/BitSet;)Lcom/android/dx/rop/cst/Constant;+377
j  com.android.dx.cf.cst.ConstantPoolParser.parse()V+130
j  com.android.dx.cf.cst.ConstantPoolParser.parseIfNecessary()V+8
j  com.android.dx.cf.cst.ConstantPoolParser.getPool()Lcom/android/dx/rop/cst/StdConstantPool;+1
j  com.android.dx.cf.direct.DirectClassFile.parse0()V+302
j  com.android.dx.cf.direct.DirectClassFile.parse()V+1
j  com.android.dx.cf.direct.DirectClassFile.parseToInterfacesIfNecessary()V+9
j  com.android.dx.cf.direct.DirectClassFile.getMagic()I+1
j  com.android.dx.command.dexer.Main.parseClass(Ljava/lang/String;[B)Lcom/android/dx/cf/direct/DirectClassFile;+27
j  com.android.dx.command.dexer.Main.access$1500(Ljava/lang/String;[B)Lcom/android/dx/cf/direct/DirectClassFile;+2
j  com.android.dx.command.dexer.Main$ClassParserTask.call()Lcom/android/dx/cf/direct/DirectClassFile;+8
j  com.android.dx.command.dexer.Main.processClass(Ljava/lang/String;[B)Z+34
j  com.android.dx.command.dexer.Main.processFileBytes(Ljava/lang/String;J[B)Z+188
j  com.android.dx.command.dexer.Main.access$1200(Ljava/lang/String;J[B)Z+3
j  com.android.dx.command.dexer.Main$FileBytesConsumer.processFileBytes(Ljava/lang/String;J[B)Z+4
j  com.android.dx.cf.direct.ClassPathOpener.processArchive(Ljava/io/File;)Z+203
j  com.android.dx.cf.direct.ClassPathOpener.processOne(Ljava/io/File;Z)Z+48
j  com.android.dx.cf.direct.ClassPathOpener.process()Z+15
j  com.android.dx.command.dexer.Main.processOne(Ljava/lang/String;Lcom/android/dx/cf/direct/ClassPathOpener$FileNameFilter;)V+20
j  com.android.dx.command.dexer.Main.processAllFiles()Z+272
j  com.android.dx.command.dexer.Main.runMultiDex()I+66
j  com.android.dx.command.dexer.Main.run(Lcom/android/dx/command/dexer/Main$Arguments;)I+66
j  com.android.dx.command.dexer.Main.main([Ljava/lang/String;)V+14
j  com.android.dx.command.Main.main([Ljava/lang/String;)V+61
v  ~StubRoutines::call_stub

---------------  P R O C E S S  ---------------

Java Threads: ( => current thread )
  0x00007ff440149800 JavaThread "pool-2-thread-4" [_thread_new, id=7868, stack(0x0000000000000000,0x0000000000000000)]
  0x00007ff440148000 JavaThread "pool-2-thread-3" [_thread_in_vm, id=7866, stack(0x00007ff3f8f86000,0x00007ff3f9087000)]
  0x00007ff440117000 JavaThread "pool-2-thread-2" [_thread_blocked, id=7865, stack(0x00007ff3f9087000,0x00007ff3f9188000)]
  0x00007ff440138800 JavaThread "pool-3-thread-1" [_thread_blocked, id=7864, stack(0x00007ff3f9188000,0x00007ff3f9289000)]
  0x00007ff440137000 JavaThread "pool-2-thread-1" [_thread_in_Java, id=7863, stack(0x00007ff3f9289000,0x00007ff3f938a000)]
  0x00007ff4400c8800 JavaThread "Service Thread" daemon [_thread_blocked, id=7858, stack(0x00007ff3f948b000,0x00007ff3f958c000)]
  0x00007ff4400c5800 JavaThread "C1 CompilerThread3" daemon [_thread_blocked, id=7857, stack(0x00007ff3f958c000,0x00007ff3f968d000)]
  0x00007ff4400c3800 JavaThread "C2 CompilerThread2" daemon [_thread_blocked, id=7856, stack(0x00007ff42c072000,0x00007ff42c173000)]
  0x00007ff4400c2000 JavaThread "C2 CompilerThread1" daemon [_thread_blocked, id=7855, stack(0x00007ff42c173000,0x00007ff42c274000)]
  0x00007ff4400bf000 JavaThread "C2 CompilerThread0" daemon [_thread_blocked, id=7853, stack(0x00007ff42c274000,0x00007ff42c375000)]
  0x00007ff4400bd800 JavaThread "Signal Dispatcher" daemon [_thread_blocked, id=7851, stack(0x00007ff42c375000,0x00007ff42c476000)]
  0x00007ff44008b000 JavaThread "Finalizer" daemon [_thread_blocked, id=7847, stack(0x00007ff42c476000,0x00007ff42c577000)]
  0x00007ff440086000 JavaThread "Reference Handler" daemon [_thread_blocked, id=7846, stack(0x00007ff42c577000,0x00007ff42c678000)]
=>0x00007ff440008800 JavaThread "main" [_thread_in_vm, id=7831, stack(0x00007ff447685000,0x00007ff447786000)]

Other Threads:
  0x00007ff44007e800 VMThread [stack: 0x00007ff42c678000,0x00007ff42c779000] [id=7843]
  0x00007ff4400cb000 WatcherThread [stack: 0x00007ff3f938a000,0x00007ff3f948b000] [id=7860]

VM state:not at safepoint (normal execution)

VM Mutex/Monitor currently owned by a thread: None

Heap:
 PSYoungGen      total 150016K, used 23224K [0x00000000eab00000, 0x00000000f5200000, 0x0000000100000000)
  eden space 129024K, 18% used [0x00000000eab00000,0x00000000ec1ae3a8,0x00000000f2900000)
  from space 20992K, 0% used [0x00000000f3d80000,0x00000000f3d80000,0x00000000f5200000)
  to   space 20992K, 0% used [0x00000000f2900000,0x00000000f2900000,0x00000000f3d80000)
 ParOldGen       total 343040K, used 0K [0x00000000c0000000, 0x00000000d4f00000, 0x00000000eab00000)
  object space 343040K, 0% used [0x00000000c0000000,0x00000000c0000000,0x00000000d4f00000)
 Metaspace       used 4113K, capacity 5456K, committed 5760K, reserved 1056768K
  class space    used 445K, capacity 520K, committed 640K, reserved 1048576K

Card table byte_map: [0x00007ff44495f000,0x00007ff444b60000] byte_map_base: 0x00007ff44435f000

Marking Bits: (ParMarkBitMap*) 0x00007ff446b631a0
 Begin Bits: [0x00007ff42f000000, 0x00007ff430000000)
 End Bits:   [0x00007ff430000000, 0x00007ff431000000)

Polling page: 0x00007ff4477aa000

CodeCache: size=245760Kb used=1631Kb max_used=1631Kb free=244128Kb
 bounds [0x00007ff431000000, 0x00007ff431270000, 0x00007ff440000000]
 total_blobs=508 nmethods=256 adapters=167
 compilation: enabled

Compilation events (10 events):
Event: 0.276 Thread 0x00007ff4400c5800  251       3       java.lang.CharacterDataLatin1::digit (91 bytes)
Event: 0.276 Thread 0x00007ff4400c5800 nmethod 251 0x00007ff431195f50 code [0x00007ff4311960e0, 0x00007ff431196470]
Event: 0.278 Thread 0x00007ff4400c5800  252  s    3       sun.misc.URLClassPath::getLookupCache (98 bytes)
Event: 0.279 Thread 0x00007ff4400c5800 nmethod 252 0x00007ff4311965d0 code [0x00007ff431196760, 0x00007ff431196cd8]
Event: 0.279 Thread 0x00007ff4400c5800  253   !   3       java.lang.ref.Finalizer::add (41 bytes)
Event: 0.280 Thread 0x00007ff4400c5800 nmethod 253 0x00007ff431197050 code [0x00007ff4311971c0, 0x00007ff431197570]
Event: 0.281 Thread 0x00007ff4400c5800  254       3       java.lang.String::substring (56 bytes)
Event: 0.281 Thread 0x00007ff4400c5800 nmethod 254 0x00007ff431197690 code [0x00007ff431197840, 0x00007ff431197be8]
Event: 0.281 Thread 0x00007ff4400c5800  255       3       java.lang.ClassLoader::loadClass (7 bytes)
Event: 0.282 Thread 0x00007ff4400c5800 nmethod 255 0x00007ff431197d90 code [0x00007ff431197f00, 0x00007ff431198108]

GC Heap History (0 events):
No events

Deoptimization events (2 events):
Event: 0.247 Thread 0x00007ff440008800 Uncommon trap: reason=unstable_if action=reinterpret pc=0x00007ff43115c010 method=java.lang.String.indexOf(II)I @ 49
Event: 0.262 Thread 0x00007ff440137000 Uncommon trap: reason=unstable_if action=reinterpret pc=0x00007ff4311676d8 method=java.lang.String.compareTo(Ljava/lang/String;)I @ 38

Internal exceptions (2 events):
Event: 0.017 Thread 0x00007ff440008800 Exception <a 'java/lang/NoSuchMethodError': Method sun.misc.Unsafe.defineClass(Ljava/lang/String;[BII)Ljava/lang/Class; name or signature does not match> (0x00000000eab07cc0) thrown at [/ssd/Android/AOSP-openjdk/external/jetbrains/jdk/hotspot/src/share/vm
Event: 0.017 Thread 0x00007ff440008800 Exception <a 'java/lang/NoSuchMethodError': Method sun.misc.Unsafe.prefetchRead(Ljava/lang/Object;J)V name or signature does not match> (0x00000000eab07fa8) thrown at [/ssd/Android/AOSP-openjdk/external/jetbrains/jdk/hotspot/src/share/vm/prims/jni.cpp, li

Events (10 events):
Event: 0.279 loading class com/android/dx/cf/code/ByteBlockList done
Event: 0.280 loading class com/android/dx/util/LabeledList
Event: 0.280 loading class com/android/dx/util/LabeledList done
Event: 0.280 loading class com/android/dx/cf/code/RopperMachine
Event: 0.280 loading class com/android/dx/cf/code/RopperMachine done
Event: 0.281 loading class com/android/dx/cf/code/ValueAwareMachine
Event: 0.281 loading class com/android/dx/cf/code/ValueAwareMachine done
Event: 0.281 loading class com/android/dx/cf/code/BaseMachine
Event: 0.281 loading class com/android/dx/cf/code/BaseMachine done
Event: 0.282 Thread 0x00007ff440149800 Thread added: 0x00007ff440149800


Dynamic libraries:
00400000-00401000 r-xp 00000000 08:01 37487725                           /home/caitano/android-studio/jre/bin/java
00600000-00601000 r--p 00000000 08:01 37487725                           /home/caitano/android-studio/jre/bin/java
00601000-00602000 rw-p 00001000 08:01 37487725                           /home/caitano/android-studio/jre/bin/java
01274000-01295000 rw-p 00000000 00:00 0                                  [heap]
c0000000-d4f00000 rw-p 00000000 00:00 0 
d4f00000-eab00000 ---p 00000000 00:00 0 
eab00000-f5200000 rw-p 00000000 00:00 0 
f5200000-100000000 ---p 00000000 00:00 0 
100000000-1000a0000 rw-p 00000000 00:00 0 
1000a0000-140000000 ---p 00000000 00:00 0 
7ff3cc000000-7ff3cc021000 rw-p 00000000 00:00 0 
7ff3cc021000-7ff3d0000000 ---p 00000000 00:00 0 
7ff3d0000000-7ff3d0021000 rw-p 00000000 00:00 0 
7ff3d0021000-7ff3d4000000 ---p 00000000 00:00 0 
7ff3d4000000-7ff3d4021000 rw-p 00000000 00:00 0 
7ff3d4021000-7ff3d8000000 ---p 00000000 00:00 0 
7ff3d8000000-7ff3d8021000 rw-p 00000000 00:00 0 
7ff3d8021000-7ff3dc000000 ---p 00000000 00:00 0 
7ff3dc000000-7ff3dc021000 rw-p 00000000 00:00 0 
7ff3dc021000-7ff3e0000000 ---p 00000000 00:00 0 
7ff3e0000000-7ff3e0021000 rw-p 00000000 00:00 0 
7ff3e0021000-7ff3e4000000 ---p 00000000 00:00 0 
7ff3e4000000-7ff3e4038000 rw-p 00000000 00:00 0 
7ff3e4038000-7ff3e8000000 ---p 00000000 00:00 0 
7ff3e8000000-7ff3e8228000 rw-p 00000000 00:00 0 
7ff3e8228000-7ff3ec000000 ---p 00000000 00:00 0 
7ff3ec000000-7ff3ec10b000 rw-p 00000000 00:00 0 
7ff3ec10b000-7ff3f0000000 ---p 00000000 00:00 0 
7ff3f0000000-7ff3f006c000 rw-p 00000000 00:00 0 
7ff3f006c000-7ff3f4000000 ---p 00000000 00:00 0 
7ff3f4000000-7ff3f4021000 rw-p 00000000 00:00 0 
7ff3f4021000-7ff3f8000000 ---p 00000000 00:00 0 
7ff3f8e85000-7ff3f8f86000 rw-p 00000000 00:00 0 
7ff3f8f86000-7ff3f8f89000 ---p 00000000 00:00 0 
7ff3f8f89000-7ff3f9087000 rw-p 00000000 00:00 0 
7ff3f9087000-7ff3f908a000 ---p 00000000 00:00 0 
7ff3f908a000-7ff3f9188000 rw-p 00000000 00:00 0 
7ff3f9188000-7ff3f918b000 ---p 00000000 00:00 0 
7ff3f918b000-7ff3f9289000 rw-p 00000000 00:00 0 
7ff3f9289000-7ff3f928c000 ---p 00000000 00:00 0 
7ff3f928c000-7ff3f938a000 rw-p 00000000 00:00 0 
7ff3f938a000-7ff3f938b000 ---p 00000000 00:00 0 
7ff3f938b000-7ff3f948b000 rw-p 00000000 00:00 0 
7ff3f948b000-7ff3f948e000 ---p 00000000 00:00 0 
7ff3f948e000-7ff3f958c000 rw-p 00000000 00:00 0 
7ff3f958c000-7ff3f958f000 ---p 00000000 00:00 0 
7ff3f958f000-7ff3f968d000 rw-p 00000000 00:00 0 
7ff3f968d000-7ff400000000 r--p 00000000 08:02 1579773                    /usr/lib/locale/locale-archive
7ff400000000-7ff400021000 rw-p 00000000 00:00 0 
7ff400021000-7ff404000000 ---p 00000000 00:00 0 
7ff404000000-7ff404021000 rw-p 00000000 00:00 0 
7ff404021000-7ff408000000 ---p 00000000 00:00 0 
7ff408000000-7ff408021000 rw-p 00000000 00:00 0 
7ff408021000-7ff40c000000 ---p 00000000 00:00 0 
7ff40c000000-7ff40c021000 rw-p 00000000 00:00 0 
7ff40c021000-7ff410000000 ---p 00000000 00:00 0 
7ff410000000-7ff410021000 rw-p 00000000 00:00 0 
7ff410021000-7ff414000000 ---p 00000000 00:00 0 
7ff414000000-7ff414021000 rw-p 00000000 00:00 0 
7ff414021000-7ff418000000 ---p 00000000 00:00 0 
7ff418000000-7ff418021000 rw-p 00000000 00:00 0 
7ff418021000-7ff41c000000 ---p 00000000 00:00 0 
7ff41c000000-7ff41c021000 rw-p 00000000 00:00 0 
7ff41c021000-7ff420000000 ---p 00000000 00:00 0 
7ff420000000-7ff420021000 rw-p 00000000 00:00 0 
7ff420021000-7ff424000000 ---p 00000000 00:00 0 
7ff424000000-7ff424021000 rw-p 00000000 00:00 0 
7ff424021000-7ff428000000 ---p 00000000 00:00 0 
7ff428000000-7ff428021000 rw-p 00000000 00:00 0 
7ff428021000-7ff42c000000 ---p 00000000 00:00 0 
7ff42c055000-7ff42c064000 r--s 0006e000 08:01 19137316                   /home/caitano/AndroidStudioProjects/nutrition_app/app/build/intermediates/exploded-aar/com.android.support/support-compat/25.0.0/jars/classes.jar
7ff42c064000-7ff42c072000 r--s 000e0000 08:01 22164268                   /home/caitano/Android/Sdk/build-tools/24.0.2/lib/dx.jar
7ff42c072000-7ff42c075000 ---p 00000000 00:00 0 
7ff42c075000-7ff42c173000 rw-p 00000000 00:00 0 
7ff42c173000-7ff42c176000 ---p 00000000 00:00 0 
7ff42c176000-7ff42c274000 rw-p 00000000 00:00 0 
7ff42c274000-7ff42c277000 ---p 00000000 00:00 0 
7ff42c277000-7ff42c375000 rw-p 00000000 00:00 0 
7ff42c375000-7ff42c378000 ---p 00000000 00:00 0 
7ff42c378000-7ff42c476000 rw-p 00000000 00:00 0 
7ff42c476000-7ff42c479000 ---p 00000000 00:00 0 
7ff42c479000-7ff42c577000 rw-p 00000000 00:00 0 
7ff42c577000-7ff42c57a000 ---p 00000000 00:00 0 
7ff42c57a000-7ff42c678000 rw-p 00000000 00:00 0 
7ff42c678000-7ff42c679000 ---p 00000000 00:00 0 
7ff42c679000-7ff42e3bd000 rw-p 00000000 00:00 0 
7ff42e3bd000-7ff42e58a000 r--s 03bec000 08:01 37487781                   /home/caitano/android-studio/jre/jre/lib/rt.jar
7ff42e58a000-7ff42eb00000 rw-p 00000000 00:00 0 
7ff42eb00000-7ff42ee00000 ---p 00000000 00:00 0 
7ff42ee00000-7ff431000000 rw-p 00000000 00:00 0 
7ff431000000-7ff431270000 rwxp 00000000 00:00 0 
7ff431270000-7ff440000000 ---p 00000000 00:00 0 
7ff440000000-7ff4403da000 rw-p 00000000 00:00 0 
7ff4403da000-7ff444000000 ---p 00000000 00:00 0 
7ff444001000-7ff444002000 ---p 00000000 00:00 0 
7ff444002000-7ff444102000 rw-p 00000000 00:00 0 
7ff444102000-7ff444103000 ---p 00000000 00:00 0 
7ff444103000-7ff444203000 rw-p 00000000 00:00 0 
7ff444203000-7ff444204000 ---p 00000000 00:00 0 
7ff444204000-7ff444304000 rw-p 00000000 00:00 0 
7ff444304000-7ff444305000 ---p 00000000 00:00 0 
7ff444305000-7ff444405000 rw-p 00000000 00:00 0 
7ff444405000-7ff444406000 ---p 00000000 00:00 0 
7ff444406000-7ff444506000 rw-p 00000000 00:00 0 
7ff444506000-7ff444507000 ---p 00000000 00:00 0 
7ff444507000-7ff444607000 rw-p 00000000 00:00 0 
7ff444607000-7ff444608000 ---p 00000000 00:00 0 
7ff444608000-7ff444708000 rw-p 00000000 00:00 0 
7ff444708000-7ff444709000 ---p 00000000 00:00 0 
7ff444709000-7ff4448b1000 rw-p 00000000 00:00 0 
7ff4448b1000-7ff44495f000 ---p 00000000 00:00 0 
7ff44495f000-7ff444a07000 rw-p 00000000 00:00 0 
7ff444a07000-7ff444ab4000 ---p 00000000 00:00 0 
7ff444ab4000-7ff444b08000 rw-p 00000000 00:00 0 
7ff444b08000-7ff444b5f000 ---p 00000000 00:00 0 
7ff444b5f000-7ff444b6a000 rw-p 00000000 00:00 0 
7ff444b6a000-7ff444f20000 ---p 00000000 00:00 0 
7ff444f20000-7ff444f3a000 r-xp 00000000 08:01 37487808                   /home/caitano/android-studio/jre/jre/lib/amd64/libzip.so
7ff444f3a000-7ff44513a000 ---p 0001a000 08:01 37487808                   /home/caitano/android-studio/jre/jre/lib/amd64/libzip.so
7ff44513a000-7ff44513b000 r--p 0001a000 08:01 37487808                   /home/caitano/android-studio/jre/jre/lib/amd64/libzip.so
7ff44513b000-7ff44513c000 rw-p 0001b000 08:01 37487808                   /home/caitano/android-studio/jre/jre/lib/amd64/libzip.so
7ff44513c000-7ff445147000 r-xp 00000000 08:02 1584032                    /usr/lib64/libnss_files-2.23.so
7ff445147000-7ff445346000 ---p 0000b000 08:02 1584032                    /usr/lib64/libnss_files-2.23.so
7ff445346000-7ff445347000 r--p 0000a000 08:02 1584032                    /usr/lib64/libnss_files-2.23.so
7ff445347000-7ff445348000 rw-p 0000b000 08:02 1584032                    /usr/lib64/libnss_files-2.23.so
7ff445348000-7ff44534e000 rw-p 00000000 00:00 0 
7ff44534e000-7ff44537b000 r-xp 00000000 08:01 37487818                   /home/caitano/android-studio/jre/jre/lib/amd64/libjava.so
7ff44537b000-7ff44557a000 ---p 0002d000 08:01 37487818                   /home/caitano/android-studio/jre/jre/lib/amd64/libjava.so
7ff44557a000-7ff44557b000 r--p 0002c000 08:01 37487818                   /home/caitano/android-studio/jre/jre/lib/amd64/libjava.so
7ff44557b000-7ff44557d000 rw-p 0002d000 08:01 37487818                   /home/caitano/android-studio/jre/jre/lib/amd64/libjava.so
7ff44557d000-7ff44558d000 r-xp 00000000 08:01 37487834                   /home/caitano/android-studio/jre/jre/lib/amd64/libverify.so
7ff44558d000-7ff44578c000 ---p 00010000 08:01 37487834                   /home/caitano/android-studio/jre/jre/lib/amd64/libverify.so
7ff44578c000-7ff44578e000 r--p 0000f000 08:01 37487834                   /home/caitano/android-studio/jre/jre/lib/amd64/libverify.so
7ff44578e000-7ff44578f000 rw-p 00011000 08:01 37487834                   /home/caitano/android-studio/jre/jre/lib/amd64/libverify.so
7ff44578f000-7ff445796000 r-xp 00000000 08:02 1584140                    /usr/lib64/librt-2.23.so
7ff445796000-7ff445995000 ---p 00007000 08:02 1584140                    /usr/lib64/librt-2.23.so
7ff445995000-7ff445996000 r--p 00006000 08:02 1584140                    /usr/lib64/librt-2.23.so
7ff445996000-7ff445997000 rw-p 00007000 08:02 1584140                    /usr/lib64/librt-2.23.so
7ff445997000-7ff445a9f000 r-xp 00000000 08:02 1583634                    /usr/lib64/libm-2.23.so
7ff445a9f000-7ff445c9e000 ---p 00108000 08:02 1583634                    /usr/lib64/libm-2.23.so
7ff445c9e000-7ff445c9f000 r--p 00107000 08:02 1583634                    /usr/lib64/libm-2.23.so
7ff445c9f000-7ff445ca0000 rw-p 00108000 08:02 1583634                    /usr/lib64/libm-2.23.so
7ff445ca0000-7ff446886000 r-xp 00000000 08:01 37487838                   /home/caitano/android-studio/jre/jre/lib/amd64/server/libjvm.so
7ff446886000-7ff446a86000 ---p 00be6000 08:01 37487838                   /home/caitano/android-studio/jre/jre/lib/amd64/server/libjvm.so
7ff446a86000-7ff446b25000 r--p 00be6000 08:01 37487838                   /home/caitano/android-studio/jre/jre/lib/amd64/server/libjvm.so
7ff446b25000-7ff446b4e000 rw-p 00c85000 08:01 37487838                   /home/caitano/android-studio/jre/jre/lib/amd64/server/libjvm.so
7ff446b4e000-7ff446b90000 rw-p 00000000 00:00 0 
7ff446b90000-7ff446ba7000 r-xp 00000000 08:02 1584040                    /usr/lib64/libpthread-2.23.so
7ff446ba7000-7ff446da6000 ---p 00017000 08:02 1584040                    /usr/lib64/libpthread-2.23.so
7ff446da6000-7ff446da7000 r--p 00016000 08:02 1584040                    /usr/lib64/libpthread-2.23.so
7ff446da7000-7ff446da8000 rw-p 00017000 08:02 1584040                    /usr/lib64/libpthread-2.23.so
7ff446da8000-7ff446dac000 rw-p 00000000 00:00 0 
7ff446dac000-7ff446daf000 r-xp 00000000 08:02 1583610                    /usr/lib64/libdl-2.23.so
7ff446daf000-7ff446fae000 ---p 00003000 08:02 1583610                    /usr/lib64/libdl-2.23.so
7ff446fae000-7ff446faf000 r--p 00002000 08:02 1583610                    /usr/lib64/libdl-2.23.so
7ff446faf000-7ff446fb0000 rw-p 00003000 08:02 1583610                    /usr/lib64/libdl-2.23.so
7ff446fb0000-7ff447169000 r-xp 00000000 08:02 1583483                    /usr/lib64/libc-2.23.so
7ff447169000-7ff447368000 ---p 001b9000 08:02 1583483                    /usr/lib64/libc-2.23.so
7ff447368000-7ff44736c000 r--p 001b8000 08:02 1583483                    /usr/lib64/libc-2.23.so
7ff44736c000-7ff44736e000 rw-p 001bc000 08:02 1583483                    /usr/lib64/libc-2.23.so
7ff44736e000-7ff447372000 rw-p 00000000 00:00 0 
7ff447372000-7ff447388000 r-xp 00000000 08:01 37487699                   /home/caitano/android-studio/jre/lib/amd64/jli/libjli.so
7ff447388000-7ff447587000 ---p 00016000 08:01 37487699                   /home/caitano/android-studio/jre/lib/amd64/jli/libjli.so
7ff447587000-7ff447588000 r--p 00015000 08:01 37487699                   /home/caitano/android-studio/jre/lib/amd64/jli/libjli.so
7ff447588000-7ff447589000 rw-p 00016000 08:01 37487699                   /home/caitano/android-studio/jre/lib/amd64/jli/libjli.so
7ff447589000-7ff4475ad000 r-xp 00000000 08:02 1586592                    /usr/lib64/ld-2.23.so
7ff4475b5000-7ff447685000 rw-p 00000000 00:00 0 
7ff447685000-7ff447688000 ---p 00000000 00:00 0 
7ff447688000-7ff44778a000 rw-p 00000000 00:00 0 
7ff44778d000-7ff4477a1000 rw-p 00000000 00:00 0 
7ff4477a1000-7ff4477a9000 rw-s 00000000 00:26 161076                     /tmp/hsperfdata_caitano/7825
7ff4477a9000-7ff4477aa000 rw-p 00000000 00:00 0 
7ff4477aa000-7ff4477ab000 r--p 00000000 00:00 0 
7ff4477ab000-7ff4477ac000 rw-p 00000000 00:00 0 
7ff4477ac000-7ff4477ad000 r--p 00023000 08:02 1586592                    /usr/lib64/ld-2.23.so
7ff4477ad000-7ff4477ae000 rw-p 00024000 08:02 1586592                    /usr/lib64/ld-2.23.so
7ff4477ae000-7ff4477af000 rw-p 00000000 00:00 0 
7fff96513000-7fff96534000 rw-p 00000000 00:00 0                          [stack]
7fff96554000-7fff96556000 r--p 00000000 00:00 0                          [vvar]
7fff96556000-7fff96558000 r-xp 00000000 00:00 0                          [vdso]
ffffffffff600000-ffffffffff601000 r-xp 00000000 00:00 0                  [vsyscall]

VM Arguments:
jvm_args: -Djava.awt.headless=true -Xmx1024M -Dfile.encoding=UTF-8 -Duser.country=US -Duser.language=en -Duser.variant 
java_command: com.android.dx.command.Main --dex --force-jumbo --num-threads=4 --multi-dex --output /home/caitano/AndroidStudioProjects/nutrition_app/app/build/intermediates/transforms/dex/debug/folders/1000/10/com.android.support-support-compat-25.0.0_2589d5c6f407f7e97fe8af9d2446ba8ba2cb97e3 /home/caitano/AndroidStudioProjects/nutrition_app/app/build/intermediates/exploded-aar/com.android.support/support-compat/25.0.0/jars/classes.jar
java_class_path (initial): /home/caitano/Android/Sdk/build-tools/24.0.2/lib/dx.jar
Launcher Type: SUN_STANDARD

Environment Variables:
JAVA_HOME=/usr/java/jdk1.8.0_102
PATH=/usr/lib64/qt-3.3/bin:/usr/java/latest/bin:/usr/local/bin:/usr/local/sbin:/usr/bin:/usr/sbin:/opt/node-v4.4.7-linux-x64/bin:/home/caitano/WebStorm-145.597.6/bin:/home/caitano/android-studio/bin:/home/caitano/.local/bin:/home/caitano/bin
USERNAME=caitano
LD_LIBRARY_PATH=/home/caitano/android-studio/bin:
SHELL=/bin/bash
DISPLAY=:0

Signal Handlers:
SIGSEGV: [libjvm.so+0x9daac0], sa_mask[0]=11111111011111111101111111111110, sa_flags=SA_RESTART|SA_SIGINFO
SIGBUS: [libjvm.so+0x9daac0], sa_mask[0]=11111111011111111101111111111110, sa_flags=SA_RESTART|SA_SIGINFO
SIGFPE: [libjvm.so+0x840d90], sa_mask[0]=11111111011111111101111111111110, sa_flags=SA_RESTART|SA_SIGINFO
SIGPIPE: [libjvm.so+0x840d90], sa_mask[0]=11111111011111111101111111111110, sa_flags=SA_RESTART|SA_SIGINFO
SIGXFSZ: [libjvm.so+0x840d90], sa_mask[0]=11111111011111111101111111111110, sa_flags=SA_RESTART|SA_SIGINFO
SIGILL: [libjvm.so+0x840d90], sa_mask[0]=11111111011111111101111111111110, sa_flags=SA_RESTART|SA_SIGINFO
SIGUSR1: SIG_DFL, sa_mask[0]=00000000000000000000000000000000, sa_flags=none
SIGUSR2: [libjvm.so+0x840c60], sa_mask[0]=00100000000000000000000000000000, sa_flags=SA_RESTART|SA_SIGINFO
SIGHUP: [libjvm.so+0x840e50], sa_mask[0]=11111111011111111101111111111110, sa_flags=SA_RESTART|SA_SIGINFO
SIGINT: [libjvm.so+0x840e50], sa_mask[0]=11111111011111111101111111111110, sa_flags=SA_RESTART|SA_SIGINFO
SIGTERM: [libjvm.so+0x840e50], sa_mask[0]=11111111011111111101111111111110, sa_flags=SA_RESTART|SA_SIGINFO
SIGQUIT: [libjvm.so+0x840e50], sa_mask[0]=11111111011111111101111111111110, sa_flags=SA_RESTART|SA_SIGINFO


---------------  S Y S T E M  ---------------

OS:Fedora release 24 (Twenty Four)

uname:Linux 4.7.4-200.fc24.x86_64 #1 SMP Thu Sep 15 18:42:09 UTC 2016 x86_64
libc:glibc 2.23 NPTL 2.23 
rlimit: STACK 8192k, CORE 0k, NPROC 128111, NOFILE 4096, AS infinity
load average:5.19 1.94 1.33

/proc/meminfo:
MemTotal:       32816512 kB
MemFree:        22662564 kB
MemAvailable:   25379180 kB
Buffers:          582004 kB
Cached:          3545412 kB
SwapCached:            0 kB
Active:          6458916 kB
Inactive:        3041880 kB
Active(anon):    5375112 kB
Inactive(anon):  1304800 kB
Active(file):    1083804 kB
Inactive(file):  1737080 kB
Unevictable:         100 kB
Mlocked:             100 kB
SwapTotal:             0 kB
SwapFree:              0 kB
Dirty:              5788 kB
Writeback:             0 kB
AnonPages:       5373580 kB
Mapped:           964884 kB
Shmem:           1306540 kB
Slab:             447972 kB
SReclaimable:     360156 kB
SUnreclaim:        87816 kB
KernelStack:       16928 kB
PageTables:        65148 kB
NFS_Unstable:          0 kB
Bounce:                0 kB
WritebackTmp:          0 kB
CommitLimit:    16408256 kB
Committed_AS:   15206832 kB
VmallocTotal:   34359738367 kB
VmallocUsed:           0 kB
VmallocChunk:          0 kB
HardwareCorrupted:     0 kB
AnonHugePages:         0 kB
CmaTotal:              0 kB
CmaFree:               0 kB
HugePages_Total:       0
HugePages_Free:        0
HugePages_Rsvd:        0
HugePages_Surp:        0
Hugepagesize:       2048 kB
DirectMap4k:      180096 kB
DirectMap2M:    10174464 kB
DirectMap1G:    24117248 kB


CPU:total 8 (4 cores per cpu, 2 threads per core) family 6 model 60 stepping 3, cmov, cx8, fxsr, mmx, sse, sse2, sse3, ssse3, sse4.1, sse4.2, popcnt, avx, avx2, aes, clmul, erms, lzcnt, ht, tsc, tscinvbit, bmi1, bmi2

/proc/cpuinfo:
processor	: 0
vendor_id	: GenuineIntel
cpu family	: 6
model		: 60
model name	: Intel(R) Core(TM) i7-4790 CPU @ 3.60GHz
stepping	: 3
microcode	: 0x20
cpu MHz		: 3799.951
cache size	: 8192 KB
physical id	: 0
siblings	: 8
core id		: 0
cpu cores	: 4
apicid		: 0
initial apicid	: 0
fpu		: yes
fpu_exception	: yes
cpuid level	: 13
wp		: yes
flags		: fpu vme de pse tsc msr pae mce cx8 apic sep mtrr pge mca cmov pat pse36 clflush dts acpi mmx fxsr sse sse2 ss ht tm pbe syscall nx pdpe1gb rdtscp lm constant_tsc arch_perfmon pebs bts rep_good nopl xtopology nonstop_tsc aperfmperf eagerfpu pni pclmulqdq dtes64 monitor ds_cpl vmx smx est tm2 ssse3 sdbg fma cx16 xtpr pdcm pcid sse4_1 sse4_2 x2apic movbe popcnt tsc_deadline_timer aes xsave avx f16c rdrand lahf_lm abm epb tpr_shadow vnmi flexpriority ept vpid fsgsbase tsc_adjust bmi1 avx2 smep bmi2 erms invpcid xsaveopt dtherm ida arat pln pts
bugs		:
bogomips	: 7182.93
clflush size	: 64
cache_alignment	: 64
address sizes	: 39 bits physical, 48 bits virtual
power management:

processor	: 1
vendor_id	: GenuineIntel
cpu family	: 6
model		: 60
model name	: Intel(R) Core(TM) i7-4790 CPU @ 3.60GHz
stepping	: 3
microcode	: 0x20
cpu MHz		: 3799.951
cache size	: 8192 KB
physical id	: 0
siblings	: 8
core id		: 1
cpu cores	: 4
apicid		: 2
initial apicid	: 2
fpu		: yes
fpu_exception	: yes
cpuid level	: 13
wp		: yes
flags		: fpu vme de pse tsc msr pae mce cx8 apic sep mtrr pge mca cmov pat pse36 clflush dts acpi mmx fxsr sse sse2 ss ht tm pbe syscall nx pdpe1gb rdtscp lm constant_tsc arch_perfmon pebs bts rep_good nopl xtopology nonstop_tsc aperfmperf eagerfpu pni pclmulqdq dtes64 monitor ds_cpl vmx smx est tm2 ssse3 sdbg fma cx16 xtpr pdcm pcid sse4_1 sse4_2 x2apic movbe popcnt tsc_deadline_timer aes xsave avx f16c rdrand lahf_lm abm epb tpr_shadow vnmi flexpriority ept vpid fsgsbase tsc_adjust bmi1 avx2 smep bmi2 erms invpcid xsaveopt dtherm ida arat pln pts
bugs		:
bogomips	: 7186.21
clflush size	: 64
cache_alignment	: 64
address sizes	: 39 bits physical, 48 bits virtual
power management:

processor	: 2
vendor_id	: GenuineIntel
cpu family	: 6
model		: 60
model name	: Intel(R) Core(TM) i7-4790 CPU @ 3.60GHz
stepping	: 3
microcode	: 0x20
cpu MHz		: 3799.951
cache size	: 8192 KB
physical id	: 0
siblings	: 8
core id		: 2
cpu cores	: 4
apicid		: 4
initial apicid	: 4
fpu		: yes
fpu_exception	: yes
cpuid level	: 13
wp		: yes
flags		: fpu vme de pse tsc msr pae mce cx8 apic sep mtrr pge mca cmov pat pse36 clflush dts acpi mmx fxsr sse sse2 ss ht tm pbe syscall nx pdpe1gb rdtscp lm constant_tsc arch_perfmon pebs bts rep_good nopl xtopology nonstop_tsc aperfmperf eagerfpu pni pclmulqdq dtes64 monitor ds_cpl vmx smx est tm2 ssse3 sdbg fma cx16 xtpr pdcm pcid sse4_1 sse4_2 x2apic movbe popcnt tsc_deadline_timer aes xsave avx f16c rdrand lahf_lm abm epb tpr_shadow vnmi flexpriority ept vpid fsgsbase tsc_adjust bmi1 avx2 smep bmi2 erms invpcid xsaveopt dtherm ida arat pln pts
bugs		:
bogomips	: 7186.44
clflush size	: 64
cache_alignment	: 64
address sizes	: 39 bits physical, 48 bits virtual
power management:

processor	: 3
vendor_id	: GenuineIntel
cpu family	: 6
model		: 60
model name	: Intel(R) Core(TM) i7-4790 CPU @ 3.60GHz
stepping	: 3
microcode	: 0x20
cpu MHz		: 3799.951
cache size	: 8192 KB
physical id	: 0
siblings	: 8
core id		: 3
cpu cores	: 4
apicid		: 6
initial apicid	: 6
fpu		: yes
fpu_exception	: yes
cpuid level	: 13
wp		: yes
flags		: fpu vme de pse tsc msr pae mce cx8 apic sep mtrr pge mca cmov pat pse36 clflush dts acpi mmx fxsr sse sse2 ss ht tm pbe syscall nx pdpe1gb rdtscp lm constant_tsc arch_perfmon pebs bts rep_good nopl xtopology nonstop_tsc aperfmperf eagerfpu pni pclmulqdq dtes64 monitor ds_cpl vmx smx est tm2 ssse3 sdbg fma cx16 xtpr pdcm pcid sse4_1 sse4_2 x2apic movbe popcnt tsc_deadline_timer aes xsave avx f16c rdrand lahf_lm abm epb tpr_shadow vnmi flexpriority ept vpid fsgsbase tsc_adjust bmi1 avx2 smep bmi2 erms invpcid xsaveopt dtherm ida arat pln pts
bugs		:
bogomips	: 7186.54
clflush size	: 64
cache_alignment	: 64
address sizes	: 39 bits physical, 48 bits virtual
power management:

processor	: 4
vendor_id	: GenuineIntel
cpu family	: 6
model		: 60
model name	: Intel(R) Core(TM) i7-4790 CPU @ 3.60GHz
stepping	: 3
microcode	: 0x20
cpu MHz		: 3799.951
cache size	: 8192 KB
physical id	: 0
siblings	: 8
core id		: 0
cpu cores	: 4
apicid		: 1
initial apicid	: 1
fpu		: yes
fpu_exception	: yes
cpuid level	: 13
wp		: yes
flags		: fpu vme de pse tsc msr pae mce cx8 apic sep mtrr pge mca cmov pat pse36 clflush dts acpi mmx fxsr sse sse2 ss ht tm pbe syscall nx pdpe1gb rdtscp lm constant_tsc arch_perfmon pebs bts rep_good nopl xtopology nonstop_tsc aperfmperf eagerfpu pni pclmulqdq dtes64 monitor ds_cpl vmx smx est tm2 ssse3 sdbg fma cx16 xtpr pdcm pcid sse4_1 sse4_2 x2apic movbe popcnt tsc_deadline_timer aes xsave avx f16c rdrand lahf_lm abm epb tpr_shadow vnmi flexpriority ept vpid fsgsbase tsc_adjust bmi1 avx2 smep bmi2 erms invpcid xsaveopt dtherm ida arat pln pts
bugs		:
bogomips	: 7188.60
clflush size	: 64
cache_alignment	: 64
address sizes	: 39 bits physical, 48 bits virtual
power management:

processor	: 5
vendor_id	: GenuineIntel
cpu family	: 6
model		: 60
model name	: Intel(R) Core(TM) i7-4790 CPU @ 3.60GHz
stepping	: 3
microcode	: 0x20
cpu MHz		: 3799.951
cache size	: 8192 KB
physical id	: 0
siblings	: 8
core id		: 1
cpu cores	: 4
apicid		: 3
initial apicid	: 3
fpu		: yes
fpu_exception	: yes
cpuid level	: 13
wp		: yes
flags		: fpu vme de pse tsc msr pae mce cx8 apic sep mtrr pge mca cmov pat pse36 clflush dts acpi mmx fxsr sse sse2 ss ht tm pbe syscall nx pdpe1gb rdtscp lm constant_tsc arch_perfmon pebs bts rep_good nopl xtopology nonstop_tsc aperfmperf eagerfpu pni pclmulqdq dtes64 monitor ds_cpl vmx smx est tm2 ssse3 sdbg fma cx16 xtpr pdcm pcid sse4_1 sse4_2 x2apic movbe popcnt tsc_deadline_timer aes xsave avx f16c rdrand lahf_lm abm epb tpr_shadow vnmi flexpriority ept vpid fsgsbase tsc_adjust bmi1 avx2 smep bmi2 erms invpcid xsaveopt dtherm ida arat pln pts
bugs		:
bogomips	: 7186.95
clflush size	: 64
cache_alignment	: 64
address sizes	: 39 bits physical, 48 bits virtual
power management:

processor	: 6
vendor_id	: GenuineIntel
cpu family	: 6
model		: 60
model name	: Intel(R) Core(TM) i7-4790 CPU @ 3.60GHz
stepping	: 3
microcode	: 0x20
cpu MHz		: 3799.951
cache size	: 8192 KB
physical id	: 0
siblings	: 8
core id		: 2
cpu cores	: 4
apicid		: 5
initial apicid	: 5
fpu		: yes
fpu_exception	: yes
cpuid level	: 13
wp		: yes
flags		: fpu vme de pse tsc msr pae mce cx8 apic sep mtrr pge mca cmov pat pse36 clflush dts acpi mmx fxsr sse sse2 ss ht tm pbe syscall nx pdpe1gb rdtscp lm constant_tsc arch_perfmon pebs bts rep_good nopl xtopology nonstop_tsc aperfmperf eagerfpu pni pclmulqdq dtes64 monitor ds_cpl vmx smx est tm2 ssse3 sdbg fma cx16 xtpr pdcm pcid sse4_1 sse4_2 x2apic movbe popcnt tsc_deadline_timer aes xsave avx f16c rdrand lahf_lm abm epb tpr_shadow vnmi flexpriority ept vpid fsgsbase tsc_adjust bmi1 avx2 smep bmi2 erms invpcid xsaveopt dtherm ida arat pln pts
bugs		:
bogomips	: 7186.87
clflush size	: 64
cache_alignment	: 64
address sizes	: 39 bits physical, 48 bits virtual
power management:

processor	: 7
vendor_id	: GenuineIntel
cpu family	: 6
model		: 60
model name	: Intel(R) Core(TM) i7-4790 CPU @ 3.60GHz
stepping	: 3
microcode	: 0x20
cpu MHz		: 3799.951
cache size	: 8192 KB
physical id	: 0
siblings	: 8
core id		: 3
cpu cores	: 4
apicid		: 7
initial apicid	: 7
fpu		: yes
fpu_exception	: yes
cpuid level	: 13
wp		: yes
flags		: fpu vme de pse tsc msr pae mce cx8 apic sep mtrr pge mca cmov pat pse36 clflush dts acpi mmx fxsr sse sse2 ss ht tm pbe syscall nx pdpe1gb rdtscp lm constant_tsc arch_perfmon pebs bts rep_good nopl xtopology nonstop_tsc aperfmperf eagerfpu pni pclmulqdq dtes64 monitor ds_cpl vmx smx est tm2 ssse3 sdbg fma cx16 xtpr pdcm pcid sse4_1 sse4_2 x2apic movbe popcnt tsc_deadline_timer aes xsave avx f16c rdrand lahf_lm abm epb tpr_shadow vnmi flexpriority ept vpid fsgsbase tsc_adjust bmi1 avx2 smep bmi2 erms invpcid xsaveopt dtherm ida arat pln pts
bugs		:
bogomips	: 7186.79
clflush size	: 64
cache_alignment	: 64
address sizes	: 39 bits physical, 48 bits virtual
power management:



Memory: 4k page, physical 32816512k(22662564k free), swap 0k(0k free)

vm_info: OpenJDK 64-Bit Server VM (25.76-b03) for linux-amd64 JRE (1.8.0_76-release-b03), built on Jun 29 2016 09:39:19 by "builder" with gcc 4.8.4

time: Mon Dec 12 14:50:00 2016
elapsed time: 0 seconds (0d 0h 0m 0s)

