#
# A fatal error has been detected by the Java Runtime Environment:
#
#  SIGSEGV (0xb) at pc=0x00007f692eb94fe3, pid=7620, tid=0x00007f692cc4b700
#
# JRE version: OpenJDK Runtime Environment (8.0_76-b03) (build 1.8.0_76-release-b03)
# Java VM: OpenJDK 64-Bit Server VM (25.76-b03 mixed mode linux-amd64 compressed oops)
# Problematic frame:
# V  [libjvm.so+0x8affe3]  oopDesc* PSPromotionManager::copy_to_survivor_space<false>(oopDesc*)+0x2c3
#
# Failed to write core dump. Core dumps have been disabled. To enable core dumping, try "ulimit -c unlimited" before starting Java again
#
# If you would like to submit a bug report, please visit:
#   http://bugreport.java.com/bugreport/crash.jsp
#

---------------  T H R E A D  ---------------

Current thread (0x00007f6928021800):  GCTaskThread [stack: 0x00007f692cb4b000,0x00007f692cc4c000] [id=7634]

siginfo: si_signo: 11 (SIGSEGV), si_code: 2 (SEGV_ACCERR), si_addr: 0x00000001040802f8

Registers:
RAX=0x0000000000000001, RBX=0x00000000f03f7a30, RCX=0x0000000000000003, RDX=0x00007f692f17eb80
RSP=0x00007f692cc4acb0, RBP=0x00007f692cc4ad10, RSI=0x00000000f03f7a30, RDI=0x00000001040802f0
R8 =0x0000000000000001, R9 =0x00007f692807b7d8, R10=0x00000000f2ddca7d, R11=0x00007f692f1a86c0
R12=0x00000000f2ddca7c, R13=0x0000000000000001, R14=0x00007f692807b740, R15=0x00007f692f17eb90
RIP=0x00007f692eb94fe3, EFLAGS=0x0000000000010206, CSGSFS=0x002b000000000033, ERR=0x0000000000000004
  TRAPNO=0x000000000000000e

Top of Stack: (sp=0x00007f692cc4acb0)
0x00007f692cc4acb0:   00007f692cc4ad10 00007f692e8c42d1
0x00007f692cc4acc0:   0000000000000000 00000000f2ddca70
0x00007f692cc4acd0:   00000000f2ddafd0 0000000000001000
0x00007f692cc4ace0:   0000000000000000 00007f692807b740
0x00007f692cc4acf0:   00000000f2ddca7c 0000000000000001
0x00007f692cc4ad00:   00007f692807b7d8 00007f692f17eb90
0x00007f692cc4ad10:   00007f692cc4ad80 00007f692eb947e8
0x00007f692cc4ad20:   00007f692cc4ad80 00007f692807b7a8
0x00007f692cc4ad30:   000000000000000e 00000000f2cabfe8
0x00007f692cc4ad40:   000000000000000f 0000000000001000
0x00007f692cc4ad50:   00007f6928022eb0 0000000000000002
0x00007f692cc4ad60:   00007f692cc4adb0 00007f692cc4adc0
0x00007f692cc4ad70:   0000000000000001 00007f692807c3c0
0x00007f692cc4ad80:   00007f692cc4ae00 00007f692eb988ca
0x00007f692cc4ad90:   00007f692f17eb90 00000000f2918230
0x00007f692cc4ada0:   00007f68d060d3d0 00007f692807b740
0x00007f692cc4adb0:   00007f69112c6746 00007f692eb2f3d1
0x00007f692cc4adc0:   00000000f2918231 00007f68d060d3d0
0x00007f692cc4add0:   00007f692cc4ae00 0000000000000001
0x00007f692cc4ade0:   00007f68d060d3d0 00007f692ed4238d
0x00007f692cc4adf0:   00007f6928021800 00007f692f19d4d8
0x00007f692cc4ae00:   00007f692cc4af10 00007f692e863f02
0x00007f692cc4ae10:   00000000000003d8 00007f69280223c8
0x00007f692cc4ae20:   00007f6928021ff0 00007f692cc4aea0
0x00007f692cc4ae30:   00007f6928021fa0 00007f6928021fe0
0x00007f692cc4ae40:   00007f692cc4ae50 0000000000000000
0x00007f692cc4ae50:   0000000000000000 00007f6928022b00
0x00007f692cc4ae60:   00007f6928021800 00007f69280223d0
0x00007f692cc4ae70:   00007f6928022410 00007f6928022420
0x00007f692cc4ae80:   00007f69280224f8 00000000000000d8
0x00007f692cc4ae90:   00007f6928022630 00007f6928022fa0
0x00007f692cc4aea0:   00007f6928021800 00007f69280223d0 

Instructions: (pc=0x00007f692eb94fe3)
0x00007f692eb94fc3:   e9 3d fe ff ff 0f 1f 84 00 00 00 00 00 48 8d 15
0x00007f692eb94fd3:   a9 9b 5e 00 8b 7e 08 8b 4a 08 48 d3 e7 48 03 3a
0x00007f692eb94fe3:   8b 4f 08 83 f9 00 0f 8f 7d fd ff ff 0f 85 3b 02
0x00007f692eb94ff3:   00 00 0f 1f 00 48 8b 07 4c 89 45 b8 48 89 de ff 

Register to memory mapping:

RAX=0x0000000000000001 is an unknown value
RBX=0x00000000f03f7a30 is an oop

[error occurred during error reporting (printing register info), id 0xb]

Stack: [0x00007f692cb4b000,0x00007f692cc4c000],  sp=0x00007f692cc4acb0,  free space=1023k
Native frames: (J=compiled Java code, j=interpreted, Vv=VM code, C=native code)
V  [libjvm.so+0x8affe3]  oopDesc* PSPromotionManager::copy_to_survivor_space<false>(oopDesc*)+0x2c3
V  [libjvm.so+0x8af7e8]  PSPromotionManager::drain_stacks_depth(bool)+0x6d8
V  [libjvm.so+0x8b38ca]  StealTask::do_it(GCTaskManager*, unsigned int)+0x18a
V  [libjvm.so+0x57ef02]  GCTaskThread::run()+0x162
V  [libjvm.so+0x8425b2]  java_start(Thread*)+0xf2


---------------  P R O C E S S  ---------------

Java Threads: ( => current thread )
  0x00007f692817d800 JavaThread "pool-2-thread-4" [_thread_blocked, id=7722, stack(0x00007f68e148b000,0x00007f68e158c000)]
  0x00007f692817c000 JavaThread "pool-2-thread-3" [_thread_blocked, id=7721, stack(0x00007f68e158c000,0x00007f68e168d000)]
  0x00007f692817a000 JavaThread "pool-2-thread-2" [_thread_blocked, id=7719, stack(0x00007f68f4092000,0x00007f68f4193000)]
  0x00007f6928178000 JavaThread "pool-3-thread-1" [_thread_blocked, id=7718, stack(0x00007f68f4193000,0x00007f68f4294000)]
  0x00007f692816c800 JavaThread "pool-2-thread-1" [_thread_blocked, id=7715, stack(0x00007f68f4294000,0x00007f68f4395000)]
  0x00007f69280d1000 JavaThread "Service Thread" daemon [_thread_blocked, id=7680, stack(0x00007f68f44a3000,0x00007f68f45a4000)]
  0x00007f69280c5800 JavaThread "C1 CompilerThread3" daemon [_thread_blocked, id=7679, stack(0x00007f68f45a4000,0x00007f68f46a5000)]
  0x00007f69280c3800 JavaThread "C2 CompilerThread2" daemon [_thread_in_native, id=7678, stack(0x00007f68f46a5000,0x00007f68f47a6000)]
  0x00007f69280c2000 JavaThread "C2 CompilerThread1" daemon [_thread_blocked, id=7677, stack(0x00007f68f47a6000,0x00007f68f48a7000)]
  0x00007f69280bf000 JavaThread "C2 CompilerThread0" daemon [_thread_blocked, id=7676, stack(0x00007f68f48a7000,0x00007f68f49a8000)]
  0x00007f69280bd800 JavaThread "Signal Dispatcher" daemon [_thread_blocked, id=7675, stack(0x00007f68f49a8000,0x00007f68f4aa9000)]
  0x00007f692808b000 JavaThread "Finalizer" daemon [_thread_blocked, id=7652, stack(0x00007f68f4aa9000,0x00007f68f4baa000)]
  0x00007f6928086000 JavaThread "Reference Handler" daemon [_thread_blocked, id=7649, stack(0x00007f68f4baa000,0x00007f68f4cab000)]
  0x00007f6928008800 JavaThread "main" [_thread_blocked, id=7626, stack(0x00007f692fcca000,0x00007f692fdcb000)]

Other Threads:
  0x00007f692807e800 VMThread [stack: 0x00007f68f4cab000,0x00007f68f4dac000] [id=7643]
  0x00007f69280d3800 WatcherThread [stack: 0x00007f68f43a2000,0x00007f68f44a3000] [id=7681]

=>0x00007f6928021800 (exited) GCTaskThread [stack: 0x00007f692cb4b000,0x00007f692cc4c000] [id=7634]

VM state:at safepoint (normal execution)

VM Mutex/Monitor currently owned by a thread:  ([mutex/lock_event])
[0x00007f69280066f0] Threads_lock - owner thread: 0x00007f692807e800
[0x00007f6928006bf0] Heap_lock - owner thread: 0x00007f692816c800

Heap:
 PSYoungGen      total 150016K, used 129024K [0x00000000eab00000, 0x00000000f5200000, 0x0000000100000000)
  eden space 129024K, 100% used [0x00000000eab00000,0x00000000f2900000,0x00000000f2900000)
  from space 20992K, 0% used [0x00000000f3d80000,0x00000000f3d80000,0x00000000f5200000)
  to   space 20992K, 40% used [0x00000000f2900000,0x00000000f314afe0,0x00000000f3d80000)
 ParOldGen       total 343040K, used 8K [0x00000000c0000000, 0x00000000d4f00000, 0x00000000eab00000)
  object space 343040K, 0% used [0x00000000c0000000,0x00000000c0002000,0x00000000d4f00000)
 Metaspace       used 5882K, capacity 6896K, committed 7040K, reserved 1056768K
  class space    used 573K, capacity 616K, committed 640K, reserved 1048576K

Card table byte_map: [0x00007f692cfa4000,0x00007f692d1a5000] byte_map_base: 0x00007f692c9a4000

Marking Bits: (ParMarkBitMap*) 0x00007f692f1a81a0
 Begin Bits: [0x00007f68f6000000, 0x00007f68f7000000)
 End Bits:   [0x00007f68f7000000, 0x00007f68f8000000)

Polling page: 0x00007f692fdef000

CodeCache: size=245760Kb used=4441Kb max_used=4456Kb free=241318Kb
 bounds [0x00007f6919000000, 0x00007f6919460000, 0x00007f6928000000]
 total_blobs=1531 nmethods=1264 adapters=182
 compilation: enabled

Compilation events (10 events):
Event: 1.378 Thread 0x00007f69280c5800 nmethod 1324 0x00007f6919455690 code [0x00007f6919455860, 0x00007f6919455c58]
Event: 1.378 Thread 0x00007f69280c5800 1343       2       com.android.dx.rop.cst.CstArray$List::set (7 bytes)
Event: 1.379 Thread 0x00007f69280c5800 nmethod 1343 0x00007f69194560d0 code [0x00007f6919456280, 0x00007f69194566e8]
Event: 1.379 Thread 0x00007f69280c5800 1391       2       com.android.dx.rop.cst.CstBaseMethodRef::isInstanceInit (8 bytes)
Event: 1.379 Thread 0x00007f69280c5800 nmethod 1391 0x00007f6919456c10 code [0x00007f6919456d80, 0x00007f6919456f08]
Event: 1.379 Thread 0x00007f69280c5800 1358       2       com.android.dx.ssa.SsaMethod::onInsnsChanged (16 bytes)
Event: 1.379 Thread 0x00007f69280c5800 nmethod 1358 0x00007f6919457050 code [0x00007f69194571a0, 0x00007f6919457330]
Event: 1.379 Thread 0x00007f69280c5800 1340       2       java.util.TreeMap::<init> (20 bytes)
Event: 1.387 Thread 0x00007f69280bf000 nmethod 1359 0x00007f691945add0 code [0x00007f691945afe0, 0x00007f691945bd98]
Event: 1.387 Thread 0x00007f69280bf000 1372       4       com.android.dx.util.LabeledList::set (45 bytes)

GC Heap History (1 events):
Event: 1.410 GC heap before
{Heap before GC invocations=1 (full 0):
 PSYoungGen      total 150016K, used 129024K [0x00000000eab00000, 0x00000000f5200000, 0x0000000100000000)
  eden space 129024K, 100% used [0x00000000eab00000,0x00000000f2900000,0x00000000f2900000)
  from space 20992K, 0% used [0x00000000f3d80000,0x00000000f3d80000,0x00000000f5200000)
  to   space 20992K, 0% used [0x00000000f2900000,0x00000000f2900000,0x00000000f3d80000)
 ParOldGen       total 343040K, used 0K [0x00000000c0000000, 0x00000000d4f00000, 0x00000000eab00000)
  object space 343040K, 0% used [0x00000000c0000000,0x00000000c0000000,0x00000000d4f00000)
 Metaspace       used 5882K, capacity 6896K, committed 7040K, reserved 1056768K
  class space    used 573K, capacity 616K, committed 640K, reserved 1048576K

Deoptimization events (10 events):
Event: 0.314 Thread 0x00007f692817c000 Uncommon trap: reason=unstable_if action=reinterpret pc=0x00007f69191efdcc method=java.util.HashMap.getNode(ILjava/lang/Object;)Ljava/util/HashMap$Node; @ 129
Event: 0.439 Thread 0x00007f692817a000 Uncommon trap: reason=class_check action=maybe_recompile pc=0x00007f691920ca90 method=com.android.dx.ssa.NormalSsaInsn.accept(Lcom/android/dx/ssa/SsaInsn$Visitor;)V @ 9
Event: 0.439 Thread 0x00007f692817a000 Uncommon trap: reason=class_check action=maybe_recompile pc=0x00007f691920ca90 method=com.android.dx.ssa.NormalSsaInsn.accept(Lcom/android/dx/ssa/SsaInsn$Visitor;)V @ 9
Event: 0.439 Thread 0x00007f692817a000 Uncommon trap: reason=class_check action=maybe_recompile pc=0x00007f691920ca90 method=com.android.dx.ssa.NormalSsaInsn.accept(Lcom/android/dx/ssa/SsaInsn$Visitor;)V @ 9
Event: 0.439 Thread 0x00007f692817a000 Uncommon trap: reason=class_check action=maybe_recompile pc=0x00007f691920ca90 method=com.android.dx.ssa.NormalSsaInsn.accept(Lcom/android/dx/ssa/SsaInsn$Visitor;)V @ 9
Event: 0.509 Thread 0x00007f6928008800 Uncommon trap: reason=unstable_if action=reinterpret pc=0x00007f6919254b58 method=java.lang.String.<init>([CII)V @ 18
Event: 0.729 Thread 0x00007f692817c000 Uncommon trap: reason=unstable_if action=reinterpret pc=0x00007f69192a445c method=com.android.dx.rop.cst.Constant.compareTo(Lcom/android/dx/rop/cst/Constant;)I @ 12
Event: 0.867 Thread 0x00007f692817c000 Uncommon trap: reason=class_check action=maybe_recompile pc=0x00007f69192bcac0 method=com.android.dx.ssa.NormalSsaInsn.accept(Lcom/android/dx/ssa/SsaInsn$Visitor;)V @ 9
Event: 0.930 Thread 0x00007f692817d800 Uncommon trap: reason=unstable_if action=reinterpret pc=0x00007f69193325fc method=com.android.dx.ssa.SsaMethod.updateOneDefinition(Lcom/android/dx/ssa/SsaInsn;Lcom/android/dx/rop/code/RegisterSpec;)V @ 4
Event: 1.035 Thread 0x00007f692817a000 Uncommon trap: reason=null_check action=make_not_entrant pc=0x00007f69192a40a8 method=com.android.dx.rop.type.Type.equals(Ljava/lang/Object;)Z @ 8

Internal exceptions (3 events):
Event: 0.017 Thread 0x00007f6928008800 Exception <a 'java/lang/NoSuchMethodError': Method sun.misc.Unsafe.defineClass(Ljava/lang/String;[BII)Ljava/lang/Class; name or signature does not match> (0x00000000eab07cc0) thrown at [/ssd/Android/AOSP-openjdk/external/jetbrains/jdk/hotspot/src/share/vm
Event: 0.017 Thread 0x00007f6928008800 Exception <a 'java/lang/NoSuchMethodError': Method sun.misc.Unsafe.prefetchRead(Ljava/lang/Object;J)V name or signature does not match> (0x00000000eab07fa8) thrown at [/ssd/Android/AOSP-openjdk/external/jetbrains/jdk/hotspot/src/share/vm/prims/jni.cpp, li
Event: 1.035 Thread 0x00007f692817a000 Implicit null exception at 0x00007f69192a3fa2 to 0x00007f69192a409b

Events (10 events):
Event: 1.258 Thread 0x00007f692817d800 DEOPT UNPACKING pc=0x00007f6919047373 sp=0x00007f68e1589e48 mode 0
Event: 1.289 Thread 0x00007f692817d800 DEOPT PACKING pc=0x00007f69192a62c2 sp=0x00007f68e158a060
Event: 1.289 Thread 0x00007f692817d800 DEOPT UNPACKING pc=0x00007f6919047373 sp=0x00007f68e1589e48 mode 0
Event: 1.298 Thread 0x00007f692817d800 DEOPT PACKING pc=0x00007f691938b26c sp=0x00007f68e158a1f0
Event: 1.298 Thread 0x00007f692817d800 DEOPT UNPACKING pc=0x00007f6919047373 sp=0x00007f68e1589ef0 mode 0
Event: 1.309 Thread 0x00007f692817a000 DEOPT PACKING pc=0x00007f69192a63b6 sp=0x00007f68f4191060
Event: 1.309 Thread 0x00007f692817a000 DEOPT UNPACKING pc=0x00007f6919047373 sp=0x00007f68f4190e48 mode 0
Event: 1.395 Thread 0x00007f692816c800 DEOPT PACKING pc=0x00007f691931a132 sp=0x00007f68f43930b0
Event: 1.395 Thread 0x00007f692816c800 DEOPT UNPACKING pc=0x00007f6919047373 sp=0x00007f68f4392e38 mode 0
Event: 1.400 Executing VM operation: ParallelGCFailedAllocation


Dynamic libraries:
00400000-00401000 r-xp 00000000 08:01 37487725                           /home/caitano/android-studio/jre/bin/java
00600000-00601000 r--p 00000000 08:01 37487725                           /home/caitano/android-studio/jre/bin/java
00601000-00602000 rw-p 00001000 08:01 37487725                           /home/caitano/android-studio/jre/bin/java
00a43000-00a64000 rw-p 00000000 00:00 0                                  [heap]
c0000000-d4f00000 rw-p 00000000 00:00 0 
d4f00000-eab00000 ---p 00000000 00:00 0 
eab00000-f5200000 rw-p 00000000 00:00 0 
f5200000-100000000 ---p 00000000 00:00 0 
100000000-1000a0000 rw-p 00000000 00:00 0 
1000a0000-140000000 ---p 00000000 00:00 0 
7f68ac000000-7f68ac022000 rw-p 00000000 00:00 0 
7f68ac022000-7f68b0000000 ---p 00000000 00:00 0 
7f68b4000000-7f68b4034000 rw-p 00000000 00:00 0 
7f68b4034000-7f68b8000000 ---p 00000000 00:00 0 
7f68b8000000-7f68b8021000 rw-p 00000000 00:00 0 
7f68b8021000-7f68bc000000 ---p 00000000 00:00 0 
7f68bc000000-7f68bc021000 rw-p 00000000 00:00 0 
7f68bc021000-7f68c0000000 ---p 00000000 00:00 0 
7f68c0000000-7f68c0021000 rw-p 00000000 00:00 0 
7f68c0021000-7f68c4000000 ---p 00000000 00:00 0 
7f68c4000000-7f68c4021000 rw-p 00000000 00:00 0 
7f68c4021000-7f68c8000000 ---p 00000000 00:00 0 
7f68c8000000-7f68c8021000 rw-p 00000000 00:00 0 
7f68c8021000-7f68cc000000 ---p 00000000 00:00 0 
7f68cc000000-7f68cc6e6000 rw-p 00000000 00:00 0 
7f68cc6e6000-7f68d0000000 ---p 00000000 00:00 0 
7f68d0000000-7f68d0682000 rw-p 00000000 00:00 0 
7f68d0682000-7f68d4000000 ---p 00000000 00:00 0 
7f68d4000000-7f68d44ea000 rw-p 00000000 00:00 0 
7f68d44ea000-7f68d8000000 ---p 00000000 00:00 0 
7f68d8000000-7f68d86cc000 rw-p 00000000 00:00 0 
7f68d86cc000-7f68dc000000 ---p 00000000 00:00 0 
7f68dc000000-7f68dc021000 rw-p 00000000 00:00 0 
7f68dc021000-7f68e0000000 ---p 00000000 00:00 0 
7f68e148b000-7f68e148e000 ---p 00000000 00:00 0 
7f68e148e000-7f68e158c000 rw-p 00000000 00:00 0 
7f68e158c000-7f68e158f000 ---p 00000000 00:00 0 
7f68e158f000-7f68e168d000 rw-p 00000000 00:00 0 
7f68e168d000-7f68e8000000 r--p 00000000 08:02 1579773                    /usr/lib/locale/locale-archive
7f68e8000000-7f68e8021000 rw-p 00000000 00:00 0 
7f68e8021000-7f68ec000000 ---p 00000000 00:00 0 
7f68ec000000-7f68ec021000 rw-p 00000000 00:00 0 
7f68ec021000-7f68f0000000 ---p 00000000 00:00 0 
7f68f0000000-7f68f0021000 rw-p 00000000 00:00 0 
7f68f0021000-7f68f4000000 ---p 00000000 00:00 0 
7f68f4092000-7f68f4095000 ---p 00000000 00:00 0 
7f68f4095000-7f68f4193000 rw-p 00000000 00:00 0 
7f68f4193000-7f68f4196000 ---p 00000000 00:00 0 
7f68f4196000-7f68f4294000 rw-p 00000000 00:00 0 
7f68f4294000-7f68f4297000 ---p 00000000 00:00 0 
7f68f4297000-7f68f4395000 rw-p 00000000 00:00 0 
7f68f4395000-7f68f43a2000 r--s 0006e000 08:01 19137800                   /home/caitano/AndroidStudioProjects/nutrition_app/app/build/intermediates/exploded-aar/com.google.android.gms/play-services-basement/8.4.0/jars/classes.jar
7f68f43a2000-7f68f43a3000 ---p 00000000 00:00 0 
7f68f43a3000-7f68f44a3000 rw-p 00000000 00:00 0 
7f68f44a3000-7f68f44a6000 ---p 00000000 00:00 0 
7f68f44a6000-7f68f45a4000 rw-p 00000000 00:00 0 
7f68f45a4000-7f68f45a7000 ---p 00000000 00:00 0 
7f68f45a7000-7f68f46a5000 rw-p 00000000 00:00 0 
7f68f46a5000-7f68f46a8000 ---p 00000000 00:00 0 
7f68f46a8000-7f68f47a6000 rw-p 00000000 00:00 0 
7f68f47a6000-7f68f47a9000 ---p 00000000 00:00 0 
7f68f47a9000-7f68f48a7000 rw-p 00000000 00:00 0 
7f68f48a7000-7f68f48aa000 ---p 00000000 00:00 0 
7f68f48aa000-7f68f49a8000 rw-p 00000000 00:00 0 
7f68f49a8000-7f68f49ab000 ---p 00000000 00:00 0 
7f68f49ab000-7f68f4aa9000 rw-p 00000000 00:00 0 
7f68f4aa9000-7f68f4aac000 ---p 00000000 00:00 0 
7f68f4aac000-7f68f4baa000 rw-p 00000000 00:00 0 
7f68f4baa000-7f68f4bad000 ---p 00000000 00:00 0 
7f68f4bad000-7f68f4cab000 rw-p 00000000 00:00 0 
7f68f4cab000-7f68f4cac000 ---p 00000000 00:00 0 
7f68f4cac000-7f68f8000000 rw-p 00000000 00:00 0 
7f68f8000000-7f68f8021000 rw-p 00000000 00:00 0 
7f68f8021000-7f68fc000000 ---p 00000000 00:00 0 
7f68fc000000-7f68fc27c000 rw-p 00000000 00:00 0 
7f68fc27c000-7f6900000000 ---p 00000000 00:00 0 
7f6900000000-7f6900021000 rw-p 00000000 00:00 0 
7f6900021000-7f6904000000 ---p 00000000 00:00 0 
7f6904000000-7f6904021000 rw-p 00000000 00:00 0 
7f6904021000-7f6908000000 ---p 00000000 00:00 0 
7f6908000000-7f6908021000 rw-p 00000000 00:00 0 
7f6908021000-7f690c000000 ---p 00000000 00:00 0 
7f690c000000-7f690c021000 rw-p 00000000 00:00 0 
7f690c021000-7f6910000000 ---p 00000000 00:00 0 
7f6910000000-7f6910021000 rw-p 00000000 00:00 0 
7f6910021000-7f6914000000 ---p 00000000 00:00 0 
7f6914000000-7f6914021000 rw-p 00000000 00:00 0 
7f6914021000-7f6918000000 ---p 00000000 00:00 0 
7f6918004000-7f6918012000 r--s 000e0000 08:01 22164268                   /home/caitano/Android/Sdk/build-tools/24.0.2/lib/dx.jar
7f6918012000-7f6918e40000 rw-p 00000000 00:00 0 
7f6918e40000-7f6919000000 ---p 00000000 00:00 0 
7f6919000000-7f6919460000 rwxp 00000000 00:00 0 
7f6919460000-7f6928000000 ---p 00000000 00:00 0 
7f6928000000-7f69283b1000 rw-p 00000000 00:00 0 
7f69283b1000-7f692c000000 ---p 00000000 00:00 0 
7f692c001000-7f692c203000 rw-p 00000000 00:00 0 
7f692c203000-7f692c3d0000 r--s 03bec000 08:01 37487781                   /home/caitano/android-studio/jre/jre/lib/rt.jar
7f692c3d0000-7f692c646000 rw-p 00000000 00:00 0 
7f692c646000-7f692c647000 ---p 00000000 00:00 0 
7f692c647000-7f692c747000 rw-p 00000000 00:00 0 
7f692c747000-7f692c748000 ---p 00000000 00:00 0 
7f692c748000-7f692c848000 rw-p 00000000 00:00 0 
7f692c848000-7f692c849000 ---p 00000000 00:00 0 
7f692c849000-7f692c949000 rw-p 00000000 00:00 0 
7f692c949000-7f692c94a000 ---p 00000000 00:00 0 
7f692c94a000-7f692ca4a000 rw-p 00000000 00:00 0 
7f692ca4a000-7f692ca4b000 ---p 00000000 00:00 0 
7f692ca4b000-7f692cb4b000 rw-p 00000000 00:00 0 
7f692cb4b000-7f692cb4c000 ---p 00000000 00:00 0 
7f692cb4c000-7f692cc4c000 rw-p 00000000 00:00 0 
7f692cc4c000-7f692cc4d000 ---p 00000000 00:00 0 
7f692cc4d000-7f692cd4d000 rw-p 00000000 00:00 0 
7f692cd4d000-7f692cd4e000 ---p 00000000 00:00 0 
7f692cd4e000-7f692cef6000 rw-p 00000000 00:00 0 
7f692cef6000-7f692cfa4000 ---p 00000000 00:00 0 
7f692cfa4000-7f692d04c000 rw-p 00000000 00:00 0 
7f692d04c000-7f692d0f9000 ---p 00000000 00:00 0 
7f692d0f9000-7f692d14d000 rw-p 00000000 00:00 0 
7f692d14d000-7f692d1a4000 ---p 00000000 00:00 0 
7f692d1a4000-7f692d1b7000 rw-p 00000000 00:00 0 
7f692d1b7000-7f692d565000 ---p 00000000 00:00 0 
7f692d565000-7f692d57f000 r-xp 00000000 08:01 37487808                   /home/caitano/android-studio/jre/jre/lib/amd64/libzip.so
7f692d57f000-7f692d77f000 ---p 0001a000 08:01 37487808                   /home/caitano/android-studio/jre/jre/lib/amd64/libzip.so
7f692d77f000-7f692d780000 r--p 0001a000 08:01 37487808                   /home/caitano/android-studio/jre/jre/lib/amd64/libzip.so
7f692d780000-7f692d781000 rw-p 0001b000 08:01 37487808                   /home/caitano/android-studio/jre/jre/lib/amd64/libzip.so
7f692d781000-7f692d78c000 r-xp 00000000 08:02 1584032                    /usr/lib64/libnss_files-2.23.so
7f692d78c000-7f692d98b000 ---p 0000b000 08:02 1584032                    /usr/lib64/libnss_files-2.23.so
7f692d98b000-7f692d98c000 r--p 0000a000 08:02 1584032                    /usr/lib64/libnss_files-2.23.so
7f692d98c000-7f692d98d000 rw-p 0000b000 08:02 1584032                    /usr/lib64/libnss_files-2.23.so
7f692d98d000-7f692d993000 rw-p 00000000 00:00 0 
7f692d993000-7f692d9c0000 r-xp 00000000 08:01 37487818                   /home/caitano/android-studio/jre/jre/lib/amd64/libjava.so
7f692d9c0000-7f692dbbf000 ---p 0002d000 08:01 37487818                   /home/caitano/android-studio/jre/jre/lib/amd64/libjava.so
7f692dbbf000-7f692dbc0000 r--p 0002c000 08:01 37487818                   /home/caitano/android-studio/jre/jre/lib/amd64/libjava.so
7f692dbc0000-7f692dbc2000 rw-p 0002d000 08:01 37487818                   /home/caitano/android-studio/jre/jre/lib/amd64/libjava.so
7f692dbc2000-7f692dbd2000 r-xp 00000000 08:01 37487834                   /home/caitano/android-studio/jre/jre/lib/amd64/libverify.so
7f692dbd2000-7f692ddd1000 ---p 00010000 08:01 37487834                   /home/caitano/android-studio/jre/jre/lib/amd64/libverify.so
7f692ddd1000-7f692ddd3000 r--p 0000f000 08:01 37487834                   /home/caitano/android-studio/jre/jre/lib/amd64/libverify.so
7f692ddd3000-7f692ddd4000 rw-p 00011000 08:01 37487834                   /home/caitano/android-studio/jre/jre/lib/amd64/libverify.so
7f692ddd4000-7f692dddb000 r-xp 00000000 08:02 1584140                    /usr/lib64/librt-2.23.so
7f692dddb000-7f692dfda000 ---p 00007000 08:02 1584140                    /usr/lib64/librt-2.23.so
7f692dfda000-7f692dfdb000 r--p 00006000 08:02 1584140                    /usr/lib64/librt-2.23.so
7f692dfdb000-7f692dfdc000 rw-p 00007000 08:02 1584140                    /usr/lib64/librt-2.23.so
7f692dfdc000-7f692e0e4000 r-xp 00000000 08:02 1583634                    /usr/lib64/libm-2.23.so
7f692e0e4000-7f692e2e3000 ---p 00108000 08:02 1583634                    /usr/lib64/libm-2.23.so
7f692e2e3000-7f692e2e4000 r--p 00107000 08:02 1583634                    /usr/lib64/libm-2.23.so
7f692e2e4000-7f692e2e5000 rw-p 00108000 08:02 1583634                    /usr/lib64/libm-2.23.so
7f692e2e5000-7f692eecb000 r-xp 00000000 08:01 37487838                   /home/caitano/android-studio/jre/jre/lib/amd64/server/libjvm.so
7f692eecb000-7f692f0cb000 ---p 00be6000 08:01 37487838                   /home/caitano/android-studio/jre/jre/lib/amd64/server/libjvm.so
7f692f0cb000-7f692f16a000 r--p 00be6000 08:01 37487838                   /home/caitano/android-studio/jre/jre/lib/amd64/server/libjvm.so
7f692f16a000-7f692f193000 rw-p 00c85000 08:01 37487838                   /home/caitano/android-studio/jre/jre/lib/amd64/server/libjvm.so
7f692f193000-7f692f1d5000 rw-p 00000000 00:00 0 
7f692f1d5000-7f692f1ec000 r-xp 00000000 08:02 1584040                    /usr/lib64/libpthread-2.23.so
7f692f1ec000-7f692f3eb000 ---p 00017000 08:02 1584040                    /usr/lib64/libpthread-2.23.so
7f692f3eb000-7f692f3ec000 r--p 00016000 08:02 1584040                    /usr/lib64/libpthread-2.23.so
7f692f3ec000-7f692f3ed000 rw-p 00017000 08:02 1584040                    /usr/lib64/libpthread-2.23.so
7f692f3ed000-7f692f3f1000 rw-p 00000000 00:00 0 
7f692f3f1000-7f692f3f4000 r-xp 00000000 08:02 1583610                    /usr/lib64/libdl-2.23.so
7f692f3f4000-7f692f5f3000 ---p 00003000 08:02 1583610                    /usr/lib64/libdl-2.23.so
7f692f5f3000-7f692f5f4000 r--p 00002000 08:02 1583610                    /usr/lib64/libdl-2.23.so
7f692f5f4000-7f692f5f5000 rw-p 00003000 08:02 1583610                    /usr/lib64/libdl-2.23.so
7f692f5f5000-7f692f7ae000 r-xp 00000000 08:02 1583483                    /usr/lib64/libc-2.23.so
7f692f7ae000-7f692f9ad000 ---p 001b9000 08:02 1583483                    /usr/lib64/libc-2.23.so
7f692f9ad000-7f692f9b1000 r--p 001b8000 08:02 1583483                    /usr/lib64/libc-2.23.so
7f692f9b1000-7f692f9b3000 rw-p 001bc000 08:02 1583483                    /usr/lib64/libc-2.23.so
7f692f9b3000-7f692f9b7000 rw-p 00000000 00:00 0 
7f692f9b7000-7f692f9cd000 r-xp 00000000 08:01 37487699                   /home/caitano/android-studio/jre/lib/amd64/jli/libjli.so
7f692f9cd000-7f692fbcc000 ---p 00016000 08:01 37487699                   /home/caitano/android-studio/jre/lib/amd64/jli/libjli.so
7f692fbcc000-7f692fbcd000 r--p 00015000 08:01 37487699                   /home/caitano/android-studio/jre/lib/amd64/jli/libjli.so
7f692fbcd000-7f692fbce000 rw-p 00016000 08:01 37487699                   /home/caitano/android-studio/jre/lib/amd64/jli/libjli.so
7f692fbce000-7f692fbf2000 r-xp 00000000 08:02 1586592                    /usr/lib64/ld-2.23.so
7f692fbfa000-7f692fcca000 rw-p 00000000 00:00 0 
7f692fcca000-7f692fccd000 ---p 00000000 00:00 0 
7f692fccd000-7f692fdcf000 rw-p 00000000 00:00 0 
7f692fdd2000-7f692fde6000 rw-p 00000000 00:00 0 
7f692fde6000-7f692fdee000 rw-s 00000000 00:26 161961                     /tmp/hsperfdata_caitano/7620
7f692fdee000-7f692fdef000 rw-p 00000000 00:00 0 
7f692fdef000-7f692fdf0000 ---p 00000000 00:00 0 
7f692fdf0000-7f692fdf1000 rw-p 00000000 00:00 0 
7f692fdf1000-7f692fdf2000 r--p 00023000 08:02 1586592                    /usr/lib64/ld-2.23.so
7f692fdf2000-7f692fdf3000 rw-p 00024000 08:02 1586592                    /usr/lib64/ld-2.23.so
7f692fdf3000-7f692fdf4000 rw-p 00000000 00:00 0 
7fff60413000-7fff60434000 rw-p 00000000 00:00 0                          [stack]
7fff604f4000-7fff604f6000 r--p 00000000 00:00 0                          [vvar]
7fff604f6000-7fff604f8000 r-xp 00000000 00:00 0                          [vdso]
ffffffffff600000-ffffffffff601000 r-xp 00000000 00:00 0                  [vsyscall]

VM Arguments:
jvm_args: -Djava.awt.headless=true -Xmx1024M -Dfile.encoding=UTF-8 -Duser.country=US -Duser.language=en -Duser.variant 
java_command: com.android.dx.command.Main --dex --force-jumbo --num-threads=4 --multi-dex --output /home/caitano/AndroidStudioProjects/nutrition_app/app/build/intermediates/transforms/dex/debug/folders/1000/10/com.google.android.gms-play-services-basement-8.4.0_6c5f487e4c04b936fe912f62325e5e7c6770a661 /home/caitano/AndroidStudioProjects/nutrition_app/app/build/intermediates/exploded-aar/com.google.android.gms/play-services-basement/8.4.0/jars/classes.jar
java_class_path (initial): /home/caitano/Android/Sdk/build-tools/24.0.2/lib/dx.jar
Launcher Type: SUN_STANDARD

Environment Variables:
JAVA_HOME=/usr/java/jdk1.8.0_102
PATH=/usr/lib64/qt-3.3/bin:/usr/java/latest/bin:/usr/local/bin:/usr/local/sbin:/usr/bin:/usr/sbin:/opt/node-v4.4.7-linux-x64/bin:/home/caitano/WebStorm-145.597.6/bin:/home/caitano/android-studio/bin:/home/caitano/.local/bin:/home/caitano/bin
USERNAME=caitano
LD_LIBRARY_PATH=/home/caitano/android-studio/bin:
SHELL=/bin/bash
DISPLAY=:0

Signal Handlers:
SIGSEGV: [libjvm.so+0x9daac0], sa_mask[0]=11111111011111111101111111111110, sa_flags=SA_RESTART|SA_SIGINFO
SIGBUS: [libjvm.so+0x9daac0], sa_mask[0]=11111111011111111101111111111110, sa_flags=SA_RESTART|SA_SIGINFO
SIGFPE: [libjvm.so+0x840d90], sa_mask[0]=11111111011111111101111111111110, sa_flags=SA_RESTART|SA_SIGINFO
SIGPIPE: [libjvm.so+0x840d90], sa_mask[0]=11111111011111111101111111111110, sa_flags=SA_RESTART|SA_SIGINFO
SIGXFSZ: [libjvm.so+0x840d90], sa_mask[0]=11111111011111111101111111111110, sa_flags=SA_RESTART|SA_SIGINFO
SIGILL: [libjvm.so+0x840d90], sa_mask[0]=11111111011111111101111111111110, sa_flags=SA_RESTART|SA_SIGINFO
SIGUSR1: SIG_DFL, sa_mask[0]=00000000000000000000000000000000, sa_flags=none
SIGUSR2: [libjvm.so+0x840c60], sa_mask[0]=00100000000000000000000000000000, sa_flags=SA_RESTART|SA_SIGINFO
SIGHUP: [libjvm.so+0x840e50], sa_mask[0]=11111111011111111101111111111110, sa_flags=SA_RESTART|SA_SIGINFO
SIGINT: [libjvm.so+0x840e50], sa_mask[0]=11111111011111111101111111111110, sa_flags=SA_RESTART|SA_SIGINFO
SIGTERM: [libjvm.so+0x840e50], sa_mask[0]=11111111011111111101111111111110, sa_flags=SA_RESTART|SA_SIGINFO
SIGQUIT: [libjvm.so+0x840e50], sa_mask[0]=11111111011111111101111111111110, sa_flags=SA_RESTART|SA_SIGINFO


---------------  S Y S T E M  ---------------

OS:Fedora release 24 (Twenty Four)

uname:Linux 4.7.4-200.fc24.x86_64 #1 SMP Thu Sep 15 18:42:09 UTC 2016 x86_64
libc:glibc 2.23 NPTL 2.23 
rlimit: STACK 8192k, CORE 0k, NPROC 128111, NOFILE 4096, AS infinity
load average:5.19 1.94 1.33

/proc/meminfo:
MemTotal:       32816512 kB
MemFree:        22689920 kB
MemAvailable:   25406236 kB
Buffers:          581980 kB
Cached:          3545360 kB
SwapCached:            0 kB
Active:          6432308 kB
Inactive:        3041808 kB
Active(anon):    5348508 kB
Inactive(anon):  1304828 kB
Active(file):    1083800 kB
Inactive(file):  1736980 kB
Unevictable:         100 kB
Mlocked:             100 kB
SwapTotal:             0 kB
SwapFree:              0 kB
Dirty:              5572 kB
Writeback:            56 kB
AnonPages:       5347012 kB
Mapped:           964924 kB
Shmem:           1306568 kB
Slab:             447840 kB
SReclaimable:     359960 kB
SUnreclaim:        87880 kB
KernelStack:       17520 kB
PageTables:        65048 kB
NFS_Unstable:          0 kB
Bounce:                0 kB
WritebackTmp:          0 kB
CommitLimit:    16408256 kB
Committed_AS:   15058172 kB
VmallocTotal:   34359738367 kB
VmallocUsed:           0 kB
VmallocChunk:          0 kB
HardwareCorrupted:     0 kB
AnonHugePages:         0 kB
CmaTotal:              0 kB
CmaFree:               0 kB
HugePages_Total:       0
HugePages_Free:        0
HugePages_Rsvd:        0
HugePages_Surp:        0
Hugepagesize:       2048 kB
DirectMap4k:      180096 kB
DirectMap2M:    10174464 kB
DirectMap1G:    24117248 kB


CPU:total 8 (4 cores per cpu, 2 threads per core) family 6 model 60 stepping 3, cmov, cx8, fxsr, mmx, sse, sse2, sse3, ssse3, sse4.1, sse4.2, popcnt, avx, avx2, aes, clmul, erms, lzcnt, ht, tsc, tscinvbit, bmi1, bmi2

/proc/cpuinfo:
processor	: 0
vendor_id	: GenuineIntel
cpu family	: 6
model		: 60
model name	: Intel(R) Core(TM) i7-4790 CPU @ 3.60GHz
stepping	: 3
microcode	: 0x20
cpu MHz		: 3799.951
cache size	: 8192 KB
physical id	: 0
siblings	: 8
core id		: 0
cpu cores	: 4
apicid		: 0
initial apicid	: 0
fpu		: yes
fpu_exception	: yes
cpuid level	: 13
wp		: yes
flags		: fpu vme de pse tsc msr pae mce cx8 apic sep mtrr pge mca cmov pat pse36 clflush dts acpi mmx fxsr sse sse2 ss ht tm pbe syscall nx pdpe1gb rdtscp lm constant_tsc arch_perfmon pebs bts rep_good nopl xtopology nonstop_tsc aperfmperf eagerfpu pni pclmulqdq dtes64 monitor ds_cpl vmx smx est tm2 ssse3 sdbg fma cx16 xtpr pdcm pcid sse4_1 sse4_2 x2apic movbe popcnt tsc_deadline_timer aes xsave avx f16c rdrand lahf_lm abm epb tpr_shadow vnmi flexpriority ept vpid fsgsbase tsc_adjust bmi1 avx2 smep bmi2 erms invpcid xsaveopt dtherm ida arat pln pts
bugs		:
bogomips	: 7182.93
clflush size	: 64
cache_alignment	: 64
address sizes	: 39 bits physical, 48 bits virtual
power management:

processor	: 1
vendor_id	: GenuineIntel
cpu family	: 6
model		: 60
model name	: Intel(R) Core(TM) i7-4790 CPU @ 3.60GHz
stepping	: 3
microcode	: 0x20
cpu MHz		: 3799.951
cache size	: 8192 KB
physical id	: 0
siblings	: 8
core id		: 1
cpu cores	: 4
apicid		: 2
initial apicid	: 2
fpu		: yes
fpu_exception	: yes
cpuid level	: 13
wp		: yes
flags		: fpu vme de pse tsc msr pae mce cx8 apic sep mtrr pge mca cmov pat pse36 clflush dts acpi mmx fxsr sse sse2 ss ht tm pbe syscall nx pdpe1gb rdtscp lm constant_tsc arch_perfmon pebs bts rep_good nopl xtopology nonstop_tsc aperfmperf eagerfpu pni pclmulqdq dtes64 monitor ds_cpl vmx smx est tm2 ssse3 sdbg fma cx16 xtpr pdcm pcid sse4_1 sse4_2 x2apic movbe popcnt tsc_deadline_timer aes xsave avx f16c rdrand lahf_lm abm epb tpr_shadow vnmi flexpriority ept vpid fsgsbase tsc_adjust bmi1 avx2 smep bmi2 erms invpcid xsaveopt dtherm ida arat pln pts
bugs		:
bogomips	: 7186.21
clflush size	: 64
cache_alignment	: 64
address sizes	: 39 bits physical, 48 bits virtual
power management:

processor	: 2
vendor_id	: GenuineIntel
cpu family	: 6
model		: 60
model name	: Intel(R) Core(TM) i7-4790 CPU @ 3.60GHz
stepping	: 3
microcode	: 0x20
cpu MHz		: 3799.951
cache size	: 8192 KB
physical id	: 0
siblings	: 8
core id		: 2
cpu cores	: 4
apicid		: 4
initial apicid	: 4
fpu		: yes
fpu_exception	: yes
cpuid level	: 13
wp		: yes
flags		: fpu vme de pse tsc msr pae mce cx8 apic sep mtrr pge mca cmov pat pse36 clflush dts acpi mmx fxsr sse sse2 ss ht tm pbe syscall nx pdpe1gb rdtscp lm constant_tsc arch_perfmon pebs bts rep_good nopl xtopology nonstop_tsc aperfmperf eagerfpu pni pclmulqdq dtes64 monitor ds_cpl vmx smx est tm2 ssse3 sdbg fma cx16 xtpr pdcm pcid sse4_1 sse4_2 x2apic movbe popcnt tsc_deadline_timer aes xsave avx f16c rdrand lahf_lm abm epb tpr_shadow vnmi flexpriority ept vpid fsgsbase tsc_adjust bmi1 avx2 smep bmi2 erms invpcid xsaveopt dtherm ida arat pln pts
bugs		:
bogomips	: 7186.44
clflush size	: 64
cache_alignment	: 64
address sizes	: 39 bits physical, 48 bits virtual
power management:

processor	: 3
vendor_id	: GenuineIntel
cpu family	: 6
model		: 60
model name	: Intel(R) Core(TM) i7-4790 CPU @ 3.60GHz
stepping	: 3
microcode	: 0x20
cpu MHz		: 3799.951
cache size	: 8192 KB
physical id	: 0
siblings	: 8
core id		: 3
cpu cores	: 4
apicid		: 6
initial apicid	: 6
fpu		: yes
fpu_exception	: yes
cpuid level	: 13
wp		: yes
flags		: fpu vme de pse tsc msr pae mce cx8 apic sep mtrr pge mca cmov pat pse36 clflush dts acpi mmx fxsr sse sse2 ss ht tm pbe syscall nx pdpe1gb rdtscp lm constant_tsc arch_perfmon pebs bts rep_good nopl xtopology nonstop_tsc aperfmperf eagerfpu pni pclmulqdq dtes64 monitor ds_cpl vmx smx est tm2 ssse3 sdbg fma cx16 xtpr pdcm pcid sse4_1 sse4_2 x2apic movbe popcnt tsc_deadline_timer aes xsave avx f16c rdrand lahf_lm abm epb tpr_shadow vnmi flexpriority ept vpid fsgsbase tsc_adjust bmi1 avx2 smep bmi2 erms invpcid xsaveopt dtherm ida arat pln pts
bugs		:
bogomips	: 7186.54
clflush size	: 64
cache_alignment	: 64
address sizes	: 39 bits physical, 48 bits virtual
power management:

processor	: 4
vendor_id	: GenuineIntel
cpu family	: 6
model		: 60
model name	: Intel(R) Core(TM) i7-4790 CPU @ 3.60GHz
stepping	: 3
microcode	: 0x20
cpu MHz		: 3799.951
cache size	: 8192 KB
physical id	: 0
siblings	: 8
core id		: 0
cpu cores	: 4
apicid		: 1
initial apicid	: 1
fpu		: yes
fpu_exception	: yes
cpuid level	: 13
wp		: yes
flags		: fpu vme de pse tsc msr pae mce cx8 apic sep mtrr pge mca cmov pat pse36 clflush dts acpi mmx fxsr sse sse2 ss ht tm pbe syscall nx pdpe1gb rdtscp lm constant_tsc arch_perfmon pebs bts rep_good nopl xtopology nonstop_tsc aperfmperf eagerfpu pni pclmulqdq dtes64 monitor ds_cpl vmx smx est tm2 ssse3 sdbg fma cx16 xtpr pdcm pcid sse4_1 sse4_2 x2apic movbe popcnt tsc_deadline_timer aes xsave avx f16c rdrand lahf_lm abm epb tpr_shadow vnmi flexpriority ept vpid fsgsbase tsc_adjust bmi1 avx2 smep bmi2 erms invpcid xsaveopt dtherm ida arat pln pts
bugs		:
bogomips	: 7188.60
clflush size	: 64
cache_alignment	: 64
address sizes	: 39 bits physical, 48 bits virtual
power management:

processor	: 5
vendor_id	: GenuineIntel
cpu family	: 6
model		: 60
model name	: Intel(R) Core(TM) i7-4790 CPU @ 3.60GHz
stepping	: 3
microcode	: 0x20
cpu MHz		: 3799.951
cache size	: 8192 KB
physical id	: 0
siblings	: 8
core id		: 1
cpu cores	: 4
apicid		: 3
initial apicid	: 3
fpu		: yes
fpu_exception	: yes
cpuid level	: 13
wp		: yes
flags		: fpu vme de pse tsc msr pae mce cx8 apic sep mtrr pge mca cmov pat pse36 clflush dts acpi mmx fxsr sse sse2 ss ht tm pbe syscall nx pdpe1gb rdtscp lm constant_tsc arch_perfmon pebs bts rep_good nopl xtopology nonstop_tsc aperfmperf eagerfpu pni pclmulqdq dtes64 monitor ds_cpl vmx smx est tm2 ssse3 sdbg fma cx16 xtpr pdcm pcid sse4_1 sse4_2 x2apic movbe popcnt tsc_deadline_timer aes xsave avx f16c rdrand lahf_lm abm epb tpr_shadow vnmi flexpriority ept vpid fsgsbase tsc_adjust bmi1 avx2 smep bmi2 erms invpcid xsaveopt dtherm ida arat pln pts
bugs		:
bogomips	: 7186.95
clflush size	: 64
cache_alignment	: 64
address sizes	: 39 bits physical, 48 bits virtual
power management:

processor	: 6
vendor_id	: GenuineIntel
cpu family	: 6
model		: 60
model name	: Intel(R) Core(TM) i7-4790 CPU @ 3.60GHz
stepping	: 3
microcode	: 0x20
cpu MHz		: 3799.951
cache size	: 8192 KB
physical id	: 0
siblings	: 8
core id		: 2
cpu cores	: 4
apicid		: 5
initial apicid	: 5
fpu		: yes
fpu_exception	: yes
cpuid level	: 13
wp		: yes
flags		: fpu vme de pse tsc msr pae mce cx8 apic sep mtrr pge mca cmov pat pse36 clflush dts acpi mmx fxsr sse sse2 ss ht tm pbe syscall nx pdpe1gb rdtscp lm constant_tsc arch_perfmon pebs bts rep_good nopl xtopology nonstop_tsc aperfmperf eagerfpu pni pclmulqdq dtes64 monitor ds_cpl vmx smx est tm2 ssse3 sdbg fma cx16 xtpr pdcm pcid sse4_1 sse4_2 x2apic movbe popcnt tsc_deadline_timer aes xsave avx f16c rdrand lahf_lm abm epb tpr_shadow vnmi flexpriority ept vpid fsgsbase tsc_adjust bmi1 avx2 smep bmi2 erms invpcid xsaveopt dtherm ida arat pln pts
bugs		:
bogomips	: 7186.87
clflush size	: 64
cache_alignment	: 64
address sizes	: 39 bits physical, 48 bits virtual
power management:

processor	: 7
vendor_id	: GenuineIntel
cpu family	: 6
model		: 60
model name	: Intel(R) Core(TM) i7-4790 CPU @ 3.60GHz
stepping	: 3
microcode	: 0x20
cpu MHz		: 3799.951
cache size	: 8192 KB
physical id	: 0
siblings	: 8
core id		: 3
cpu cores	: 4
apicid		: 7
initial apicid	: 7
fpu		: yes
fpu_exception	: yes
cpuid level	: 13
wp		: yes
flags		: fpu vme de pse tsc msr pae mce cx8 apic sep mtrr pge mca cmov pat pse36 clflush dts acpi mmx fxsr sse sse2 ss ht tm pbe syscall nx pdpe1gb rdtscp lm constant_tsc arch_perfmon pebs bts rep_good nopl xtopology nonstop_tsc aperfmperf eagerfpu pni pclmulqdq dtes64 monitor ds_cpl vmx smx est tm2 ssse3 sdbg fma cx16 xtpr pdcm pcid sse4_1 sse4_2 x2apic movbe popcnt tsc_deadline_timer aes xsave avx f16c rdrand lahf_lm abm epb tpr_shadow vnmi flexpriority ept vpid fsgsbase tsc_adjust bmi1 avx2 smep bmi2 erms invpcid xsaveopt dtherm ida arat pln pts
bugs		:
bogomips	: 7186.79
clflush size	: 64
cache_alignment	: 64
address sizes	: 39 bits physical, 48 bits virtual
power management:



Memory: 4k page, physical 32816512k(22689548k free), swap 0k(0k free)

vm_info: OpenJDK 64-Bit Server VM (25.76-b03) for linux-amd64 JRE (1.8.0_76-release-b03), built on Jun 29 2016 09:39:19 by "builder" with gcc 4.8.4

time: Mon Dec 12 14:49:59 2016
elapsed time: 1 seconds (0d 0h 0m 1s)

