#
# A fatal error has been detected by the Java Runtime Environment:
#
#  SIGSEGV (0xb) at pc=0x00007f07a975068d, pid=6479, tid=0x00007f079fdfd700
#
# JRE version: OpenJDK Runtime Environment (8.0_76-b03) (build 1.8.0_76-release-b03)
# Java VM: OpenJDK 64-Bit Server VM (25.76-b03 mixed mode linux-amd64 compressed oops)
# Problematic frame:
# J 2153 C1 com.android.dx.dex.code.OutputFinisher.addConstants(Ljava/util/HashSet;Lcom/android/dx/rop/code/RegisterSpec;)V (68 bytes) @ 0x00007f07a975068d [0x00007f07a9750640+0x4d]
#
# Failed to write core dump. Core dumps have been disabled. To enable core dumping, try "ulimit -c unlimited" before starting Java again
#
# If you would like to submit a bug report, please visit:
#   http://bugreport.java.com/bugreport/crash.jsp
#

---------------  T H R E A D  ---------------

Current thread (0x00007f07b8157800):  JavaThread "pool-1-thread-1" [_thread_in_Java, id=6667, stack(0x00007f079fcfd000,0x00007f079fdfe000)]

siginfo: si_signo: 11 (SIGSEGV), si_code: 1 (SEGV_MAPERR), si_addr: 0x0000000000500014

Registers:
RAX=0x0000000000000003, RBX=0x00000000000015d8, RCX=0x00000000f21e6e28, RDX=0x0000000000500000
RSP=0x00007f079fdfc290, RBP=0x00007f079fdfc638, RSI=0x00000000f21e6e28, RDI=0x00007f07a6d86678
R8 =0x0000000000000e09, R9 =0x0000000000000003, R10=0x00000000c044c0a0, R11=0x0000000000000002
R12=0x0000000000000000, R13=0x0000000000000000, R14=0x0000000000000020, R15=0x00007f07b8157800
RIP=0x00007f07a975068d, EFLAGS=0x0000000000010206, CSGSFS=0x002b000000000033, ERR=0x0000000000000004
  TRAPNO=0x000000000000000e

Top of Stack: (sp=0x00007f079fdfc290)
0x00007f079fdfc290:   00007f079fdfc638 00007f07a936e5dc
0x00007f079fdfc2a0:   00007f079fdfc638 00000000f21e6e88
0x00007f079fdfc2b0:   00000000f21e6e38 00007f07a9243510
0x00007f079fdfc2c0:   0000000000000000 00000000fc404200
0x00007f079fdfc2d0:   00007f079fdfc638 00007f07a95b753c
0x00007f079fdfc2e0:   00007f079fdfc638 00007f07a931e76c
0x00007f079fdfc2f0:   00007f079fdfc638 00007f07a931e76c
0x00007f079fdfc300:   00000000fc243120 0000000000000000
0x00007f079fdfc310:   00007f079fdfc638 00007f07a974295c
0x00007f079fdfc320:   0000000042cf0c1a 00000000c044b978
0x00007f079fdfc330:   00000000fbb90e38 00000000f21e6e38
0x00007f079fdfc340:   00000000f21e6e28 00000000f21e6e88
0x00007f079fdfc350:   0000000000000000 0000000000000000
0x00007f079fdfc360:   00000000c044b978 00000000c044b9a8
0x00007f079fdfc370:   445db106c0393780 00000000fc404200
0x00007f079fdfc380:   00007f079fdfc638 00007f07a975d80c
0x00007f079fdfc390:   ffffffffffffffff 00007f07a6d86530
0x00007f079fdfc3a0:   00007f079fdfc638 00007f07a941930c
0x00007f079fdfc3b0:   00007f07b8157800 0000000000000020
0x00007f079fdfc3c0:   00000000c02e8058 0000000000000000
0x00007f079fdfc3d0:   00000000f21e4480 00000000f21e6bd0
0x00007f079fdfc3e0:   00000000fc064dd8 00000000fbc057c8
0x00007f079fdfc3f0:   00000000fc4041d8 00000000fbc05928
0x00007f079fdfc400:   00000000f21e6de0 00007f079fdfc430
0x00007f079fdfc410:   00000000f21e6e38 0000000000000011
0x00007f079fdfc420:   00000000fc4041d8 00000000f21e6e38
0x00007f079fdfc430:   00000000c044b978 00000000c044c088
0x00007f079fdfc440:   00000000f21e6e28 0000000300000002
0x00007f079fdfc450:   00007f07a6cd1fc8 00007f079fdfc498
0x00007f079fdfc460:   00007f079fdfc638 00007f07a975a76c
0x00007f079fdfc470:   00007f07a6cd2028 0000000000000000
0x00007f079fdfc480:   00007f079fdfc4a0 00007f079fdfc638 

Instructions: (pc=0x00007f07a975068d)
0x00007f07a975066d:   66 d8 a6 07 7f 00 00 81 e3 f8 3f 00 00 83 fb 00
0x00007f07a975067d:   0f 84 17 02 00 00 48 83 fa 00 0f 84 fe 01 00 00
0x00007f07a975068d:   8b 7a 14 8b 5f 0c 48 89 9c 24 b8 00 00 00 8b 7f
0x00007f07a975069d:   10 48 89 bc 24 c0 00 00 00 8b 42 10 48 8b f0 90 

Register to memory mapping:

RAX=0x0000000000000003 is an unknown value
RBX=0x00000000000015d8 is an unknown value
RCX=0x00000000f21e6e28 is an oop
java.util.HashSet 
 - klass: 'java/util/HashSet'
RDX=0x0000000000500000 is an unknown value
RSP=0x00007f079fdfc290 is pointing into the stack for thread: 0x00007f07b8157800
RBP=0x00007f079fdfc638 is pointing into the stack for thread: 0x00007f07b8157800
RSI=0x00000000f21e6e28 is an oop
java.util.HashSet 
 - klass: 'java/util/HashSet'
RDI={method} {0x00007f07a6d86678} 'addConstants' '(Ljava/util/HashSet;Lcom/android/dx/rop/code/RegisterSpec;)V' in 'com/android/dx/dex/code/OutputFinisher'
R8 =0x0000000000000e09 is an unknown value
R9 =0x0000000000000003 is an unknown value
R10=0x00000000c044c0a0 is an oop
[Lcom.android.dx.rop.code.RegisterSpec; 
 - klass: 'com/android/dx/rop/code/RegisterSpec'[]
 - length: 5
R11=0x0000000000000002 is an unknown value
R12=0x0000000000000000 is an unknown value
R13=0x0000000000000000 is an unknown value
R14=0x0000000000000020 is an unknown value
R15=0x00007f07b8157800 is a thread


Stack: [0x00007f079fcfd000,0x00007f079fdfe000],  sp=0x00007f079fdfc290,  free space=1020k
Native frames: (J=compiled Java code, j=interpreted, Vv=VM code, C=native code)
J 2153 C1 com.android.dx.dex.code.OutputFinisher.addConstants(Ljava/util/HashSet;Lcom/android/dx/rop/code/RegisterSpec;)V (68 bytes) @ 0x00007f07a975068d [0x00007f07a9750640+0x4d]
J 2168 C1 com.android.dx.dex.code.OutputFinisher.addConstants(Ljava/util/HashSet;Lcom/android/dx/dex/code/DalvInsn;)V (93 bytes) @ 0x00007f07a975d80c [0x00007f07a975cd20+0xaec]
J 2165 C1 com.android.dx.dex.code.OutputFinisher.getAllConstants()Ljava/util/HashSet; (47 bytes) @ 0x00007f07a975a76c [0x00007f07a975a0c0+0x6ac]
J 2160 C1 com.android.dx.dex.file.CodeItem.addContents(Lcom/android/dx/dex/file/DexFile;)V (174 bytes) @ 0x00007f07a9756124 [0x00007f07a9755d80+0x3a4]
j  com.android.dx.dex.file.MixedItemSection.prepare0()V+44
j  com.android.dx.dex.file.Section.prepare()V+5
j  com.android.dx.dex.file.DexFile.toDex0(ZZ)Lcom/android/dx/util/ByteArrayAnnotatedOutput;+18
j  com.android.dx.dex.file.DexFile.toDex(Ljava/io/Writer;Z)[B+13
j  com.android.dx.command.dexer.Main.writeDex(Lcom/android/dx/dex/file/DexFile;)[B+44
j  com.android.dx.command.dexer.Main.access$3000(Lcom/android/dx/dex/file/DexFile;)[B+1
j  com.android.dx.command.dexer.Main$DexWriter.call()[B+4
j  com.android.dx.command.dexer.Main$DexWriter.call()Ljava/lang/Object;+1
J 2088 C1 java.util.concurrent.FutureTask.run()V (126 bytes) @ 0x00007f07a970461c [0x00007f07a9704540+0xdc]
j  java.util.concurrent.ThreadPoolExecutor.runWorker(Ljava/util/concurrent/ThreadPoolExecutor$Worker;)V+95
j  java.util.concurrent.ThreadPoolExecutor$Worker.run()V+5
j  java.lang.Thread.run()V+11
v  ~StubRoutines::call_stub
V  [libjvm.so+0x6257fa]  JavaCalls::call_helper(JavaValue*, methodHandle*, JavaCallArguments*, Thread*)+0xeea
V  [libjvm.so+0x622ed4]  JavaCalls::call_virtual(JavaValue*, KlassHandle, Symbol*, Symbol*, JavaCallArguments*, Thread*)+0x2a4
V  [libjvm.so+0x6234ca]  JavaCalls::call_virtual(JavaValue*, Handle, KlassHandle, Symbol*, Symbol*, Thread*)+0x4a
V  [libjvm.so+0x663efe]  thread_entry(JavaThread*, Thread*)+0x8e
V  [libjvm.so+0x986ec0]  JavaThread::thread_main_inner()+0xf0
V  [libjvm.so+0x8425b2]  java_start(Thread*)+0xf2
C  [libpthread.so.0+0x75ca]  start_thread+0xca


---------------  P R O C E S S  ---------------

Java Threads: ( => current thread )
=>0x00007f07b8157800 JavaThread "pool-1-thread-1" [_thread_in_Java, id=6667, stack(0x00007f079fcfd000,0x00007f079fdfe000)]
  0x00007f07b80c8800 JavaThread "Service Thread" daemon [_thread_blocked, id=6501, stack(0x00007f07a40e6000,0x00007f07a41e7000)]
  0x00007f07b80c5800 JavaThread "C1 CompilerThread3" daemon [_thread_blocked, id=6500, stack(0x00007f07a41e7000,0x00007f07a42e8000)]
  0x00007f07b80c3800 JavaThread "C2 CompilerThread2" daemon [_thread_in_native, id=6499, stack(0x00007f07a42e8000,0x00007f07a43e9000)]
  0x00007f07b80c2000 JavaThread "C2 CompilerThread1" daemon [_thread_in_native, id=6498, stack(0x00007f07a43e9000,0x00007f07a44ea000)]
  0x00007f07b80bf000 JavaThread "C2 CompilerThread0" daemon [_thread_in_native, id=6497, stack(0x00007f07a44ea000,0x00007f07a45eb000)]
  0x00007f07b80bd800 JavaThread "Signal Dispatcher" daemon [_thread_blocked, id=6496, stack(0x00007f07a45eb000,0x00007f07a46ec000)]
  0x00007f07b808b000 JavaThread "Finalizer" daemon [_thread_blocked, id=6495, stack(0x00007f07a46ec000,0x00007f07a47ed000)]
  0x00007f07b8086000 JavaThread "Reference Handler" daemon [_thread_blocked, id=6494, stack(0x00007f07a47ed000,0x00007f07a48ee000)]
  0x00007f07b8008800 JavaThread "main" [_thread_blocked, id=6482, stack(0x00007f07bf909000,0x00007f07bfa0a000)]

Other Threads:
  0x00007f07b807e800 VMThread [stack: 0x00007f07a48ee000,0x00007f07a49ef000] [id=6492]
  0x00007f07b80cb000 WatcherThread [stack: 0x00007f079feff000,0x00007f07a0000000] [id=6502]

VM state:not at safepoint (normal execution)

VM Mutex/Monitor currently owned by a thread: None

Heap:
 PSYoungGen      total 279040K, used 143006K [0x00000000eab00000, 0x00000000fd000000, 0x0000000100000000)
  eden space 258048K, 47% used [0x00000000eab00000,0x00000000f2227d00,0x00000000fa700000)
  from space 20992K, 99% used [0x00000000fbb80000,0x00000000fcfffdf8,0x00000000fd000000)
  to   space 20992K, 0% used [0x00000000fa700000,0x00000000fa700000,0x00000000fbb80000)
 ParOldGen       total 343040K, used 13195K [0x00000000c0000000, 0x00000000d4f00000, 0x00000000eab00000)
  object space 343040K, 3% used [0x00000000c0000000,0x00000000c0ce2ce8,0x00000000d4f00000)
 Metaspace       used 6420K, capacity 7218K, committed 7296K, reserved 1056768K
  class space    used 599K, capacity 618K, committed 640K, reserved 1048576K

Card table byte_map: [0x00007f07bcbe3000,0x00007f07bcde4000] byte_map_base: 0x00007f07bc5e3000

Marking Bits: (ParMarkBitMap*) 0x00007f07bede71a0
 Begin Bits: [0x00007f07a7000000, 0x00007f07a8000000)
 End Bits:   [0x00007f07a8000000, 0x00007f07a9000000)

Polling page: 0x00007f07bfa2e000

CodeCache: size=245760Kb used=7521Kb max_used=7521Kb free=238238Kb
 bounds [0x00007f07a9000000, 0x00007f07a9760000, 0x00007f07b8000000]
 total_blobs=2281 nmethods=2013 adapters=182
 compilation: enabled

Compilation events (10 events):
Event: 3.353 Thread 0x00007f07b80c5800 2164 %     3       com.android.dx.dex.code.OutputFinisher::getAllConstants @ 18 (47 bytes)
Event: 3.354 Thread 0x00007f07b80c5800 nmethod 2164% 0x00007f07a97549d0 code [0x00007f07a9754c00, 0x00007f07a9755618]
Event: 3.354 Thread 0x00007f07b80c5800 2165       3       com.android.dx.dex.code.OutputFinisher::getAllConstants (47 bytes)
Event: 3.354 Thread 0x00007f07b80c5800 nmethod 2165 0x00007f07a9759e90 code [0x00007f07a975a0c0, 0x00007f07a975aa28]
Event: 3.368 Thread 0x00007f07b80c5800 2166       2       com.android.dx.dex.file.DebugInfoItem::<init> (36 bytes)
Event: 3.368 Thread 0x00007f07b80c5800 nmethod 2166 0x00007f07a97544d0 code [0x00007f07a9754640, 0x00007f07a97548b8]
Event: 3.371 Thread 0x00007f07b80c5800 2167 %     3       com.android.dx.dex.code.OutputFinisher::addConstants @ 47 (93 bytes)
Event: 3.372 Thread 0x00007f07b80c5800 nmethod 2167% 0x00007f07a975af90 code [0x00007f07a975b1e0, 0x00007f07a975c438]
Event: 3.372 Thread 0x00007f07b80c5800 2168       3       com.android.dx.dex.code.OutputFinisher::addConstants (93 bytes)
Event: 3.372 Thread 0x00007f07b80c5800 nmethod 2168 0x00007f07a975cad0 code [0x00007f07a975cd20, 0x00007f07a975deb8]

GC Heap History (4 events):
Event: 1.671 GC heap before
{Heap before GC invocations=1 (full 0):
 PSYoungGen      total 150016K, used 129024K [0x00000000eab00000, 0x00000000f5200000, 0x0000000100000000)
  eden space 129024K, 100% used [0x00000000eab00000,0x00000000f2900000,0x00000000f2900000)
  from space 20992K, 0% used [0x00000000f3d80000,0x00000000f3d80000,0x00000000f5200000)
  to   space 20992K, 0% used [0x00000000f2900000,0x00000000f2900000,0x00000000f3d80000)
 ParOldGen       total 343040K, used 0K [0x00000000c0000000, 0x00000000d4f00000, 0x00000000eab00000)
  object space 343040K, 0% used [0x00000000c0000000,0x00000000c0000000,0x00000000d4f00000)
 Metaspace       used 5984K, capacity 7024K, committed 7296K, reserved 1056768K
  class space    used 574K, capacity 616K, committed 640K, reserved 1048576K
Event: 1.709 GC heap after
Heap after GC invocations=1 (full 0):
 PSYoungGen      total 150016K, used 19215K [0x00000000eab00000, 0x00000000fd000000, 0x0000000100000000)
  eden space 129024K, 0% used [0x00000000eab00000,0x00000000eab00000,0x00000000f2900000)
  from space 20992K, 91% used [0x00000000f2900000,0x00000000f3bc3ed0,0x00000000f3d80000)
  to   space 20992K, 0% used [0x00000000fbb80000,0x00000000fbb80000,0x00000000fd000000)
 ParOldGen       total 343040K, used 16K [0x00000000c0000000, 0x00000000d4f00000, 0x00000000eab00000)
  object space 343040K, 0% used [0x00000000c0000000,0x00000000c0004000,0x00000000d4f00000)
 Metaspace       used 5984K, capacity 7024K, committed 7296K, reserved 1056768K
  class space    used 574K, capacity 616K, committed 640K, reserved 1048576K
}
Event: 2.359 GC heap before
{Heap before GC invocations=2 (full 0):
 PSYoungGen      total 150016K, used 148239K [0x00000000eab00000, 0x00000000fd000000, 0x0000000100000000)
  eden space 129024K, 100% used [0x00000000eab00000,0x00000000f2900000,0x00000000f2900000)
  from space 20992K, 91% used [0x00000000f2900000,0x00000000f3bc3ed0,0x00000000f3d80000)
  to   space 20992K, 0% used [0x00000000fbb80000,0x00000000fbb80000,0x00000000fd000000)
 ParOldGen       total 343040K, used 16K [0x00000000c0000000, 0x00000000d4f00000, 0x00000000eab00000)
  object space 343040K, 0% used [0x00000000c0000000,0x00000000c0004000,0x00000000d4f00000)
 Metaspace       used 6247K, capacity 7152K, committed 7296K, reserved 1056768K
  class space    used 592K, capacity 616K, committed 640K, reserved 1048576K
Event: 2.459 GC heap after
Heap after GC invocations=2 (full 0):
 PSYoungGen      total 279040K, used 20991K [0x00000000eab00000, 0x00000000fd000000, 0x0000000100000000)
  eden space 258048K, 0% used [0x00000000eab00000,0x00000000eab00000,0x00000000fa700000)
  from space 20992K, 99% used [0x00000000fbb80000,0x00000000fcfffdf8,0x00000000fd000000)
  to   space 20992K, 0% used [0x00000000fa700000,0x00000000fa700000,0x00000000fbb80000)
 ParOldGen       total 343040K, used 13195K [0x00000000c0000000, 0x00000000d4f00000, 0x00000000eab00000)
  object space 343040K, 3% used [0x00000000c0000000,0x00000000c0ce2ce8,0x00000000d4f00000)
 Metaspace       used 6247K, capacity 7152K, committed 7296K, reserved 1056768K
  class space    used 592K, capacity 616K, committed 640K, reserved 1048576K
}

Deoptimization events (10 events):
Event: 2.785 Thread 0x00007f07b8157800 Uncommon trap: reason=bimorphic action=maybe_recompile pc=0x00007f07a96bba3c method=com.android.dx.cf.code.BytecodeArray.parseInstruction(ILcom/android/dx/cf/code/BytecodeArray$Visitor;)I @ 971
Event: 2.785 Thread 0x00007f07b8157800 Uncommon trap: reason=bimorphic action=maybe_recompile pc=0x00007f07a96bba3c method=com.android.dx.cf.code.BytecodeArray.parseInstruction(ILcom/android/dx/cf/code/BytecodeArray$Visitor;)I @ 971
Event: 2.786 Thread 0x00007f07b8157800 Uncommon trap: reason=bimorphic action=maybe_recompile pc=0x00007f07a96bba3c method=com.android.dx.cf.code.BytecodeArray.parseInstruction(ILcom/android/dx/cf/code/BytecodeArray$Visitor;)I @ 971
Event: 2.786 Thread 0x00007f07b8157800 Uncommon trap: reason=bimorphic action=maybe_recompile pc=0x00007f07a96bba3c method=com.android.dx.cf.code.BytecodeArray.parseInstruction(ILcom/android/dx/cf/code/BytecodeArray$Visitor;)I @ 971
Event: 2.827 Thread 0x00007f07b8155000 Uncommon trap: reason=unstable_if action=reinterpret pc=0x00007f07a96053a8 method=com.android.dx.ssa.SCCP.simulateBranch(Lcom/android/dx/ssa/SsaInsn;)V @ 548
Event: 3.294 Thread 0x00007f07b8157800 Uncommon trap: reason=class_check action=maybe_recompile pc=0x00007f07a94beeb8 method=java.util.Arrays.hashCode([Ljava/lang/Object;)I @ 43
Event: 3.294 Thread 0x00007f07b8157800 Uncommon trap: reason=class_check action=maybe_recompile pc=0x00007f07a94beeb8 method=java.util.Arrays.hashCode([Ljava/lang/Object;)I @ 43
Event: 3.294 Thread 0x00007f07b8157800 Uncommon trap: reason=class_check action=maybe_recompile pc=0x00007f07a94beeb8 method=java.util.Arrays.hashCode([Ljava/lang/Object;)I @ 43
Event: 3.294 Thread 0x00007f07b8157800 Uncommon trap: reason=class_check action=maybe_recompile pc=0x00007f07a94beeb8 method=java.util.Arrays.hashCode([Ljava/lang/Object;)I @ 43
Event: 3.295 Thread 0x00007f07b8157800 Uncommon trap: reason=class_check action=maybe_recompile pc=0x00007f07a9474b78 method=java.util.Arrays.hashCode([Ljava/lang/Object;)I @ 43

Internal exceptions (6 events):
Event: 0.034 Thread 0x00007f07b8008800 Exception <a 'java/lang/NoSuchMethodError': Method sun.misc.Unsafe.defineClass(Ljava/lang/String;[BII)Ljava/lang/Class; name or signature does not match> (0x00000000eab07cc0) thrown at [/ssd/Android/AOSP-openjdk/external/jetbrains/jdk/hotspot/src/share/vm
Event: 0.034 Thread 0x00007f07b8008800 Exception <a 'java/lang/NoSuchMethodError': Method sun.misc.Unsafe.prefetchRead(Ljava/lang/Object;J)V name or signature does not match> (0x00000000eab07fa8) thrown at [/ssd/Android/AOSP-openjdk/external/jetbrains/jdk/hotspot/src/share/vm/prims/jni.cpp, li
Event: 0.806 Thread 0x00007f07b8008800 Implicit null exception at 0x00007f07a928efdd to 0x00007f07a929136d
Event: 1.958 Thread 0x00007f07b8151000 Exception <a 'java/lang/ArrayIndexOutOfBoundsException': 18> (0x00000000eeb37548) thrown at [/ssd/Android/AOSP-openjdk/external/jetbrains/jdk/hotspot/src/share/vm/interpreter/interpreterRuntime.cpp, line 366]
Event: 1.959 Thread 0x00007f07b8151000 Exception <a 'java/lang/ArrayIndexOutOfBoundsException': 145> (0x00000000eeb390c8) thrown at [/ssd/Android/AOSP-openjdk/external/jetbrains/jdk/hotspot/src/share/vm/interpreter/interpreterRuntime.cpp, line 366]
Event: 1.959 Thread 0x00007f07b8151000 Exception <a 'java/lang/ArrayIndexOutOfBoundsException': 40> (0x00000000eeb3a3b0) thrown at [/ssd/Android/AOSP-openjdk/external/jetbrains/jdk/hotspot/src/share/vm/interpreter/interpreterRuntime.cpp, line 366]

Events (10 events):
Event: 3.295 Thread 0x00007f07b8157800 DEOPT PACKING pc=0x00007f07a9474b78 sp=0x00007f079fdfc330
Event: 3.295 Thread 0x00007f07b8157800 DEOPT UNPACKING pc=0x00007f07a9004f69 sp=0x00007f079fdfc2d8 mode 2
Event: 3.300 loading class com/android/dx/rop/cst/Zeroes
Event: 3.300 loading class com/android/dx/rop/cst/Zeroes done
Event: 3.336 loading class com/android/dx/dex/file/CatchStructs
Event: 3.336 loading class com/android/dx/dex/file/CatchStructs done
Event: 3.354 Thread 0x00007f07b8157800 DEOPT PACKING pc=0x00007f07a9752f34 sp=0x00007f079fdfc470
Event: 3.354 Thread 0x00007f07b8157800 DEOPT UNPACKING pc=0x00007f07a9047373 sp=0x00007f079fdfc220 mode 0
Event: 3.372 Thread 0x00007f07b8157800 DEOPT PACKING pc=0x00007f07a974fad8 sp=0x00007f079fdfc390
Event: 3.372 Thread 0x00007f07b8157800 DEOPT UNPACKING pc=0x00007f07a9047373 sp=0x00007f079fdfc158 mode 0


Dynamic libraries:
00400000-00401000 r-xp 00000000 08:01 37487725                           /home/caitano/android-studio/jre/bin/java
00600000-00601000 r--p 00000000 08:01 37487725                           /home/caitano/android-studio/jre/bin/java
00601000-00602000 rw-p 00001000 08:01 37487725                           /home/caitano/android-studio/jre/bin/java
01978000-01999000 rw-p 00000000 00:00 0                                  [heap]
c0000000-d4f00000 rw-p 00000000 00:00 0 
d4f00000-eab00000 ---p 00000000 00:00 0 
eab00000-fd000000 rw-p 00000000 00:00 0 
fd000000-100000000 ---p 00000000 00:00 0 
100000000-1000a0000 rw-p 00000000 00:00 0 
1000a0000-140000000 ---p 00000000 00:00 0 
7f0724000000-7f0724037000 rw-p 00000000 00:00 0 
7f0724037000-7f0728000000 ---p 00000000 00:00 0 
7f072c000000-7f072c021000 rw-p 00000000 00:00 0 
7f072c021000-7f0730000000 ---p 00000000 00:00 0 
7f0730000000-7f07302a2000 rw-p 00000000 00:00 0 
7f07302a2000-7f0734000000 ---p 00000000 00:00 0 
7f0734000000-7f0734043000 rw-p 00000000 00:00 0 
7f0734043000-7f0738000000 ---p 00000000 00:00 0 
7f0738000000-7f0738021000 rw-p 00000000 00:00 0 
7f0738021000-7f073c000000 ---p 00000000 00:00 0 
7f073c000000-7f073c021000 rw-p 00000000 00:00 0 
7f073c021000-7f0740000000 ---p 00000000 00:00 0 
7f0740000000-7f0740021000 rw-p 00000000 00:00 0 
7f0740021000-7f0744000000 ---p 00000000 00:00 0 
7f0744000000-7f0744abd000 rw-p 00000000 00:00 0 
7f0744abd000-7f0748000000 ---p 00000000 00:00 0 
7f0748000000-7f0748a08000 rw-p 00000000 00:00 0 
7f0748a08000-7f074c000000 ---p 00000000 00:00 0 
7f074c000000-7f074c84f000 rw-p 00000000 00:00 0 
7f074c84f000-7f0750000000 ---p 00000000 00:00 0 
7f0750000000-7f0750bb5000 rw-p 00000000 00:00 0 
7f0750bb5000-7f0754000000 ---p 00000000 00:00 0 
7f0754000000-7f0754021000 rw-p 00000000 00:00 0 
7f0754021000-7f0758000000 ---p 00000000 00:00 0 
7f075968d000-7f0760000000 r--p 00000000 08:02 1579773                    /usr/lib/locale/locale-archive
7f0760000000-7f0760021000 rw-p 00000000 00:00 0 
7f0760021000-7f0764000000 ---p 00000000 00:00 0 
7f0764000000-7f0764021000 rw-p 00000000 00:00 0 
7f0764021000-7f0768000000 ---p 00000000 00:00 0 
7f0768000000-7f0768021000 rw-p 00000000 00:00 0 
7f0768021000-7f076c000000 ---p 00000000 00:00 0 
7f076c000000-7f076c021000 rw-p 00000000 00:00 0 
7f076c021000-7f0770000000 ---p 00000000 00:00 0 
7f0770000000-7f0770021000 rw-p 00000000 00:00 0 
7f0770021000-7f0774000000 ---p 00000000 00:00 0 
7f0778000000-7f0778021000 rw-p 00000000 00:00 0 
7f0778021000-7f077c000000 ---p 00000000 00:00 0 
7f0780000000-7f0780021000 rw-p 00000000 00:00 0 
7f0780021000-7f0784000000 ---p 00000000 00:00 0 
7f0788000000-7f0788021000 rw-p 00000000 00:00 0 
7f0788021000-7f078c000000 ---p 00000000 00:00 0 
7f0790000000-7f0790021000 rw-p 00000000 00:00 0 
7f0790021000-7f0794000000 ---p 00000000 00:00 0 
7f0798000000-7f0798021000 rw-p 00000000 00:00 0 
7f0798021000-7f079c000000 ---p 00000000 00:00 0 
7f079f9fa000-7f079f9fd000 ---p 00000000 00:00 0 
7f079f9fd000-7f079fafb000 rw-p 00000000 00:00 0 
7f079fafb000-7f079fafe000 ---p 00000000 00:00 0 
7f079fafe000-7f079fbfc000 rw-p 00000000 00:00 0 
7f079fbfc000-7f079fbff000 ---p 00000000 00:00 0 
7f079fbff000-7f079fcfd000 rw-p 00000000 00:00 0 
7f079fcfd000-7f079fd00000 ---p 00000000 00:00 0 
7f079fd00000-7f079fdfe000 rw-p 00000000 00:00 0 
7f079fdfe000-7f079fe01000 ---p 00000000 00:00 0 
7f079fe01000-7f079feff000 rw-p 00000000 00:00 0 
7f079feff000-7f079ff00000 ---p 00000000 00:00 0 
7f079ff00000-7f07a0000000 rw-p 00000000 00:00 0 
7f07a0000000-7f07a0021000 rw-p 00000000 00:00 0 
7f07a0021000-7f07a4000000 ---p 00000000 00:00 0 
7f07a40e6000-7f07a40e9000 ---p 00000000 00:00 0 
7f07a40e9000-7f07a41e7000 rw-p 00000000 00:00 0 
7f07a41e7000-7f07a41ea000 ---p 00000000 00:00 0 
7f07a41ea000-7f07a42e8000 rw-p 00000000 00:00 0 
7f07a42e8000-7f07a42eb000 ---p 00000000 00:00 0 
7f07a42eb000-7f07a43e9000 rw-p 00000000 00:00 0 
7f07a43e9000-7f07a43ec000 ---p 00000000 00:00 0 
7f07a43ec000-7f07a44ea000 rw-p 00000000 00:00 0 
7f07a44ea000-7f07a44ed000 ---p 00000000 00:00 0 
7f07a44ed000-7f07a45eb000 rw-p 00000000 00:00 0 
7f07a45eb000-7f07a45ee000 ---p 00000000 00:00 0 
7f07a45ee000-7f07a46ec000 rw-p 00000000 00:00 0 
7f07a46ec000-7f07a46ef000 ---p 00000000 00:00 0 
7f07a46ef000-7f07a47ed000 rw-p 00000000 00:00 0 
7f07a47ed000-7f07a47f0000 ---p 00000000 00:00 0 
7f07a47f0000-7f07a48ee000 rw-p 00000000 00:00 0 
7f07a48ee000-7f07a48ef000 ---p 00000000 00:00 0 
7f07a48ef000-7f07a6633000 rw-p 00000000 00:00 0 
7f07a6633000-7f07a6800000 r--s 03bec000 08:01 37487781                   /home/caitano/android-studio/jre/jre/lib/rt.jar
7f07a6800000-7f07a6e80000 rw-p 00000000 00:00 0 
7f07a6e80000-7f07a7000000 ---p 00000000 00:00 0 
7f07a7000000-7f07a9000000 rw-p 00000000 00:00 0 
7f07a9000000-7f07a9760000 rwxp 00000000 00:00 0 
7f07a9760000-7f07b8000000 ---p 00000000 00:00 0 
7f07b8000000-7f07b8390000 rw-p 00000000 00:00 0 
7f07b8390000-7f07bc000000 ---p 00000000 00:00 0 
7f07bc001000-7f07bc00f000 r--s 000e0000 08:01 22164268                   /home/caitano/Android/Sdk/build-tools/24.0.2/lib/dx.jar
7f07bc00f000-7f07bc285000 rw-p 00000000 00:00 0 
7f07bc285000-7f07bc286000 ---p 00000000 00:00 0 
7f07bc286000-7f07bc386000 rw-p 00000000 00:00 0 
7f07bc386000-7f07bc387000 ---p 00000000 00:00 0 
7f07bc387000-7f07bc487000 rw-p 00000000 00:00 0 
7f07bc487000-7f07bc488000 ---p 00000000 00:00 0 
7f07bc488000-7f07bc588000 rw-p 00000000 00:00 0 
7f07bc588000-7f07bc589000 ---p 00000000 00:00 0 
7f07bc589000-7f07bc689000 rw-p 00000000 00:00 0 
7f07bc689000-7f07bc68a000 ---p 00000000 00:00 0 
7f07bc68a000-7f07bc78a000 rw-p 00000000 00:00 0 
7f07bc78a000-7f07bc78b000 ---p 00000000 00:00 0 
7f07bc78b000-7f07bc88b000 rw-p 00000000 00:00 0 
7f07bc88b000-7f07bc88c000 ---p 00000000 00:00 0 
7f07bc88c000-7f07bc98c000 rw-p 00000000 00:00 0 
7f07bc98c000-7f07bc98d000 ---p 00000000 00:00 0 
7f07bc98d000-7f07bcb35000 rw-p 00000000 00:00 0 
7f07bcb35000-7f07bcbe3000 ---p 00000000 00:00 0 
7f07bcbe3000-7f07bcc8b000 rw-p 00000000 00:00 0 
7f07bcc8b000-7f07bcd38000 ---p 00000000 00:00 0 
7f07bcd38000-7f07bcdcb000 rw-p 00000000 00:00 0 
7f07bcdcb000-7f07bcde3000 ---p 00000000 00:00 0 
7f07bcde3000-7f07bce02000 rw-p 00000000 00:00 0 
7f07bce02000-7f07bd1a4000 ---p 00000000 00:00 0 
7f07bd1a4000-7f07bd1be000 r-xp 00000000 08:01 37487808                   /home/caitano/android-studio/jre/jre/lib/amd64/libzip.so
7f07bd1be000-7f07bd3be000 ---p 0001a000 08:01 37487808                   /home/caitano/android-studio/jre/jre/lib/amd64/libzip.so
7f07bd3be000-7f07bd3bf000 r--p 0001a000 08:01 37487808                   /home/caitano/android-studio/jre/jre/lib/amd64/libzip.so
7f07bd3bf000-7f07bd3c0000 rw-p 0001b000 08:01 37487808                   /home/caitano/android-studio/jre/jre/lib/amd64/libzip.so
7f07bd3c0000-7f07bd3cb000 r-xp 00000000 08:02 1584032                    /usr/lib64/libnss_files-2.23.so
7f07bd3cb000-7f07bd5ca000 ---p 0000b000 08:02 1584032                    /usr/lib64/libnss_files-2.23.so
7f07bd5ca000-7f07bd5cb000 r--p 0000a000 08:02 1584032                    /usr/lib64/libnss_files-2.23.so
7f07bd5cb000-7f07bd5cc000 rw-p 0000b000 08:02 1584032                    /usr/lib64/libnss_files-2.23.so
7f07bd5cc000-7f07bd5d2000 rw-p 00000000 00:00 0 
7f07bd5d2000-7f07bd5ff000 r-xp 00000000 08:01 37487818                   /home/caitano/android-studio/jre/jre/lib/amd64/libjava.so
7f07bd5ff000-7f07bd7fe000 ---p 0002d000 08:01 37487818                   /home/caitano/android-studio/jre/jre/lib/amd64/libjava.so
7f07bd7fe000-7f07bd7ff000 r--p 0002c000 08:01 37487818                   /home/caitano/android-studio/jre/jre/lib/amd64/libjava.so
7f07bd7ff000-7f07bd801000 rw-p 0002d000 08:01 37487818                   /home/caitano/android-studio/jre/jre/lib/amd64/libjava.so
7f07bd801000-7f07bd811000 r-xp 00000000 08:01 37487834                   /home/caitano/android-studio/jre/jre/lib/amd64/libverify.so
7f07bd811000-7f07bda10000 ---p 00010000 08:01 37487834                   /home/caitano/android-studio/jre/jre/lib/amd64/libverify.so
7f07bda10000-7f07bda12000 r--p 0000f000 08:01 37487834                   /home/caitano/android-studio/jre/jre/lib/amd64/libverify.so
7f07bda12000-7f07bda13000 rw-p 00011000 08:01 37487834                   /home/caitano/android-studio/jre/jre/lib/amd64/libverify.so
7f07bda13000-7f07bda1a000 r-xp 00000000 08:02 1584140                    /usr/lib64/librt-2.23.so
7f07bda1a000-7f07bdc19000 ---p 00007000 08:02 1584140                    /usr/lib64/librt-2.23.so
7f07bdc19000-7f07bdc1a000 r--p 00006000 08:02 1584140                    /usr/lib64/librt-2.23.so
7f07bdc1a000-7f07bdc1b000 rw-p 00007000 08:02 1584140                    /usr/lib64/librt-2.23.so
7f07bdc1b000-7f07bdd23000 r-xp 00000000 08:02 1583634                    /usr/lib64/libm-2.23.so
7f07bdd23000-7f07bdf22000 ---p 00108000 08:02 1583634                    /usr/lib64/libm-2.23.so
7f07bdf22000-7f07bdf23000 r--p 00107000 08:02 1583634                    /usr/lib64/libm-2.23.so
7f07bdf23000-7f07bdf24000 rw-p 00108000 08:02 1583634                    /usr/lib64/libm-2.23.so
7f07bdf24000-7f07beb0a000 r-xp 00000000 08:01 37487838                   /home/caitano/android-studio/jre/jre/lib/amd64/server/libjvm.so
7f07beb0a000-7f07bed0a000 ---p 00be6000 08:01 37487838                   /home/caitano/android-studio/jre/jre/lib/amd64/server/libjvm.so
7f07bed0a000-7f07beda9000 r--p 00be6000 08:01 37487838                   /home/caitano/android-studio/jre/jre/lib/amd64/server/libjvm.so
7f07beda9000-7f07bedd2000 rw-p 00c85000 08:01 37487838                   /home/caitano/android-studio/jre/jre/lib/amd64/server/libjvm.so
7f07bedd2000-7f07bee14000 rw-p 00000000 00:00 0 
7f07bee14000-7f07bee2b000 r-xp 00000000 08:02 1584040                    /usr/lib64/libpthread-2.23.so
7f07bee2b000-7f07bf02a000 ---p 00017000 08:02 1584040                    /usr/lib64/libpthread-2.23.so
7f07bf02a000-7f07bf02b000 r--p 00016000 08:02 1584040                    /usr/lib64/libpthread-2.23.so
7f07bf02b000-7f07bf02c000 rw-p 00017000 08:02 1584040                    /usr/lib64/libpthread-2.23.so
7f07bf02c000-7f07bf030000 rw-p 00000000 00:00 0 
7f07bf030000-7f07bf033000 r-xp 00000000 08:02 1583610                    /usr/lib64/libdl-2.23.so
7f07bf033000-7f07bf232000 ---p 00003000 08:02 1583610                    /usr/lib64/libdl-2.23.so
7f07bf232000-7f07bf233000 r--p 00002000 08:02 1583610                    /usr/lib64/libdl-2.23.so
7f07bf233000-7f07bf234000 rw-p 00003000 08:02 1583610                    /usr/lib64/libdl-2.23.so
7f07bf234000-7f07bf3ed000 r-xp 00000000 08:02 1583483                    /usr/lib64/libc-2.23.so
7f07bf3ed000-7f07bf5ec000 ---p 001b9000 08:02 1583483                    /usr/lib64/libc-2.23.so
7f07bf5ec000-7f07bf5f0000 r--p 001b8000 08:02 1583483                    /usr/lib64/libc-2.23.so
7f07bf5f0000-7f07bf5f2000 rw-p 001bc000 08:02 1583483                    /usr/lib64/libc-2.23.so
7f07bf5f2000-7f07bf5f6000 rw-p 00000000 00:00 0 
7f07bf5f6000-7f07bf60c000 r-xp 00000000 08:01 37487699                   /home/caitano/android-studio/jre/lib/amd64/jli/libjli.so
7f07bf60c000-7f07bf80b000 ---p 00016000 08:01 37487699                   /home/caitano/android-studio/jre/lib/amd64/jli/libjli.so
7f07bf80b000-7f07bf80c000 r--p 00015000 08:01 37487699                   /home/caitano/android-studio/jre/lib/amd64/jli/libjli.so
7f07bf80c000-7f07bf80d000 rw-p 00016000 08:01 37487699                   /home/caitano/android-studio/jre/lib/amd64/jli/libjli.so
7f07bf80d000-7f07bf831000 r-xp 00000000 08:02 1586592                    /usr/lib64/ld-2.23.so
7f07bf839000-7f07bf909000 rw-p 00000000 00:00 0 
7f07bf909000-7f07bf90c000 ---p 00000000 00:00 0 
7f07bf90c000-7f07bfa0e000 rw-p 00000000 00:00 0 
7f07bfa11000-7f07bfa25000 rw-p 00000000 00:00 0 
7f07bfa25000-7f07bfa2d000 rw-s 00000000 00:26 136954                     /tmp/hsperfdata_caitano/6479
7f07bfa2d000-7f07bfa2e000 rw-p 00000000 00:00 0 
7f07bfa2e000-7f07bfa2f000 r--p 00000000 00:00 0 
7f07bfa2f000-7f07bfa30000 rw-p 00000000 00:00 0 
7f07bfa30000-7f07bfa31000 r--p 00023000 08:02 1586592                    /usr/lib64/ld-2.23.so
7f07bfa31000-7f07bfa32000 rw-p 00024000 08:02 1586592                    /usr/lib64/ld-2.23.so
7f07bfa32000-7f07bfa33000 rw-p 00000000 00:00 0 
7ffde8a2a000-7ffde8a4b000 rw-p 00000000 00:00 0                          [stack]
7ffde8b6c000-7ffde8b6e000 r--p 00000000 00:00 0                          [vvar]
7ffde8b6e000-7ffde8b70000 r-xp 00000000 00:00 0                          [vdso]
ffffffffff600000-ffffffffff601000 r-xp 00000000 00:00 0                  [vsyscall]

VM Arguments:
jvm_args: -Djava.awt.headless=true -Xmx1024M -Dfile.encoding=UTF-8 -Duser.country=US -Duser.language=en -Duser.variant 
java_command: com.android.dx.command.Main --dex --force-jumbo --num-threads=4 --multi-dex --output /home/caitano/AndroidStudioProjects/nutrition_app/app/build/intermediates/transforms/dex/debug/folders/1000/10/com.android.support-appcompat-v7-24.2.0_3eeb50086a7dd5254da27e41d99d362f109c2f14 /home/caitano/AndroidStudioProjects/nutrition_app/app/build/intermediates/exploded-aar/com.android.support/appcompat-v7/24.2.0/jars/classes.jar
java_class_path (initial): /home/caitano/Android/Sdk/build-tools/24.0.2/lib/dx.jar
Launcher Type: SUN_STANDARD

Environment Variables:
JAVA_HOME=/usr/java/jdk1.8.0_102
PATH=/usr/lib64/qt-3.3/bin:/usr/java/latest/bin:/usr/local/bin:/usr/local/sbin:/usr/bin:/usr/sbin:/opt/node-v4.4.7-linux-x64/bin:/home/caitano/WebStorm-145.597.6/bin:/home/caitano/android-studio/bin:/home/caitano/.local/bin:/home/caitano/bin
USERNAME=caitano
LD_LIBRARY_PATH=/home/caitano/android-studio/bin:
SHELL=/bin/bash
DISPLAY=:0

Signal Handlers:
SIGSEGV: [libjvm.so+0x9daac0], sa_mask[0]=11111111011111111101111111111110, sa_flags=SA_RESTART|SA_SIGINFO
SIGBUS: [libjvm.so+0x9daac0], sa_mask[0]=11111111011111111101111111111110, sa_flags=SA_RESTART|SA_SIGINFO
SIGFPE: [libjvm.so+0x840d90], sa_mask[0]=11111111011111111101111111111110, sa_flags=SA_RESTART|SA_SIGINFO
SIGPIPE: [libjvm.so+0x840d90], sa_mask[0]=11111111011111111101111111111110, sa_flags=SA_RESTART|SA_SIGINFO
SIGXFSZ: [libjvm.so+0x840d90], sa_mask[0]=11111111011111111101111111111110, sa_flags=SA_RESTART|SA_SIGINFO
SIGILL: [libjvm.so+0x840d90], sa_mask[0]=11111111011111111101111111111110, sa_flags=SA_RESTART|SA_SIGINFO
SIGUSR1: SIG_DFL, sa_mask[0]=00000000000000000000000000000000, sa_flags=none
SIGUSR2: [libjvm.so+0x840c60], sa_mask[0]=00100000000000000000000000000000, sa_flags=SA_RESTART|SA_SIGINFO
SIGHUP: [libjvm.so+0x840e50], sa_mask[0]=11111111011111111101111111111110, sa_flags=SA_RESTART|SA_SIGINFO
SIGINT: [libjvm.so+0x840e50], sa_mask[0]=11111111011111111101111111111110, sa_flags=SA_RESTART|SA_SIGINFO
SIGTERM: [libjvm.so+0x840e50], sa_mask[0]=11111111011111111101111111111110, sa_flags=SA_RESTART|SA_SIGINFO
SIGQUIT: [libjvm.so+0x840e50], sa_mask[0]=11111111011111111101111111111110, sa_flags=SA_RESTART|SA_SIGINFO


---------------  S Y S T E M  ---------------

OS:Fedora release 24 (Twenty Four)

uname:Linux 4.7.4-200.fc24.x86_64 #1 SMP Thu Sep 15 18:42:09 UTC 2016 x86_64
libc:glibc 2.23 NPTL 2.23 
rlimit: STACK 8192k, CORE 0k, NPROC 128111, NOFILE 4096, AS infinity
load average:4.26 1.37 1.14

/proc/meminfo:
MemTotal:       32816512 kB
MemFree:        22576504 kB
MemAvailable:   25280012 kB
Buffers:          581068 kB
Cached:          3536572 kB
SwapCached:            0 kB
Active:          6537040 kB
Inactive:        3056104 kB
Active(anon):    5477228 kB
Inactive(anon):  1301352 kB
Active(file):    1059812 kB
Inactive(file):  1754752 kB
Unevictable:         100 kB
Mlocked:             100 kB
SwapTotal:             0 kB
SwapFree:              0 kB
Dirty:             35748 kB
Writeback:             0 kB
AnonPages:       5475504 kB
Mapped:           962436 kB
Shmem:           1303084 kB
Slab:             441200 kB
SReclaimable:     353368 kB
SUnreclaim:        87832 kB
KernelStack:       17248 kB
PageTables:        65756 kB
NFS_Unstable:          0 kB
Bounce:                0 kB
WritebackTmp:          0 kB
CommitLimit:    16408256 kB
Committed_AS:   15156384 kB
VmallocTotal:   34359738367 kB
VmallocUsed:           0 kB
VmallocChunk:          0 kB
HardwareCorrupted:     0 kB
AnonHugePages:         0 kB
CmaTotal:              0 kB
CmaFree:               0 kB
HugePages_Total:       0
HugePages_Free:        0
HugePages_Rsvd:        0
HugePages_Surp:        0
Hugepagesize:       2048 kB
DirectMap4k:      180096 kB
DirectMap2M:    10174464 kB
DirectMap1G:    24117248 kB


CPU:total 8 (4 cores per cpu, 2 threads per core) family 6 model 60 stepping 3, cmov, cx8, fxsr, mmx, sse, sse2, sse3, ssse3, sse4.1, sse4.2, popcnt, avx, avx2, aes, clmul, erms, lzcnt, ht, tsc, tscinvbit, bmi1, bmi2

/proc/cpuinfo:
processor	: 0
vendor_id	: GenuineIntel
cpu family	: 6
model		: 60
model name	: Intel(R) Core(TM) i7-4790 CPU @ 3.60GHz
stepping	: 3
microcode	: 0x20
cpu MHz		: 3799.951
cache size	: 8192 KB
physical id	: 0
siblings	: 8
core id		: 0
cpu cores	: 4
apicid		: 0
initial apicid	: 0
fpu		: yes
fpu_exception	: yes
cpuid level	: 13
wp		: yes
flags		: fpu vme de pse tsc msr pae mce cx8 apic sep mtrr pge mca cmov pat pse36 clflush dts acpi mmx fxsr sse sse2 ss ht tm pbe syscall nx pdpe1gb rdtscp lm constant_tsc arch_perfmon pebs bts rep_good nopl xtopology nonstop_tsc aperfmperf eagerfpu pni pclmulqdq dtes64 monitor ds_cpl vmx smx est tm2 ssse3 sdbg fma cx16 xtpr pdcm pcid sse4_1 sse4_2 x2apic movbe popcnt tsc_deadline_timer aes xsave avx f16c rdrand lahf_lm abm epb tpr_shadow vnmi flexpriority ept vpid fsgsbase tsc_adjust bmi1 avx2 smep bmi2 erms invpcid xsaveopt dtherm ida arat pln pts
bugs		:
bogomips	: 7182.93
clflush size	: 64
cache_alignment	: 64
address sizes	: 39 bits physical, 48 bits virtual
power management:

processor	: 1
vendor_id	: GenuineIntel
cpu family	: 6
model		: 60
model name	: Intel(R) Core(TM) i7-4790 CPU @ 3.60GHz
stepping	: 3
microcode	: 0x20
cpu MHz		: 3799.951
cache size	: 8192 KB
physical id	: 0
siblings	: 8
core id		: 1
cpu cores	: 4
apicid		: 2
initial apicid	: 2
fpu		: yes
fpu_exception	: yes
cpuid level	: 13
wp		: yes
flags		: fpu vme de pse tsc msr pae mce cx8 apic sep mtrr pge mca cmov pat pse36 clflush dts acpi mmx fxsr sse sse2 ss ht tm pbe syscall nx pdpe1gb rdtscp lm constant_tsc arch_perfmon pebs bts rep_good nopl xtopology nonstop_tsc aperfmperf eagerfpu pni pclmulqdq dtes64 monitor ds_cpl vmx smx est tm2 ssse3 sdbg fma cx16 xtpr pdcm pcid sse4_1 sse4_2 x2apic movbe popcnt tsc_deadline_timer aes xsave avx f16c rdrand lahf_lm abm epb tpr_shadow vnmi flexpriority ept vpid fsgsbase tsc_adjust bmi1 avx2 smep bmi2 erms invpcid xsaveopt dtherm ida arat pln pts
bugs		:
bogomips	: 7186.21
clflush size	: 64
cache_alignment	: 64
address sizes	: 39 bits physical, 48 bits virtual
power management:

processor	: 2
vendor_id	: GenuineIntel
cpu family	: 6
model		: 60
model name	: Intel(R) Core(TM) i7-4790 CPU @ 3.60GHz
stepping	: 3
microcode	: 0x20
cpu MHz		: 3799.951
cache size	: 8192 KB
physical id	: 0
siblings	: 8
core id		: 2
cpu cores	: 4
apicid		: 4
initial apicid	: 4
fpu		: yes
fpu_exception	: yes
cpuid level	: 13
wp		: yes
flags		: fpu vme de pse tsc msr pae mce cx8 apic sep mtrr pge mca cmov pat pse36 clflush dts acpi mmx fxsr sse sse2 ss ht tm pbe syscall nx pdpe1gb rdtscp lm constant_tsc arch_perfmon pebs bts rep_good nopl xtopology nonstop_tsc aperfmperf eagerfpu pni pclmulqdq dtes64 monitor ds_cpl vmx smx est tm2 ssse3 sdbg fma cx16 xtpr pdcm pcid sse4_1 sse4_2 x2apic movbe popcnt tsc_deadline_timer aes xsave avx f16c rdrand lahf_lm abm epb tpr_shadow vnmi flexpriority ept vpid fsgsbase tsc_adjust bmi1 avx2 smep bmi2 erms invpcid xsaveopt dtherm ida arat pln pts
bugs		:
bogomips	: 7186.44
clflush size	: 64
cache_alignment	: 64
address sizes	: 39 bits physical, 48 bits virtual
power management:

processor	: 3
vendor_id	: GenuineIntel
cpu family	: 6
model		: 60
model name	: Intel(R) Core(TM) i7-4790 CPU @ 3.60GHz
stepping	: 3
microcode	: 0x20
cpu MHz		: 3799.951
cache size	: 8192 KB
physical id	: 0
siblings	: 8
core id		: 3
cpu cores	: 4
apicid		: 6
initial apicid	: 6
fpu		: yes
fpu_exception	: yes
cpuid level	: 13
wp		: yes
flags		: fpu vme de pse tsc msr pae mce cx8 apic sep mtrr pge mca cmov pat pse36 clflush dts acpi mmx fxsr sse sse2 ss ht tm pbe syscall nx pdpe1gb rdtscp lm constant_tsc arch_perfmon pebs bts rep_good nopl xtopology nonstop_tsc aperfmperf eagerfpu pni pclmulqdq dtes64 monitor ds_cpl vmx smx est tm2 ssse3 sdbg fma cx16 xtpr pdcm pcid sse4_1 sse4_2 x2apic movbe popcnt tsc_deadline_timer aes xsave avx f16c rdrand lahf_lm abm epb tpr_shadow vnmi flexpriority ept vpid fsgsbase tsc_adjust bmi1 avx2 smep bmi2 erms invpcid xsaveopt dtherm ida arat pln pts
bugs		:
bogomips	: 7186.54
clflush size	: 64
cache_alignment	: 64
address sizes	: 39 bits physical, 48 bits virtual
power management:

processor	: 4
vendor_id	: GenuineIntel
cpu family	: 6
model		: 60
model name	: Intel(R) Core(TM) i7-4790 CPU @ 3.60GHz
stepping	: 3
microcode	: 0x20
cpu MHz		: 3799.951
cache size	: 8192 KB
physical id	: 0
siblings	: 8
core id		: 0
cpu cores	: 4
apicid		: 1
initial apicid	: 1
fpu		: yes
fpu_exception	: yes
cpuid level	: 13
wp		: yes
flags		: fpu vme de pse tsc msr pae mce cx8 apic sep mtrr pge mca cmov pat pse36 clflush dts acpi mmx fxsr sse sse2 ss ht tm pbe syscall nx pdpe1gb rdtscp lm constant_tsc arch_perfmon pebs bts rep_good nopl xtopology nonstop_tsc aperfmperf eagerfpu pni pclmulqdq dtes64 monitor ds_cpl vmx smx est tm2 ssse3 sdbg fma cx16 xtpr pdcm pcid sse4_1 sse4_2 x2apic movbe popcnt tsc_deadline_timer aes xsave avx f16c rdrand lahf_lm abm epb tpr_shadow vnmi flexpriority ept vpid fsgsbase tsc_adjust bmi1 avx2 smep bmi2 erms invpcid xsaveopt dtherm ida arat pln pts
bugs		:
bogomips	: 7188.60
clflush size	: 64
cache_alignment	: 64
address sizes	: 39 bits physical, 48 bits virtual
power management:

processor	: 5
vendor_id	: GenuineIntel
cpu family	: 6
model		: 60
model name	: Intel(R) Core(TM) i7-4790 CPU @ 3.60GHz
stepping	: 3
microcode	: 0x20
cpu MHz		: 3799.951
cache size	: 8192 KB
physical id	: 0
siblings	: 8
core id		: 1
cpu cores	: 4
apicid		: 3
initial apicid	: 3
fpu		: yes
fpu_exception	: yes
cpuid level	: 13
wp		: yes
flags		: fpu vme de pse tsc msr pae mce cx8 apic sep mtrr pge mca cmov pat pse36 clflush dts acpi mmx fxsr sse sse2 ss ht tm pbe syscall nx pdpe1gb rdtscp lm constant_tsc arch_perfmon pebs bts rep_good nopl xtopology nonstop_tsc aperfmperf eagerfpu pni pclmulqdq dtes64 monitor ds_cpl vmx smx est tm2 ssse3 sdbg fma cx16 xtpr pdcm pcid sse4_1 sse4_2 x2apic movbe popcnt tsc_deadline_timer aes xsave avx f16c rdrand lahf_lm abm epb tpr_shadow vnmi flexpriority ept vpid fsgsbase tsc_adjust bmi1 avx2 smep bmi2 erms invpcid xsaveopt dtherm ida arat pln pts
bugs		:
bogomips	: 7186.95
clflush size	: 64
cache_alignment	: 64
address sizes	: 39 bits physical, 48 bits virtual
power management:

processor	: 6
vendor_id	: GenuineIntel
cpu family	: 6
model		: 60
model name	: Intel(R) Core(TM) i7-4790 CPU @ 3.60GHz
stepping	: 3
microcode	: 0x20
cpu MHz		: 3799.951
cache size	: 8192 KB
physical id	: 0
siblings	: 8
core id		: 2
cpu cores	: 4
apicid		: 5
initial apicid	: 5
fpu		: yes
fpu_exception	: yes
cpuid level	: 13
wp		: yes
flags		: fpu vme de pse tsc msr pae mce cx8 apic sep mtrr pge mca cmov pat pse36 clflush dts acpi mmx fxsr sse sse2 ss ht tm pbe syscall nx pdpe1gb rdtscp lm constant_tsc arch_perfmon pebs bts rep_good nopl xtopology nonstop_tsc aperfmperf eagerfpu pni pclmulqdq dtes64 monitor ds_cpl vmx smx est tm2 ssse3 sdbg fma cx16 xtpr pdcm pcid sse4_1 sse4_2 x2apic movbe popcnt tsc_deadline_timer aes xsave avx f16c rdrand lahf_lm abm epb tpr_shadow vnmi flexpriority ept vpid fsgsbase tsc_adjust bmi1 avx2 smep bmi2 erms invpcid xsaveopt dtherm ida arat pln pts
bugs		:
bogomips	: 7186.87
clflush size	: 64
cache_alignment	: 64
address sizes	: 39 bits physical, 48 bits virtual
power management:

processor	: 7
vendor_id	: GenuineIntel
cpu family	: 6
model		: 60
model name	: Intel(R) Core(TM) i7-4790 CPU @ 3.60GHz
stepping	: 3
microcode	: 0x20
cpu MHz		: 3799.951
cache size	: 8192 KB
physical id	: 0
siblings	: 8
core id		: 3
cpu cores	: 4
apicid		: 7
initial apicid	: 7
fpu		: yes
fpu_exception	: yes
cpuid level	: 13
wp		: yes
flags		: fpu vme de pse tsc msr pae mce cx8 apic sep mtrr pge mca cmov pat pse36 clflush dts acpi mmx fxsr sse sse2 ss ht tm pbe syscall nx pdpe1gb rdtscp lm constant_tsc arch_perfmon pebs bts rep_good nopl xtopology nonstop_tsc aperfmperf eagerfpu pni pclmulqdq dtes64 monitor ds_cpl vmx smx est tm2 ssse3 sdbg fma cx16 xtpr pdcm pcid sse4_1 sse4_2 x2apic movbe popcnt tsc_deadline_timer aes xsave avx f16c rdrand lahf_lm abm epb tpr_shadow vnmi flexpriority ept vpid fsgsbase tsc_adjust bmi1 avx2 smep bmi2 erms invpcid xsaveopt dtherm ida arat pln pts
bugs		:
bogomips	: 7186.79
clflush size	: 64
cache_alignment	: 64
address sizes	: 39 bits physical, 48 bits virtual
power management:



Memory: 4k page, physical 32816512k(22576132k free), swap 0k(0k free)

vm_info: OpenJDK 64-Bit Server VM (25.76-b03) for linux-amd64 JRE (1.8.0_76-release-b03), built on Jun 29 2016 09:39:19 by "builder" with gcc 4.8.4

time: Mon Dec 12 14:46:42 2016
elapsed time: 3 seconds (0d 0h 0m 3s)

