#
# A fatal error has been detected by the Java Runtime Environment:
#
#  SIGSEGV (0xb) at pc=0x00007fc6008fa8c5, pid=7660, tid=0x00007fc5c67e7700
#
# JRE version: OpenJDK Runtime Environment (8.0_76-b03) (build 1.8.0_76-release-b03)
# Java VM: OpenJDK 64-Bit Server VM (25.76-b03 mixed mode linux-amd64 compressed oops)
# Problematic frame:
# V  [libjvm.so+0x7428c5]  PhaseIdealLoop::get_ctrl(Node*)+0x25
#
# Failed to write core dump. Core dumps have been disabled. To enable core dumping, try "ulimit -c unlimited" before starting Java again
#
# If you would like to submit a bug report, please visit:
#   http://bugreport.java.com/bugreport/crash.jsp
#

---------------  T H R E A D  ---------------

Current thread (0x00007fc5f80bf000):  JavaThread "C2 CompilerThread0" daemon [_thread_in_native, id=7686, stack(0x00007fc5c66e7000,0x00007fc5c67e8000)]

siginfo: si_signo: 11 (SIGSEGV), si_code: 1 (SEGV_MAPERR), si_addr: 0x0000000c00000941

Registers:
RAX=0x0000000c00000941, RBX=0x00007fc59c7e3488, RCX=0x00007fc5a4e9b5a0, RDX=0x0000000000001000
RSP=0x00007fc5c67e2f60, RBP=0x00007fc5c67e2f80, RSI=0x000000000000056b, RDI=0x00007fc5c67e3460
R8 =0x00007fc59c6d3488, R9 =0x00007fc5a0902780, R10=0x0000000000000001, R11=0x0000000000000010
R12=0x00007fc5c67e3460, R13=0x0000000000002b58, R14=0x00007fc5c67e3460, R15=0x00007fc5c67e30a0
RIP=0x00007fc6008fa8c5, EFLAGS=0x0000000000010206, CSGSFS=0x002b000000000033, ERR=0x0000000000000004
  TRAPNO=0x000000000000000e

Top of Stack: (sp=0x00007fc5c67e2f60)
0x00007fc5c67e2f60:   00007fc5c67e3460 00007fc5c67e30e0
0x00007fc5c67e2f70:   00007fc59c15ae98 00007fc5c67e3460
0x00007fc5c67e2f80:   00007fc5c67e2fc0 00007fc6009117c2
0x00007fc5c67e2f90:   00007fc5c67e2fc0 00007fc59c15ae98
0x00007fc5c67e2fa0:   00007fc5c67e30e0 00007fc5c67e30c0
0x00007fc5c67e2fb0:   00007fc5c67e3460 00007fc5c67e30a0
0x00007fc5c67e2fc0:   00007fc5c67e3030 00007fc600911c0b
0x00007fc5c67e2fd0:   00007fc5c67e3460 00007fc5c67e3e18
0x00007fc5c67e2fe0:   00007fc5a4e5fa98 0000000100000004
0x00007fc5c67e2ff0:   00007fc500000001 00007fc5a0902858
0x00007fc5c67e3000:   00007fc5c67e3030 00007fc5f80bf670
0x00007fc5c67e3010:   00007fc5c67e30e0 00007fc5c67e3460
0x00007fc5c67e3020:   0000000000000001 00007fc5c67e30c0
0x00007fc5c67e3030:   00007fc5c67e3350 00007fc600912bda
0x00007fc5c67e3040:   00007fc59c726bc0 00007fc5a400b3b0
0x00007fc5c67e3050:   0000000100000002 00007fc500000000
0x00007fc5c67e3060:   00007fc5c67e3480 0000000000088248
0x00007fc5c67e3070:   00007fc5c67e30a0 00007fc5a00a0418
0x00007fc5c67e3080:   00007fc5a0098480 00007fc5a0098430
0x00007fc5c67e3090:   00007fc5c67e30c0 00007fc5a8768de0
0x00007fc5c67e30a0:   00007fc60103af70 00007fc5f80bf670
0x00007fc5c67e30b0:   0000000000000080 00007fc5a417cdb0
0x00007fc5c67e30c0:   00007fc5a0020d30 00007fc5a0023f80
0x00007fc5c67e30d0:   00007fc5a0020d40 00007fc5f80bf670
0x00007fc5c67e30e0:   00007fc5f80bf670 00007fc600000200
0x00007fc5c67e30f0:   00007fc5a417f6f0 00007fc5000001e3
0x00007fc5c67e3100:   00007fc5f80bf670 00007fc500000004
0x00007fc5c67e3110:   00007fc5a0020d20 00007fc500000000
0x00007fc5c67e3120:   00007fc5c67e3e80 00007fc5a0a65c98
0x00007fc5c67e3130:   00007fc5c67e32b0 ffff803a3981ce81
0x00007fc5c67e3140:   0000000000000200 0000023000000802
0x00007fc5c67e3150:   0000000000000040 0000000000000008 

Instructions: (pc=0x00007fc6008fa8c5)
0x00007fc6008fa8a5:   56 41 55 41 54 49 89 fc 53 8b 76 28 8b 57 28 39
0x00007fc6008fa8b5:   d6 72 78 41 89 f5 31 db 49 c1 e5 03 48 8b 43 08
0x00007fc6008fa8c5:   48 83 38 00 74 2d 39 d6 4c 8d 73 01 72 0a 49 8d
0x00007fc6008fa8d5:   7c 24 20 e8 c3 c7 0d 00 49 8b 44 24 30 4e 89 34 

Register to memory mapping:

RAX=0x0000000c00000941 is an unknown value
RBX=0x00007fc59c7e3488 is an unknown value
RCX=0x00007fc5a4e9b5a0 is an unknown value
RDX=0x0000000000001000 is an unknown value
RSP=0x00007fc5c67e2f60 is pointing into the stack for thread: 0x00007fc5f80bf000
RBP=0x00007fc5c67e2f80 is pointing into the stack for thread: 0x00007fc5f80bf000
RSI=0x000000000000056b is an unknown value
RDI=0x00007fc5c67e3460 is pointing into the stack for thread: 0x00007fc5f80bf000
R8 =0x00007fc59c6d3488 is an unknown value
R9 =0x00007fc5a0902780 is an unknown value
R10=0x0000000000000001 is an unknown value
R11=0x0000000000000010 is an unknown value
R12=0x00007fc5c67e3460 is pointing into the stack for thread: 0x00007fc5f80bf000
R13=0x0000000000002b58 is an unknown value
R14=0x00007fc5c67e3460 is pointing into the stack for thread: 0x00007fc5f80bf000
R15=0x00007fc5c67e30a0 is pointing into the stack for thread: 0x00007fc5f80bf000


Stack: [0x00007fc5c66e7000,0x00007fc5c67e8000],  sp=0x00007fc5c67e2f60,  free space=1007k
Native frames: (J=compiled Java code, j=interpreted, Vv=VM code, C=native code)
V  [libjvm.so+0x7428c5]  PhaseIdealLoop::get_ctrl(Node*)+0x25
V  [libjvm.so+0x7597c2]  PhaseIdealLoop::build_loop_late_post(Node*)+0x92
V  [libjvm.so+0x759c0b]  PhaseIdealLoop::build_loop_late(VectorSet&, Node_List&, Node_Stack&)+0x13b
V  [libjvm.so+0x75abda]  PhaseIdealLoop::build_and_optimize(bool, bool)+0x8aa
V  [libjvm.so+0x4633dd]  Compile::Optimize()+0xead
V  [libjvm.so+0x46534d]  Compile::Compile(ciEnv*, C2Compiler*, ciMethod*, int, bool, bool, bool)+0x109d
V  [libjvm.so+0x3c3338]  C2Compiler::compile_method(ciEnv*, ciMethod*, int)+0x1a8
V  [libjvm.so+0x46d832]  CompileBroker::invoke_compiler_on_method(CompileTask*)+0x8b2
V  [libjvm.so+0x46e6e8]  CompileBroker::compiler_thread_loop()+0x4e8
V  [libjvm.so+0x986ec0]  JavaThread::thread_main_inner()+0xf0
V  [libjvm.so+0x8425b2]  java_start(Thread*)+0xf2
C  [libpthread.so.0+0x75ca]  start_thread+0xca


Current CompileTask:
C2:   2729 2210   !   4       com.android.dx.rop.type.Type::intern (319 bytes)


---------------  P R O C E S S  ---------------

Java Threads: ( => current thread )
  0x00007fc5f819d800 JavaThread "pool-1-thread-1" [_thread_blocked, id=7904, stack(0x00007fc5c5fe0000,0x00007fc5c60e1000)]
  0x00007fc5f80c8800 JavaThread "Service Thread" daemon [_thread_blocked, id=7693, stack(0x00007fc5c62e3000,0x00007fc5c63e4000)]
  0x00007fc5f80c5800 JavaThread "C1 CompilerThread3" daemon [_thread_blocked, id=7690, stack(0x00007fc5c63e4000,0x00007fc5c64e5000)]
  0x00007fc5f80c3800 JavaThread "C2 CompilerThread2" daemon [_thread_in_native, id=7689, stack(0x00007fc5c64e5000,0x00007fc5c65e6000)]
  0x00007fc5f80c2000 JavaThread "C2 CompilerThread1" daemon [_thread_in_native, id=7687, stack(0x00007fc5c65e6000,0x00007fc5c66e7000)]
=>0x00007fc5f80bf000 JavaThread "C2 CompilerThread0" daemon [_thread_in_native, id=7686, stack(0x00007fc5c66e7000,0x00007fc5c67e8000)]
  0x00007fc5f80bd800 JavaThread "Signal Dispatcher" daemon [_thread_blocked, id=7685, stack(0x00007fc5c67e8000,0x00007fc5c68e9000)]
  0x00007fc5f808b000 JavaThread "Finalizer" daemon [_thread_blocked, id=7684, stack(0x00007fc5c68e9000,0x00007fc5c69ea000)]
  0x00007fc5f8086000 JavaThread "Reference Handler" daemon [_thread_blocked, id=7683, stack(0x00007fc5c69ea000,0x00007fc5c6aeb000)]
  0x00007fc5f8008800 JavaThread "main" [_thread_blocked, id=7663, stack(0x00007fc601b9d000,0x00007fc601c9e000)]

Other Threads:
  0x00007fc5f807e800 VMThread [stack: 0x00007fc5c6aeb000,0x00007fc5c6bec000] [id=7682]
  0x00007fc5f80cb000 WatcherThread [stack: 0x00007fc5c61e2000,0x00007fc5c62e3000] [id=7694]

VM state:not at safepoint (normal execution)

VM Mutex/Monitor currently owned by a thread: None

Heap:
 PSYoungGen      total 279040K, used 141187K [0x00000000eab00000, 0x00000000fd000000, 0x0000000100000000)
  eden space 258048K, 46% used [0x00000000eab00000,0x00000000f2061fc8,0x00000000fa700000)
  from space 20992K, 99% used [0x00000000fbb80000,0x00000000fcffefa0,0x00000000fd000000)
  to   space 20992K, 0% used [0x00000000fa700000,0x00000000fa700000,0x00000000fbb80000)
 ParOldGen       total 343040K, used 13928K [0x00000000c0000000, 0x00000000d4f00000, 0x00000000eab00000)
  object space 343040K, 4% used [0x00000000c0000000,0x00000000c0d9a3b8,0x00000000d4f00000)
 Metaspace       used 6550K, capacity 7346K, committed 7552K, reserved 1056768K
  class space    used 609K, capacity 618K, committed 640K, reserved 1048576K

Card table byte_map: [0x00007fc5fee77000,0x00007fc5ff078000] byte_map_base: 0x00007fc5fe877000

Marking Bits: (ParMarkBitMap*) 0x00007fc60107b1a0
 Begin Bits: [0x00007fc5fc519000, 0x00007fc5fd519000)
 End Bits:   [0x00007fc5fd519000, 0x00007fc5fe519000)

Polling page: 0x00007fc601cc2000

CodeCache: size=245760Kb used=8150Kb max_used=8168Kb free=237609Kb
 bounds [0x00007fc5e9000000, 0x00007fc5e9800000, 0x00007fc5f8000000]
 total_blobs=2390 nmethods=2122 adapters=182
 compilation: enabled

Compilation events (10 events):
Event: 2.723 Thread 0x00007fc5f80c3800 nmethod 2051 0x00007fc5e97f5650 code [0x00007fc5e97f5c80, 0x00007fc5e97f9d10]
Event: 2.723 Thread 0x00007fc5f80c3800 1496       4       java.util.ArrayList::removeRange (75 bytes)
Event: 2.724 Thread 0x00007fc5f80c5800 2266       2       com.android.dx.dex.file.DexFile::findItemOrNull (66 bytes)
Event: 2.724 Thread 0x00007fc5f80c5800 nmethod 2266 0x00007fc5e97eab90 code [0x00007fc5e97ead40, 0x00007fc5e97eb058]
Event: 2.724 Thread 0x00007fc5f80c5800 2267       1       com.android.dx.dex.code.form.Form35c::codeSize (2 bytes)
Event: 2.724 Thread 0x00007fc5f80c5800 nmethod 2267 0x00007fc5e97ea8d0 code [0x00007fc5e97eaa20, 0x00007fc5e97eab30]
Event: 2.725 Thread 0x00007fc5f80c5800 2268       2       com.android.dx.dex.code.PositionList::make (224 bytes)
Event: 2.726 Thread 0x00007fc5f80c5800 nmethod 2268 0x00007fc5e97ef0d0 code [0x00007fc5e97ef320, 0x00007fc5e97efe68]
Event: 2.726 Thread 0x00007fc5f80c3800 nmethod 1496 0x00007fc5e97ea4d0 code [0x00007fc5e97ea620, 0x00007fc5e97ea7b8]
Event: 2.726 Thread 0x00007fc5f80c3800 1911       4       com.android.dx.cf.code.RopperMachine::jopToRopOpcode (1103 bytes)

GC Heap History (4 events):
Event: 1.498 GC heap before
{Heap before GC invocations=1 (full 0):
 PSYoungGen      total 150016K, used 129024K [0x00000000eab00000, 0x00000000f5200000, 0x0000000100000000)
  eden space 129024K, 100% used [0x00000000eab00000,0x00000000f2900000,0x00000000f2900000)
  from space 20992K, 0% used [0x00000000f3d80000,0x00000000f3d80000,0x00000000f5200000)
  to   space 20992K, 0% used [0x00000000f2900000,0x00000000f2900000,0x00000000f3d80000)
 ParOldGen       total 343040K, used 0K [0x00000000c0000000, 0x00000000d4f00000, 0x00000000eab00000)
  object space 343040K, 0% used [0x00000000c0000000,0x00000000c0000000,0x00000000d4f00000)
 Metaspace       used 6009K, capacity 7024K, committed 7296K, reserved 1056768K
  class space    used 574K, capacity 616K, committed 640K, reserved 1048576K
Event: 1.516 GC heap after
Heap after GC invocations=1 (full 0):
 PSYoungGen      total 150016K, used 19793K [0x00000000eab00000, 0x00000000fd000000, 0x0000000100000000)
  eden space 129024K, 0% used [0x00000000eab00000,0x00000000eab00000,0x00000000f2900000)
  from space 20992K, 94% used [0x00000000f2900000,0x00000000f3c544c8,0x00000000f3d80000)
  to   space 20992K, 0% used [0x00000000fbb80000,0x00000000fbb80000,0x00000000fd000000)
 ParOldGen       total 343040K, used 16K [0x00000000c0000000, 0x00000000d4f00000, 0x00000000eab00000)
  object space 343040K, 0% used [0x00000000c0000000,0x00000000c0004000,0x00000000d4f00000)
 Metaspace       used 6009K, capacity 7024K, committed 7296K, reserved 1056768K
  class space    used 574K, capacity 616K, committed 640K, reserved 1048576K
}
Event: 2.131 GC heap before
{Heap before GC invocations=2 (full 0):
 PSYoungGen      total 150016K, used 148817K [0x00000000eab00000, 0x00000000fd000000, 0x0000000100000000)
  eden space 129024K, 100% used [0x00000000eab00000,0x00000000f2900000,0x00000000f2900000)
  from space 20992K, 94% used [0x00000000f2900000,0x00000000f3c544c8,0x00000000f3d80000)
  to   space 20992K, 0% used [0x00000000fbb80000,0x00000000fbb80000,0x00000000fd000000)
 ParOldGen       total 343040K, used 16K [0x00000000c0000000, 0x00000000d4f00000, 0x00000000eab00000)
  object space 343040K, 0% used [0x00000000c0000000,0x00000000c0004000,0x00000000d4f00000)
 Metaspace       used 6286K, capacity 7152K, committed 7296K, reserved 1056768K
  class space    used 592K, capacity 616K, committed 640K, reserved 1048576K
Event: 2.162 GC heap after
Heap after GC invocations=2 (full 0):
 PSYoungGen      total 279040K, used 20987K [0x00000000eab00000, 0x00000000fd000000, 0x0000000100000000)
  eden space 258048K, 0% used [0x00000000eab00000,0x00000000eab00000,0x00000000fa700000)
  from space 20992K, 99% used [0x00000000fbb80000,0x00000000fcffefa0,0x00000000fd000000)
  to   space 20992K, 0% used [0x00000000fa700000,0x00000000fa700000,0x00000000fbb80000)
 ParOldGen       total 343040K, used 13928K [0x00000000c0000000, 0x00000000d4f00000, 0x00000000eab00000)
  object space 343040K, 4% used [0x00000000c0000000,0x00000000c0d9a3b8,0x00000000d4f00000)
 Metaspace       used 6286K, capacity 7152K, committed 7296K, reserved 1056768K
  class space    used 592K, capacity 616K, committed 640K, reserved 1048576K
}

Deoptimization events (10 events):
Event: 1.833 Thread 0x00007fc5f819c000 Uncommon trap: reason=unstable_if action=reinterpret pc=0x00007fc5e931ac7c method=java.util.HashMap.putVal(ILjava/lang/Object;Ljava/lang/Object;ZZ)Ljava/lang/Object; @ 162
Event: 1.842 Thread 0x00007fc5f819d800 Uncommon trap: reason=unstable_if action=reinterpret pc=0x00007fc5e93243d4 method=java.util.HashMap.putVal(ILjava/lang/Object;Ljava/lang/Object;ZZ)Ljava/lang/Object; @ 109
Event: 2.016 Thread 0x00007fc5f819d800 Uncommon trap: reason=unstable_if action=reinterpret pc=0x00007fc5e936dd88 method=com.android.dx.ssa.MoveParamCombiner$1.visitNonMoveInsn(Lcom/android/dx/ssa/NormalSsaInsn;)V @ 27
Event: 2.064 Thread 0x00007fc5f819d800 Uncommon trap: reason=unstable_if action=reinterpret pc=0x00007fc5e946f010 method=java.util.HashMap.resize()[Ljava/util/HashMap$Node; @ 206
Event: 2.495 Thread 0x00007fc5f819d800 Uncommon trap: reason=class_check action=maybe_recompile pc=0x00007fc5e92d8828 method=java.util.Arrays.hashCode([Ljava/lang/Object;)I @ 43
Event: 2.495 Thread 0x00007fc5f819d800 Uncommon trap: reason=class_check action=maybe_recompile pc=0x00007fc5e92d8828 method=java.util.Arrays.hashCode([Ljava/lang/Object;)I @ 43
Event: 2.495 Thread 0x00007fc5f819d800 Uncommon trap: reason=class_check action=maybe_recompile pc=0x00007fc5e92d8828 method=java.util.Arrays.hashCode([Ljava/lang/Object;)I @ 43
Event: 2.495 Thread 0x00007fc5f819d800 Uncommon trap: reason=class_check action=maybe_recompile pc=0x00007fc5e92d8828 method=java.util.Arrays.hashCode([Ljava/lang/Object;)I @ 43
Event: 2.720 Thread 0x00007fc5f819d800 Uncommon trap: reason=speculate_class_check action=maybe_recompile pc=0x00007fc5e928acdc method=com.android.dx.util.FixedSizeList.equals(Ljava/lang/Object;)Z @ 25
Event: 2.720 Thread 0x00007fc5f819d800 Uncommon trap: reason=unstable_if action=reinterpret pc=0x00007fc5e9268930 method=java.util.Arrays.equals([Ljava/lang/Object;[Ljava/lang/Object;)Z @ 23

Internal exceptions (6 events):
Event: 0.018 Thread 0x00007fc5f8008800 Exception <a 'java/lang/NoSuchMethodError': Method sun.misc.Unsafe.defineClass(Ljava/lang/String;[BII)Ljava/lang/Class; name or signature does not match> (0x00000000eab07cc0) thrown at [/ssd/Android/AOSP-openjdk/external/jetbrains/jdk/hotspot/src/share/vm
Event: 0.018 Thread 0x00007fc5f8008800 Exception <a 'java/lang/NoSuchMethodError': Method sun.misc.Unsafe.prefetchRead(Ljava/lang/Object;J)V name or signature does not match> (0x00000000eab07fa8) thrown at [/ssd/Android/AOSP-openjdk/external/jetbrains/jdk/hotspot/src/share/vm/prims/jni.cpp, li
Event: 1.126 Thread 0x00007fc5f819c000 Implicit null exception at 0x00007fc5e929fe6c to 0x00007fc5e92a2e75
Event: 1.805 Thread 0x00007fc5f8008800 Exception <a 'java/lang/ArrayIndexOutOfBoundsException': 18> (0x00000000ee88f270) thrown at [/ssd/Android/AOSP-openjdk/external/jetbrains/jdk/hotspot/src/share/vm/interpreter/interpreterRuntime.cpp, line 366]
Event: 1.805 Thread 0x00007fc5f8008800 Exception <a 'java/lang/ArrayIndexOutOfBoundsException'> (0x00000000ee890df0) thrown at [/ssd/Android/AOSP-openjdk/external/jetbrains/jdk/hotspot/src/share/vm/runtime/sharedRuntime.cpp, line 605]
Event: 1.806 Thread 0x00007fc5f8008800 Exception <a 'java/lang/ArrayIndexOutOfBoundsException'> (0x00000000ee8920d8) thrown at [/ssd/Android/AOSP-openjdk/external/jetbrains/jdk/hotspot/src/share/vm/runtime/sharedRuntime.cpp, line 605]

Events (10 events):
Event: 2.720 Thread 0x00007fc5f819d800 Uncommon trap: trap_request=0xffffff76 fr.pc=0x00007fc5e928acdc
Event: 2.720 Thread 0x00007fc5f819d800 DEOPT PACKING pc=0x00007fc5e928acdc sp=0x00007fc5c60df200
Event: 2.720 Thread 0x00007fc5f819d800 DEOPT UNPACKING pc=0x00007fc5e9004f69 sp=0x00007fc5c60df1e0 mode 2
Event: 2.720 Thread 0x00007fc5f819d800 Uncommon trap: trap_request=0xffffff65 fr.pc=0x00007fc5e9268930
Event: 2.720 Thread 0x00007fc5f819d800 DEOPT PACKING pc=0x00007fc5e9268930 sp=0x00007fc5c60df190
Event: 2.720 Thread 0x00007fc5f819d800 DEOPT UNPACKING pc=0x00007fc5e9004f69 sp=0x00007fc5c60df150 mode 2
Event: 2.720 loading class com/android/dx/dex/code/CatchTable$Entry
Event: 2.720 loading class com/android/dx/dex/code/CatchTable$Entry done
Event: 2.721 loading class com/android/dx/util/ByteArrayAnnotatedOutput
Event: 2.721 loading class com/android/dx/util/ByteArrayAnnotatedOutput done


Dynamic libraries:
00400000-00401000 r-xp 00000000 08:01 37487725                           /home/caitano/android-studio/jre/bin/java
00600000-00601000 r--p 00000000 08:01 37487725                           /home/caitano/android-studio/jre/bin/java
00601000-00602000 rw-p 00001000 08:01 37487725                           /home/caitano/android-studio/jre/bin/java
019fd000-01a1e000 rw-p 00000000 00:00 0                                  [heap]
c0000000-d4f00000 rw-p 00000000 00:00 0 
d4f00000-eab00000 ---p 00000000 00:00 0 
eab00000-fd000000 rw-p 00000000 00:00 0 
fd000000-100000000 ---p 00000000 00:00 0 
100000000-1000a0000 rw-p 00000000 00:00 0 
1000a0000-140000000 ---p 00000000 00:00 0 
7fc57c000000-7fc57c021000 rw-p 00000000 00:00 0 
7fc57c021000-7fc580000000 ---p 00000000 00:00 0 
7fc584000000-7fc58402f000 rw-p 00000000 00:00 0 
7fc58402f000-7fc588000000 ---p 00000000 00:00 0 
7fc588000000-7fc588021000 rw-p 00000000 00:00 0 
7fc588021000-7fc58c000000 ---p 00000000 00:00 0 
7fc58c000000-7fc58c04b000 rw-p 00000000 00:00 0 
7fc58c04b000-7fc590000000 ---p 00000000 00:00 0 
7fc590000000-7fc590021000 rw-p 00000000 00:00 0 
7fc590021000-7fc594000000 ---p 00000000 00:00 0 
7fc594000000-7fc594021000 rw-p 00000000 00:00 0 
7fc594021000-7fc598000000 ---p 00000000 00:00 0 
7fc598000000-7fc598021000 rw-p 00000000 00:00 0 
7fc598021000-7fc59c000000 ---p 00000000 00:00 0 
7fc59c000000-7fc59cc7e000 rw-p 00000000 00:00 0 
7fc59cc7e000-7fc5a0000000 ---p 00000000 00:00 0 
7fc5a0000000-7fc5a0abe000 rw-p 00000000 00:00 0 
7fc5a0abe000-7fc5a4000000 ---p 00000000 00:00 0 
7fc5a4000000-7fc5a5182000 rw-p 00000000 00:00 0 
7fc5a5182000-7fc5a8000000 ---p 00000000 00:00 0 
7fc5a8000000-7fc5a8da5000 rw-p 00000000 00:00 0 
7fc5a8da5000-7fc5ac000000 ---p 00000000 00:00 0 
7fc5ac000000-7fc5ac021000 rw-p 00000000 00:00 0 
7fc5ac021000-7fc5b0000000 ---p 00000000 00:00 0 
7fc5b168d000-7fc5b8000000 r--p 00000000 08:02 1579773                    /usr/lib/locale/locale-archive
7fc5b8000000-7fc5b8021000 rw-p 00000000 00:00 0 
7fc5b8021000-7fc5bc000000 ---p 00000000 00:00 0 
7fc5bc000000-7fc5bc021000 rw-p 00000000 00:00 0 
7fc5bc021000-7fc5c0000000 ---p 00000000 00:00 0 
7fc5c0000000-7fc5c0021000 rw-p 00000000 00:00 0 
7fc5c0021000-7fc5c4000000 ---p 00000000 00:00 0 
7fc5c5cdd000-7fc5c5ce0000 ---p 00000000 00:00 0 
7fc5c5ce0000-7fc5c5dde000 rw-p 00000000 00:00 0 
7fc5c5dde000-7fc5c5de1000 ---p 00000000 00:00 0 
7fc5c5de1000-7fc5c5edf000 rw-p 00000000 00:00 0 
7fc5c5edf000-7fc5c5ee2000 ---p 00000000 00:00 0 
7fc5c5ee2000-7fc5c5fe0000 rw-p 00000000 00:00 0 
7fc5c5fe0000-7fc5c5fe3000 ---p 00000000 00:00 0 
7fc5c5fe3000-7fc5c60e1000 rw-p 00000000 00:00 0 
7fc5c60e1000-7fc5c60e4000 ---p 00000000 00:00 0 
7fc5c60e4000-7fc5c61e2000 rw-p 00000000 00:00 0 
7fc5c61e2000-7fc5c61e3000 ---p 00000000 00:00 0 
7fc5c61e3000-7fc5c62e3000 rw-p 00000000 00:00 0 
7fc5c62e3000-7fc5c62e6000 ---p 00000000 00:00 0 
7fc5c62e6000-7fc5c63e4000 rw-p 00000000 00:00 0 
7fc5c63e4000-7fc5c63e7000 ---p 00000000 00:00 0 
7fc5c63e7000-7fc5c64e5000 rw-p 00000000 00:00 0 
7fc5c64e5000-7fc5c64e8000 ---p 00000000 00:00 0 
7fc5c64e8000-7fc5c65e6000 rw-p 00000000 00:00 0 
7fc5c65e6000-7fc5c65e9000 ---p 00000000 00:00 0 
7fc5c65e9000-7fc5c66e7000 rw-p 00000000 00:00 0 
7fc5c66e7000-7fc5c66ea000 ---p 00000000 00:00 0 
7fc5c66ea000-7fc5c67e8000 rw-p 00000000 00:00 0 
7fc5c67e8000-7fc5c67eb000 ---p 00000000 00:00 0 
7fc5c67eb000-7fc5c68e9000 rw-p 00000000 00:00 0 
7fc5c68e9000-7fc5c68ec000 ---p 00000000 00:00 0 
7fc5c68ec000-7fc5c69ea000 rw-p 00000000 00:00 0 
7fc5c69ea000-7fc5c69ed000 ---p 00000000 00:00 0 
7fc5c69ed000-7fc5c6aeb000 rw-p 00000000 00:00 0 
7fc5c6aeb000-7fc5c6aec000 ---p 00000000 00:00 0 
7fc5c6aec000-7fc5c8000000 rw-p 00000000 00:00 0 
7fc5c8000000-7fc5c8021000 rw-p 00000000 00:00 0 
7fc5c8021000-7fc5cc000000 ---p 00000000 00:00 0 
7fc5cc000000-7fc5cc021000 rw-p 00000000 00:00 0 
7fc5cc021000-7fc5d0000000 ---p 00000000 00:00 0 
7fc5d0000000-7fc5d0021000 rw-p 00000000 00:00 0 
7fc5d0021000-7fc5d4000000 ---p 00000000 00:00 0 
7fc5d4000000-7fc5d4021000 rw-p 00000000 00:00 0 
7fc5d4021000-7fc5d8000000 ---p 00000000 00:00 0 
7fc5d8000000-7fc5d8021000 rw-p 00000000 00:00 0 
7fc5d8021000-7fc5dc000000 ---p 00000000 00:00 0 
7fc5dc000000-7fc5dc021000 rw-p 00000000 00:00 0 
7fc5dc021000-7fc5e0000000 ---p 00000000 00:00 0 
7fc5e0000000-7fc5e0021000 rw-p 00000000 00:00 0 
7fc5e0021000-7fc5e4000000 ---p 00000000 00:00 0 
7fc5e4000000-7fc5e4021000 rw-p 00000000 00:00 0 
7fc5e4021000-7fc5e8000000 ---p 00000000 00:00 0 
7fc5e8096000-7fc5e8ec0000 rw-p 00000000 00:00 0 
7fc5e8ec0000-7fc5e9000000 ---p 00000000 00:00 0 
7fc5e9000000-7fc5e9800000 rwxp 00000000 00:00 0 
7fc5e9800000-7fc5f8000000 ---p 00000000 00:00 0 
7fc5f8000000-7fc5f83a8000 rw-p 00000000 00:00 0 
7fc5f83a8000-7fc5fc000000 ---p 00000000 00:00 0 
7fc5fc002000-7fc5fc010000 r--s 000e0000 08:01 22164268                   /home/caitano/Android/Sdk/build-tools/24.0.2/lib/dx.jar
7fc5fc010000-7fc5fc0d6000 rw-p 00000000 00:00 0 
7fc5fc0d6000-7fc5fc2a3000 r--s 03bec000 08:01 37487781                   /home/caitano/android-studio/jre/jre/lib/rt.jar
7fc5fc2a3000-7fc5fe519000 rw-p 00000000 00:00 0 
7fc5fe519000-7fc5fe51a000 ---p 00000000 00:00 0 
7fc5fe51a000-7fc5fe61a000 rw-p 00000000 00:00 0 
7fc5fe61a000-7fc5fe61b000 ---p 00000000 00:00 0 
7fc5fe61b000-7fc5fe71b000 rw-p 00000000 00:00 0 
7fc5fe71b000-7fc5fe71c000 ---p 00000000 00:00 0 
7fc5fe71c000-7fc5fe81c000 rw-p 00000000 00:00 0 
7fc5fe81c000-7fc5fe81d000 ---p 00000000 00:00 0 
7fc5fe81d000-7fc5fe91d000 rw-p 00000000 00:00 0 
7fc5fe91d000-7fc5fe91e000 ---p 00000000 00:00 0 
7fc5fe91e000-7fc5fea1e000 rw-p 00000000 00:00 0 
7fc5fea1e000-7fc5fea1f000 ---p 00000000 00:00 0 
7fc5fea1f000-7fc5feb1f000 rw-p 00000000 00:00 0 
7fc5feb1f000-7fc5feb20000 ---p 00000000 00:00 0 
7fc5feb20000-7fc5fec20000 rw-p 00000000 00:00 0 
7fc5fec20000-7fc5fec21000 ---p 00000000 00:00 0 
7fc5fec21000-7fc5fedc9000 rw-p 00000000 00:00 0 
7fc5fedc9000-7fc5fee77000 ---p 00000000 00:00 0 
7fc5fee77000-7fc5fef1f000 rw-p 00000000 00:00 0 
7fc5fef1f000-7fc5fefcc000 ---p 00000000 00:00 0 
7fc5fefcc000-7fc5ff05f000 rw-p 00000000 00:00 0 
7fc5ff05f000-7fc5ff077000 ---p 00000000 00:00 0 
7fc5ff077000-7fc5ff098000 rw-p 00000000 00:00 0 
7fc5ff098000-7fc5ff438000 ---p 00000000 00:00 0 
7fc5ff438000-7fc5ff452000 r-xp 00000000 08:01 37487808                   /home/caitano/android-studio/jre/jre/lib/amd64/libzip.so
7fc5ff452000-7fc5ff652000 ---p 0001a000 08:01 37487808                   /home/caitano/android-studio/jre/jre/lib/amd64/libzip.so
7fc5ff652000-7fc5ff653000 r--p 0001a000 08:01 37487808                   /home/caitano/android-studio/jre/jre/lib/amd64/libzip.so
7fc5ff653000-7fc5ff654000 rw-p 0001b000 08:01 37487808                   /home/caitano/android-studio/jre/jre/lib/amd64/libzip.so
7fc5ff654000-7fc5ff65f000 r-xp 00000000 08:02 1584032                    /usr/lib64/libnss_files-2.23.so
7fc5ff65f000-7fc5ff85e000 ---p 0000b000 08:02 1584032                    /usr/lib64/libnss_files-2.23.so
7fc5ff85e000-7fc5ff85f000 r--p 0000a000 08:02 1584032                    /usr/lib64/libnss_files-2.23.so
7fc5ff85f000-7fc5ff860000 rw-p 0000b000 08:02 1584032                    /usr/lib64/libnss_files-2.23.so
7fc5ff860000-7fc5ff866000 rw-p 00000000 00:00 0 
7fc5ff866000-7fc5ff893000 r-xp 00000000 08:01 37487818                   /home/caitano/android-studio/jre/jre/lib/amd64/libjava.so
7fc5ff893000-7fc5ffa92000 ---p 0002d000 08:01 37487818                   /home/caitano/android-studio/jre/jre/lib/amd64/libjava.so
7fc5ffa92000-7fc5ffa93000 r--p 0002c000 08:01 37487818                   /home/caitano/android-studio/jre/jre/lib/amd64/libjava.so
7fc5ffa93000-7fc5ffa95000 rw-p 0002d000 08:01 37487818                   /home/caitano/android-studio/jre/jre/lib/amd64/libjava.so
7fc5ffa95000-7fc5ffaa5000 r-xp 00000000 08:01 37487834                   /home/caitano/android-studio/jre/jre/lib/amd64/libverify.so
7fc5ffaa5000-7fc5ffca4000 ---p 00010000 08:01 37487834                   /home/caitano/android-studio/jre/jre/lib/amd64/libverify.so
7fc5ffca4000-7fc5ffca6000 r--p 0000f000 08:01 37487834                   /home/caitano/android-studio/jre/jre/lib/amd64/libverify.so
7fc5ffca6000-7fc5ffca7000 rw-p 00011000 08:01 37487834                   /home/caitano/android-studio/jre/jre/lib/amd64/libverify.so
7fc5ffca7000-7fc5ffcae000 r-xp 00000000 08:02 1584140                    /usr/lib64/librt-2.23.so
7fc5ffcae000-7fc5ffead000 ---p 00007000 08:02 1584140                    /usr/lib64/librt-2.23.so
7fc5ffead000-7fc5ffeae000 r--p 00006000 08:02 1584140                    /usr/lib64/librt-2.23.so
7fc5ffeae000-7fc5ffeaf000 rw-p 00007000 08:02 1584140                    /usr/lib64/librt-2.23.so
7fc5ffeaf000-7fc5fffb7000 r-xp 00000000 08:02 1583634                    /usr/lib64/libm-2.23.so
7fc5fffb7000-7fc6001b6000 ---p 00108000 08:02 1583634                    /usr/lib64/libm-2.23.so
7fc6001b6000-7fc6001b7000 r--p 00107000 08:02 1583634                    /usr/lib64/libm-2.23.so
7fc6001b7000-7fc6001b8000 rw-p 00108000 08:02 1583634                    /usr/lib64/libm-2.23.so
7fc6001b8000-7fc600d9e000 r-xp 00000000 08:01 37487838                   /home/caitano/android-studio/jre/jre/lib/amd64/server/libjvm.so
7fc600d9e000-7fc600f9e000 ---p 00be6000 08:01 37487838                   /home/caitano/android-studio/jre/jre/lib/amd64/server/libjvm.so
7fc600f9e000-7fc60103d000 r--p 00be6000 08:01 37487838                   /home/caitano/android-studio/jre/jre/lib/amd64/server/libjvm.so
7fc60103d000-7fc601066000 rw-p 00c85000 08:01 37487838                   /home/caitano/android-studio/jre/jre/lib/amd64/server/libjvm.so
7fc601066000-7fc6010a8000 rw-p 00000000 00:00 0 
7fc6010a8000-7fc6010bf000 r-xp 00000000 08:02 1584040                    /usr/lib64/libpthread-2.23.so
7fc6010bf000-7fc6012be000 ---p 00017000 08:02 1584040                    /usr/lib64/libpthread-2.23.so
7fc6012be000-7fc6012bf000 r--p 00016000 08:02 1584040                    /usr/lib64/libpthread-2.23.so
7fc6012bf000-7fc6012c0000 rw-p 00017000 08:02 1584040                    /usr/lib64/libpthread-2.23.so
7fc6012c0000-7fc6012c4000 rw-p 00000000 00:00 0 
7fc6012c4000-7fc6012c7000 r-xp 00000000 08:02 1583610                    /usr/lib64/libdl-2.23.so
7fc6012c7000-7fc6014c6000 ---p 00003000 08:02 1583610                    /usr/lib64/libdl-2.23.so
7fc6014c6000-7fc6014c7000 r--p 00002000 08:02 1583610                    /usr/lib64/libdl-2.23.so
7fc6014c7000-7fc6014c8000 rw-p 00003000 08:02 1583610                    /usr/lib64/libdl-2.23.so
7fc6014c8000-7fc601681000 r-xp 00000000 08:02 1583483                    /usr/lib64/libc-2.23.so
7fc601681000-7fc601880000 ---p 001b9000 08:02 1583483                    /usr/lib64/libc-2.23.so
7fc601880000-7fc601884000 r--p 001b8000 08:02 1583483                    /usr/lib64/libc-2.23.so
7fc601884000-7fc601886000 rw-p 001bc000 08:02 1583483                    /usr/lib64/libc-2.23.so
7fc601886000-7fc60188a000 rw-p 00000000 00:00 0 
7fc60188a000-7fc6018a0000 r-xp 00000000 08:01 37487699                   /home/caitano/android-studio/jre/lib/amd64/jli/libjli.so
7fc6018a0000-7fc601a9f000 ---p 00016000 08:01 37487699                   /home/caitano/android-studio/jre/lib/amd64/jli/libjli.so
7fc601a9f000-7fc601aa0000 r--p 00015000 08:01 37487699                   /home/caitano/android-studio/jre/lib/amd64/jli/libjli.so
7fc601aa0000-7fc601aa1000 rw-p 00016000 08:01 37487699                   /home/caitano/android-studio/jre/lib/amd64/jli/libjli.so
7fc601aa1000-7fc601ac5000 r-xp 00000000 08:02 1586592                    /usr/lib64/ld-2.23.so
7fc601acd000-7fc601b9d000 rw-p 00000000 00:00 0 
7fc601b9d000-7fc601ba0000 ---p 00000000 00:00 0 
7fc601ba0000-7fc601ca2000 rw-p 00000000 00:00 0 
7fc601ca5000-7fc601cb9000 rw-p 00000000 00:00 0 
7fc601cb9000-7fc601cc1000 rw-s 00000000 00:26 159780                     /tmp/hsperfdata_caitano/7660
7fc601cc1000-7fc601cc2000 rw-p 00000000 00:00 0 
7fc601cc2000-7fc601cc3000 r--p 00000000 00:00 0 
7fc601cc3000-7fc601cc4000 rw-p 00000000 00:00 0 
7fc601cc4000-7fc601cc5000 r--p 00023000 08:02 1586592                    /usr/lib64/ld-2.23.so
7fc601cc5000-7fc601cc6000 rw-p 00024000 08:02 1586592                    /usr/lib64/ld-2.23.so
7fc601cc6000-7fc601cc7000 rw-p 00000000 00:00 0 
7ffe146b0000-7ffe146d1000 rw-p 00000000 00:00 0                          [stack]
7ffe147c8000-7ffe147ca000 r--p 00000000 00:00 0                          [vvar]
7ffe147ca000-7ffe147cc000 r-xp 00000000 00:00 0                          [vdso]
ffffffffff600000-ffffffffff601000 r-xp 00000000 00:00 0                  [vsyscall]

VM Arguments:
jvm_args: -Djava.awt.headless=true -Xmx1024M -Dfile.encoding=UTF-8 -Duser.country=US -Duser.language=en -Duser.variant 
java_command: com.android.dx.command.Main --dex --force-jumbo --num-threads=4 --multi-dex --output /home/caitano/AndroidStudioProjects/nutrition_app/app/build/intermediates/transforms/dex/debug/folders/1000/10/com.android.support-appcompat-v7-24.2.0_3eeb50086a7dd5254da27e41d99d362f109c2f14 /home/caitano/AndroidStudioProjects/nutrition_app/app/build/intermediates/exploded-aar/com.android.support/appcompat-v7/24.2.0/jars/classes.jar
java_class_path (initial): /home/caitano/Android/Sdk/build-tools/24.0.2/lib/dx.jar
Launcher Type: SUN_STANDARD

Environment Variables:
JAVA_HOME=/usr/java/jdk1.8.0_102
PATH=/usr/lib64/qt-3.3/bin:/usr/java/latest/bin:/usr/local/bin:/usr/local/sbin:/usr/bin:/usr/sbin:/opt/node-v4.4.7-linux-x64/bin:/home/caitano/WebStorm-145.597.6/bin:/home/caitano/android-studio/bin:/home/caitano/.local/bin:/home/caitano/bin
USERNAME=caitano
LD_LIBRARY_PATH=/home/caitano/android-studio/bin:
SHELL=/bin/bash
DISPLAY=:0

Signal Handlers:
SIGSEGV: [libjvm.so+0x9daac0], sa_mask[0]=11111111011111111101111111111110, sa_flags=SA_RESTART|SA_SIGINFO
SIGBUS: [libjvm.so+0x9daac0], sa_mask[0]=11111111011111111101111111111110, sa_flags=SA_RESTART|SA_SIGINFO
SIGFPE: [libjvm.so+0x840d90], sa_mask[0]=11111111011111111101111111111110, sa_flags=SA_RESTART|SA_SIGINFO
SIGPIPE: [libjvm.so+0x840d90], sa_mask[0]=11111111011111111101111111111110, sa_flags=SA_RESTART|SA_SIGINFO
SIGXFSZ: [libjvm.so+0x840d90], sa_mask[0]=11111111011111111101111111111110, sa_flags=SA_RESTART|SA_SIGINFO
SIGILL: [libjvm.so+0x840d90], sa_mask[0]=11111111011111111101111111111110, sa_flags=SA_RESTART|SA_SIGINFO
SIGUSR1: SIG_DFL, sa_mask[0]=00000000000000000000000000000000, sa_flags=none
SIGUSR2: [libjvm.so+0x840c60], sa_mask[0]=00100000000000000000000000000000, sa_flags=SA_RESTART|SA_SIGINFO
SIGHUP: [libjvm.so+0x840e50], sa_mask[0]=11111111011111111101111111111110, sa_flags=SA_RESTART|SA_SIGINFO
SIGINT: [libjvm.so+0x840e50], sa_mask[0]=11111111011111111101111111111110, sa_flags=SA_RESTART|SA_SIGINFO
SIGTERM: [libjvm.so+0x840e50], sa_mask[0]=11111111011111111101111111111110, sa_flags=SA_RESTART|SA_SIGINFO
SIGQUIT: [libjvm.so+0x840e50], sa_mask[0]=11111111011111111101111111111110, sa_flags=SA_RESTART|SA_SIGINFO


---------------  S Y S T E M  ---------------

OS:Fedora release 24 (Twenty Four)

uname:Linux 4.7.4-200.fc24.x86_64 #1 SMP Thu Sep 15 18:42:09 UTC 2016 x86_64
libc:glibc 2.23 NPTL 2.23 
rlimit: STACK 8192k, CORE 0k, NPROC 128111, NOFILE 4096, AS infinity
load average:5.19 1.94 1.33

/proc/meminfo:
MemTotal:       32816512 kB
MemFree:        22728992 kB
MemAvailable:   25445992 kB
Buffers:          582004 kB
Cached:          3545676 kB
SwapCached:            0 kB
Active:          6392176 kB
Inactive:        3042104 kB
Active(anon):    5308340 kB
Inactive(anon):  1304800 kB
Active(file):    1083836 kB
Inactive(file):  1737304 kB
Unevictable:         100 kB
Mlocked:             100 kB
SwapTotal:             0 kB
SwapFree:              0 kB
Dirty:              6604 kB
Writeback:             0 kB
AnonPages:       5306808 kB
Mapped:           964892 kB
Shmem:           1306540 kB
Slab:             447948 kB
SReclaimable:     360284 kB
SUnreclaim:        87664 kB
KernelStack:       17184 kB
PageTables:        64616 kB
NFS_Unstable:          0 kB
Bounce:                0 kB
WritebackTmp:          0 kB
CommitLimit:    16408256 kB
Committed_AS:   14578836 kB
VmallocTotal:   34359738367 kB
VmallocUsed:           0 kB
VmallocChunk:          0 kB
HardwareCorrupted:     0 kB
AnonHugePages:         0 kB
CmaTotal:              0 kB
CmaFree:               0 kB
HugePages_Total:       0
HugePages_Free:        0
HugePages_Rsvd:        0
HugePages_Surp:        0
Hugepagesize:       2048 kB
DirectMap4k:      180096 kB
DirectMap2M:    10174464 kB
DirectMap1G:    24117248 kB


CPU:total 8 (4 cores per cpu, 2 threads per core) family 6 model 60 stepping 3, cmov, cx8, fxsr, mmx, sse, sse2, sse3, ssse3, sse4.1, sse4.2, popcnt, avx, avx2, aes, clmul, erms, lzcnt, ht, tsc, tscinvbit, bmi1, bmi2

/proc/cpuinfo:
processor	: 0
vendor_id	: GenuineIntel
cpu family	: 6
model		: 60
model name	: Intel(R) Core(TM) i7-4790 CPU @ 3.60GHz
stepping	: 3
microcode	: 0x20
cpu MHz		: 3799.951
cache size	: 8192 KB
physical id	: 0
siblings	: 8
core id		: 0
cpu cores	: 4
apicid		: 0
initial apicid	: 0
fpu		: yes
fpu_exception	: yes
cpuid level	: 13
wp		: yes
flags		: fpu vme de pse tsc msr pae mce cx8 apic sep mtrr pge mca cmov pat pse36 clflush dts acpi mmx fxsr sse sse2 ss ht tm pbe syscall nx pdpe1gb rdtscp lm constant_tsc arch_perfmon pebs bts rep_good nopl xtopology nonstop_tsc aperfmperf eagerfpu pni pclmulqdq dtes64 monitor ds_cpl vmx smx est tm2 ssse3 sdbg fma cx16 xtpr pdcm pcid sse4_1 sse4_2 x2apic movbe popcnt tsc_deadline_timer aes xsave avx f16c rdrand lahf_lm abm epb tpr_shadow vnmi flexpriority ept vpid fsgsbase tsc_adjust bmi1 avx2 smep bmi2 erms invpcid xsaveopt dtherm ida arat pln pts
bugs		:
bogomips	: 7182.93
clflush size	: 64
cache_alignment	: 64
address sizes	: 39 bits physical, 48 bits virtual
power management:

processor	: 1
vendor_id	: GenuineIntel
cpu family	: 6
model		: 60
model name	: Intel(R) Core(TM) i7-4790 CPU @ 3.60GHz
stepping	: 3
microcode	: 0x20
cpu MHz		: 3799.951
cache size	: 8192 KB
physical id	: 0
siblings	: 8
core id		: 1
cpu cores	: 4
apicid		: 2
initial apicid	: 2
fpu		: yes
fpu_exception	: yes
cpuid level	: 13
wp		: yes
flags		: fpu vme de pse tsc msr pae mce cx8 apic sep mtrr pge mca cmov pat pse36 clflush dts acpi mmx fxsr sse sse2 ss ht tm pbe syscall nx pdpe1gb rdtscp lm constant_tsc arch_perfmon pebs bts rep_good nopl xtopology nonstop_tsc aperfmperf eagerfpu pni pclmulqdq dtes64 monitor ds_cpl vmx smx est tm2 ssse3 sdbg fma cx16 xtpr pdcm pcid sse4_1 sse4_2 x2apic movbe popcnt tsc_deadline_timer aes xsave avx f16c rdrand lahf_lm abm epb tpr_shadow vnmi flexpriority ept vpid fsgsbase tsc_adjust bmi1 avx2 smep bmi2 erms invpcid xsaveopt dtherm ida arat pln pts
bugs		:
bogomips	: 7186.21
clflush size	: 64
cache_alignment	: 64
address sizes	: 39 bits physical, 48 bits virtual
power management:

processor	: 2
vendor_id	: GenuineIntel
cpu family	: 6
model		: 60
model name	: Intel(R) Core(TM) i7-4790 CPU @ 3.60GHz
stepping	: 3
microcode	: 0x20
cpu MHz		: 3799.951
cache size	: 8192 KB
physical id	: 0
siblings	: 8
core id		: 2
cpu cores	: 4
apicid		: 4
initial apicid	: 4
fpu		: yes
fpu_exception	: yes
cpuid level	: 13
wp		: yes
flags		: fpu vme de pse tsc msr pae mce cx8 apic sep mtrr pge mca cmov pat pse36 clflush dts acpi mmx fxsr sse sse2 ss ht tm pbe syscall nx pdpe1gb rdtscp lm constant_tsc arch_perfmon pebs bts rep_good nopl xtopology nonstop_tsc aperfmperf eagerfpu pni pclmulqdq dtes64 monitor ds_cpl vmx smx est tm2 ssse3 sdbg fma cx16 xtpr pdcm pcid sse4_1 sse4_2 x2apic movbe popcnt tsc_deadline_timer aes xsave avx f16c rdrand lahf_lm abm epb tpr_shadow vnmi flexpriority ept vpid fsgsbase tsc_adjust bmi1 avx2 smep bmi2 erms invpcid xsaveopt dtherm ida arat pln pts
bugs		:
bogomips	: 7186.44
clflush size	: 64
cache_alignment	: 64
address sizes	: 39 bits physical, 48 bits virtual
power management:

processor	: 3
vendor_id	: GenuineIntel
cpu family	: 6
model		: 60
model name	: Intel(R) Core(TM) i7-4790 CPU @ 3.60GHz
stepping	: 3
microcode	: 0x20
cpu MHz		: 3799.951
cache size	: 8192 KB
physical id	: 0
siblings	: 8
core id		: 3
cpu cores	: 4
apicid		: 6
initial apicid	: 6
fpu		: yes
fpu_exception	: yes
cpuid level	: 13
wp		: yes
flags		: fpu vme de pse tsc msr pae mce cx8 apic sep mtrr pge mca cmov pat pse36 clflush dts acpi mmx fxsr sse sse2 ss ht tm pbe syscall nx pdpe1gb rdtscp lm constant_tsc arch_perfmon pebs bts rep_good nopl xtopology nonstop_tsc aperfmperf eagerfpu pni pclmulqdq dtes64 monitor ds_cpl vmx smx est tm2 ssse3 sdbg fma cx16 xtpr pdcm pcid sse4_1 sse4_2 x2apic movbe popcnt tsc_deadline_timer aes xsave avx f16c rdrand lahf_lm abm epb tpr_shadow vnmi flexpriority ept vpid fsgsbase tsc_adjust bmi1 avx2 smep bmi2 erms invpcid xsaveopt dtherm ida arat pln pts
bugs		:
bogomips	: 7186.54
clflush size	: 64
cache_alignment	: 64
address sizes	: 39 bits physical, 48 bits virtual
power management:

processor	: 4
vendor_id	: GenuineIntel
cpu family	: 6
model		: 60
model name	: Intel(R) Core(TM) i7-4790 CPU @ 3.60GHz
stepping	: 3
microcode	: 0x20
cpu MHz		: 3799.951
cache size	: 8192 KB
physical id	: 0
siblings	: 8
core id		: 0
cpu cores	: 4
apicid		: 1
initial apicid	: 1
fpu		: yes
fpu_exception	: yes
cpuid level	: 13
wp		: yes
flags		: fpu vme de pse tsc msr pae mce cx8 apic sep mtrr pge mca cmov pat pse36 clflush dts acpi mmx fxsr sse sse2 ss ht tm pbe syscall nx pdpe1gb rdtscp lm constant_tsc arch_perfmon pebs bts rep_good nopl xtopology nonstop_tsc aperfmperf eagerfpu pni pclmulqdq dtes64 monitor ds_cpl vmx smx est tm2 ssse3 sdbg fma cx16 xtpr pdcm pcid sse4_1 sse4_2 x2apic movbe popcnt tsc_deadline_timer aes xsave avx f16c rdrand lahf_lm abm epb tpr_shadow vnmi flexpriority ept vpid fsgsbase tsc_adjust bmi1 avx2 smep bmi2 erms invpcid xsaveopt dtherm ida arat pln pts
bugs		:
bogomips	: 7188.60
clflush size	: 64
cache_alignment	: 64
address sizes	: 39 bits physical, 48 bits virtual
power management:

processor	: 5
vendor_id	: GenuineIntel
cpu family	: 6
model		: 60
model name	: Intel(R) Core(TM) i7-4790 CPU @ 3.60GHz
stepping	: 3
microcode	: 0x20
cpu MHz		: 3799.951
cache size	: 8192 KB
physical id	: 0
siblings	: 8
core id		: 1
cpu cores	: 4
apicid		: 3
initial apicid	: 3
fpu		: yes
fpu_exception	: yes
cpuid level	: 13
wp		: yes
flags		: fpu vme de pse tsc msr pae mce cx8 apic sep mtrr pge mca cmov pat pse36 clflush dts acpi mmx fxsr sse sse2 ss ht tm pbe syscall nx pdpe1gb rdtscp lm constant_tsc arch_perfmon pebs bts rep_good nopl xtopology nonstop_tsc aperfmperf eagerfpu pni pclmulqdq dtes64 monitor ds_cpl vmx smx est tm2 ssse3 sdbg fma cx16 xtpr pdcm pcid sse4_1 sse4_2 x2apic movbe popcnt tsc_deadline_timer aes xsave avx f16c rdrand lahf_lm abm epb tpr_shadow vnmi flexpriority ept vpid fsgsbase tsc_adjust bmi1 avx2 smep bmi2 erms invpcid xsaveopt dtherm ida arat pln pts
bugs		:
bogomips	: 7186.95
clflush size	: 64
cache_alignment	: 64
address sizes	: 39 bits physical, 48 bits virtual
power management:

processor	: 6
vendor_id	: GenuineIntel
cpu family	: 6
model		: 60
model name	: Intel(R) Core(TM) i7-4790 CPU @ 3.60GHz
stepping	: 3
microcode	: 0x20
cpu MHz		: 3799.951
cache size	: 8192 KB
physical id	: 0
siblings	: 8
core id		: 2
cpu cores	: 4
apicid		: 5
initial apicid	: 5
fpu		: yes
fpu_exception	: yes
cpuid level	: 13
wp		: yes
flags		: fpu vme de pse tsc msr pae mce cx8 apic sep mtrr pge mca cmov pat pse36 clflush dts acpi mmx fxsr sse sse2 ss ht tm pbe syscall nx pdpe1gb rdtscp lm constant_tsc arch_perfmon pebs bts rep_good nopl xtopology nonstop_tsc aperfmperf eagerfpu pni pclmulqdq dtes64 monitor ds_cpl vmx smx est tm2 ssse3 sdbg fma cx16 xtpr pdcm pcid sse4_1 sse4_2 x2apic movbe popcnt tsc_deadline_timer aes xsave avx f16c rdrand lahf_lm abm epb tpr_shadow vnmi flexpriority ept vpid fsgsbase tsc_adjust bmi1 avx2 smep bmi2 erms invpcid xsaveopt dtherm ida arat pln pts
bugs		:
bogomips	: 7186.87
clflush size	: 64
cache_alignment	: 64
address sizes	: 39 bits physical, 48 bits virtual
power management:

processor	: 7
vendor_id	: GenuineIntel
cpu family	: 6
model		: 60
model name	: Intel(R) Core(TM) i7-4790 CPU @ 3.60GHz
stepping	: 3
microcode	: 0x20
cpu MHz		: 3799.951
cache size	: 8192 KB
physical id	: 0
siblings	: 8
core id		: 3
cpu cores	: 4
apicid		: 7
initial apicid	: 7
fpu		: yes
fpu_exception	: yes
cpuid level	: 13
wp		: yes
flags		: fpu vme de pse tsc msr pae mce cx8 apic sep mtrr pge mca cmov pat pse36 clflush dts acpi mmx fxsr sse sse2 ss ht tm pbe syscall nx pdpe1gb rdtscp lm constant_tsc arch_perfmon pebs bts rep_good nopl xtopology nonstop_tsc aperfmperf eagerfpu pni pclmulqdq dtes64 monitor ds_cpl vmx smx est tm2 ssse3 sdbg fma cx16 xtpr pdcm pcid sse4_1 sse4_2 x2apic movbe popcnt tsc_deadline_timer aes xsave avx f16c rdrand lahf_lm abm epb tpr_shadow vnmi flexpriority ept vpid fsgsbase tsc_adjust bmi1 avx2 smep bmi2 erms invpcid xsaveopt dtherm ida arat pln pts
bugs		:
bogomips	: 7186.79
clflush size	: 64
cache_alignment	: 64
address sizes	: 39 bits physical, 48 bits virtual
power management:



Memory: 4k page, physical 32816512k(22728992k free), swap 0k(0k free)

vm_info: OpenJDK 64-Bit Server VM (25.76-b03) for linux-amd64 JRE (1.8.0_76-release-b03), built on Jun 29 2016 09:39:19 by "builder" with gcc 4.8.4

time: Mon Dec 12 14:50:01 2016
elapsed time: 2 seconds (0d 0h 0m 2s)

