#
# There is insufficient memory for the Java Runtime Environment to continue.
# Native memory allocation (mmap) failed to map 142606336 bytes for committing reserved memory.
# Possible reasons:
#   The system is out of physical RAM or swap space
#   In 32 bit mode, the process size limit was hit
# Possible solutions:
#   Reduce memory load on the system
#   Increase physical memory or swap space
#   Check if swap backing store is full
#   Use 64 bit Java on a 64 bit OS
#   Decrease Java heap size (-Xmx/-Xms)
#   Decrease number of Java threads
#   Decrease Java thread stack sizes (-Xss)
#   Set larger code cache with -XX:ReservedCodeCacheSize=
# This output file may be truncated or incomplete.
#
#  Out of Memory Error (os_linux.cpp:2627), pid=9519, tid=0x00007fed4fdfd700
#
# JRE version: OpenJDK Runtime Environment (8.0_76-b03) (build 1.8.0_76-release-b03)
# Java VM: OpenJDK 64-Bit Server VM (25.76-b03 mixed mode linux-amd64 compressed oops)
# Core dump written. Default location: /home/caitano/git-local/nutrition_app/app/core or core.9519
#

---------------  T H R E A D  ---------------

Current thread (0x00007fed68076000):  VMThread [stack: 0x00007fed4fcfd000,0x00007fed4fdfe000] [id=9529]

Stack: [0x00007fed4fcfd000,0x00007fed4fdfe000],  sp=0x00007fed4fdfc4c0,  free space=1021k
Native frames: (J=compiled Java code, j=interpreted, Vv=VM code, C=native code)
V  [libjvm.so+0x9d9fcd]  VMError::report_and_die()+0x15d
V  [libjvm.so+0x4b4d4a]  report_vm_out_of_memory(char const*, int, unsigned long, VMErrorType, char const*)+0x8a
V  [libjvm.so+0x845190]  os::pd_commit_memory(char*, unsigned long, unsigned long, bool)+0xf0
V  [libjvm.so+0x83fcbf]  os::commit_memory(char*, unsigned long, unsigned long, bool)+0x1f
V  [libjvm.so+0x8b4d9b]  PSVirtualSpace::expand_by(unsigned long)+0x5b
V  [libjvm.so+0x8b5a10]  PSYoungGen::resize_generation(unsigned long, unsigned long)+0xb0
V  [libjvm.so+0x8b5d2b]  PSYoungGen::resize(unsigned long, unsigned long)+0x1b
V  [libjvm.so+0x8b241c]  PSScavenge::invoke_no_policy()+0xdac
V  [libjvm.so+0x8b2bf8]  PSScavenge::invoke()+0x38
V  [libjvm.so+0x8681f3]  ParallelScavengeHeap::failed_mem_allocate(unsigned long)+0x63
V  [libjvm.so+0x9dba94]  VM_ParallelGCFailedAllocation::doit()+0x84
V  [libjvm.so+0x9dfe47]  VM_Operation::evaluate()+0x47
V  [libjvm.so+0x9de908]  VMThread::evaluate_operation(VM_Operation*)+0x2c8
V  [libjvm.so+0x9ded89]  VMThread::loop()+0x219
V  [libjvm.so+0x9df1d2]  VMThread::run()+0x72
V  [libjvm.so+0x8425b2]  java_start(Thread*)+0xf2

VM_Operation (0x00007fed4f0eedc0): ParallelGCFailedAllocation, mode: safepoint, requested by thread 0x00007fed6813d000


---------------  P R O C E S S  ---------------

Java Threads: ( => current thread )
  0x00007fed6813d000 JavaThread "pool-1-thread-1" [_thread_blocked, id=9672, stack(0x00007fed4eff0000,0x00007fed4f0f1000)]
  0x00007fed680be000 JavaThread "Service Thread" daemon [_thread_blocked, id=9540, stack(0x00007fed4f5f6000,0x00007fed4f6f7000)]
  0x00007fed680bb000 JavaThread "C1 CompilerThread2" daemon [_thread_blocked, id=9539, stack(0x00007fed4f6f7000,0x00007fed4f7f8000)]
  0x00007fed680b9800 JavaThread "C2 CompilerThread1" daemon [_thread_blocked, id=9538, stack(0x00007fed4f7f8000,0x00007fed4f8f9000)]
  0x00007fed680b6800 JavaThread "C2 CompilerThread0" daemon [_thread_blocked, id=9537, stack(0x00007fed4f8f9000,0x00007fed4f9fa000)]
  0x00007fed680b5000 JavaThread "Signal Dispatcher" daemon [_thread_blocked, id=9536, stack(0x00007fed4f9fa000,0x00007fed4fafb000)]
  0x00007fed68082800 JavaThread "Finalizer" daemon [_thread_blocked, id=9531, stack(0x00007fed4fafb000,0x00007fed4fbfc000)]
  0x00007fed6807e000 JavaThread "Reference Handler" daemon [_thread_blocked, id=9530, stack(0x00007fed4fbfc000,0x00007fed4fcfd000)]
  0x00007fed68008800 JavaThread "main" [_thread_blocked, id=9522, stack(0x00007fed6dd21000,0x00007fed6de22000)]

Other Threads:
=>0x00007fed68076000 VMThread [stack: 0x00007fed4fcfd000,0x00007fed4fdfe000] [id=9529]
  0x00007fed680c0800 WatcherThread [stack: 0x00007fed4f4f5000,0x00007fed4f5f6000] [id=9542]

VM state:at safepoint (normal execution)

VM Mutex/Monitor currently owned by a thread:  ([mutex/lock_event])
[0x00007fed68006560] Threads_lock - owner thread: 0x00007fed68076000
[0x00007fed68006a60] Heap_lock - owner thread: 0x00007fed6813d000

Heap:
 PSYoungGen      total 143360K, used 17392K [0x00000000eab00000, 0x00000000f4900000, 0x0000000100000000)
  eden space 125952K, 0% used [0x00000000eab00000,0x00000000eab00000,0x00000000f2600000)
  from space 17408K, 99% used [0x00000000f2600000,0x00000000f36fc278,0x00000000f3700000)
  to   space 16384K, 0% used [0x00000000f3700000,0x00000000f3700000,0x00000000f4700000)
 ParOldGen       total 84992K, used 32795K [0x00000000c0000000, 0x00000000c5300000, 0x00000000eab00000)
  object space 84992K, 38% used [0x00000000c0000000,0x00000000c2006cd8,0x00000000c5300000)
 Metaspace       used 6605K, capacity 7410K, committed 7552K, reserved 1056768K
  class space    used 611K, capacity 618K, committed 640K, reserved 1048576K

Card table byte_map: [0x00007fed57fc8000,0x00007fed581c9000] byte_map_base: 0x00007fed579c8000

Marking Bits: (ParMarkBitMap*) 0x00007fed6d1fd1a0
 Begin Bits: [0x00007fed55a6e000, 0x00007fed56a6e000)
 End Bits:   [0x00007fed56a6e000, 0x00007fed57a6e000)

Polling page: 0x00007fed6de44000

CodeCache: size=245760Kb used=8356Kb max_used=8360Kb free=237403Kb
 bounds [0x00007fed58589000, 0x00007fed58db9000, 0x00007fed67589000]
 total_blobs=2460 nmethods=2192 adapters=182
 compilation: enabled

Compilation events (10 events):
Event: 15.307 Thread 0x00007fed680bb000 2495       2       java.lang.Integer::valueOf (32 bytes)
Event: 15.307 Thread 0x00007fed680bb000 nmethod 2495 0x00007fed58d974d0 code [0x00007fed58d97640, 0x00007fed58d97810]
Event: 15.320 Thread 0x00007fed680bb000 2496       2       java.util.TreeMap::compare (32 bytes)
Event: 15.320 Thread 0x00007fed680bb000 nmethod 2496 0x00007fed58d97050 code [0x00007fed58d971e0, 0x00007fed58d973f8]
Event: 15.400 Thread 0x00007fed680bb000 2497       2       com.android.dx.util.ByteArrayAnnotatedOutput::writeByte (51 bytes)
Event: 15.401 Thread 0x00007fed680bb000 nmethod 2497 0x00007fed58d96a50 code [0x00007fed58d96be0, 0x00007fed58d96e78]
Event: 15.447 Thread 0x00007fed680bb000 2498       2       com.android.dx.dex.code.CatchHandlerList::get (9 bytes)
Event: 15.447 Thread 0x00007fed680bb000 nmethod 2498 0x00007fed58d96690 code [0x00007fed58d96800, 0x00007fed58d969a8]
Event: 15.494 Thread 0x00007fed680bb000 2499       2       com.android.dx.dex.code.form.Form20t::branchFits (22 bytes)
Event: 15.495 Thread 0x00007fed680bb000 nmethod 2499 0x00007fed58d95fd0 code [0x00007fed58d96160, 0x00007fed58d96458]

GC Heap History (10 events):
Event: 4.965 GC heap after
Heap after GC invocations=2 (full 0):
 PSYoungGen      total 36864K, used 5111K [0x00000000eab00000, 0x00000000ef300000, 0x0000000100000000)
  eden space 31744K, 0% used [0x00000000eab00000,0x00000000eab00000,0x00000000eca00000)
  from space 5120K, 99% used [0x00000000ecf00000,0x00000000ed3fdeb0,0x00000000ed400000)
  to   space 5120K, 0% used [0x00000000eca00000,0x00000000eca00000,0x00000000ecf00000)
 ParOldGen       total 84992K, used 4137K [0x00000000c0000000, 0x00000000c5300000, 0x00000000eab00000)
  object space 84992K, 4% used [0x00000000c0000000,0x00000000c040a738,0x00000000c5300000)
 Metaspace       used 5907K, capacity 6960K, committed 7040K, reserved 1056768K
  class space    used 573K, capacity 616K, committed 640K, reserved 1048576K
}
Event: 5.521 GC heap before
{Heap before GC invocations=3 (full 0):
 PSYoungGen      total 36864K, used 36855K [0x00000000eab00000, 0x00000000ef300000, 0x0000000100000000)
  eden space 31744K, 100% used [0x00000000eab00000,0x00000000eca00000,0x00000000eca00000)
  from space 5120K, 99% used [0x00000000ecf00000,0x00000000ed3fdeb0,0x00000000ed400000)
  to   space 5120K, 0% used [0x00000000eca00000,0x00000000eca00000,0x00000000ecf00000)
 ParOldGen       total 84992K, used 4137K [0x00000000c0000000, 0x00000000c5300000, 0x00000000eab00000)
  object space 84992K, 4% used [0x00000000c0000000,0x00000000c040a738,0x00000000c5300000)
 Metaspace       used 5917K, capacity 6960K, committed 7040K, reserved 1056768K
  class space    used 574K, capacity 616K, committed 640K, reserved 1048576K
Event: 5.585 GC heap after
Heap after GC invocations=3 (full 0):
 PSYoungGen      total 36864K, used 5112K [0x00000000eab00000, 0x00000000ef300000, 0x0000000100000000)
  eden space 31744K, 0% used [0x00000000eab00000,0x00000000eab00000,0x00000000eca00000)
  from space 5120K, 99% used [0x00000000eca00000,0x00000000ecefe210,0x00000000ecf00000)
  to   space 5120K, 0% used [0x00000000eee00000,0x00000000eee00000,0x00000000ef300000)
 ParOldGen       total 84992K, used 9006K [0x00000000c0000000, 0x00000000c5300000, 0x00000000eab00000)
  object space 84992K, 10% used [0x00000000c0000000,0x00000000c08cb950,0x00000000c5300000)
 Metaspace       used 5917K, capacity 6960K, committed 7040K, reserved 1056768K
  class space    used 574K, capacity 616K, committed 640K, reserved 1048576K
}
Event: 6.299 GC heap before
{Heap before GC invocations=4 (full 0):
 PSYoungGen      total 36864K, used 36856K [0x00000000eab00000, 0x00000000ef300000, 0x0000000100000000)
  eden space 31744K, 100% used [0x00000000eab00000,0x00000000eca00000,0x00000000eca00000)
  from space 5120K, 99% used [0x00000000eca00000,0x00000000ecefe210,0x00000000ecf00000)
  to   space 5120K, 0% used [0x00000000eee00000,0x00000000eee00000,0x00000000ef300000)
 ParOldGen       total 84992K, used 9006K [0x00000000c0000000, 0x00000000c5300000, 0x00000000eab00000)
  object space 84992K, 10% used [0x00000000c0000000,0x00000000c08cb950,0x00000000c5300000)
 Metaspace       used 5924K, capacity 6960K, committed 7040K, reserved 1056768K
  class space    used 574K, capacity 616K, committed 640K, reserved 1048576K
Event: 6.403 GC heap after
Heap after GC invocations=4 (full 0):
 PSYoungGen      total 68608K, used 5094K [0x00000000eab00000, 0x00000000ef300000, 0x0000000100000000)
  eden space 63488K, 0% used [0x00000000eab00000,0x00000000eab00000,0x00000000ee900000)
  from space 5120K, 99% used [0x00000000eee00000,0x00000000ef2f98c8,0x00000000ef300000)
  to   space 5120K, 0% used [0x00000000ee900000,0x00000000ee900000,0x00000000eee00000)
 ParOldGen       total 84992K, used 14296K [0x00000000c0000000, 0x00000000c5300000, 0x00000000eab00000)
  object space 84992K, 16% used [0x00000000c0000000,0x00000000c0df61e0,0x00000000c5300000)
 Metaspace       used 5924K, capacity 6960K, committed 7040K, reserved 1056768K
  class space    used 574K, capacity 616K, committed 640K, reserved 1048576K
}
Event: 8.018 GC heap before
{Heap before GC invocations=5 (full 0):
 PSYoungGen      total 68608K, used 68582K [0x00000000eab00000, 0x00000000ef300000, 0x0000000100000000)
  eden space 63488K, 100% used [0x00000000eab00000,0x00000000ee900000,0x00000000ee900000)
  from space 5120K, 99% used [0x00000000eee00000,0x00000000ef2f98c8,0x00000000ef300000)
  to   space 5120K, 0% used [0x00000000ee900000,0x00000000ee900000,0x00000000eee00000)
 ParOldGen       total 84992K, used 14296K [0x00000000c0000000, 0x00000000c5300000, 0x00000000eab00000)
  object space 84992K, 16% used [0x00000000c0000000,0x00000000c0df61e0,0x00000000c5300000)
 Metaspace       used 5967K, capacity 6960K, committed 7040K, reserved 1056768K
  class space    used 574K, capacity 616K, committed 640K, reserved 1048576K
Event: 8.284 GC heap after
Heap after GC invocations=5 (full 0):
 PSYoungGen      total 68608K, used 5088K [0x00000000eab00000, 0x00000000f4700000, 0x0000000100000000)
  eden space 63488K, 0% used [0x00000000eab00000,0x00000000eab00000,0x00000000ee900000)
  from space 5120K, 99% used [0x00000000ee900000,0x00000000eedf8130,0x00000000eee00000)
  to   space 16384K, 0% used [0x00000000f3700000,0x00000000f3700000,0x00000000f4700000)
 ParOldGen       total 84992K, used 24282K [0x00000000c0000000, 0x00000000c5300000, 0x00000000eab00000)
  object space 84992K, 28% used [0x00000000c0000000,0x00000000c17b68a8,0x00000000c5300000)
 Metaspace       used 5967K, capacity 6960K, committed 7040K, reserved 1056768K
  class space    used 574K, capacity 616K, committed 640K, reserved 1048576K
}
Event: 9.672 GC heap before
{Heap before GC invocations=6 (full 0):
 PSYoungGen      total 68608K, used 68576K [0x00000000eab00000, 0x00000000f4700000, 0x0000000100000000)
  eden space 63488K, 100% used [0x00000000eab00000,0x00000000ee900000,0x00000000ee900000)
  from space 5120K, 99% used [0x00000000ee900000,0x00000000eedf8130,0x00000000eee00000)
  to   space 16384K, 0% used [0x00000000f3700000,0x00000000f3700000,0x00000000f4700000)
 ParOldGen       total 84992K, used 24282K [0x00000000c0000000, 0x00000000c5300000, 0x00000000eab00000)
  object space 84992K, 28% used [0x00000000c0000000,0x00000000c17b68a8,0x00000000c5300000)
 Metaspace       used 6160K, capacity 7088K, committed 7296K, reserved 1056768K
  class space    used 592K, capacity 616K, committed 640K, reserved 1048576K
Event: 9.838 GC heap after
Heap after GC invocations=6 (full 0):
 PSYoungGen      total 142336K, used 14280K [0x00000000eab00000, 0x00000000f4900000, 0x0000000100000000)
  eden space 125952K, 0% used [0x00000000eab00000,0x00000000eab00000,0x00000000f2600000)
  from space 16384K, 87% used [0x00000000f3700000,0x00000000f44f2300,0x00000000f4700000)
  to   space 17408K, 0% used [0x00000000f2600000,0x00000000f2600000,0x00000000f3700000)
 ParOldGen       total 84992K, used 24282K [0x00000000c0000000, 0x00000000c5300000, 0x00000000eab00000)
  object space 84992K, 28% used [0x00000000c0000000,0x00000000c17b68a8,0x00000000c5300000)
 Metaspace       used 6160K, capacity 7088K, committed 7296K, reserved 1056768K
  class space    used 592K, capacity 616K, committed 640K, reserved 1048576K
}
Event: 15.555 GC heap before
{Heap before GC invocations=7 (full 0):
 PSYoungGen      total 142336K, used 140232K [0x00000000eab00000, 0x00000000f4900000, 0x0000000100000000)
  eden space 125952K, 100% used [0x00000000eab00000,0x00000000f2600000,0x00000000f2600000)
  from space 16384K, 87% used [0x00000000f3700000,0x00000000f44f2300,0x00000000f4700000)
  to   space 17408K, 0% used [0x00000000f2600000,0x00000000f2600000,0x00000000f3700000)
 ParOldGen       total 84992K, used 24282K [0x00000000c0000000, 0x00000000c5300000, 0x00000000eab00000)
  object space 84992K, 28% used [0x00000000c0000000,0x00000000c17b68a8,0x00000000c5300000)
 Metaspace       used 6605K, capacity 7410K, committed 7552K, reserved 1056768K
  class space    used 611K, capacity 618K, committed 640K, reserved 1048576K

Deoptimization events (10 events):
Event: 10.706 Thread 0x00007fed6813b000 Uncommon trap: reason=bimorphic action=maybe_recompile pc=0x00007fed58c5a360 method=com.android.dx.ssa.NormalSsaInsn.accept(Lcom/android/dx/ssa/SsaInsn$Visitor;)V @ 9
Event: 10.706 Thread 0x00007fed6813b000 Uncommon trap: reason=bimorphic action=maybe_recompile pc=0x00007fed58c5a360 method=com.android.dx.ssa.NormalSsaInsn.accept(Lcom/android/dx/ssa/SsaInsn$Visitor;)V @ 9
Event: 11.236 Thread 0x00007fed68136000 Uncommon trap: reason=bimorphic action=maybe_recompile pc=0x00007fed58c7da94 method=com.android.dx.cf.code.BytecodeArray.parseInstruction(ILcom/android/dx/cf/code/BytecodeArray$Visitor;)I @ 1287
Event: 11.236 Thread 0x00007fed68136000 Uncommon trap: reason=bimorphic action=maybe_recompile pc=0x00007fed58c7da94 method=com.android.dx.cf.code.BytecodeArray.parseInstruction(ILcom/android/dx/cf/code/BytecodeArray$Visitor;)I @ 1287
Event: 12.559 Thread 0x00007fed6813d000 Uncommon trap: reason=class_check action=maybe_recompile pc=0x00007fed5892aa68 method=java.util.Arrays.hashCode([Ljava/lang/Object;)I @ 43
Event: 12.563 Thread 0x00007fed6813d000 Uncommon trap: reason=class_check action=maybe_recompile pc=0x00007fed5892aa68 method=java.util.Arrays.hashCode([Ljava/lang/Object;)I @ 43
Event: 12.563 Thread 0x00007fed6813d000 Uncommon trap: reason=class_check action=maybe_recompile pc=0x00007fed5892aa68 method=java.util.Arrays.hashCode([Ljava/lang/Object;)I @ 43
Event: 12.563 Thread 0x00007fed6813d000 Uncommon trap: reason=class_check action=maybe_recompile pc=0x00007fed5892aa68 method=java.util.Arrays.hashCode([Ljava/lang/Object;)I @ 43
Event: 13.684 Thread 0x00007fed6813d000 Uncommon trap: reason=unstable_if action=reinterpret pc=0x00007fed5888d878 method=java.util.Arrays.equals([Ljava/lang/Object;[Ljava/lang/Object;)Z @ 23
Event: 14.314 Thread 0x00007fed6813d000 Uncommon trap: reason=unstable_if action=reinterpret pc=0x00007fed58d2aa5c method=java.util.TreeMap.put(Ljava/lang/Object;Ljava/lang/Object;)Ljava/lang/Object; @ 163

Internal exceptions (6 events):
Event: 0.280 Thread 0x00007fed68008800 Exception <a 'java/lang/NoSuchMethodError': Method sun.misc.Unsafe.defineClass(Ljava/lang/String;[BII)Ljava/lang/Class; name or signature does not match> (0x00000000eab07cc0) thrown at [/ssd/Android/AOSP-openjdk/external/jetbrains/jdk/hotspot/src/share/vm
Event: 0.280 Thread 0x00007fed68008800 Exception <a 'java/lang/NoSuchMethodError': Method sun.misc.Unsafe.prefetchRead(Ljava/lang/Object;J)V name or signature does not match> (0x00000000eab07fa8) thrown at [/ssd/Android/AOSP-openjdk/external/jetbrains/jdk/hotspot/src/share/vm/prims/jni.cpp, li
Event: 4.875 Thread 0x00007fed6813a000 Implicit null exception at 0x00007fed588487ec to 0x00007fed5884b699
Event: 8.327 Thread 0x00007fed6813a000 Exception <a 'java/lang/ArrayIndexOutOfBoundsException': 18> (0x00000000ead9a8e8) thrown at [/ssd/Android/AOSP-openjdk/external/jetbrains/jdk/hotspot/src/share/vm/interpreter/interpreterRuntime.cpp, line 366]
Event: 8.327 Thread 0x00007fed6813a000 Exception <a 'java/lang/ArrayIndexOutOfBoundsException': 145> (0x00000000ead9c468) thrown at [/ssd/Android/AOSP-openjdk/external/jetbrains/jdk/hotspot/src/share/vm/interpreter/interpreterRuntime.cpp, line 366]
Event: 8.344 Thread 0x00007fed6813a000 Exception <a 'java/lang/ArrayIndexOutOfBoundsException': 40> (0x00000000ead9d750) thrown at [/ssd/Android/AOSP-openjdk/external/jetbrains/jdk/hotspot/src/share/vm/interpreter/interpreterRuntime.cpp, line 366]

Events (10 events):
Event: 14.314 Thread 0x00007fed6813d000 DEOPT UNPACKING pc=0x00007fed5858df69 sp=0x00007fed4f0ef3e0 mode 2
Event: 14.500 Thread 0x00007fed6813d000 DEOPT PACKING pc=0x00007fed58d2e1a2 sp=0x00007fed4f0ef1d0
Event: 14.500 Thread 0x00007fed6813d000 DEOPT UNPACKING pc=0x00007fed585d0373 sp=0x00007fed4f0eef70 mode 0
Event: 14.512 Thread 0x00007fed6813d000 DEOPT PACKING pc=0x00007fed58d22e7d sp=0x00007fed4f0ef240
Event: 14.512 Thread 0x00007fed6813d000 DEOPT UNPACKING pc=0x00007fed585d0373 sp=0x00007fed4f0eef88 mode 0
Event: 14.735 Thread 0x00007fed6813d000 DEOPT PACKING pc=0x00007fed58d4ad29 sp=0x00007fed4f0ef2f0
Event: 14.735 Thread 0x00007fed6813d000 DEOPT UNPACKING pc=0x00007fed585d0373 sp=0x00007fed4f0ef118 mode 0
Event: 15.240 Thread 0x00007fed6813d000 DEOPT PACKING pc=0x00007fed58d64a41 sp=0x00007fed4f0ef340
Event: 15.240 Thread 0x00007fed6813d000 DEOPT UNPACKING pc=0x00007fed585d0373 sp=0x00007fed4f0ef0d8 mode 0
Event: 15.552 Executing VM operation: ParallelGCFailedAllocation


Dynamic libraries:
00400000-00401000 r-xp 00000000 08:04 3148253                            /opt/android-studio/jre/bin/java
00600000-00601000 r--p 00000000 08:04 3148253                            /opt/android-studio/jre/bin/java
00601000-00602000 rw-p 00001000 08:04 3148253                            /opt/android-studio/jre/bin/java
01e85000-01ea6000 rw-p 00000000 00:00 0                                  [heap]
c0000000-c5300000 rw-p 00000000 00:00 0 
c5300000-eab00000 ---p 00000000 00:00 0 
eab00000-f4900000 rw-p 00000000 00:00 0 
fd100000-100000000 ---p 00000000 00:00 0 
100000000-1000a0000 rw-p 00000000 00:00 0 
1000a0000-140000000 ---p 00000000 00:00 0 
7fecfc000000-7fecfc047000 rw-p 00000000 00:00 0 
7fecfc047000-7fed00000000 ---p 00000000 00:00 0 
7fed00000000-7fed00039000 rw-p 00000000 00:00 0 
7fed00039000-7fed04000000 ---p 00000000 00:00 0 
7fed04000000-7fed04021000 rw-p 00000000 00:00 0 
7fed04021000-7fed08000000 ---p 00000000 00:00 0 
7fed08000000-7fed08038000 rw-p 00000000 00:00 0 
7fed08038000-7fed0c000000 ---p 00000000 00:00 0 
7fed0c000000-7fed0c021000 rw-p 00000000 00:00 0 
7fed0c021000-7fed10000000 ---p 00000000 00:00 0 
7fed10000000-7fed1002f000 rw-p 00000000 00:00 0 
7fed1002f000-7fed14000000 ---p 00000000 00:00 0 
7fed14000000-7fed14b71000 rw-p 00000000 00:00 0 
7fed14b71000-7fed18000000 ---p 00000000 00:00 0 
7fed18000000-7fed18021000 rw-p 00000000 00:00 0 
7fed18021000-7fed1c000000 ---p 00000000 00:00 0 
7fed1c000000-7fed1ca2f000 rw-p 00000000 00:00 0 
7fed1ca2f000-7fed20000000 ---p 00000000 00:00 0 
7fed20000000-7fed20e35000 rw-p 00000000 00:00 0 
7fed20e35000-7fed24000000 ---p 00000000 00:00 0 
7fed24000000-7fed24021000 rw-p 00000000 00:00 0 
7fed24021000-7fed28000000 ---p 00000000 00:00 0 
7fed2968d000-7fed30000000 r--p 00000000 08:04 3409371                    /usr/lib/locale/locale-archive
7fed30000000-7fed30021000 rw-p 00000000 00:00 0 
7fed30021000-7fed34000000 ---p 00000000 00:00 0 
7fed34000000-7fed34021000 rw-p 00000000 00:00 0 
7fed34021000-7fed38000000 ---p 00000000 00:00 0 
7fed38000000-7fed38021000 rw-p 00000000 00:00 0 
7fed38021000-7fed3c000000 ---p 00000000 00:00 0 
7fed3c000000-7fed3c27d000 rw-p 00000000 00:00 0 
7fed3c27d000-7fed40000000 ---p 00000000 00:00 0 
7fed40000000-7fed40021000 rw-p 00000000 00:00 0 
7fed40021000-7fed44000000 ---p 00000000 00:00 0 
7fed48000000-7fed48021000 rw-p 00000000 00:00 0 
7fed48021000-7fed4c000000 ---p 00000000 00:00 0 
7fed4eff0000-7fed4eff3000 ---p 00000000 00:00 0 
7fed4eff3000-7fed4f0f1000 rw-p 00000000 00:00 0 
7fed4f0f1000-7fed4f0f4000 ---p 00000000 00:00 0 
7fed4f0f4000-7fed4f1f2000 rw-p 00000000 00:00 0 
7fed4f1f2000-7fed4f1f5000 ---p 00000000 00:00 0 
7fed4f1f5000-7fed4f2f3000 rw-p 00000000 00:00 0 
7fed4f2f3000-7fed4f2f6000 ---p 00000000 00:00 0 
7fed4f2f6000-7fed4f3f4000 rw-p 00000000 00:00 0 
7fed4f3f4000-7fed4f3f7000 ---p 00000000 00:00 0 
7fed4f3f7000-7fed4f4f5000 rw-p 00000000 00:00 0 
7fed4f4f5000-7fed4f4f6000 ---p 00000000 00:00 0 
7fed4f4f6000-7fed4f5f6000 rw-p 00000000 00:00 0 
7fed4f5f6000-7fed4f5f9000 ---p 00000000 00:00 0 
7fed4f5f9000-7fed4f6f7000 rw-p 00000000 00:00 0 
7fed4f6f7000-7fed4f6fa000 ---p 00000000 00:00 0 
7fed4f6fa000-7fed4f7f8000 rw-p 00000000 00:00 0 
7fed4f7f8000-7fed4f7fb000 ---p 00000000 00:00 0 
7fed4f7fb000-7fed4f8f9000 rw-p 00000000 00:00 0 
7fed4f8f9000-7fed4f8fc000 ---p 00000000 00:00 0 
7fed4f8fc000-7fed4f9fa000 rw-p 00000000 00:00 0 
7fed4f9fa000-7fed4f9fd000 ---p 00000000 00:00 0 
7fed4f9fd000-7fed4fafb000 rw-p 00000000 00:00 0 
7fed4fafb000-7fed4fafe000 ---p 00000000 00:00 0 
7fed4fafe000-7fed4fbfc000 rw-p 00000000 00:00 0 
7fed4fbfc000-7fed4fbff000 ---p 00000000 00:00 0 
7fed4fbff000-7fed4fcfd000 rw-p 00000000 00:00 0 
7fed4fcfd000-7fed4fcfe000 ---p 00000000 00:00 0 
7fed4fcfe000-7fed50000000 rw-p 00000000 00:00 0 
7fed50000000-7fed50021000 rw-p 00000000 00:00 0 
7fed50021000-7fed54000000 ---p 00000000 00:00 0 
7fed5409a000-7fed54e2b000 rw-p 00000000 00:00 0 
7fed54e2b000-7fed54ff8000 r--s 03bec000 08:04 3281732                    /opt/android-studio/jre/jre/lib/rt.jar
7fed54ff8000-7fed5572e000 rw-p 00000000 00:00 0 
7fed5572e000-7fed5586e000 ---p 00000000 00:00 0 
7fed5586e000-7fed57a6e000 rw-p 00000000 00:00 0 
7fed57a6e000-7fed57a6f000 ---p 00000000 00:00 0 
7fed57a6f000-7fed57b6f000 rw-p 00000000 00:00 0 
7fed57b6f000-7fed57b70000 ---p 00000000 00:00 0 
7fed57b70000-7fed57c70000 rw-p 00000000 00:00 0 
7fed57c70000-7fed57c71000 ---p 00000000 00:00 0 
7fed57c71000-7fed57d71000 rw-p 00000000 00:00 0 
7fed57d71000-7fed57d72000 ---p 00000000 00:00 0 
7fed57d72000-7fed57e9c000 rw-p 00000000 00:00 0 
7fed57e9c000-7fed57fc8000 ---p 00000000 00:00 0 
7fed57fc8000-7fed57ff2000 rw-p 00000000 00:00 0 
7fed57ff2000-7fed5811d000 ---p 00000000 00:00 0 
7fed5811d000-7fed5816d000 rw-p 00000000 00:00 0 
7fed5816d000-7fed581c8000 ---p 00000000 00:00 0 
7fed581c8000-7fed581ea000 rw-p 00000000 00:00 0 
7fed581ea000-7fed58589000 ---p 00000000 00:00 0 
7fed58589000-7fed58db9000 rwxp 00000000 00:00 0 
7fed58db9000-7fed67589000 ---p 00000000 00:00 0 
7fed67589000-7fed675a3000 r-xp 00000000 08:04 3803060                    /opt/android-studio/jre/jre/lib/amd64/libzip.so
7fed675a3000-7fed677a3000 ---p 0001a000 08:04 3803060                    /opt/android-studio/jre/jre/lib/amd64/libzip.so
7fed677a3000-7fed677a4000 r--p 0001a000 08:04 3803060                    /opt/android-studio/jre/jre/lib/amd64/libzip.so
7fed677a4000-7fed677a5000 rw-p 0001b000 08:04 3803060                    /opt/android-studio/jre/jre/lib/amd64/libzip.so
7fed677a5000-7fed677b0000 r-xp 00000000 08:04 3419534                    /usr/lib64/libnss_files-2.23.so
7fed677b0000-7fed679af000 ---p 0000b000 08:04 3419534                    /usr/lib64/libnss_files-2.23.so
7fed679af000-7fed679b0000 r--p 0000a000 08:04 3419534                    /usr/lib64/libnss_files-2.23.so
7fed679b0000-7fed679b1000 rw-p 0000b000 08:04 3419534                    /usr/lib64/libnss_files-2.23.so
7fed679b1000-7fed679b7000 rw-p 00000000 00:00 0 
7fed679b7000-7fed679e4000 r-xp 00000000 08:04 3803946                    /opt/android-studio/jre/jre/lib/amd64/libjava.so
7fed679e4000-7fed67be3000 ---p 0002d000 08:04 3803946                    /opt/android-studio/jre/jre/lib/amd64/libjava.so
7fed67be3000-7fed67be4000 r--p 0002c000 08:04 3803946                    /opt/android-studio/jre/jre/lib/amd64/libjava.so
7fed67be4000-7fed67be6000 rw-p 0002d000 08:04 3803946                    /opt/android-studio/jre/jre/lib/amd64/libjava.so
7fed67be6000-7fed67bf6000 r-xp 00000000 08:04 3804378                    /opt/android-studio/jre/jre/lib/amd64/libverify.so
7fed67bf6000-7fed67df5000 ---p 00010000 08:04 3804378                    /opt/android-studio/jre/jre/lib/amd64/libverify.so
7fed67df5000-7fed67df7000 r--p 0000f000 08:04 3804378                    /opt/android-studio/jre/jre/lib/amd64/libverify.so
7fed67df7000-7fed67df8000 rw-p 00011000 08:04 3804378                    /opt/android-studio/jre/jre/lib/amd64/libverify.so
7fed67df8000-7fed67dff000 r-xp 00000000 08:04 3419537                    /usr/lib64/librt-2.23.so
7fed67dff000-7fed67ffe000 ---p 00007000 08:04 3419537                    /usr/lib64/librt-2.23.so
7fed67ffe000-7fed67fff000 r--p 00006000 08:04 3419537                    /usr/lib64/librt-2.23.so
7fed67fff000-7fed68000000 rw-p 00007000 08:04 3419537                    /usr/lib64/librt-2.23.so
7fed68000000-7fed6837e000 rw-p 00000000 00:00 0 
7fed6837e000-7fed6c000000 ---p 00000000 00:00 0 
7fed6c002000-7fed6c010000 r--s 000e0000 08:04 1974815                    /home/caitano/Android/Sdk/build-tools/24.0.2/lib/dx.jar
7fed6c010000-7fed6c031000 rw-p 00000000 00:00 0 
7fed6c031000-7fed6c139000 r-xp 00000000 08:04 3419531                    /usr/lib64/libm-2.23.so
7fed6c139000-7fed6c338000 ---p 00108000 08:04 3419531                    /usr/lib64/libm-2.23.so
7fed6c338000-7fed6c339000 r--p 00107000 08:04 3419531                    /usr/lib64/libm-2.23.so
7fed6c339000-7fed6c33a000 rw-p 00108000 08:04 3419531                    /usr/lib64/libm-2.23.so
7fed6c33a000-7fed6cf20000 r-xp 00000000 08:04 3804440                    /opt/android-studio/jre/jre/lib/amd64/server/libjvm.so
7fed6cf20000-7fed6d120000 ---p 00be6000 08:04 3804440                    /opt/android-studio/jre/jre/lib/amd64/server/libjvm.so
7fed6d120000-7fed6d1bf000 r--p 00be6000 08:04 3804440                    /opt/android-studio/jre/jre/lib/amd64/server/libjvm.so
7fed6d1bf000-7fed6d1e8000 rw-p 00c85000 08:04 3804440                    /opt/android-studio/jre/jre/lib/amd64/server/libjvm.so
7fed6d1e8000-7fed6d22a000 rw-p 00000000 00:00 0 
7fed6d22a000-7fed6d241000 r-xp 00000000 08:04 3417370                    /usr/lib64/libpthread-2.23.so
7fed6d241000-7fed6d440000 ---p 00017000 08:04 3417370                    /usr/lib64/libpthread-2.23.so
7fed6d440000-7fed6d441000 r--p 00016000 08:04 3417370                    /usr/lib64/libpthread-2.23.so
7fed6d441000-7fed6d442000 rw-p 00017000 08:04 3417370                    /usr/lib64/libpthread-2.23.so
7fed6d442000-7fed6d446000 rw-p 00000000 00:00 0 
7fed6d446000-7fed6d449000 r-xp 00000000 08:04 3419530                    /usr/lib64/libdl-2.23.so
7fed6d449000-7fed6d648000 ---p 00003000 08:04 3419530                    /usr/lib64/libdl-2.23.so
7fed6d648000-7fed6d649000 r--p 00002000 08:04 3419530                    /usr/lib64/libdl-2.23.so
7fed6d649000-7fed6d64a000 rw-p 00003000 08:04 3419530                    /usr/lib64/libdl-2.23.so
7fed6d64a000-7fed6d803000 r-xp 00000000 08:04 3416783                    /usr/lib64/libc-2.23.so
7fed6d803000-7fed6da02000 ---p 001b9000 08:04 3416783                    /usr/lib64/libc-2.23.so
7fed6da02000-7fed6da06000 r--p 001b8000 08:04 3416783                    /usr/lib64/libc-2.23.so
7fed6da06000-7fed6da08000 rw-p 001bc000 08:04 3416783                    /usr/lib64/libc-2.23.so
7fed6da08000-7fed6da0c000 rw-p 00000000 00:00 0 
7fed6da0c000-7fed6da22000 r-xp 00000000 08:04 3019000                    /opt/android-studio/jre/lib/amd64/jli/libjli.so
7fed6da22000-7fed6dc21000 ---p 00016000 08:04 3019000                    /opt/android-studio/jre/lib/amd64/jli/libjli.so
7fed6dc21000-7fed6dc22000 r--p 00015000 08:04 3019000                    /opt/android-studio/jre/lib/amd64/jli/libjli.so
7fed6dc22000-7fed6dc23000 rw-p 00016000 08:04 3019000                    /opt/android-studio/jre/lib/amd64/jli/libjli.so
7fed6dc23000-7fed6dc47000 r-xp 00000000 08:04 3422375                    /usr/lib64/ld-2.23.so
7fed6dc51000-7fed6dd21000 rw-p 00000000 00:00 0 
7fed6dd21000-7fed6dd24000 ---p 00000000 00:00 0 
7fed6dd24000-7fed6de26000 rw-p 00000000 00:00 0 
7fed6de27000-7fed6de3b000 rw-p 00000000 00:00 0 
7fed6de3b000-7fed6de43000 rw-s 00000000 00:26 364469                     /tmp/hsperfdata_caitano/9519
7fed6de43000-7fed6de44000 rw-p 00000000 00:00 0 
7fed6de44000-7fed6de45000 ---p 00000000 00:00 0 
7fed6de45000-7fed6de46000 rw-p 00000000 00:00 0 
7fed6de46000-7fed6de47000 r--p 00023000 08:04 3422375                    /usr/lib64/ld-2.23.so
7fed6de47000-7fed6de48000 rw-p 00024000 08:04 3422375                    /usr/lib64/ld-2.23.so
7fed6de48000-7fed6de49000 rw-p 00000000 00:00 0 
7fff26143000-7fff26164000 rw-p 00000000 00:00 0                          [stack]
7fff261c6000-7fff261c8000 r--p 00000000 00:00 0                          [vvar]
7fff261c8000-7fff261ca000 r-xp 00000000 00:00 0                          [vdso]
ffffffffff600000-ffffffffff601000 r-xp 00000000 00:00 0                  [vsyscall]

VM Arguments:
jvm_args: -Djava.awt.headless=true -Xmx1024M -Dfile.encoding=UTF-8 -Duser.country=US -Duser.language=en -Duser.variant 
java_command: com.android.dx.command.Main --dex --force-jumbo --num-threads=4 --multi-dex --output /home/caitano/git-local/nutrition_app/app/build/intermediates/transforms/dex/debug/folders/1000/10/com.android.support-appcompat-v7-24.2.0_e15bcfb42c14c73f896408ab312d55bb0ac4d387 /home/caitano/git-local/nutrition_app/app/build/intermediates/exploded-aar/com.android.support/appcompat-v7/24.2.0/jars/classes.jar
java_class_path (initial): /home/caitano/Android/Sdk/build-tools/24.0.2/lib/dx.jar
Launcher Type: SUN_STANDARD

Environment Variables:
PATH=/usr/lib64/qt-3.3/bin:/usr/java/jdk1.8.0_102/bin:/usr/java/jdk1.8.0_102/bin:/usr/java/jdk1.8.0_102/bin:/usr/local/bin:/usr/local/sbin:/usr/bin:/usr/sbin:/opt/android-studio/bin:/home/caitano/.local/bin:/home/caitano/bin
USERNAME=caitano
LD_LIBRARY_PATH=/opt/android-studio/bin:
SHELL=/bin/bash
DISPLAY=:0

Signal Handlers:
SIGSEGV: [libjvm.so+0x9daac0], sa_mask[0]=11111111011111111101111111111110, sa_flags=SA_RESTART|SA_SIGINFO
SIGBUS: [libjvm.so+0x9daac0], sa_mask[0]=11111111011111111101111111111110, sa_flags=SA_RESTART|SA_SIGINFO
SIGFPE: [libjvm.so+0x840d90], sa_mask[0]=11111111011111111101111111111110, sa_flags=SA_RESTART|SA_SIGINFO
SIGPIPE: [libjvm.so+0x840d90], sa_mask[0]=11111111011111111101111111111110, sa_flags=SA_RESTART|SA_SIGINFO
SIGXFSZ: [libjvm.so+0x840d90], sa_mask[0]=11111111011111111101111111111110, sa_flags=SA_RESTART|SA_SIGINFO
SIGILL: [libjvm.so+0x840d90], sa_mask[0]=11111111011111111101111111111110, sa_flags=SA_RESTART|SA_SIGINFO
SIGUSR1: SIG_DFL, sa_mask[0]=00000000000000000000000000000000, sa_flags=none
SIGUSR2: [libjvm.so+0x840c60], sa_mask[0]=00100000000000000000000000000000, sa_flags=SA_RESTART|SA_SIGINFO
SIGHUP: [libjvm.so+0x840e50], sa_mask[0]=11111111011111111101111111111110, sa_flags=SA_RESTART|SA_SIGINFO
SIGINT: [libjvm.so+0x840e50], sa_mask[0]=11111111011111111101111111111110, sa_flags=SA_RESTART|SA_SIGINFO
SIGTERM: [libjvm.so+0x840e50], sa_mask[0]=11111111011111111101111111111110, sa_flags=SA_RESTART|SA_SIGINFO
SIGQUIT: [libjvm.so+0x840e50], sa_mask[0]=11111111011111111101111111111110, sa_flags=SA_RESTART|SA_SIGINFO


---------------  S Y S T E M  ---------------

OS:Fedora release 24 (Twenty Four)

uname:Linux 4.7.6-200.fc24.x86_64 #1 SMP Mon Oct 3 20:10:24 UTC 2016 x86_64
libc:glibc 2.23 NPTL 2.23 
rlimit: STACK 8192k, CORE infinity, NPROC 31270, NOFILE 4096, AS infinity
load average:11.60 3.20 1.48

/proc/meminfo:
MemTotal:        8025292 kB
MemFree:          386784 kB
MemAvailable:     318268 kB
Buffers:            1904 kB
Cached:          1230052 kB
SwapCached:            0 kB
Active:          6151716 kB
Inactive:        1203996 kB
Active(anon):    6134860 kB
Inactive(anon):  1122528 kB
Active(file):      16856 kB
Inactive(file):    81468 kB
Unevictable:          60 kB
Mlocked:              60 kB
SwapTotal:             0 kB
SwapFree:              0 kB
Dirty:                16 kB
Writeback:             0 kB
AnonPages:       6123660 kB
Mapped:           497212 kB
Shmem:           1133640 kB
Slab:             110768 kB
SReclaimable:      39672 kB
SUnreclaim:        71096 kB
KernelStack:       14912 kB
PageTables:        80552 kB
NFS_Unstable:          0 kB
Bounce:                0 kB
WritebackTmp:          0 kB
CommitLimit:     4012644 kB
Committed_AS:   16230232 kB
VmallocTotal:   34359738367 kB
VmallocUsed:           0 kB
VmallocChunk:          0 kB
HardwareCorrupted:     0 kB
AnonHugePages:         0 kB
CmaTotal:              0 kB
CmaFree:               0 kB
HugePages_Total:       0
HugePages_Free:        0
HugePages_Rsvd:        0
HugePages_Surp:        0
Hugepagesize:       2048 kB
DirectMap4k:      192768 kB
DirectMap2M:     8044544 kB


CPU:total 4 (2 cores per cpu, 2 threads per core) family 6 model 42 stepping 7, cmov, cx8, fxsr, mmx, sse, sse2, sse3, ssse3, sse4.1, sse4.2, popcnt, avx, clmul, ht, tsc, tscinvbit

/proc/cpuinfo:
processor	: 0
vendor_id	: GenuineIntel
cpu family	: 6
model		: 42
model name	: Intel(R) Core(TM) i3-2310M CPU @ 2.10GHz
stepping	: 7
microcode	: 0x29
cpu MHz		: 2099.871
cache size	: 3072 KB
physical id	: 0
siblings	: 4
core id		: 0
cpu cores	: 2
apicid		: 0
initial apicid	: 0
fpu		: yes
fpu_exception	: yes
cpuid level	: 13
wp		: yes
flags		: fpu vme de pse tsc msr pae mce cx8 apic sep mtrr pge mca cmov pat pse36 clflush dts acpi mmx fxsr sse sse2 ss ht tm pbe syscall nx rdtscp lm constant_tsc arch_perfmon pebs bts rep_good nopl xtopology nonstop_tsc aperfmperf eagerfpu pni pclmulqdq dtes64 monitor ds_cpl vmx est tm2 ssse3 cx16 xtpr pdcm pcid sse4_1 sse4_2 x2apic popcnt tsc_deadline_timer xsave avx lahf_lm epb tpr_shadow vnmi flexpriority ept vpid xsaveopt dtherm arat pln pts
bugs		:
bogomips	: 4190.51
clflush size	: 64
cache_alignment	: 64
address sizes	: 36 bits physical, 48 bits virtual
power management:

processor	: 1
vendor_id	: GenuineIntel
cpu family	: 6
model		: 42
model name	: Intel(R) Core(TM) i3-2310M CPU @ 2.10GHz
stepping	: 7
microcode	: 0x29
cpu MHz		: 2100.000
cache size	: 3072 KB
physical id	: 0
siblings	: 4
core id		: 0
cpu cores	: 2
apicid		: 1
initial apicid	: 1
fpu		: yes
fpu_exception	: yes
cpuid level	: 13
wp		: yes
flags		: fpu vme de pse tsc msr pae mce cx8 apic sep mtrr pge mca cmov pat pse36 clflush dts acpi mmx fxsr sse sse2 ss ht tm pbe syscall nx rdtscp lm constant_tsc arch_perfmon pebs bts rep_good nopl xtopology nonstop_tsc aperfmperf eagerfpu pni pclmulqdq dtes64 monitor ds_cpl vmx est tm2 ssse3 cx16 xtpr pdcm pcid sse4_1 sse4_2 x2apic popcnt tsc_deadline_timer xsave avx lahf_lm epb tpr_shadow vnmi flexpriority ept vpid xsaveopt dtherm arat pln pts
bugs		:
bogomips	: 4195.86
clflush size	: 64
cache_alignment	: 64
address sizes	: 36 bits physical, 48 bits virtual
power management:

processor	: 2
vendor_id	: GenuineIntel
cpu family	: 6
model		: 42
model name	: Intel(R) Core(TM) i3-2310M CPU @ 2.10GHz
stepping	: 7
microcode	: 0x29
cpu MHz		: 2100.000
cache size	: 3072 KB
physical id	: 0
siblings	: 4
core id		: 1
cpu cores	: 2
apicid		: 2
initial apicid	: 2
fpu		: yes
fpu_exception	: yes
cpuid level	: 13
wp		: yes
flags		: fpu vme de pse tsc msr pae mce cx8 apic sep mtrr pge mca cmov pat pse36 clflush dts acpi mmx fxsr sse sse2 ss ht tm pbe syscall nx rdtscp lm constant_tsc arch_perfmon pebs bts rep_good nopl xtopology nonstop_tsc aperfmperf eagerfpu pni pclmulqdq dtes64 monitor ds_cpl vmx est tm2 ssse3 cx16 xtpr pdcm pcid sse4_1 sse4_2 x2apic popcnt tsc_deadline_timer xsave avx lahf_lm epb tpr_shadow vnmi flexpriority ept vpid xsaveopt dtherm arat pln pts
bugs		:
bogomips	: 4194.40
clflush size	: 64
cache_alignment	: 64
address sizes	: 36 bits physical, 48 bits virtual
power management:

processor	: 3
vendor_id	: GenuineIntel
cpu family	: 6
model		: 42
model name	: Intel(R) Core(TM) i3-2310M CPU @ 2.10GHz
stepping	: 7
microcode	: 0x29
cpu MHz		: 2100.000
cache size	: 3072 KB
physical id	: 0
siblings	: 4
core id		: 1
cpu cores	: 2
apicid		: 3
initial apicid	: 3
fpu		: yes
fpu_exception	: yes
cpuid level	: 13
wp		: yes
flags		: fpu vme de pse tsc msr pae mce cx8 apic sep mtrr pge mca cmov pat pse36 clflush dts acpi mmx fxsr sse sse2 ss ht tm pbe syscall nx rdtscp lm constant_tsc arch_perfmon pebs bts rep_good nopl xtopology nonstop_tsc aperfmperf eagerfpu pni pclmulqdq dtes64 monitor ds_cpl vmx est tm2 ssse3 cx16 xtpr pdcm pcid sse4_1 sse4_2 x2apic popcnt tsc_deadline_timer xsave avx lahf_lm epb tpr_shadow vnmi flexpriority ept vpid xsaveopt dtherm arat pln pts
bugs		:
bogomips	: 4194.33
clflush size	: 64
cache_alignment	: 64
address sizes	: 36 bits physical, 48 bits virtual
power management:



Memory: 4k page, physical 8025292k(386784k free), swap 0k(0k free)

vm_info: OpenJDK 64-Bit Server VM (25.76-b03) for linux-amd64 JRE (1.8.0_76-release-b03), built on Jun 29 2016 09:39:19 by "builder" with gcc 4.8.4

time: Sat Nov 19 15:06:34 2016
elapsed time: 18 seconds (0d 0h 0m 18s)

