#
# A fatal error has been detected by the Java Runtime Environment:
#
#  SIGSEGV (0xb) at pc=0x00007f304fba3383, pid=7018, tid=0x00007f3050e3e700
#
# JRE version: OpenJDK Runtime Environment (8.0_76-b03) (build 1.8.0_76-release-b03)
# Java VM: OpenJDK 64-Bit Server VM (25.76-b03 mixed mode linux-amd64 compressed oops)
# Problematic frame:
# V  [libjvm.so+0x84a383]  os::PlatformEvent::unpark()+0x13
#
# Failed to write core dump. Core dumps have been disabled. To enable core dumping, try "ulimit -c unlimited" before starting Java again
#
# If you would like to submit a bug report, please visit:
#   http://bugreport.java.com/bugreport/crash.jsp
#

---------------  T H R E A D  ---------------

Current thread (0x00007f3048008800):  JavaThread "main" [_thread_in_vm, id=7027, stack(0x00007f3050d3e000,0x00007f3050e3f000)]

siginfo: si_signo: 11 (SIGSEGV), si_code: 1 (SEGV_MAPERR), si_addr: 0x0000000000ca0020

Registers:
RAX=0x0000000000000001, RBX=0x0000000000ca0000, RCX=0x00007f3050218230, RDX=0x0000000000ca0020
RSP=0x00007f3050e3cc70, RBP=0x00007f3050e3cc80, RSI=0x0000000000000064, RDI=0x0000000000ca0000
R8 =0x0000000000000000, R9 =0x0000000000000000, R10=0x00007f304fa929c0, R11=0x00007f3050ccba11
R12=0x0000000000000000, R13=0x000000000000001f, R14=0x00000000000000f8, R15=0x00007f3048008800
RIP=0x00007f304fba3383, EFLAGS=0x0000000000010246, CSGSFS=0x002b000000000033, ERR=0x0000000000000006
  TRAPNO=0x000000000000000e

Top of Stack: (sp=0x00007f3050e3cc70)
0x00007f3050e3cc70:   00007f3050e3d3e0 0000000000000000
0x00007f3050e3cc80:   00007f3050e3d3b0 00007f304f804ef9
0x00007f3050e3cc90:   00007f3048008800 00007f304803ca70
0x00007f3050e3cca0:   00007f3050e3cd10 0000000000000000
0x00007f3050e3ccb0:   000000005c86684c 00007f304fbf0248
0x00007f3050e3ccc0:   0000000300000000 00007f3000000001
0x00007f3050e3ccd0:   00007f2ff00312b0 000000000000001f
0x00007f3050e3cce0:   00000001160cff0d 00007f3050217b20
0x00007f3050e3ccf0:   00007f3048005e50 00007f3050217b20
0x00007f3050e3cd00:   00007f3048005e50 00007f304802c790
0x00007f3050e3cd10:   00007f3050e3cd90 00007f2ff00312b1
0x00007f3050e3cd20:   00007f3048008800 00007f3048008800
0x00007f3050e3cd30:   00000001000466f0 00007f300000003c
0x00007f3050e3cd40:   0000000000000000 00007f3048005e50
0x00007f3050e3cd50:   000000ca00000000 00007f305c86684c
0x00007f3050e3cd60:   0000000000000929 00007f30501e1f80
0x00007f3050e3cd70:   00007f3048008800 00000001000466f0
0x00007f3050e3cd80:   00007f2ff00312b0 00007f304803ca70
0x00007f3050e3cd90:   00007f3050e3ce60 0000000000000000
0x00007f3050e3cda0:   000000005c86684c 00007f3048008800
0x00007f3050e3cdb0:   00007f3048039ec0 00007f30506ea36c
0x00007f3050e3cdc0:   00007f3050e3ce10 00007f304803ca70
0x00007f3050e3cdd0:   0000000000000000 000000005c86684c
0x00007f3050e3cde0:   00007f3048008800 00007f304803ca70
0x00007f3050e3cdf0:   00007f3050e3ce60 0000000000000000
0x00007f3050e3ce00:   00007f3050e3ce60 00007f304fbf031c
0x00007f3050e3ce10:   0000000150e3ce60 00007f304802c790
0x00007f3050e3ce20:   00007f2ff00312b0 0000000000000650
0x00007f3050e3ce30:   00007f3050e3ce50 00007f3048008800
0x00007f3050e3ce40:   000000005c86684c 00007f3048008800
0x00007f3050e3ce50:   000000005c86684c 00007f2ff00312b0
0x00007f3050e3ce60:   00007f3050e3cf50 00007f304fcade0b 

Instructions: (pc=0x00007f304fba3383)
0x00007f304fba3363:   00 e9 58 fe ff ff 90 66 0f 1f 44 00 00 55 b8 01
0x00007f304fba3373:   00 00 00 48 8d 57 20 48 89 e5 41 54 53 48 89 fb
0x00007f304fba3383:   87 02 85 c0 78 07 5b 41 5c 5d c3 66 90 4c 8d 67
0x00007f304fba3393:   28 4c 89 e7 e8 e4 08 9b ff 8b 43 24 85 c0 74 2e 

Register to memory mapping:

RAX=0x0000000000000001 is an unknown value
RBX=0x0000000000ca0000 is an unknown value
RCX=0x00007f3050218230: <offset 0xebf230> in /home/caitano/android-studio/jre/jre/lib/amd64/server/libjvm.so at 0x00007f304f359000
RDX=0x0000000000ca0020 is an unknown value
RSP=0x00007f3050e3cc70 is pointing into the stack for thread: 0x00007f3048008800
RBP=0x00007f3050e3cc80 is pointing into the stack for thread: 0x00007f3048008800
RSI=0x0000000000000064 is an unknown value
RDI=0x0000000000ca0000 is an unknown value
R8 =0x0000000000000000 is an unknown value
R9 =0x0000000000000000 is an unknown value
R10=0x00007f304fa929c0: <offset 0x7399c0> in /home/caitano/android-studio/jre/jre/lib/amd64/server/libjvm.so at 0x00007f304f359000
R11=0x00007f3050ccba11 is an unknown value
R12=0x0000000000000000 is an unknown value
R13=0x000000000000001f is an unknown value
R14=0x00000000000000f8 is an unknown value
R15=0x00007f3048008800 is a thread


Stack: [0x00007f3050d3e000,0x00007f3050e3f000],  sp=0x00007f3050e3cc70,  free space=1019k
Native frames: (J=compiled Java code, j=interpreted, Vv=VM code, C=native code)
V  [libjvm.so+0x84a383]  os::PlatformEvent::unpark()+0x13
V  [libjvm.so+0x4abef9]  ConstantPool::klass_at_impl(constantPoolHandle, int, Thread*)+0x139
V  [libjvm.so+0x4acde7]  ConstantPool::klass_ref_at(int, Thread*)+0xb7
V  [libjvm.so+0x734a22]  LinkResolver::resolve_pool(KlassHandle&, Symbol*&, Symbol*&, KlassHandle&, constantPoolHandle, int, Thread*)+0x72
V  [libjvm.so+0x738bea]  LinkResolver::resolve_invokespecial(CallInfo&, constantPoolHandle, int, Thread*)+0x9a
V  [libjvm.so+0x7399e0]  LinkResolver::resolve_invoke(CallInfo&, Handle, constantPoolHandle, int, Bytecodes::Code, Thread*)+0x120
V  [libjvm.so+0x61ce5c]  InterpreterRuntime::resolve_invoke(JavaThread*, Bytecodes::Code)+0x16c
j  java.util.IdentityHashMap$KeySet.<init>(Ljava/util/IdentityHashMap;Ljava/util/IdentityHashMap$1;)V+2
j  java.util.IdentityHashMap.keySet()Ljava/util/Set;+15
j  java.util.Collections$SetFromMap.<init>(Ljava/util/Map;)V+30
j  java.util.Collections.newSetFromMap(Ljava/util/Map;)Ljava/util/Set;+5
j  java.lang.Throwable.printStackTrace(Ljava/lang/Throwable$PrintStreamOrWriter;)V+7
j  java.lang.Throwable.printStackTrace(Ljava/io/PrintStream;)V+9
j  java.lang.Throwable.printStackTrace()V+4
j  com.android.dx.command.Main.main([Ljava/lang/String;)V+208
v  ~StubRoutines::call_stub
V  [libjvm.so+0x6257fa]  JavaCalls::call_helper(JavaValue*, methodHandle*, JavaCallArguments*, Thread*)+0xeea
V  [libjvm.so+0x635eca]  jni_invoke_static(JNIEnv_*, JavaValue*, _jobject*, JNICallType, _jmethodID*, JNI_ArgumentPusher*, Thread*) [clone .isra.200]+0x2fa
V  [libjvm.so+0x646f7e]  jni_CallStaticVoidMethod+0x16e
C  [libjli.so+0x8149]  JavaMain+0xa09
C  [libpthread.so.0+0x75ca]  start_thread+0xca

Java frames: (J=compiled Java code, j=interpreted, Vv=VM code)
j  java.util.IdentityHashMap$KeySet.<init>(Ljava/util/IdentityHashMap;Ljava/util/IdentityHashMap$1;)V+2
j  java.util.IdentityHashMap.keySet()Ljava/util/Set;+15
j  java.util.Collections$SetFromMap.<init>(Ljava/util/Map;)V+30
j  java.util.Collections.newSetFromMap(Ljava/util/Map;)Ljava/util/Set;+5
j  java.lang.Throwable.printStackTrace(Ljava/lang/Throwable$PrintStreamOrWriter;)V+7
j  java.lang.Throwable.printStackTrace(Ljava/io/PrintStream;)V+9
j  java.lang.Throwable.printStackTrace()V+4
j  com.android.dx.command.Main.main([Ljava/lang/String;)V+208
v  ~StubRoutines::call_stub

---------------  P R O C E S S  ---------------

Java Threads: ( => current thread )
  0x00007f30480c8800 JavaThread "Service Thread" daemon [_thread_blocked, id=7099, stack(0x00007f30314f5000,0x00007f30315f6000)]
  0x00007f30480c5800 JavaThread "C1 CompilerThread3" daemon [_thread_blocked, id=7096, stack(0x00007f30315f6000,0x00007f30316f7000)]
  0x00007f30480c3800 JavaThread "C2 CompilerThread2" daemon [_thread_blocked, id=7094, stack(0x00007f30316f7000,0x00007f30317f8000)]
  0x00007f30480c2000 JavaThread "C2 CompilerThread1" daemon [_thread_blocked, id=7090, stack(0x00007f30317f8000,0x00007f30318f9000)]
  0x00007f30480bf000 JavaThread "C2 CompilerThread0" daemon [_thread_blocked, id=7089, stack(0x00007f30318f9000,0x00007f30319fa000)]
  0x00007f30480bd800 JavaThread "Signal Dispatcher" daemon [_thread_blocked, id=7088, stack(0x00007f30319fa000,0x00007f3031afb000)]
  0x00007f304808b000 JavaThread "Finalizer" daemon [_thread_blocked, id=7078, stack(0x00007f3031afb000,0x00007f3031bfc000)]
  0x00007f3048086000 JavaThread "Reference Handler" daemon [_thread_blocked, id=7076, stack(0x00007f3031bfc000,0x00007f3031cfd000)]
=>0x00007f3048008800 JavaThread "main" [_thread_in_vm, id=7027, stack(0x00007f3050d3e000,0x00007f3050e3f000)]

Other Threads:
  0x00007f304807e800 VMThread [stack: 0x00007f3031cfd000,0x00007f3031dfe000] [id=7071]
  0x00007f30480cb000 WatcherThread [stack: 0x00007f30313f4000,0x00007f30314f5000] [id=7100]

VM state:not at safepoint (normal execution)

VM Mutex/Monitor currently owned by a thread: None

Heap:
 PSYoungGen      total 150016K, used 5160K [0x00000000eab00000, 0x00000000f5200000, 0x0000000100000000)
  eden space 129024K, 4% used [0x00000000eab00000,0x00000000eb00a3f8,0x00000000f2900000)
  from space 20992K, 0% used [0x00000000f3d80000,0x00000000f3d80000,0x00000000f5200000)
  to   space 20992K, 0% used [0x00000000f2900000,0x00000000f2900000,0x00000000f3d80000)
 ParOldGen       total 343040K, used 0K [0x00000000c0000000, 0x00000000d4f00000, 0x00000000eab00000)
  object space 343040K, 0% used [0x00000000c0000000,0x00000000c0000000,0x00000000d4f00000)
 Metaspace       used 2697K, capacity 4554K, committed 4864K, reserved 1056768K
  class space    used 283K, capacity 386K, committed 512K, reserved 1048576K

Card table byte_map: [0x00007f304e018000,0x00007f304e219000] byte_map_base: 0x00007f304da18000

Marking Bits: (ParMarkBitMap*) 0x00007f305021c1a0
 Begin Bits: [0x00007f3032000000, 0x00007f3033000000)
 End Bits:   [0x00007f3033000000, 0x00007f3034000000)

Polling page: 0x00007f3050e63000

CodeCache: size=245760Kb used=1081Kb max_used=1081Kb free=244678Kb
 bounds [0x00007f3039000000, 0x00007f3039270000, 0x00007f3048000000]
 total_blobs=246 nmethods=16 adapters=146
 compilation: enabled

Compilation events (10 events):
Event: 0.043 Thread 0x00007f30480c5800   12       3       java.util.jar.Attributes$Name::isValid (32 bytes)
Event: 0.043 Thread 0x00007f30480c5800 nmethod 12 0x00007f303910be10 code [0x00007f303910bfa0, 0x00007f303910c258]
Event: 0.043 Thread 0x00007f30480c5800   13       3       java.util.jar.Attributes$Name::isAlpha (30 bytes)
Event: 0.043 Thread 0x00007f30480c5800 nmethod 13 0x00007f303910c310 code [0x00007f303910c480, 0x00007f303910c6b0]
Event: 0.046 Thread 0x00007f30480c5800   14       3       java.lang.AbstractStringBuilder::append (50 bytes)
Event: 0.046 Thread 0x00007f30480c5800 nmethod 14 0x00007f303910c910 code [0x00007f303910cac0, 0x00007f303910cfc8]
Event: 0.047 Thread 0x00007f30480c5800   15       3       java.util.Arrays::copyOfRange (63 bytes)
Event: 0.048 Thread 0x00007f30480c5800 nmethod 15 0x00007f303910d190 code [0x00007f303910d3a0, 0x00007f303910deb8]
Event: 0.048 Thread 0x00007f30480c5800   16       1       java.lang.ThreadLocal::access$400 (5 bytes)
Event: 0.048 Thread 0x00007f30480c5800 nmethod 16 0x00007f303910e410 code [0x00007f303910e560, 0x00007f303910e650]

GC Heap History (0 events):
No events

Deoptimization events (0 events):
No events

Internal exceptions (4 events):
Event: 0.014 Thread 0x00007f3048008800 Exception <a 'java/lang/NoSuchMethodError': Method sun.misc.Unsafe.defineClass(Ljava/lang/String;[BII)Ljava/lang/Class; name or signature does not match> (0x00000000eab07cc0) thrown at [/ssd/Android/AOSP-openjdk/external/jetbrains/jdk/hotspot/src/share/vm
Event: 0.014 Thread 0x00007f3048008800 Exception <a 'java/lang/NoSuchMethodError': Method sun.misc.Unsafe.prefetchRead(Ljava/lang/Object;J)V name or signature does not match> (0x00000000eab07fa8) thrown at [/ssd/Android/AOSP-openjdk/external/jetbrains/jdk/hotspot/src/share/vm/prims/jni.cpp, li
Event: 0.049 Thread 0x00007f3048008800 Exception <a 'java/lang/ClassFormatError': Illegal UTF8 string in constant pool in class file com/android/dx/command/dexer/Main> (0x00000000eab80d98) thrown at [/ssd/Android/AOSP-openjdk/external/jetbrains/jdk/hotspot/src/share/vm/classfile/classFileError
Event: 0.049 Thread 0x00007f3048008800 Exception <a 'java/lang/ClassFormatError'> (0x00000000eab80d98) thrown at [/ssd/Android/AOSP-openjdk/external/jetbrains/jdk/hotspot/src/share/vm/prims/jvm.cpp, line 1390]

Events (10 events):
Event: 0.049 loading class java/security/PrivilegedActionException
Event: 0.049 loading class java/security/PrivilegedActionException done
Event: 0.049 loading class java/lang/Throwable$WrappedPrintStream
Event: 0.049 loading class java/lang/Throwable$PrintStreamOrWriter
Event: 0.049 loading class java/lang/Throwable$PrintStreamOrWriter done
Event: 0.049 loading class java/lang/Throwable$WrappedPrintStream done
Event: 0.049 loading class java/util/IdentityHashMap
Event: 0.049 loading class java/util/IdentityHashMap done
Event: 0.049 loading class java/util/IdentityHashMap$KeySet
Event: 0.050 loading class java/util/IdentityHashMap$KeySet done


Dynamic libraries:
00400000-00401000 r-xp 00000000 08:01 37487725                           /home/caitano/android-studio/jre/bin/java
00600000-00601000 r--p 00000000 08:01 37487725                           /home/caitano/android-studio/jre/bin/java
00601000-00602000 rw-p 00001000 08:01 37487725                           /home/caitano/android-studio/jre/bin/java
0199d000-019be000 rw-p 00000000 00:00 0                                  [heap]
c0000000-d4f00000 rw-p 00000000 00:00 0 
d4f00000-eab00000 ---p 00000000 00:00 0 
eab00000-f5200000 rw-p 00000000 00:00 0 
f5200000-100000000 ---p 00000000 00:00 0 
100000000-100080000 rw-p 00000000 00:00 0 
100080000-140000000 ---p 00000000 00:00 0 
7f2fe0000000-7f2fe0021000 rw-p 00000000 00:00 0 
7f2fe0021000-7f2fe4000000 ---p 00000000 00:00 0 
7f2fe4000000-7f2fe4021000 rw-p 00000000 00:00 0 
7f2fe4021000-7f2fe8000000 ---p 00000000 00:00 0 
7f2fe8000000-7f2fe8021000 rw-p 00000000 00:00 0 
7f2fe8021000-7f2fec000000 ---p 00000000 00:00 0 
7f2fec000000-7f2fec021000 rw-p 00000000 00:00 0 
7f2fec021000-7f2ff0000000 ---p 00000000 00:00 0 
7f2ff0000000-7f2ff004e000 rw-p 00000000 00:00 0 
7f2ff004e000-7f2ff4000000 ---p 00000000 00:00 0 
7f2ff4000000-7f2ff4021000 rw-p 00000000 00:00 0 
7f2ff4021000-7f2ff8000000 ---p 00000000 00:00 0 
7f2ff8000000-7f2ff8021000 rw-p 00000000 00:00 0 
7f2ff8021000-7f2ffc000000 ---p 00000000 00:00 0 
7f2ffd68d000-7f3004000000 r--p 00000000 08:02 1579773                    /usr/lib/locale/locale-archive
7f3004000000-7f3004021000 rw-p 00000000 00:00 0 
7f3004021000-7f3008000000 ---p 00000000 00:00 0 
7f3008000000-7f3008021000 rw-p 00000000 00:00 0 
7f3008021000-7f300c000000 ---p 00000000 00:00 0 
7f300c000000-7f300c021000 rw-p 00000000 00:00 0 
7f300c021000-7f3010000000 ---p 00000000 00:00 0 
7f3014000000-7f3014021000 rw-p 00000000 00:00 0 
7f3014021000-7f3018000000 ---p 00000000 00:00 0 
7f3018000000-7f3018021000 rw-p 00000000 00:00 0 
7f3018021000-7f301c000000 ---p 00000000 00:00 0 
7f301c000000-7f301c021000 rw-p 00000000 00:00 0 
7f301c021000-7f3020000000 ---p 00000000 00:00 0 
7f3020000000-7f3020021000 rw-p 00000000 00:00 0 
7f3020021000-7f3024000000 ---p 00000000 00:00 0 
7f3024000000-7f3024021000 rw-p 00000000 00:00 0 
7f3024021000-7f3028000000 ---p 00000000 00:00 0 
7f3028000000-7f3028021000 rw-p 00000000 00:00 0 
7f3028021000-7f302c000000 ---p 00000000 00:00 0 
7f302c000000-7f302c021000 rw-p 00000000 00:00 0 
7f302c021000-7f3030000000 ---p 00000000 00:00 0 
7f303117f000-7f30313f4000 rw-p 00000000 00:00 0 
7f30313f4000-7f30313f5000 ---p 00000000 00:00 0 
7f30313f5000-7f30314f5000 rw-p 00000000 00:00 0 
7f30314f5000-7f30314f8000 ---p 00000000 00:00 0 
7f30314f8000-7f30315f6000 rw-p 00000000 00:00 0 
7f30315f6000-7f30315f9000 ---p 00000000 00:00 0 
7f30315f9000-7f30316f7000 rw-p 00000000 00:00 0 
7f30316f7000-7f30316fa000 ---p 00000000 00:00 0 
7f30316fa000-7f30317f8000 rw-p 00000000 00:00 0 
7f30317f8000-7f30317fb000 ---p 00000000 00:00 0 
7f30317fb000-7f30318f9000 rw-p 00000000 00:00 0 
7f30318f9000-7f30318fc000 ---p 00000000 00:00 0 
7f30318fc000-7f30319fa000 rw-p 00000000 00:00 0 
7f30319fa000-7f30319fd000 ---p 00000000 00:00 0 
7f30319fd000-7f3031afb000 rw-p 00000000 00:00 0 
7f3031afb000-7f3031afe000 ---p 00000000 00:00 0 
7f3031afe000-7f3031bfc000 rw-p 00000000 00:00 0 
7f3031bfc000-7f3031bff000 ---p 00000000 00:00 0 
7f3031bff000-7f3031cfd000 rw-p 00000000 00:00 0 
7f3031cfd000-7f3031cfe000 ---p 00000000 00:00 0 
7f3031cfe000-7f3034000000 rw-p 00000000 00:00 0 
7f3034000000-7f3034021000 rw-p 00000000 00:00 0 
7f3034021000-7f3038000000 ---p 00000000 00:00 0 
7f303801d000-7f303802b000 r--s 000e0000 08:01 22164268                   /home/caitano/Android/Sdk/build-tools/24.0.2/lib/dx.jar
7f303802b000-7f3039000000 rw-p 00000000 00:00 0 
7f3039000000-7f3039270000 rwxp 00000000 00:00 0 
7f3039270000-7f3048000000 ---p 00000000 00:00 0 
7f3048000000-7f304810e000 rw-p 00000000 00:00 0 
7f304810e000-7f304c000000 ---p 00000000 00:00 0 
7f304c00a000-7f304ca77000 rw-p 00000000 00:00 0 
7f304ca77000-7f304cc44000 r--s 03bec000 08:01 37487781                   /home/caitano/android-studio/jre/jre/lib/rt.jar
7f304cc44000-7f304d0fa000 rw-p 00000000 00:00 0 
7f304d0fa000-7f304d4ba000 ---p 00000000 00:00 0 
7f304d4ba000-7f304d6ba000 rw-p 00000000 00:00 0 
7f304d6ba000-7f304d6bb000 ---p 00000000 00:00 0 
7f304d6bb000-7f304d7bb000 rw-p 00000000 00:00 0 
7f304d7bb000-7f304d7bc000 ---p 00000000 00:00 0 
7f304d7bc000-7f304d8bc000 rw-p 00000000 00:00 0 
7f304d8bc000-7f304d8bd000 ---p 00000000 00:00 0 
7f304d8bd000-7f304d9bd000 rw-p 00000000 00:00 0 
7f304d9bd000-7f304d9be000 ---p 00000000 00:00 0 
7f304d9be000-7f304dabe000 rw-p 00000000 00:00 0 
7f304dabe000-7f304dabf000 ---p 00000000 00:00 0 
7f304dabf000-7f304dbbf000 rw-p 00000000 00:00 0 
7f304dbbf000-7f304dbc0000 ---p 00000000 00:00 0 
7f304dbc0000-7f304dcc0000 rw-p 00000000 00:00 0 
7f304dcc0000-7f304dcc1000 ---p 00000000 00:00 0 
7f304dcc1000-7f304ddc1000 rw-p 00000000 00:00 0 
7f304ddc1000-7f304ddc2000 ---p 00000000 00:00 0 
7f304ddc2000-7f304df6a000 rw-p 00000000 00:00 0 
7f304df6a000-7f304e018000 ---p 00000000 00:00 0 
7f304e018000-7f304e0c0000 rw-p 00000000 00:00 0 
7f304e0c0000-7f304e16d000 ---p 00000000 00:00 0 
7f304e16d000-7f304e1c1000 rw-p 00000000 00:00 0 
7f304e1c1000-7f304e218000 ---p 00000000 00:00 0 
7f304e218000-7f304e223000 rw-p 00000000 00:00 0 
7f304e223000-7f304e5d9000 ---p 00000000 00:00 0 
7f304e5d9000-7f304e5f3000 r-xp 00000000 08:01 37487808                   /home/caitano/android-studio/jre/jre/lib/amd64/libzip.so
7f304e5f3000-7f304e7f3000 ---p 0001a000 08:01 37487808                   /home/caitano/android-studio/jre/jre/lib/amd64/libzip.so
7f304e7f3000-7f304e7f4000 r--p 0001a000 08:01 37487808                   /home/caitano/android-studio/jre/jre/lib/amd64/libzip.so
7f304e7f4000-7f304e7f5000 rw-p 0001b000 08:01 37487808                   /home/caitano/android-studio/jre/jre/lib/amd64/libzip.so
7f304e7f5000-7f304e800000 r-xp 00000000 08:02 1584032                    /usr/lib64/libnss_files-2.23.so
7f304e800000-7f304e9ff000 ---p 0000b000 08:02 1584032                    /usr/lib64/libnss_files-2.23.so
7f304e9ff000-7f304ea00000 r--p 0000a000 08:02 1584032                    /usr/lib64/libnss_files-2.23.so
7f304ea00000-7f304ea01000 rw-p 0000b000 08:02 1584032                    /usr/lib64/libnss_files-2.23.so
7f304ea01000-7f304ea07000 rw-p 00000000 00:00 0 
7f304ea07000-7f304ea34000 r-xp 00000000 08:01 37487818                   /home/caitano/android-studio/jre/jre/lib/amd64/libjava.so
7f304ea34000-7f304ec33000 ---p 0002d000 08:01 37487818                   /home/caitano/android-studio/jre/jre/lib/amd64/libjava.so
7f304ec33000-7f304ec34000 r--p 0002c000 08:01 37487818                   /home/caitano/android-studio/jre/jre/lib/amd64/libjava.so
7f304ec34000-7f304ec36000 rw-p 0002d000 08:01 37487818                   /home/caitano/android-studio/jre/jre/lib/amd64/libjava.so
7f304ec36000-7f304ec46000 r-xp 00000000 08:01 37487834                   /home/caitano/android-studio/jre/jre/lib/amd64/libverify.so
7f304ec46000-7f304ee45000 ---p 00010000 08:01 37487834                   /home/caitano/android-studio/jre/jre/lib/amd64/libverify.so
7f304ee45000-7f304ee47000 r--p 0000f000 08:01 37487834                   /home/caitano/android-studio/jre/jre/lib/amd64/libverify.so
7f304ee47000-7f304ee48000 rw-p 00011000 08:01 37487834                   /home/caitano/android-studio/jre/jre/lib/amd64/libverify.so
7f304ee48000-7f304ee4f000 r-xp 00000000 08:02 1584140                    /usr/lib64/librt-2.23.so
7f304ee4f000-7f304f04e000 ---p 00007000 08:02 1584140                    /usr/lib64/librt-2.23.so
7f304f04e000-7f304f04f000 r--p 00006000 08:02 1584140                    /usr/lib64/librt-2.23.so
7f304f04f000-7f304f050000 rw-p 00007000 08:02 1584140                    /usr/lib64/librt-2.23.so
7f304f050000-7f304f158000 r-xp 00000000 08:02 1583634                    /usr/lib64/libm-2.23.so
7f304f158000-7f304f357000 ---p 00108000 08:02 1583634                    /usr/lib64/libm-2.23.so
7f304f357000-7f304f358000 r--p 00107000 08:02 1583634                    /usr/lib64/libm-2.23.so
7f304f358000-7f304f359000 rw-p 00108000 08:02 1583634                    /usr/lib64/libm-2.23.so
7f304f359000-7f304ff3f000 r-xp 00000000 08:01 37487838                   /home/caitano/android-studio/jre/jre/lib/amd64/server/libjvm.so
7f304ff3f000-7f305013f000 ---p 00be6000 08:01 37487838                   /home/caitano/android-studio/jre/jre/lib/amd64/server/libjvm.so
7f305013f000-7f30501de000 r--p 00be6000 08:01 37487838                   /home/caitano/android-studio/jre/jre/lib/amd64/server/libjvm.so
7f30501de000-7f3050207000 rw-p 00c85000 08:01 37487838                   /home/caitano/android-studio/jre/jre/lib/amd64/server/libjvm.so
7f3050207000-7f3050249000 rw-p 00000000 00:00 0 
7f3050249000-7f3050260000 r-xp 00000000 08:02 1584040                    /usr/lib64/libpthread-2.23.so
7f3050260000-7f305045f000 ---p 00017000 08:02 1584040                    /usr/lib64/libpthread-2.23.so
7f305045f000-7f3050460000 r--p 00016000 08:02 1584040                    /usr/lib64/libpthread-2.23.so
7f3050460000-7f3050461000 rw-p 00017000 08:02 1584040                    /usr/lib64/libpthread-2.23.so
7f3050461000-7f3050465000 rw-p 00000000 00:00 0 
7f3050465000-7f3050468000 r-xp 00000000 08:02 1583610                    /usr/lib64/libdl-2.23.so
7f3050468000-7f3050667000 ---p 00003000 08:02 1583610                    /usr/lib64/libdl-2.23.so
7f3050667000-7f3050668000 r--p 00002000 08:02 1583610                    /usr/lib64/libdl-2.23.so
7f3050668000-7f3050669000 rw-p 00003000 08:02 1583610                    /usr/lib64/libdl-2.23.so
7f3050669000-7f3050822000 r-xp 00000000 08:02 1583483                    /usr/lib64/libc-2.23.so
7f3050822000-7f3050a21000 ---p 001b9000 08:02 1583483                    /usr/lib64/libc-2.23.so
7f3050a21000-7f3050a25000 r--p 001b8000 08:02 1583483                    /usr/lib64/libc-2.23.so
7f3050a25000-7f3050a27000 rw-p 001bc000 08:02 1583483                    /usr/lib64/libc-2.23.so
7f3050a27000-7f3050a2b000 rw-p 00000000 00:00 0 
7f3050a2b000-7f3050a41000 r-xp 00000000 08:01 37487699                   /home/caitano/android-studio/jre/lib/amd64/jli/libjli.so
7f3050a41000-7f3050c40000 ---p 00016000 08:01 37487699                   /home/caitano/android-studio/jre/lib/amd64/jli/libjli.so
7f3050c40000-7f3050c41000 r--p 00015000 08:01 37487699                   /home/caitano/android-studio/jre/lib/amd64/jli/libjli.so
7f3050c41000-7f3050c42000 rw-p 00016000 08:01 37487699                   /home/caitano/android-studio/jre/lib/amd64/jli/libjli.so
7f3050c42000-7f3050c66000 r-xp 00000000 08:02 1586592                    /usr/lib64/ld-2.23.so
7f3050c6e000-7f3050d3e000 rw-p 00000000 00:00 0 
7f3050d3e000-7f3050d41000 ---p 00000000 00:00 0 
7f3050d41000-7f3050e43000 rw-p 00000000 00:00 0 
7f3050e46000-7f3050e5a000 rw-p 00000000 00:00 0 
7f3050e5a000-7f3050e62000 rw-s 00000000 00:26 150693                     /tmp/hsperfdata_caitano/7018
7f3050e62000-7f3050e63000 rw-p 00000000 00:00 0 
7f3050e63000-7f3050e64000 r--p 00000000 00:00 0 
7f3050e64000-7f3050e65000 rw-p 00000000 00:00 0 
7f3050e65000-7f3050e66000 r--p 00023000 08:02 1586592                    /usr/lib64/ld-2.23.so
7f3050e66000-7f3050e67000 rw-p 00024000 08:02 1586592                    /usr/lib64/ld-2.23.so
7f3050e67000-7f3050e68000 rw-p 00000000 00:00 0 
7fffa960b000-7fffa962c000 rw-p 00000000 00:00 0                          [stack]
7fffa9681000-7fffa9683000 r--p 00000000 00:00 0                          [vvar]
7fffa9683000-7fffa9685000 r-xp 00000000 00:00 0                          [vdso]
ffffffffff600000-ffffffffff601000 r-xp 00000000 00:00 0                  [vsyscall]

VM Arguments:
jvm_args: -Djava.awt.headless=true -Xmx1024M -Dfile.encoding=UTF-8 -Duser.country=US -Duser.language=en -Duser.variant 
java_command: com.android.dx.command.Main --dex --force-jumbo --num-threads=4 --multi-dex --output /home/caitano/AndroidStudioProjects/nutrition_app/app/build/intermediates/transforms/dex/debug/folders/1000/10/internal_impl-24.2.0_99c911c024c3799e1db1463a64c0f0aa0172e443 /home/caitano/AndroidStudioProjects/nutrition_app/app/build/intermediates/exploded-aar/com.android.support/support-media-compat/24.2.0/jars/libs/internal_impl-24.2.0.jar
java_class_path (initial): /home/caitano/Android/Sdk/build-tools/24.0.2/lib/dx.jar
Launcher Type: SUN_STANDARD

Environment Variables:
JAVA_HOME=/usr/java/jdk1.8.0_102
PATH=/usr/lib64/qt-3.3/bin:/usr/java/latest/bin:/usr/local/bin:/usr/local/sbin:/usr/bin:/usr/sbin:/opt/node-v4.4.7-linux-x64/bin:/home/caitano/WebStorm-145.597.6/bin:/home/caitano/android-studio/bin:/home/caitano/.local/bin:/home/caitano/bin
USERNAME=caitano
LD_LIBRARY_PATH=/home/caitano/android-studio/bin:
SHELL=/bin/bash
DISPLAY=:0

Signal Handlers:
SIGSEGV: [libjvm.so+0x9daac0], sa_mask[0]=11111111011111111101111111111110, sa_flags=SA_RESTART|SA_SIGINFO
SIGBUS: [libjvm.so+0x9daac0], sa_mask[0]=11111111011111111101111111111110, sa_flags=SA_RESTART|SA_SIGINFO
SIGFPE: [libjvm.so+0x840d90], sa_mask[0]=11111111011111111101111111111110, sa_flags=SA_RESTART|SA_SIGINFO
SIGPIPE: [libjvm.so+0x840d90], sa_mask[0]=11111111011111111101111111111110, sa_flags=SA_RESTART|SA_SIGINFO
SIGXFSZ: [libjvm.so+0x840d90], sa_mask[0]=11111111011111111101111111111110, sa_flags=SA_RESTART|SA_SIGINFO
SIGILL: [libjvm.so+0x840d90], sa_mask[0]=11111111011111111101111111111110, sa_flags=SA_RESTART|SA_SIGINFO
SIGUSR1: SIG_DFL, sa_mask[0]=00000000000000000000000000000000, sa_flags=none
SIGUSR2: [libjvm.so+0x840c60], sa_mask[0]=00100000000000000000000000000000, sa_flags=SA_RESTART|SA_SIGINFO
SIGHUP: [libjvm.so+0x840e50], sa_mask[0]=11111111011111111101111111111110, sa_flags=SA_RESTART|SA_SIGINFO
SIGINT: [libjvm.so+0x840e50], sa_mask[0]=11111111011111111101111111111110, sa_flags=SA_RESTART|SA_SIGINFO
SIGTERM: [libjvm.so+0x840e50], sa_mask[0]=11111111011111111101111111111110, sa_flags=SA_RESTART|SA_SIGINFO
SIGQUIT: [libjvm.so+0x840e50], sa_mask[0]=11111111011111111101111111111110, sa_flags=SA_RESTART|SA_SIGINFO


---------------  S Y S T E M  ---------------

OS:Fedora release 24 (Twenty Four)

uname:Linux 4.7.4-200.fc24.x86_64 #1 SMP Thu Sep 15 18:42:09 UTC 2016 x86_64
libc:glibc 2.23 NPTL 2.23 
rlimit: STACK 8192k, CORE 0k, NPROC 128111, NOFILE 4096, AS infinity
load average:0.97 1.03 1.04

/proc/meminfo:
MemTotal:       32816512 kB
MemFree:        23022964 kB
MemAvailable:   25737204 kB
Buffers:          581932 kB
Cached:          3544224 kB
SwapCached:            0 kB
Active:          6096672 kB
Inactive:        3045088 kB
Active(anon):    5017208 kB
Inactive(anon):  1304788 kB
Active(file):    1079464 kB
Inactive(file):  1740300 kB
Unevictable:         100 kB
Mlocked:             100 kB
SwapTotal:             0 kB
SwapFree:              0 kB
Dirty:              5316 kB
Writeback:             0 kB
AnonPages:       5015824 kB
Mapped:           964652 kB
Shmem:           1306532 kB
Slab:             446152 kB
SReclaimable:     358900 kB
SUnreclaim:        87252 kB
KernelStack:       16288 kB
PageTables:        63420 kB
NFS_Unstable:          0 kB
Bounce:                0 kB
WritebackTmp:          0 kB
CommitLimit:    16408256 kB
Committed_AS:   15020040 kB
VmallocTotal:   34359738367 kB
VmallocUsed:           0 kB
VmallocChunk:          0 kB
HardwareCorrupted:     0 kB
AnonHugePages:         0 kB
CmaTotal:              0 kB
CmaFree:               0 kB
HugePages_Total:       0
HugePages_Free:        0
HugePages_Rsvd:        0
HugePages_Surp:        0
Hugepagesize:       2048 kB
DirectMap4k:      180096 kB
DirectMap2M:    10174464 kB
DirectMap1G:    24117248 kB


CPU:total 8 (4 cores per cpu, 2 threads per core) family 6 model 60 stepping 3, cmov, cx8, fxsr, mmx, sse, sse2, sse3, ssse3, sse4.1, sse4.2, popcnt, avx, avx2, aes, clmul, erms, lzcnt, ht, tsc, tscinvbit, bmi1, bmi2

/proc/cpuinfo:
processor	: 0
vendor_id	: GenuineIntel
cpu family	: 6
model		: 60
model name	: Intel(R) Core(TM) i7-4790 CPU @ 3.60GHz
stepping	: 3
microcode	: 0x20
cpu MHz		: 3810.937
cache size	: 8192 KB
physical id	: 0
siblings	: 8
core id		: 0
cpu cores	: 4
apicid		: 0
initial apicid	: 0
fpu		: yes
fpu_exception	: yes
cpuid level	: 13
wp		: yes
flags		: fpu vme de pse tsc msr pae mce cx8 apic sep mtrr pge mca cmov pat pse36 clflush dts acpi mmx fxsr sse sse2 ss ht tm pbe syscall nx pdpe1gb rdtscp lm constant_tsc arch_perfmon pebs bts rep_good nopl xtopology nonstop_tsc aperfmperf eagerfpu pni pclmulqdq dtes64 monitor ds_cpl vmx smx est tm2 ssse3 sdbg fma cx16 xtpr pdcm pcid sse4_1 sse4_2 x2apic movbe popcnt tsc_deadline_timer aes xsave avx f16c rdrand lahf_lm abm epb tpr_shadow vnmi flexpriority ept vpid fsgsbase tsc_adjust bmi1 avx2 smep bmi2 erms invpcid xsaveopt dtherm ida arat pln pts
bugs		:
bogomips	: 7182.93
clflush size	: 64
cache_alignment	: 64
address sizes	: 39 bits physical, 48 bits virtual
power management:

processor	: 1
vendor_id	: GenuineIntel
cpu family	: 6
model		: 60
model name	: Intel(R) Core(TM) i7-4790 CPU @ 3.60GHz
stepping	: 3
microcode	: 0x20
cpu MHz		: 3812.036
cache size	: 8192 KB
physical id	: 0
siblings	: 8
core id		: 1
cpu cores	: 4
apicid		: 2
initial apicid	: 2
fpu		: yes
fpu_exception	: yes
cpuid level	: 13
wp		: yes
flags		: fpu vme de pse tsc msr pae mce cx8 apic sep mtrr pge mca cmov pat pse36 clflush dts acpi mmx fxsr sse sse2 ss ht tm pbe syscall nx pdpe1gb rdtscp lm constant_tsc arch_perfmon pebs bts rep_good nopl xtopology nonstop_tsc aperfmperf eagerfpu pni pclmulqdq dtes64 monitor ds_cpl vmx smx est tm2 ssse3 sdbg fma cx16 xtpr pdcm pcid sse4_1 sse4_2 x2apic movbe popcnt tsc_deadline_timer aes xsave avx f16c rdrand lahf_lm abm epb tpr_shadow vnmi flexpriority ept vpid fsgsbase tsc_adjust bmi1 avx2 smep bmi2 erms invpcid xsaveopt dtherm ida arat pln pts
bugs		:
bogomips	: 7186.21
clflush size	: 64
cache_alignment	: 64
address sizes	: 39 bits physical, 48 bits virtual
power management:

processor	: 2
vendor_id	: GenuineIntel
cpu family	: 6
model		: 60
model name	: Intel(R) Core(TM) i7-4790 CPU @ 3.60GHz
stepping	: 3
microcode	: 0x20
cpu MHz		: 3802.148
cache size	: 8192 KB
physical id	: 0
siblings	: 8
core id		: 2
cpu cores	: 4
apicid		: 4
initial apicid	: 4
fpu		: yes
fpu_exception	: yes
cpuid level	: 13
wp		: yes
flags		: fpu vme de pse tsc msr pae mce cx8 apic sep mtrr pge mca cmov pat pse36 clflush dts acpi mmx fxsr sse sse2 ss ht tm pbe syscall nx pdpe1gb rdtscp lm constant_tsc arch_perfmon pebs bts rep_good nopl xtopology nonstop_tsc aperfmperf eagerfpu pni pclmulqdq dtes64 monitor ds_cpl vmx smx est tm2 ssse3 sdbg fma cx16 xtpr pdcm pcid sse4_1 sse4_2 x2apic movbe popcnt tsc_deadline_timer aes xsave avx f16c rdrand lahf_lm abm epb tpr_shadow vnmi flexpriority ept vpid fsgsbase tsc_adjust bmi1 avx2 smep bmi2 erms invpcid xsaveopt dtherm ida arat pln pts
bugs		:
bogomips	: 7186.44
clflush size	: 64
cache_alignment	: 64
address sizes	: 39 bits physical, 48 bits virtual
power management:

processor	: 3
vendor_id	: GenuineIntel
cpu family	: 6
model		: 60
model name	: Intel(R) Core(TM) i7-4790 CPU @ 3.60GHz
stepping	: 3
microcode	: 0x20
cpu MHz		: 3799.951
cache size	: 8192 KB
physical id	: 0
siblings	: 8
core id		: 3
cpu cores	: 4
apicid		: 6
initial apicid	: 6
fpu		: yes
fpu_exception	: yes
cpuid level	: 13
wp		: yes
flags		: fpu vme de pse tsc msr pae mce cx8 apic sep mtrr pge mca cmov pat pse36 clflush dts acpi mmx fxsr sse sse2 ss ht tm pbe syscall nx pdpe1gb rdtscp lm constant_tsc arch_perfmon pebs bts rep_good nopl xtopology nonstop_tsc aperfmperf eagerfpu pni pclmulqdq dtes64 monitor ds_cpl vmx smx est tm2 ssse3 sdbg fma cx16 xtpr pdcm pcid sse4_1 sse4_2 x2apic movbe popcnt tsc_deadline_timer aes xsave avx f16c rdrand lahf_lm abm epb tpr_shadow vnmi flexpriority ept vpid fsgsbase tsc_adjust bmi1 avx2 smep bmi2 erms invpcid xsaveopt dtherm ida arat pln pts
bugs		:
bogomips	: 7186.54
clflush size	: 64
cache_alignment	: 64
address sizes	: 39 bits physical, 48 bits virtual
power management:

processor	: 4
vendor_id	: GenuineIntel
cpu family	: 6
model		: 60
model name	: Intel(R) Core(TM) i7-4790 CPU @ 3.60GHz
stepping	: 3
microcode	: 0x20
cpu MHz		: 3819.946
cache size	: 8192 KB
physical id	: 0
siblings	: 8
core id		: 0
cpu cores	: 4
apicid		: 1
initial apicid	: 1
fpu		: yes
fpu_exception	: yes
cpuid level	: 13
wp		: yes
flags		: fpu vme de pse tsc msr pae mce cx8 apic sep mtrr pge mca cmov pat pse36 clflush dts acpi mmx fxsr sse sse2 ss ht tm pbe syscall nx pdpe1gb rdtscp lm constant_tsc arch_perfmon pebs bts rep_good nopl xtopology nonstop_tsc aperfmperf eagerfpu pni pclmulqdq dtes64 monitor ds_cpl vmx smx est tm2 ssse3 sdbg fma cx16 xtpr pdcm pcid sse4_1 sse4_2 x2apic movbe popcnt tsc_deadline_timer aes xsave avx f16c rdrand lahf_lm abm epb tpr_shadow vnmi flexpriority ept vpid fsgsbase tsc_adjust bmi1 avx2 smep bmi2 erms invpcid xsaveopt dtherm ida arat pln pts
bugs		:
bogomips	: 7188.60
clflush size	: 64
cache_alignment	: 64
address sizes	: 39 bits physical, 48 bits virtual
power management:

processor	: 5
vendor_id	: GenuineIntel
cpu family	: 6
model		: 60
model name	: Intel(R) Core(TM) i7-4790 CPU @ 3.60GHz
stepping	: 3
microcode	: 0x20
cpu MHz		: 3812.915
cache size	: 8192 KB
physical id	: 0
siblings	: 8
core id		: 1
cpu cores	: 4
apicid		: 3
initial apicid	: 3
fpu		: yes
fpu_exception	: yes
cpuid level	: 13
wp		: yes
flags		: fpu vme de pse tsc msr pae mce cx8 apic sep mtrr pge mca cmov pat pse36 clflush dts acpi mmx fxsr sse sse2 ss ht tm pbe syscall nx pdpe1gb rdtscp lm constant_tsc arch_perfmon pebs bts rep_good nopl xtopology nonstop_tsc aperfmperf eagerfpu pni pclmulqdq dtes64 monitor ds_cpl vmx smx est tm2 ssse3 sdbg fma cx16 xtpr pdcm pcid sse4_1 sse4_2 x2apic movbe popcnt tsc_deadline_timer aes xsave avx f16c rdrand lahf_lm abm epb tpr_shadow vnmi flexpriority ept vpid fsgsbase tsc_adjust bmi1 avx2 smep bmi2 erms invpcid xsaveopt dtherm ida arat pln pts
bugs		:
bogomips	: 7186.95
clflush size	: 64
cache_alignment	: 64
address sizes	: 39 bits physical, 48 bits virtual
power management:

processor	: 6
vendor_id	: GenuineIntel
cpu family	: 6
model		: 60
model name	: Intel(R) Core(TM) i7-4790 CPU @ 3.60GHz
stepping	: 3
microcode	: 0x20
cpu MHz		: 3814.233
cache size	: 8192 KB
physical id	: 0
siblings	: 8
core id		: 2
cpu cores	: 4
apicid		: 5
initial apicid	: 5
fpu		: yes
fpu_exception	: yes
cpuid level	: 13
wp		: yes
flags		: fpu vme de pse tsc msr pae mce cx8 apic sep mtrr pge mca cmov pat pse36 clflush dts acpi mmx fxsr sse sse2 ss ht tm pbe syscall nx pdpe1gb rdtscp lm constant_tsc arch_perfmon pebs bts rep_good nopl xtopology nonstop_tsc aperfmperf eagerfpu pni pclmulqdq dtes64 monitor ds_cpl vmx smx est tm2 ssse3 sdbg fma cx16 xtpr pdcm pcid sse4_1 sse4_2 x2apic movbe popcnt tsc_deadline_timer aes xsave avx f16c rdrand lahf_lm abm epb tpr_shadow vnmi flexpriority ept vpid fsgsbase tsc_adjust bmi1 avx2 smep bmi2 erms invpcid xsaveopt dtherm ida arat pln pts
bugs		:
bogomips	: 7186.87
clflush size	: 64
cache_alignment	: 64
address sizes	: 39 bits physical, 48 bits virtual
power management:

processor	: 7
vendor_id	: GenuineIntel
cpu family	: 6
model		: 60
model name	: Intel(R) Core(TM) i7-4790 CPU @ 3.60GHz
stepping	: 3
microcode	: 0x20
cpu MHz		: 3799.951
cache size	: 8192 KB
physical id	: 0
siblings	: 8
core id		: 3
cpu cores	: 4
apicid		: 7
initial apicid	: 7
fpu		: yes
fpu_exception	: yes
cpuid level	: 13
wp		: yes
flags		: fpu vme de pse tsc msr pae mce cx8 apic sep mtrr pge mca cmov pat pse36 clflush dts acpi mmx fxsr sse sse2 ss ht tm pbe syscall nx pdpe1gb rdtscp lm constant_tsc arch_perfmon pebs bts rep_good nopl xtopology nonstop_tsc aperfmperf eagerfpu pni pclmulqdq dtes64 monitor ds_cpl vmx smx est tm2 ssse3 sdbg fma cx16 xtpr pdcm pcid sse4_1 sse4_2 x2apic movbe popcnt tsc_deadline_timer aes xsave avx f16c rdrand lahf_lm abm epb tpr_shadow vnmi flexpriority ept vpid fsgsbase tsc_adjust bmi1 avx2 smep bmi2 erms invpcid xsaveopt dtherm ida arat pln pts
bugs		:
bogomips	: 7186.79
clflush size	: 64
cache_alignment	: 64
address sizes	: 39 bits physical, 48 bits virtual
power management:



Memory: 4k page, physical 32816512k(23022964k free), swap 0k(0k free)

vm_info: OpenJDK 64-Bit Server VM (25.76-b03) for linux-amd64 JRE (1.8.0_76-release-b03), built on Jun 29 2016 09:39:19 by "builder" with gcc 4.8.4

time: Mon Dec 12 14:49:54 2016
elapsed time: 0 seconds (0d 0h 0m 0s)

