#
# There is insufficient memory for the Java Runtime Environment to continue.
# Native memory allocation (mmap) failed to map 87031808 bytes for committing reserved memory.
# Possible reasons:
#   The system is out of physical RAM or swap space
#   In 32 bit mode, the process size limit was hit
# Possible solutions:
#   Reduce memory load on the system
#   Increase physical memory or swap space
#   Check if swap backing store is full
#   Use 64 bit Java on a 64 bit OS
#   Decrease Java heap size (-Xmx/-Xms)
#   Decrease number of Java threads
#   Decrease Java thread stack sizes (-Xss)
#   Set larger code cache with -XX:ReservedCodeCacheSize=
# This output file may be truncated or incomplete.
#
#  Out of Memory Error (os_linux.cpp:2627), pid=9699, tid=0x00007f2de21b5700
#
# JRE version:  (8.0_76-b03) (build )
# Java VM: OpenJDK 64-Bit Server VM (25.76-b03 mixed mode linux-amd64 compressed oops)
# Core dump written. Default location: /home/caitano/git-local/nutrition_app/app/core or core.9699
#

---------------  T H R E A D  ---------------

Current thread (0x00007f2ddc008800):  JavaThread "Unknown thread" [_thread_in_vm, id=9703, stack(0x00007f2de20b5000,0x00007f2de21b6000)]

Stack: [0x00007f2de20b5000,0x00007f2de21b6000],  sp=0x00007f2de21b4620,  free space=1021k
Native frames: (J=compiled Java code, j=interpreted, Vv=VM code, C=native code)
V  [libjvm.so+0x9d9fcd]  VMError::report_and_die()+0x15d
V  [libjvm.so+0x4b4d4a]  report_vm_out_of_memory(char const*, int, unsigned long, VMErrorType, char const*)+0x8a
V  [libjvm.so+0x845190]  os::pd_commit_memory(char*, unsigned long, unsigned long, bool)+0xf0
V  [libjvm.so+0x83fcbf]  os::commit_memory(char*, unsigned long, unsigned long, bool)+0x1f
V  [libjvm.so+0x8b4d9b]  PSVirtualSpace::expand_by(unsigned long)+0x5b
V  [libjvm.so+0x8a6d18]  PSOldGen::initialize(ReservedSpace, unsigned long, char const*, int)+0xa8
V  [libjvm.so+0x2c3793]  AdjoiningGenerations::AdjoiningGenerations(ReservedSpace, GenerationSizer*, unsigned long)+0x353
V  [libjvm.so+0x868921]  ParallelScavengeHeap::initialize()+0x211
V  [libjvm.so+0x9a5e59]  Universe::initialize_heap()+0x189
V  [libjvm.so+0x9a6053]  universe_init()+0x33
V  [libjvm.so+0x5da925]  init_globals()+0x55
V  [libjvm.so+0x989ca3]  Threads::create_vm(JavaVMInitArgs*, bool*)+0x2b3
V  [libjvm.so+0x647c52]  JNI_CreateJavaVM+0x52
C  [libjli.so+0x77c8]  JavaMain+0x88
C  [libpthread.so.0+0x75ca]  start_thread+0xca


---------------  P R O C E S S  ---------------

Java Threads: ( => current thread )

Other Threads:

=>0x00007f2ddc008800 (exited) JavaThread "Unknown thread" [_thread_in_vm, id=9703, stack(0x00007f2de20b5000,0x00007f2de21b6000)]

VM state:not at safepoint (not fully initialized)

VM Mutex/Monitor currently owned by a thread: None

GC Heap History (0 events):
No events

Deoptimization events (0 events):
No events

Internal exceptions (0 events):
No events

Events (0 events):
No events


Dynamic libraries:
00400000-00401000 r-xp 00000000 08:04 3148253                            /opt/android-studio/jre/bin/java
00600000-00601000 r--p 00000000 08:04 3148253                            /opt/android-studio/jre/bin/java
00601000-00602000 rw-p 00001000 08:04 3148253                            /opt/android-studio/jre/bin/java
01ffd000-0201e000 rw-p 00000000 00:00 0                                  [heap]
c5300000-eab00000 ---p 00000000 00:00 0 
eab00000-ed400000 rw-p 00000000 00:00 0 
ed400000-100000000 ---p 00000000 00:00 0 
7f2dcc048000-7f2dcc1d0000 rw-p 00000000 00:00 0 
7f2dcc1d0000-7f2dcc325000 ---p 00000000 00:00 0 
7f2dcc325000-7f2dcc33a000 rw-p 00000000 00:00 0 
7f2dcc33a000-7f2dcc3d0000 ---p 00000000 00:00 0 
7f2dcc3d0000-7f2dcc3db000 rw-p 00000000 00:00 0 
7f2dcc3db000-7f2dcc791000 ---p 00000000 00:00 0 
7f2dcc791000-7f2dcca01000 rwxp 00000000 00:00 0 
7f2dcca01000-7f2ddb791000 ---p 00000000 00:00 0 
7f2ddb791000-7f2ddb7ab000 r-xp 00000000 08:04 3803060                    /opt/android-studio/jre/jre/lib/amd64/libzip.so
7f2ddb7ab000-7f2ddb9ab000 ---p 0001a000 08:04 3803060                    /opt/android-studio/jre/jre/lib/amd64/libzip.so
7f2ddb9ab000-7f2ddb9ac000 r--p 0001a000 08:04 3803060                    /opt/android-studio/jre/jre/lib/amd64/libzip.so
7f2ddb9ac000-7f2ddb9ad000 rw-p 0001b000 08:04 3803060                    /opt/android-studio/jre/jre/lib/amd64/libzip.so
7f2ddb9ad000-7f2ddb9b8000 r-xp 00000000 08:04 3419534                    /usr/lib64/libnss_files-2.23.so
7f2ddb9b8000-7f2ddbbb7000 ---p 0000b000 08:04 3419534                    /usr/lib64/libnss_files-2.23.so
7f2ddbbb7000-7f2ddbbb8000 r--p 0000a000 08:04 3419534                    /usr/lib64/libnss_files-2.23.so
7f2ddbbb8000-7f2ddbbb9000 rw-p 0000b000 08:04 3419534                    /usr/lib64/libnss_files-2.23.so
7f2ddbbb9000-7f2ddbbbf000 rw-p 00000000 00:00 0 
7f2ddbbbf000-7f2ddbbec000 r-xp 00000000 08:04 3803946                    /opt/android-studio/jre/jre/lib/amd64/libjava.so
7f2ddbbec000-7f2ddbdeb000 ---p 0002d000 08:04 3803946                    /opt/android-studio/jre/jre/lib/amd64/libjava.so
7f2ddbdeb000-7f2ddbdec000 r--p 0002c000 08:04 3803946                    /opt/android-studio/jre/jre/lib/amd64/libjava.so
7f2ddbdec000-7f2ddbdee000 rw-p 0002d000 08:04 3803946                    /opt/android-studio/jre/jre/lib/amd64/libjava.so
7f2ddbdee000-7f2ddbdfe000 r-xp 00000000 08:04 3804378                    /opt/android-studio/jre/jre/lib/amd64/libverify.so
7f2ddbdfe000-7f2ddbffd000 ---p 00010000 08:04 3804378                    /opt/android-studio/jre/jre/lib/amd64/libverify.so
7f2ddbffd000-7f2ddbfff000 r--p 0000f000 08:04 3804378                    /opt/android-studio/jre/jre/lib/amd64/libverify.so
7f2ddbfff000-7f2ddc000000 rw-p 00011000 08:04 3804378                    /opt/android-studio/jre/jre/lib/amd64/libverify.so
7f2ddc000000-7f2ddc035000 rw-p 00000000 00:00 0 
7f2ddc035000-7f2de0000000 ---p 00000000 00:00 0 
7f2de00d0000-7f2de01bd000 rw-p 00000000 00:00 0 
7f2de01bd000-7f2de01c4000 r-xp 00000000 08:04 3419537                    /usr/lib64/librt-2.23.so
7f2de01c4000-7f2de03c3000 ---p 00007000 08:04 3419537                    /usr/lib64/librt-2.23.so
7f2de03c3000-7f2de03c4000 r--p 00006000 08:04 3419537                    /usr/lib64/librt-2.23.so
7f2de03c4000-7f2de03c5000 rw-p 00007000 08:04 3419537                    /usr/lib64/librt-2.23.so
7f2de03c5000-7f2de04cd000 r-xp 00000000 08:04 3419531                    /usr/lib64/libm-2.23.so
7f2de04cd000-7f2de06cc000 ---p 00108000 08:04 3419531                    /usr/lib64/libm-2.23.so
7f2de06cc000-7f2de06cd000 r--p 00107000 08:04 3419531                    /usr/lib64/libm-2.23.so
7f2de06cd000-7f2de06ce000 rw-p 00108000 08:04 3419531                    /usr/lib64/libm-2.23.so
7f2de06ce000-7f2de12b4000 r-xp 00000000 08:04 3804440                    /opt/android-studio/jre/jre/lib/amd64/server/libjvm.so
7f2de12b4000-7f2de14b4000 ---p 00be6000 08:04 3804440                    /opt/android-studio/jre/jre/lib/amd64/server/libjvm.so
7f2de14b4000-7f2de1553000 r--p 00be6000 08:04 3804440                    /opt/android-studio/jre/jre/lib/amd64/server/libjvm.so
7f2de1553000-7f2de157c000 rw-p 00c85000 08:04 3804440                    /opt/android-studio/jre/jre/lib/amd64/server/libjvm.so
7f2de157c000-7f2de15be000 rw-p 00000000 00:00 0 
7f2de15be000-7f2de15d5000 r-xp 00000000 08:04 3417370                    /usr/lib64/libpthread-2.23.so
7f2de15d5000-7f2de17d4000 ---p 00017000 08:04 3417370                    /usr/lib64/libpthread-2.23.so
7f2de17d4000-7f2de17d5000 r--p 00016000 08:04 3417370                    /usr/lib64/libpthread-2.23.so
7f2de17d5000-7f2de17d6000 rw-p 00017000 08:04 3417370                    /usr/lib64/libpthread-2.23.so
7f2de17d6000-7f2de17da000 rw-p 00000000 00:00 0 
7f2de17da000-7f2de17dd000 r-xp 00000000 08:04 3419530                    /usr/lib64/libdl-2.23.so
7f2de17dd000-7f2de19dc000 ---p 00003000 08:04 3419530                    /usr/lib64/libdl-2.23.so
7f2de19dc000-7f2de19dd000 r--p 00002000 08:04 3419530                    /usr/lib64/libdl-2.23.so
7f2de19dd000-7f2de19de000 rw-p 00003000 08:04 3419530                    /usr/lib64/libdl-2.23.so
7f2de19de000-7f2de1b97000 r-xp 00000000 08:04 3416783                    /usr/lib64/libc-2.23.so
7f2de1b97000-7f2de1d96000 ---p 001b9000 08:04 3416783                    /usr/lib64/libc-2.23.so
7f2de1d96000-7f2de1d9a000 r--p 001b8000 08:04 3416783                    /usr/lib64/libc-2.23.so
7f2de1d9a000-7f2de1d9c000 rw-p 001bc000 08:04 3416783                    /usr/lib64/libc-2.23.so
7f2de1d9c000-7f2de1da0000 rw-p 00000000 00:00 0 
7f2de1da0000-7f2de1db6000 r-xp 00000000 08:04 3019000                    /opt/android-studio/jre/lib/amd64/jli/libjli.so
7f2de1db6000-7f2de1fb5000 ---p 00016000 08:04 3019000                    /opt/android-studio/jre/lib/amd64/jli/libjli.so
7f2de1fb5000-7f2de1fb6000 r--p 00015000 08:04 3019000                    /opt/android-studio/jre/lib/amd64/jli/libjli.so
7f2de1fb6000-7f2de1fb7000 rw-p 00016000 08:04 3019000                    /opt/android-studio/jre/lib/amd64/jli/libjli.so
7f2de1fb7000-7f2de1fdb000 r-xp 00000000 08:04 3422375                    /usr/lib64/ld-2.23.so
7f2de20b5000-7f2de20b8000 ---p 00000000 00:00 0 
7f2de20b8000-7f2de21ba000 rw-p 00000000 00:00 0 
7f2de21cf000-7f2de21d7000 rw-s 00000000 00:26 369411                     /tmp/hsperfdata_caitano/9699
7f2de21d7000-7f2de21d8000 rw-p 00000000 00:00 0 
7f2de21d8000-7f2de21d9000 r--p 00000000 00:00 0 
7f2de21d9000-7f2de21da000 rw-p 00000000 00:00 0 
7f2de21da000-7f2de21db000 r--p 00023000 08:04 3422375                    /usr/lib64/ld-2.23.so
7f2de21db000-7f2de21dc000 rw-p 00024000 08:04 3422375                    /usr/lib64/ld-2.23.so
7f2de21dc000-7f2de21dd000 rw-p 00000000 00:00 0 
7ffcf20e9000-7ffcf210a000 rw-p 00000000 00:00 0                          [stack]
7ffcf21af000-7ffcf21b1000 r--p 00000000 00:00 0                          [vvar]
7ffcf21b1000-7ffcf21b3000 r-xp 00000000 00:00 0                          [vdso]
ffffffffff600000-ffffffffff601000 r-xp 00000000 00:00 0                  [vsyscall]

VM Arguments:
jvm_args: -Djava.awt.headless=true -Xmx1024M -Dfile.encoding=UTF-8 -Duser.country=US -Duser.language=en -Duser.variant 
java_command: com.android.dx.command.Main --dex --force-jumbo --num-threads=4 --multi-dex --output /home/caitano/git-local/nutrition_app/app/build/intermediates/transforms/dex/debug/folders/1000/10/internal_impl-24.2.0_9691f2c67159936a15f76ccbd6d89b1ff0f7b5f6 /home/caitano/git-local/nutrition_app/app/build/intermediates/exploded-aar/com.android.support/support-core-utils/24.2.0/jars/libs/internal_impl-24.2.0.jar
java_class_path (initial): /home/caitano/Android/Sdk/build-tools/24.0.2/lib/dx.jar
Launcher Type: SUN_STANDARD

Environment Variables:
PATH=/usr/lib64/qt-3.3/bin:/usr/java/jdk1.8.0_102/bin:/usr/java/jdk1.8.0_102/bin:/usr/java/jdk1.8.0_102/bin:/usr/local/bin:/usr/local/sbin:/usr/bin:/usr/sbin:/opt/android-studio/bin:/home/caitano/.local/bin:/home/caitano/bin
USERNAME=caitano
LD_LIBRARY_PATH=/opt/android-studio/bin:
SHELL=/bin/bash
DISPLAY=:0

Signal Handlers:
SIGSEGV: [libjvm.so+0x9daac0], sa_mask[0]=11111111011111111101111111111110, sa_flags=SA_RESTART|SA_SIGINFO
SIGBUS: [libjvm.so+0x9daac0], sa_mask[0]=11111111011111111101111111111110, sa_flags=SA_RESTART|SA_SIGINFO
SIGFPE: [libjvm.so+0x840d90], sa_mask[0]=11111111011111111101111111111110, sa_flags=SA_RESTART|SA_SIGINFO
SIGPIPE: [libjvm.so+0x840d90], sa_mask[0]=11111111011111111101111111111110, sa_flags=SA_RESTART|SA_SIGINFO
SIGXFSZ: [libjvm.so+0x840d90], sa_mask[0]=11111111011111111101111111111110, sa_flags=SA_RESTART|SA_SIGINFO
SIGILL: [libjvm.so+0x840d90], sa_mask[0]=11111111011111111101111111111110, sa_flags=SA_RESTART|SA_SIGINFO
SIGUSR1: SIG_DFL, sa_mask[0]=00000000000000000000000000000000, sa_flags=none
SIGUSR2: [libjvm.so+0x840c60], sa_mask[0]=00100000000000000000000000000000, sa_flags=SA_RESTART|SA_SIGINFO
SIGHUP: SIG_DFL, sa_mask[0]=00000000000000000000000000000000, sa_flags=none
SIGINT: SIG_DFL, sa_mask[0]=00000000000000000000000000000000, sa_flags=none
SIGTERM: SIG_DFL, sa_mask[0]=00000000000000000000000000000000, sa_flags=none
SIGQUIT: SIG_DFL, sa_mask[0]=00000000000000000000000000000000, sa_flags=none


---------------  S Y S T E M  ---------------

OS:Fedora release 24 (Twenty Four)

uname:Linux 4.7.6-200.fc24.x86_64 #1 SMP Mon Oct 3 20:10:24 UTC 2016 x86_64
libc:glibc 2.23 NPTL 2.23 
rlimit: STACK 8192k, CORE infinity, NPROC 31270, NOFILE 4096, AS infinity
load average:8.08 2.38 1.21

/proc/meminfo:
MemTotal:        8025292 kB
MemFree:          122640 kB
MemAvailable:      15868 kB
Buffers:             764 kB
Cached:          1173960 kB
SwapCached:            0 kB
Active:          6468020 kB
Inactive:        1147424 kB
Active(anon):    6452996 kB
Inactive(anon):  1140760 kB
Active(file):      15024 kB
Inactive(file):     6664 kB
Unevictable:          60 kB
Mlocked:              60 kB
SwapTotal:             0 kB
SwapFree:              0 kB
Dirty:                12 kB
Writeback:             8 kB
AnonPages:       6442056 kB
Mapped:           557836 kB
Shmem:           1151768 kB
Slab:             111028 kB
SReclaimable:      39800 kB
SUnreclaim:        71228 kB
KernelStack:       15424 kB
PageTables:        80356 kB
NFS_Unstable:          0 kB
Bounce:                0 kB
WritebackTmp:          0 kB
CommitLimit:     4012644 kB
Committed_AS:   16700604 kB
VmallocTotal:   34359738367 kB
VmallocUsed:           0 kB
VmallocChunk:          0 kB
HardwareCorrupted:     0 kB
AnonHugePages:         0 kB
CmaTotal:              0 kB
CmaFree:               0 kB
HugePages_Total:       0
HugePages_Free:        0
HugePages_Rsvd:        0
HugePages_Surp:        0
Hugepagesize:       2048 kB
DirectMap4k:      192768 kB
DirectMap2M:     8044544 kB


CPU:total 4 (2 cores per cpu, 2 threads per core) family 6 model 42 stepping 7, cmov, cx8, fxsr, mmx, sse, sse2, sse3, ssse3, sse4.1, sse4.2, popcnt, avx, clmul, ht, tsc, tscinvbit

/proc/cpuinfo:
processor	: 0
vendor_id	: GenuineIntel
cpu family	: 6
model		: 42
model name	: Intel(R) Core(TM) i3-2310M CPU @ 2.10GHz
stepping	: 7
microcode	: 0x29
cpu MHz		: 2099.871
cache size	: 3072 KB
physical id	: 0
siblings	: 4
core id		: 0
cpu cores	: 2
apicid		: 0
initial apicid	: 0
fpu		: yes
fpu_exception	: yes
cpuid level	: 13
wp		: yes
flags		: fpu vme de pse tsc msr pae mce cx8 apic sep mtrr pge mca cmov pat pse36 clflush dts acpi mmx fxsr sse sse2 ss ht tm pbe syscall nx rdtscp lm constant_tsc arch_perfmon pebs bts rep_good nopl xtopology nonstop_tsc aperfmperf eagerfpu pni pclmulqdq dtes64 monitor ds_cpl vmx est tm2 ssse3 cx16 xtpr pdcm pcid sse4_1 sse4_2 x2apic popcnt tsc_deadline_timer xsave avx lahf_lm epb tpr_shadow vnmi flexpriority ept vpid xsaveopt dtherm arat pln pts
bugs		:
bogomips	: 4190.51
clflush size	: 64
cache_alignment	: 64
address sizes	: 36 bits physical, 48 bits virtual
power management:

processor	: 1
vendor_id	: GenuineIntel
cpu family	: 6
model		: 42
model name	: Intel(R) Core(TM) i3-2310M CPU @ 2.10GHz
stepping	: 7
microcode	: 0x29
cpu MHz		: 2100.000
cache size	: 3072 KB
physical id	: 0
siblings	: 4
core id		: 0
cpu cores	: 2
apicid		: 1
initial apicid	: 1
fpu		: yes
fpu_exception	: yes
cpuid level	: 13
wp		: yes
flags		: fpu vme de pse tsc msr pae mce cx8 apic sep mtrr pge mca cmov pat pse36 clflush dts acpi mmx fxsr sse sse2 ss ht tm pbe syscall nx rdtscp lm constant_tsc arch_perfmon pebs bts rep_good nopl xtopology nonstop_tsc aperfmperf eagerfpu pni pclmulqdq dtes64 monitor ds_cpl vmx est tm2 ssse3 cx16 xtpr pdcm pcid sse4_1 sse4_2 x2apic popcnt tsc_deadline_timer xsave avx lahf_lm epb tpr_shadow vnmi flexpriority ept vpid xsaveopt dtherm arat pln pts
bugs		:
bogomips	: 4195.86
clflush size	: 64
cache_alignment	: 64
address sizes	: 36 bits physical, 48 bits virtual
power management:

processor	: 2
vendor_id	: GenuineIntel
cpu family	: 6
model		: 42
model name	: Intel(R) Core(TM) i3-2310M CPU @ 2.10GHz
stepping	: 7
microcode	: 0x29
cpu MHz		: 2099.871
cache size	: 3072 KB
physical id	: 0
siblings	: 4
core id		: 1
cpu cores	: 2
apicid		: 2
initial apicid	: 2
fpu		: yes
fpu_exception	: yes
cpuid level	: 13
wp		: yes
flags		: fpu vme de pse tsc msr pae mce cx8 apic sep mtrr pge mca cmov pat pse36 clflush dts acpi mmx fxsr sse sse2 ss ht tm pbe syscall nx rdtscp lm constant_tsc arch_perfmon pebs bts rep_good nopl xtopology nonstop_tsc aperfmperf eagerfpu pni pclmulqdq dtes64 monitor ds_cpl vmx est tm2 ssse3 cx16 xtpr pdcm pcid sse4_1 sse4_2 x2apic popcnt tsc_deadline_timer xsave avx lahf_lm epb tpr_shadow vnmi flexpriority ept vpid xsaveopt dtherm arat pln pts
bugs		:
bogomips	: 4194.40
clflush size	: 64
cache_alignment	: 64
address sizes	: 36 bits physical, 48 bits virtual
power management:

processor	: 3
vendor_id	: GenuineIntel
cpu family	: 6
model		: 42
model name	: Intel(R) Core(TM) i3-2310M CPU @ 2.10GHz
stepping	: 7
microcode	: 0x29
cpu MHz		: 2100.000
cache size	: 3072 KB
physical id	: 0
siblings	: 4
core id		: 1
cpu cores	: 2
apicid		: 3
initial apicid	: 3
fpu		: yes
fpu_exception	: yes
cpuid level	: 13
wp		: yes
flags		: fpu vme de pse tsc msr pae mce cx8 apic sep mtrr pge mca cmov pat pse36 clflush dts acpi mmx fxsr sse sse2 ss ht tm pbe syscall nx rdtscp lm constant_tsc arch_perfmon pebs bts rep_good nopl xtopology nonstop_tsc aperfmperf eagerfpu pni pclmulqdq dtes64 monitor ds_cpl vmx est tm2 ssse3 cx16 xtpr pdcm pcid sse4_1 sse4_2 x2apic popcnt tsc_deadline_timer xsave avx lahf_lm epb tpr_shadow vnmi flexpriority ept vpid xsaveopt dtherm arat pln pts
bugs		:
bogomips	: 4194.33
clflush size	: 64
cache_alignment	: 64
address sizes	: 36 bits physical, 48 bits virtual
power management:



Memory: 4k page, physical 8025292k(122860k free), swap 0k(0k free)

vm_info: OpenJDK 64-Bit Server VM (25.76-b03) for linux-amd64 JRE (1.8.0_76-release-b03), built on Jun 29 2016 09:39:19 by "builder" with gcc 4.8.4

time: Sat Nov 19 15:06:31 2016
elapsed time: 0 seconds (0d 0h 0m 0s)

