#
# A fatal error has been detected by the Java Runtime Environment:
#
#  SIGSEGV (0xb) at pc=0x00007fe034878163, pid=7490, tid=0x00007fdffe8c7700
#
# JRE version: OpenJDK Runtime Environment (8.0_76-b03) (build 1.8.0_76-release-b03)
# Java VM: OpenJDK 64-Bit Server VM (25.76-b03 mixed mode linux-amd64 compressed oops)
# Problematic frame:
# V  [libjvm.so+0x352163]  BlockBegin::add_exception_handler(BlockBegin*)+0x43
#
# Failed to write core dump. Core dumps have been disabled. To enable core dumping, try "ulimit -c unlimited" before starting Java again
#
# If you would like to submit a bug report, please visit:
#   http://bugreport.java.com/bugreport/crash.jsp
#

---------------  T H R E A D  ---------------

Current thread (0x00007fe0300c5800):  JavaThread "C1 CompilerThread3" daemon [_thread_in_native, id=7525, stack(0x00007fdffe7c7000,0x00007fdffe8c8000)]

siginfo: si_signo: 11 (SIGSEGV), si_code: 2 (SEGV_ACCERR), si_addr: 0x00007fdfda6404b8

Registers:
RAX=0x0000000000c80001, RBX=0x00007fdfd4234f20, RCX=0x0000000006400008, RDX=0x0000000000000058
RSP=0x00007fdffe8c5620, RBP=0x00007fdffe8c5640, RSI=0x00007fdfd00f9ec0, RDI=0x00007fdfd4234f20
R8 =0x00007fdfd42404b0, R9 =0x00007fdfd4240570, R10=0x0000000000000000, R11=0x0000000000000000
R12=0x00007fdfd00f9ec0, R13=0x0000000000c80002, R14=0x0000000000c80002, R15=0x00007fdfd01c3f60
RIP=0x00007fe034878163, EFLAGS=0x0000000000010202, CSGSFS=0x002b000000000033, ERR=0x0000000000000004
  TRAPNO=0x000000000000000e

Top of Stack: (sp=0x00007fdffe8c5620)
0x00007fdffe8c5620:   0000000000000090 00007fdfd00f9ec0
0x00007fdffe8c5630:   00007fdffe8c63a0 00007fdfd4242cf0
0x00007fdffe8c5640:   00007fdffe8c56e0 00007fe03485bcf7
0x00007fdffe8c5650:   00007fdffe8c56b0 00007fdfd4242e30
0x00007fdffe8c5660:   00007fdffe8c63a0 00007fdfd4242d00
0x00007fdffe8c5670:   00007fdfd4242ca0 00000004000000b7
0x00007fdffe8c5680:   00007fdfd4201d40 00007fdfd4242bf0
0x00007fdffe8c5690:   0000000000000540 00007fdfd01c36a0
0x00007fdffe8c56a0:   000004a200000058 00007fdfd4235ae0
0x00007fdffe8c56b0:   00007fdffe8c56e0 00007fdfd4242bf0
0x00007fdffe8c56c0:   00007fdffe8c63a0 00007fdfd4242bf0
0x00007fdffe8c56d0:   0000000000000000 0000000000000005
0x00007fdffe8c56e0:   00007fdffe8c5740 00007fe03485c23a
0x00007fdffe8c56f0:   00007fe035379cf0 00007fdfd42020f0
0x00007fdffe8c5700:   00007fe0353732d0 00007fdffe8c6770
0x00007fdffe8c5710:   00007fdfd4242bf0 00007fe000000006
0x00007fdffe8c5720:   00007fdfd4242bf0 00007fdffe8c63a0
0x00007fdffe8c5730:   00007fdfd4242b70 00007fdfd4241240
0x00007fdffe8c5740:   00007fdffe8c5790 00007fe03486176a
0x00007fdffe8c5750:   00007fdfd4228ab0 00007fdffe8c5790
0x00007fdffe8c5760:   00007fdffe8c5870 00000000000000bc
0x00007fdffe8c5770:   0000000000000000 0000000000000000
0x00007fdffe8c5780:   0000000000000000 00007fdffe8c63a0
0x00007fdffe8c5790:   00007fdffe8c5840 00007fe03486bf20
0x00007fdffe8c57a0:   00007fe000000001 00007fdffe8c57c0
0x00007fdffe8c57b0:   00007fdf00000010 00007fe034df8089
0x00007fdffe8c57c0:   00007fdfd42282d0 00007fe030095da0
0x00007fdffe8c57d0:   00007fdfd42285c6 0000000000000000
0x00007fdffe8c57e0:   00007fdffe8c5840 00007fdfd42285c0
0x00007fdffe8c57f0:   00007fdfd42285cc 00007fdfd42285c8
0x00007fdffe8c5800:   000000bc000000bc 0000000000000001
0x00007fdffe8c5810:   00007fdffe8c5870 0000000000000000 

Instructions: (pc=0x00007fe034878163)
0x00007fe034878143:   ff ff ff 66 2e 0f 1f 84 00 00 00 00 00 83 e8 01
0x00007fe034878153:   44 8d 40 01 45 85 c0 7e 14 4c 8b 83 20 01 00 00
0x00007fe034878163:   4d 8b 04 08 48 83 e9 08 4d 39 c4 75 e0 85 c0 78
0x00007fe034878173:   0c 5b 41 5c 41 5d 41 5e 5d c3 0f 1f 00 44 3b ab 

Register to memory mapping:

RAX=0x0000000000c80001 is an unknown value
RBX=0x00007fdfd4234f20 is an unknown value
RCX=0x0000000006400008 is an unknown value
RDX=0x0000000000000058 is an unknown value
RSP=0x00007fdffe8c5620 is pointing into the stack for thread: 0x00007fe0300c5800
RBP=0x00007fdffe8c5640 is pointing into the stack for thread: 0x00007fe0300c5800
RSI=0x00007fdfd00f9ec0 is an unknown value
RDI=0x00007fdfd4234f20 is an unknown value
R8 =0x00007fdfd42404b0 is an unknown value
R9 =0x00007fdfd4240570 is an unknown value
R10=0x0000000000000000 is an unknown value
R11=0x0000000000000000 is an unknown value
R12=0x00007fdfd00f9ec0 is an unknown value
R13=0x0000000000c80002 is an unknown value
R14=0x0000000000c80002 is an unknown value
R15=0x00007fdfd01c3f60 is an unknown value


Stack: [0x00007fdffe7c7000,0x00007fdffe8c8000],  sp=0x00007fdffe8c5620,  free space=1017k
Native frames: (J=compiled Java code, j=interpreted, Vv=VM code, C=native code)
V  [libjvm.so+0x352163]  BlockBegin::add_exception_handler(BlockBegin*)+0x43
V  [libjvm.so+0x335cf7]  GraphBuilder::handle_exception(Instruction*)+0x147
V  [libjvm.so+0x33623a]  GraphBuilder::append_with_bci(Instruction*, int)+0x18a
V  [libjvm.so+0x33b76a]  GraphBuilder::new_type_array()+0x17a
V  [libjvm.so+0x345f20]  GraphBuilder::iterate_bytecodes_for_block(int)+0x1be0
V  [libjvm.so+0x3463c7]  GraphBuilder::iterate_all_blocks(bool)+0xd7
V  [libjvm.so+0x34797e]  GraphBuilder::try_inline_full(ciMethod*, bool, Bytecodes::Code, Instruction*)+0x88e
V  [libjvm.so+0x347c32]  GraphBuilder::try_inline(ciMethod*, bool, Bytecodes::Code, Instruction*)+0x152
V  [libjvm.so+0x34872e]  GraphBuilder::invoke(Bytecodes::Code)+0xabe
V  [libjvm.so+0x345ef6]  GraphBuilder::iterate_bytecodes_for_block(int)+0x1bb6
V  [libjvm.so+0x3463c7]  GraphBuilder::iterate_all_blocks(bool)+0xd7
V  [libjvm.so+0x34797e]  GraphBuilder::try_inline_full(ciMethod*, bool, Bytecodes::Code, Instruction*)+0x88e
V  [libjvm.so+0x347c32]  GraphBuilder::try_inline(ciMethod*, bool, Bytecodes::Code, Instruction*)+0x152
V  [libjvm.so+0x34872e]  GraphBuilder::invoke(Bytecodes::Code)+0xabe
V  [libjvm.so+0x345ef6]  GraphBuilder::iterate_bytecodes_for_block(int)+0x1bb6
V  [libjvm.so+0x3463c7]  GraphBuilder::iterate_all_blocks(bool)+0xd7
V  [libjvm.so+0x34797e]  GraphBuilder::try_inline_full(ciMethod*, bool, Bytecodes::Code, Instruction*)+0x88e
V  [libjvm.so+0x347c32]  GraphBuilder::try_inline(ciMethod*, bool, Bytecodes::Code, Instruction*)+0x152
V  [libjvm.so+0x34872e]  GraphBuilder::invoke(Bytecodes::Code)+0xabe
V  [libjvm.so+0x345ef6]  GraphBuilder::iterate_bytecodes_for_block(int)+0x1bb6
V  [libjvm.so+0x346374]  GraphBuilder::iterate_all_blocks(bool)+0x84
V  [libjvm.so+0x34797e]  GraphBuilder::try_inline_full(ciMethod*, bool, Bytecodes::Code, Instruction*)+0x88e
V  [libjvm.so+0x347c32]  GraphBuilder::try_inline(ciMethod*, bool, Bytecodes::Code, Instruction*)+0x152
V  [libjvm.so+0x34872e]  GraphBuilder::invoke(Bytecodes::Code)+0xabe
V  [libjvm.so+0x345ef6]  GraphBuilder::iterate_bytecodes_for_block(int)+0x1bb6
V  [libjvm.so+0x346374]  GraphBuilder::iterate_all_blocks(bool)+0x84
V  [libjvm.so+0x34673d]  GraphBuilder::GraphBuilder(Compilation*, IRScope*)+0x36d
V  [libjvm.so+0x34c4c1]  IRScope::IRScope(Compilation*, IRScope*, int, ciMethod*, int, bool)+0x171
V  [libjvm.so+0x34d1bd]  IR::IR(Compilation*, ciMethod*, int)+0xad
V  [libjvm.so+0x32f4f0]  Compilation::build_hir()+0xf0
V  [libjvm.so+0x330b5a]  Compilation::compile_java_method()+0xfa
V  [libjvm.so+0x330f2a]  Compilation::compile_method()+0x7a
V  [libjvm.so+0x3313e3]  Compilation::Compilation(AbstractCompiler*, ciEnv*, ciMethod*, int, BufferBlob*)+0x243
V  [libjvm.so+0x3320f8]  Compiler::compile_method(ciEnv*, ciMethod*, int)+0xa8
V  [libjvm.so+0x46d832]  CompileBroker::invoke_compiler_on_method(CompileTask*)+0x8b2
V  [libjvm.so+0x46e6e8]  CompileBroker::compiler_thread_loop()+0x4e8
V  [libjvm.so+0x986ec0]  JavaThread::thread_main_inner()+0xf0
V  [libjvm.so+0x8425b2]  java_start(Thread*)+0xf2
C  [libpthread.so.0+0x75ca]  start_thread+0xca


Current CompileTask:
C1:    449  569   !   3       com.android.dx.cf.code.BytecodeArray::parseInstruction (2764 bytes)


---------------  P R O C E S S  ---------------

Java Threads: ( => current thread )
  0x00007fe030158000 JavaThread "pool-2-thread-4" [_thread_in_Java, id=7541, stack(0x00007fdffe0c0000,0x00007fdffe1c1000)]
  0x00007fe030155000 JavaThread "pool-2-thread-3" [_thread_in_Java, id=7540, stack(0x00007fdffe1c1000,0x00007fdffe2c2000)]
  0x00007fe030153000 JavaThread "pool-2-thread-2" [_thread_in_Java, id=7539, stack(0x00007fdffe2c2000,0x00007fdffe3c3000)]
  0x00007fe03014f800 JavaThread "pool-3-thread-1" [_thread_blocked, id=7538, stack(0x00007fdffe3c3000,0x00007fdffe4c4000)]
  0x00007fe03014e000 JavaThread "pool-2-thread-1" [_thread_in_vm, id=7537, stack(0x00007fdffe4c4000,0x00007fdffe5c5000)]
  0x00007fe0300c8800 JavaThread "Service Thread" daemon [_thread_blocked, id=7528, stack(0x00007fdffe6c6000,0x00007fdffe7c7000)]
=>0x00007fe0300c5800 JavaThread "C1 CompilerThread3" daemon [_thread_in_native, id=7525, stack(0x00007fdffe7c7000,0x00007fdffe8c8000)]
  0x00007fe0300c3800 JavaThread "C2 CompilerThread2" daemon [_thread_in_native, id=7524, stack(0x00007fdffe8c8000,0x00007fdffe9c9000)]
  0x00007fe0300c2000 JavaThread "C2 CompilerThread1" daemon [_thread_in_native, id=7523, stack(0x00007fdffe9c9000,0x00007fdffeaca000)]
  0x00007fe0300bf000 JavaThread "C2 CompilerThread0" daemon [_thread_in_native, id=7522, stack(0x00007fdffeaca000,0x00007fdffebcb000)]
  0x00007fe0300bd800 JavaThread "Signal Dispatcher" daemon [_thread_blocked, id=7521, stack(0x00007fdffebcb000,0x00007fdffeccc000)]
  0x00007fe03008b000 JavaThread "Finalizer" daemon [_thread_blocked, id=7508, stack(0x00007fdffeccc000,0x00007fdffedcd000)]
  0x00007fe030086000 JavaThread "Reference Handler" daemon [_thread_blocked, id=7507, stack(0x00007fdffedcd000,0x00007fdffeece000)]
  0x00007fe030008800 JavaThread "main" [_thread_blocked, id=7493, stack(0x00007fe035f0b000,0x00007fe03600c000)]

Other Threads:
  0x00007fe03007e800 VMThread [stack: 0x00007fdffeece000,0x00007fdffefcf000] [id=7505]
  0x00007fe0300cb000 WatcherThread [stack: 0x00007fdffe5c5000,0x00007fdffe6c6000] [id=7529]

VM state:not at safepoint (normal execution)

VM Mutex/Monitor currently owned by a thread: None

Heap:
 PSYoungGen      total 150016K, used 25805K [0x00000000eab00000, 0x00000000f5200000, 0x0000000100000000)
  eden space 129024K, 20% used [0x00000000eab00000,0x00000000ec4336c8,0x00000000f2900000)
  from space 20992K, 0% used [0x00000000f3d80000,0x00000000f3d80000,0x00000000f5200000)
  to   space 20992K, 0% used [0x00000000f2900000,0x00000000f2900000,0x00000000f3d80000)
 ParOldGen       total 343040K, used 0K [0x00000000c0000000, 0x00000000d4f00000, 0x00000000eab00000)
  object space 343040K, 0% used [0x00000000c0000000,0x00000000c0000000,0x00000000d4f00000)
 Metaspace       used 5534K, capacity 6640K, committed 6784K, reserved 1056768K
  class space    used 569K, capacity 616K, committed 640K, reserved 1048576K

Card table byte_map: [0x00007fe0201d0000,0x00007fe0203d1000] byte_map_base: 0x00007fe01fbd0000

Marking Bits: (ParMarkBitMap*) 0x00007fe0353e91a0
 Begin Bits: [0x00007fe01d872000, 0x00007fe01e872000)
 End Bits:   [0x00007fe01e872000, 0x00007fe01f872000)

Polling page: 0x00007fe036030000

CodeCache: size=245760Kb used=2031Kb max_used=2043Kb free=243728Kb
 bounds [0x00007fe020791000, 0x00007fe020a01000, 0x00007fe02f791000]
 total_blobs=786 nmethods=519 adapters=182
 compilation: enabled

Compilation events (10 events):
Event: 0.391 Thread 0x00007fe0300c5800 nmethod 531 0x00007fe020989350 code [0x00007fe020989500, 0x00007fe020989a98]
Event: 0.391 Thread 0x00007fe0300c5800  568       3       java.util.BitSet::set (58 bytes)
Event: 0.392 Thread 0x00007fe0300c5800 nmethod 568 0x00007fe020989c50 code [0x00007fe020989e60, 0x00007fe02098a898]
Event: 0.392 Thread 0x00007fe0300c5800  570       3       com.android.dx.ssa.NormalSsaInsn::<init> (15 bytes)
Event: 0.392 Thread 0x00007fe0300c5800 nmethod 570 0x00007fe02098add0 code [0x00007fe02098af60, 0x00007fe02098b368]
Event: 0.392 Thread 0x00007fe0300c5800  567       3       com.android.dx.rop.code.InsnList::getLast (11 bytes)
Event: 0.392 Thread 0x00007fe0300c5800 nmethod 567 0x00007fe02098b510 code [0x00007fe02098b6a0, 0x00007fe02098bb48]
Event: 0.392 Thread 0x00007fe0300c5800  546       3       com.android.dx.cf.code.ByteOps::opInfo (6 bytes)
Event: 0.392 Thread 0x00007fe0300c5800 nmethod 546 0x00007fe02098bc90 code [0x00007fe02098be00, 0x00007fe02098bf50]
Event: 0.392 Thread 0x00007fe0300c5800  569   !   3       com.android.dx.cf.code.BytecodeArray::parseInstruction (2764 bytes)

GC Heap History (0 events):
No events

Deoptimization events (4 events):
Event: 0.127 Thread 0x00007fe030008800 Uncommon trap: reason=unstable_if action=reinterpret pc=0x00007fe0208cea84 method=java.lang.String.indexOf(II)I @ 49
Event: 0.296 Thread 0x00007fe030158000 Uncommon trap: reason=unstable_if action=reinterpret pc=0x00007fe02094aaec method=java.util.BitSet.nextSetBit(I)I @ 87
Event: 0.310 Thread 0x00007fe03014e000 Uncommon trap: reason=unstable_if action=reinterpret pc=0x00007fe02093b354 method=java.util.HashMap.getNode(ILjava/lang/Object;)Ljava/util/HashMap$Node; @ 129
Event: 0.387 Thread 0x00007fe030155000 Uncommon trap: reason=unstable_if action=reinterpret pc=0x00007fe020967878 method=java.util.BitSet.ensureCapacity(I)V @ 6

Internal exceptions (2 events):
Event: 0.023 Thread 0x00007fe030008800 Exception <a 'java/lang/NoSuchMethodError': Method sun.misc.Unsafe.defineClass(Ljava/lang/String;[BII)Ljava/lang/Class; name or signature does not match> (0x00000000eab07cc0) thrown at [/ssd/Android/AOSP-openjdk/external/jetbrains/jdk/hotspot/src/share/vm
Event: 0.023 Thread 0x00007fe030008800 Exception <a 'java/lang/NoSuchMethodError': Method sun.misc.Unsafe.prefetchRead(Ljava/lang/Object;J)V name or signature does not match> (0x00000000eab07fa8) thrown at [/ssd/Android/AOSP-openjdk/external/jetbrains/jdk/hotspot/src/share/vm/prims/jni.cpp, li

Events (10 events):
Event: 0.348 loading class java/util/ArrayList$1 done
Event: 0.373 loading class com/android/dx/cf/attrib/AttLocalVariableTypeTable
Event: 0.373 loading class com/android/dx/cf/attrib/AttLocalVariableTypeTable done
Event: 0.378 loading class java/util/HashMap$KeySet
Event: 0.380 loading class java/util/HashMap$KeySet done
Event: 0.380 loading class java/util/HashMap$KeyIterator
Event: 0.380 loading class java/util/HashMap$KeyIterator done
Event: 0.387 Thread 0x00007fe030155000 Uncommon trap: trap_request=0xffffff65 fr.pc=0x00007fe020967878
Event: 0.387 Thread 0x00007fe030155000 DEOPT PACKING pc=0x00007fe020967878 sp=0x00007fdffe2c0220
Event: 0.387 Thread 0x00007fe030155000 DEOPT UNPACKING pc=0x00007fe020795f69 sp=0x00007fdffe2c0128 mode 2


Dynamic libraries:
00400000-00401000 r-xp 00000000 08:01 37487725                           /home/caitano/android-studio/jre/bin/java
00600000-00601000 r--p 00000000 08:01 37487725                           /home/caitano/android-studio/jre/bin/java
00601000-00602000 rw-p 00001000 08:01 37487725                           /home/caitano/android-studio/jre/bin/java
0187f000-018a0000 rw-p 00000000 00:00 0                                  [heap]
c0000000-d4f00000 rw-p 00000000 00:00 0 
d4f00000-eab00000 ---p 00000000 00:00 0 
eab00000-f5200000 rw-p 00000000 00:00 0 
f5200000-100000000 ---p 00000000 00:00 0 
100000000-1000a0000 rw-p 00000000 00:00 0 
1000a0000-140000000 ---p 00000000 00:00 0 
7fdfb0000000-7fdfb0021000 rw-p 00000000 00:00 0 
7fdfb0021000-7fdfb4000000 ---p 00000000 00:00 0 
7fdfb8000000-7fdfb802b000 rw-p 00000000 00:00 0 
7fdfb802b000-7fdfbc000000 ---p 00000000 00:00 0 
7fdfbc000000-7fdfbc032000 rw-p 00000000 00:00 0 
7fdfbc032000-7fdfc0000000 ---p 00000000 00:00 0 
7fdfc0000000-7fdfc0028000 rw-p 00000000 00:00 0 
7fdfc0028000-7fdfc4000000 ---p 00000000 00:00 0 
7fdfc4000000-7fdfc4021000 rw-p 00000000 00:00 0 
7fdfc4021000-7fdfc8000000 ---p 00000000 00:00 0 
7fdfc8000000-7fdfc8021000 rw-p 00000000 00:00 0 
7fdfc8021000-7fdfcc000000 ---p 00000000 00:00 0 
7fdfcc000000-7fdfcc021000 rw-p 00000000 00:00 0 
7fdfcc021000-7fdfd0000000 ---p 00000000 00:00 0 
7fdfd0000000-7fdfd02af000 rw-p 00000000 00:00 0 
7fdfd02af000-7fdfd4000000 ---p 00000000 00:00 0 
7fdfd4000000-7fdfd44d3000 rw-p 00000000 00:00 0 
7fdfd44d3000-7fdfd8000000 ---p 00000000 00:00 0 
7fdfd8000000-7fdfd833b000 rw-p 00000000 00:00 0 
7fdfd833b000-7fdfdc000000 ---p 00000000 00:00 0 
7fdfdc000000-7fdfdc1b8000 rw-p 00000000 00:00 0 
7fdfdc1b8000-7fdfe0000000 ---p 00000000 00:00 0 
7fdfe0000000-7fdfe0021000 rw-p 00000000 00:00 0 
7fdfe0021000-7fdfe4000000 ---p 00000000 00:00 0 
7fdfe568d000-7fdfec000000 r--p 00000000 08:02 1579773                    /usr/lib/locale/locale-archive
7fdfec000000-7fdfec021000 rw-p 00000000 00:00 0 
7fdfec021000-7fdff0000000 ---p 00000000 00:00 0 
7fdff0000000-7fdff0021000 rw-p 00000000 00:00 0 
7fdff0021000-7fdff4000000 ---p 00000000 00:00 0 
7fdff4000000-7fdff4021000 rw-p 00000000 00:00 0 
7fdff4021000-7fdff8000000 ---p 00000000 00:00 0 
7fdff8000000-7fdff8021000 rw-p 00000000 00:00 0 
7fdff8021000-7fdffc000000 ---p 00000000 00:00 0 
7fdffe0c0000-7fdffe0c3000 ---p 00000000 00:00 0 
7fdffe0c3000-7fdffe1c1000 rw-p 00000000 00:00 0 
7fdffe1c1000-7fdffe1c4000 ---p 00000000 00:00 0 
7fdffe1c4000-7fdffe2c2000 rw-p 00000000 00:00 0 
7fdffe2c2000-7fdffe2c5000 ---p 00000000 00:00 0 
7fdffe2c5000-7fdffe3c3000 rw-p 00000000 00:00 0 
7fdffe3c3000-7fdffe3c6000 ---p 00000000 00:00 0 
7fdffe3c6000-7fdffe4c4000 rw-p 00000000 00:00 0 
7fdffe4c4000-7fdffe4c7000 ---p 00000000 00:00 0 
7fdffe4c7000-7fdffe5c5000 rw-p 00000000 00:00 0 
7fdffe5c5000-7fdffe5c6000 ---p 00000000 00:00 0 
7fdffe5c6000-7fdffe6c6000 rw-p 00000000 00:00 0 
7fdffe6c6000-7fdffe6c9000 ---p 00000000 00:00 0 
7fdffe6c9000-7fdffe7c7000 rw-p 00000000 00:00 0 
7fdffe7c7000-7fdffe7ca000 ---p 00000000 00:00 0 
7fdffe7ca000-7fdffe8c8000 rw-p 00000000 00:00 0 
7fdffe8c8000-7fdffe8cb000 ---p 00000000 00:00 0 
7fdffe8cb000-7fdffe9c9000 rw-p 00000000 00:00 0 
7fdffe9c9000-7fdffe9cc000 ---p 00000000 00:00 0 
7fdffe9cc000-7fdffeaca000 rw-p 00000000 00:00 0 
7fdffeaca000-7fdffeacd000 ---p 00000000 00:00 0 
7fdffeacd000-7fdffebcb000 rw-p 00000000 00:00 0 
7fdffebcb000-7fdffebce000 ---p 00000000 00:00 0 
7fdffebce000-7fdffeccc000 rw-p 00000000 00:00 0 
7fdffeccc000-7fdffeccf000 ---p 00000000 00:00 0 
7fdffeccf000-7fdffedcd000 rw-p 00000000 00:00 0 
7fdffedcd000-7fdffedd0000 ---p 00000000 00:00 0 
7fdffedd0000-7fdffeece000 rw-p 00000000 00:00 0 
7fdffeece000-7fdffeecf000 ---p 00000000 00:00 0 
7fdffeecf000-7fe000000000 rw-p 00000000 00:00 0 
7fe000000000-7fe000021000 rw-p 00000000 00:00 0 
7fe000021000-7fe004000000 ---p 00000000 00:00 0 
7fe004000000-7fe004021000 rw-p 00000000 00:00 0 
7fe004021000-7fe008000000 ---p 00000000 00:00 0 
7fe008000000-7fe008021000 rw-p 00000000 00:00 0 
7fe008021000-7fe00c000000 ---p 00000000 00:00 0 
7fe00c000000-7fe00c021000 rw-p 00000000 00:00 0 
7fe00c021000-7fe010000000 ---p 00000000 00:00 0 
7fe010000000-7fe010021000 rw-p 00000000 00:00 0 
7fe010021000-7fe014000000 ---p 00000000 00:00 0 
7fe014000000-7fe014021000 rw-p 00000000 00:00 0 
7fe014021000-7fe018000000 ---p 00000000 00:00 0 
7fe018000000-7fe018021000 rw-p 00000000 00:00 0 
7fe018021000-7fe01c000000 ---p 00000000 00:00 0 
7fe01c01c000-7fe01cc2f000 rw-p 00000000 00:00 0 
7fe01cc2f000-7fe01cdfc000 r--s 03bec000 08:01 37487781                   /home/caitano/android-studio/jre/jre/lib/rt.jar
7fe01cdfc000-7fe01d472000 rw-p 00000000 00:00 0 
7fe01d472000-7fe01d672000 ---p 00000000 00:00 0 
7fe01d672000-7fe01f872000 rw-p 00000000 00:00 0 
7fe01f872000-7fe01f873000 ---p 00000000 00:00 0 
7fe01f873000-7fe01f973000 rw-p 00000000 00:00 0 
7fe01f973000-7fe01f974000 ---p 00000000 00:00 0 
7fe01f974000-7fe01fa74000 rw-p 00000000 00:00 0 
7fe01fa74000-7fe01fa75000 ---p 00000000 00:00 0 
7fe01fa75000-7fe01fb75000 rw-p 00000000 00:00 0 
7fe01fb75000-7fe01fb76000 ---p 00000000 00:00 0 
7fe01fb76000-7fe01fc76000 rw-p 00000000 00:00 0 
7fe01fc76000-7fe01fc77000 ---p 00000000 00:00 0 
7fe01fc77000-7fe01fd77000 rw-p 00000000 00:00 0 
7fe01fd77000-7fe01fd78000 ---p 00000000 00:00 0 
7fe01fd78000-7fe01fe78000 rw-p 00000000 00:00 0 
7fe01fe78000-7fe01fe79000 ---p 00000000 00:00 0 
7fe01fe79000-7fe01ff79000 rw-p 00000000 00:00 0 
7fe01ff79000-7fe01ff7a000 ---p 00000000 00:00 0 
7fe01ff7a000-7fe020122000 rw-p 00000000 00:00 0 
7fe020122000-7fe0201d0000 ---p 00000000 00:00 0 
7fe0201d0000-7fe020278000 rw-p 00000000 00:00 0 
7fe020278000-7fe020325000 ---p 00000000 00:00 0 
7fe020325000-7fe020379000 rw-p 00000000 00:00 0 
7fe020379000-7fe0203d0000 ---p 00000000 00:00 0 
7fe0203d0000-7fe0203db000 rw-p 00000000 00:00 0 
7fe0203db000-7fe020791000 ---p 00000000 00:00 0 
7fe020791000-7fe020a01000 rwxp 00000000 00:00 0 
7fe020a01000-7fe02f791000 ---p 00000000 00:00 0 
7fe02f791000-7fe02f7ab000 r-xp 00000000 08:01 37487808                   /home/caitano/android-studio/jre/jre/lib/amd64/libzip.so
7fe02f7ab000-7fe02f9ab000 ---p 0001a000 08:01 37487808                   /home/caitano/android-studio/jre/jre/lib/amd64/libzip.so
7fe02f9ab000-7fe02f9ac000 r--p 0001a000 08:01 37487808                   /home/caitano/android-studio/jre/jre/lib/amd64/libzip.so
7fe02f9ac000-7fe02f9ad000 rw-p 0001b000 08:01 37487808                   /home/caitano/android-studio/jre/jre/lib/amd64/libzip.so
7fe02f9ad000-7fe02f9b8000 r-xp 00000000 08:02 1584032                    /usr/lib64/libnss_files-2.23.so
7fe02f9b8000-7fe02fbb7000 ---p 0000b000 08:02 1584032                    /usr/lib64/libnss_files-2.23.so
7fe02fbb7000-7fe02fbb8000 r--p 0000a000 08:02 1584032                    /usr/lib64/libnss_files-2.23.so
7fe02fbb8000-7fe02fbb9000 rw-p 0000b000 08:02 1584032                    /usr/lib64/libnss_files-2.23.so
7fe02fbb9000-7fe02fbbf000 rw-p 00000000 00:00 0 
7fe02fbbf000-7fe02fbec000 r-xp 00000000 08:01 37487818                   /home/caitano/android-studio/jre/jre/lib/amd64/libjava.so
7fe02fbec000-7fe02fdeb000 ---p 0002d000 08:01 37487818                   /home/caitano/android-studio/jre/jre/lib/amd64/libjava.so
7fe02fdeb000-7fe02fdec000 r--p 0002c000 08:01 37487818                   /home/caitano/android-studio/jre/jre/lib/amd64/libjava.so
7fe02fdec000-7fe02fdee000 rw-p 0002d000 08:01 37487818                   /home/caitano/android-studio/jre/jre/lib/amd64/libjava.so
7fe02fdee000-7fe02fdfe000 r-xp 00000000 08:01 37487834                   /home/caitano/android-studio/jre/jre/lib/amd64/libverify.so
7fe02fdfe000-7fe02fffd000 ---p 00010000 08:01 37487834                   /home/caitano/android-studio/jre/jre/lib/amd64/libverify.so
7fe02fffd000-7fe02ffff000 r--p 0000f000 08:01 37487834                   /home/caitano/android-studio/jre/jre/lib/amd64/libverify.so
7fe02ffff000-7fe030000000 rw-p 00011000 08:01 37487834                   /home/caitano/android-studio/jre/jre/lib/amd64/libverify.so
7fe030000000-7fe0303a0000 rw-p 00000000 00:00 0 
7fe0303a0000-7fe034000000 ---p 00000000 00:00 0 
7fe034007000-7fe034015000 r--s 000e0000 08:01 22164268                   /home/caitano/Android/Sdk/build-tools/24.0.2/lib/dx.jar
7fe034015000-7fe03401c000 r-xp 00000000 08:02 1584140                    /usr/lib64/librt-2.23.so
7fe03401c000-7fe03421b000 ---p 00007000 08:02 1584140                    /usr/lib64/librt-2.23.so
7fe03421b000-7fe03421c000 r--p 00006000 08:02 1584140                    /usr/lib64/librt-2.23.so
7fe03421c000-7fe03421d000 rw-p 00007000 08:02 1584140                    /usr/lib64/librt-2.23.so
7fe03421d000-7fe034325000 r-xp 00000000 08:02 1583634                    /usr/lib64/libm-2.23.so
7fe034325000-7fe034524000 ---p 00108000 08:02 1583634                    /usr/lib64/libm-2.23.so
7fe034524000-7fe034525000 r--p 00107000 08:02 1583634                    /usr/lib64/libm-2.23.so
7fe034525000-7fe034526000 rw-p 00108000 08:02 1583634                    /usr/lib64/libm-2.23.so
7fe034526000-7fe03510c000 r-xp 00000000 08:01 37487838                   /home/caitano/android-studio/jre/jre/lib/amd64/server/libjvm.so
7fe03510c000-7fe03530c000 ---p 00be6000 08:01 37487838                   /home/caitano/android-studio/jre/jre/lib/amd64/server/libjvm.so
7fe03530c000-7fe0353ab000 r--p 00be6000 08:01 37487838                   /home/caitano/android-studio/jre/jre/lib/amd64/server/libjvm.so
7fe0353ab000-7fe0353d4000 rw-p 00c85000 08:01 37487838                   /home/caitano/android-studio/jre/jre/lib/amd64/server/libjvm.so
7fe0353d4000-7fe035416000 rw-p 00000000 00:00 0 
7fe035416000-7fe03542d000 r-xp 00000000 08:02 1584040                    /usr/lib64/libpthread-2.23.so
7fe03542d000-7fe03562c000 ---p 00017000 08:02 1584040                    /usr/lib64/libpthread-2.23.so
7fe03562c000-7fe03562d000 r--p 00016000 08:02 1584040                    /usr/lib64/libpthread-2.23.so
7fe03562d000-7fe03562e000 rw-p 00017000 08:02 1584040                    /usr/lib64/libpthread-2.23.so
7fe03562e000-7fe035632000 rw-p 00000000 00:00 0 
7fe035632000-7fe035635000 r-xp 00000000 08:02 1583610                    /usr/lib64/libdl-2.23.so
7fe035635000-7fe035834000 ---p 00003000 08:02 1583610                    /usr/lib64/libdl-2.23.so
7fe035834000-7fe035835000 r--p 00002000 08:02 1583610                    /usr/lib64/libdl-2.23.so
7fe035835000-7fe035836000 rw-p 00003000 08:02 1583610                    /usr/lib64/libdl-2.23.so
7fe035836000-7fe0359ef000 r-xp 00000000 08:02 1583483                    /usr/lib64/libc-2.23.so
7fe0359ef000-7fe035bee000 ---p 001b9000 08:02 1583483                    /usr/lib64/libc-2.23.so
7fe035bee000-7fe035bf2000 r--p 001b8000 08:02 1583483                    /usr/lib64/libc-2.23.so
7fe035bf2000-7fe035bf4000 rw-p 001bc000 08:02 1583483                    /usr/lib64/libc-2.23.so
7fe035bf4000-7fe035bf8000 rw-p 00000000 00:00 0 
7fe035bf8000-7fe035c0e000 r-xp 00000000 08:01 37487699                   /home/caitano/android-studio/jre/lib/amd64/jli/libjli.so
7fe035c0e000-7fe035e0d000 ---p 00016000 08:01 37487699                   /home/caitano/android-studio/jre/lib/amd64/jli/libjli.so
7fe035e0d000-7fe035e0e000 r--p 00015000 08:01 37487699                   /home/caitano/android-studio/jre/lib/amd64/jli/libjli.so
7fe035e0e000-7fe035e0f000 rw-p 00016000 08:01 37487699                   /home/caitano/android-studio/jre/lib/amd64/jli/libjli.so
7fe035e0f000-7fe035e33000 r-xp 00000000 08:02 1586592                    /usr/lib64/ld-2.23.so
7fe035e3b000-7fe035f0b000 rw-p 00000000 00:00 0 
7fe035f0b000-7fe035f0e000 ---p 00000000 00:00 0 
7fe035f0e000-7fe036010000 rw-p 00000000 00:00 0 
7fe036013000-7fe036027000 rw-p 00000000 00:00 0 
7fe036027000-7fe03602f000 rw-s 00000000 00:26 158901                     /tmp/hsperfdata_caitano/7490
7fe03602f000-7fe036030000 rw-p 00000000 00:00 0 
7fe036030000-7fe036031000 r--p 00000000 00:00 0 
7fe036031000-7fe036032000 rw-p 00000000 00:00 0 
7fe036032000-7fe036033000 r--p 00023000 08:02 1586592                    /usr/lib64/ld-2.23.so
7fe036033000-7fe036034000 rw-p 00024000 08:02 1586592                    /usr/lib64/ld-2.23.so
7fe036034000-7fe036035000 rw-p 00000000 00:00 0 
7ffeca592000-7ffeca5b3000 rw-p 00000000 00:00 0                          [stack]
7ffeca5e6000-7ffeca5e8000 r--p 00000000 00:00 0                          [vvar]
7ffeca5e8000-7ffeca5ea000 r-xp 00000000 00:00 0                          [vdso]
ffffffffff600000-ffffffffff601000 r-xp 00000000 00:00 0                  [vsyscall]

VM Arguments:
jvm_args: -Djava.awt.headless=true -Xmx1024M -Dfile.encoding=UTF-8 -Duser.country=US -Duser.language=en -Duser.variant 
java_command: com.android.dx.command.Main --dex --force-jumbo --num-threads=4 --multi-dex --output /home/caitano/AndroidStudioProjects/nutrition_app/app/build/intermediates/transforms/dex/debug/folders/1000/10/internal_impl-24.2.0_f3b77a42b98288e84979d3a8af204b95d8bff855 /home/caitano/AndroidStudioProjects/nutrition_app/app/build/intermediates/exploded-aar/com.android.support/support-core-utils/24.2.0/jars/libs/internal_impl-24.2.0.jar
java_class_path (initial): /home/caitano/Android/Sdk/build-tools/24.0.2/lib/dx.jar
Launcher Type: SUN_STANDARD

Environment Variables:
JAVA_HOME=/usr/java/jdk1.8.0_102
PATH=/usr/lib64/qt-3.3/bin:/usr/java/latest/bin:/usr/local/bin:/usr/local/sbin:/usr/bin:/usr/sbin:/opt/node-v4.4.7-linux-x64/bin:/home/caitano/WebStorm-145.597.6/bin:/home/caitano/android-studio/bin:/home/caitano/.local/bin:/home/caitano/bin
USERNAME=caitano
LD_LIBRARY_PATH=/home/caitano/android-studio/bin:
SHELL=/bin/bash
DISPLAY=:0

Signal Handlers:
SIGSEGV: [libjvm.so+0x9daac0], sa_mask[0]=11111111011111111101111111111110, sa_flags=SA_RESTART|SA_SIGINFO
SIGBUS: [libjvm.so+0x9daac0], sa_mask[0]=11111111011111111101111111111110, sa_flags=SA_RESTART|SA_SIGINFO
SIGFPE: [libjvm.so+0x840d90], sa_mask[0]=11111111011111111101111111111110, sa_flags=SA_RESTART|SA_SIGINFO
SIGPIPE: [libjvm.so+0x840d90], sa_mask[0]=11111111011111111101111111111110, sa_flags=SA_RESTART|SA_SIGINFO
SIGXFSZ: [libjvm.so+0x840d90], sa_mask[0]=11111111011111111101111111111110, sa_flags=SA_RESTART|SA_SIGINFO
SIGILL: [libjvm.so+0x840d90], sa_mask[0]=11111111011111111101111111111110, sa_flags=SA_RESTART|SA_SIGINFO
SIGUSR1: SIG_DFL, sa_mask[0]=00000000000000000000000000000000, sa_flags=none
SIGUSR2: [libjvm.so+0x840c60], sa_mask[0]=00100000000000000000000000000000, sa_flags=SA_RESTART|SA_SIGINFO
SIGHUP: [libjvm.so+0x840e50], sa_mask[0]=11111111011111111101111111111110, sa_flags=SA_RESTART|SA_SIGINFO
SIGINT: [libjvm.so+0x840e50], sa_mask[0]=11111111011111111101111111111110, sa_flags=SA_RESTART|SA_SIGINFO
SIGTERM: [libjvm.so+0x840e50], sa_mask[0]=11111111011111111101111111111110, sa_flags=SA_RESTART|SA_SIGINFO
SIGQUIT: [libjvm.so+0x840e50], sa_mask[0]=11111111011111111101111111111110, sa_flags=SA_RESTART|SA_SIGINFO


---------------  S Y S T E M  ---------------

OS:Fedora release 24 (Twenty Four)

uname:Linux 4.7.4-200.fc24.x86_64 #1 SMP Thu Sep 15 18:42:09 UTC 2016 x86_64
libc:glibc 2.23 NPTL 2.23 
rlimit: STACK 8192k, CORE 0k, NPROC 128111, NOFILE 4096, AS infinity
load average:3.38 1.53 1.20

/proc/meminfo:
MemTotal:       32816512 kB
MemFree:        22796260 kB
MemAvailable:   25524888 kB
Buffers:          581976 kB
Cached:          3557456 kB
SwapCached:            0 kB
Active:          6308116 kB
Inactive:        3058096 kB
Active(anon):    5228512 kB
Inactive(anon):  1304828 kB
Active(file):    1079604 kB
Inactive(file):  1753268 kB
Unevictable:         100 kB
Mlocked:             100 kB
SwapTotal:             0 kB
SwapFree:              0 kB
Dirty:              6228 kB
Writeback:             0 kB
AnonPages:       5227112 kB
Mapped:           965396 kB
Shmem:           1306568 kB
Slab:             447960 kB
SReclaimable:     360180 kB
SUnreclaim:        87780 kB
KernelStack:       17408 kB
PageTables:        65308 kB
NFS_Unstable:          0 kB
Bounce:                0 kB
WritebackTmp:          0 kB
CommitLimit:    16408256 kB
Committed_AS:   15042780 kB
VmallocTotal:   34359738367 kB
VmallocUsed:           0 kB
VmallocChunk:          0 kB
HardwareCorrupted:     0 kB
AnonHugePages:         0 kB
CmaTotal:              0 kB
CmaFree:               0 kB
HugePages_Total:       0
HugePages_Free:        0
HugePages_Rsvd:        0
HugePages_Surp:        0
Hugepagesize:       2048 kB
DirectMap4k:      180096 kB
DirectMap2M:    10174464 kB
DirectMap1G:    24117248 kB


CPU:total 8 (4 cores per cpu, 2 threads per core) family 6 model 60 stepping 3, cmov, cx8, fxsr, mmx, sse, sse2, sse3, ssse3, sse4.1, sse4.2, popcnt, avx, avx2, aes, clmul, erms, lzcnt, ht, tsc, tscinvbit, bmi1, bmi2

/proc/cpuinfo:
processor	: 0
vendor_id	: GenuineIntel
cpu family	: 6
model		: 60
model name	: Intel(R) Core(TM) i7-4790 CPU @ 3.60GHz
stepping	: 3
microcode	: 0x20
cpu MHz		: 3799.951
cache size	: 8192 KB
physical id	: 0
siblings	: 8
core id		: 0
cpu cores	: 4
apicid		: 0
initial apicid	: 0
fpu		: yes
fpu_exception	: yes
cpuid level	: 13
wp		: yes
flags		: fpu vme de pse tsc msr pae mce cx8 apic sep mtrr pge mca cmov pat pse36 clflush dts acpi mmx fxsr sse sse2 ss ht tm pbe syscall nx pdpe1gb rdtscp lm constant_tsc arch_perfmon pebs bts rep_good nopl xtopology nonstop_tsc aperfmperf eagerfpu pni pclmulqdq dtes64 monitor ds_cpl vmx smx est tm2 ssse3 sdbg fma cx16 xtpr pdcm pcid sse4_1 sse4_2 x2apic movbe popcnt tsc_deadline_timer aes xsave avx f16c rdrand lahf_lm abm epb tpr_shadow vnmi flexpriority ept vpid fsgsbase tsc_adjust bmi1 avx2 smep bmi2 erms invpcid xsaveopt dtherm ida arat pln pts
bugs		:
bogomips	: 7182.93
clflush size	: 64
cache_alignment	: 64
address sizes	: 39 bits physical, 48 bits virtual
power management:

processor	: 1
vendor_id	: GenuineIntel
cpu family	: 6
model		: 60
model name	: Intel(R) Core(TM) i7-4790 CPU @ 3.60GHz
stepping	: 3
microcode	: 0x20
cpu MHz		: 3799.951
cache size	: 8192 KB
physical id	: 0
siblings	: 8
core id		: 1
cpu cores	: 4
apicid		: 2
initial apicid	: 2
fpu		: yes
fpu_exception	: yes
cpuid level	: 13
wp		: yes
flags		: fpu vme de pse tsc msr pae mce cx8 apic sep mtrr pge mca cmov pat pse36 clflush dts acpi mmx fxsr sse sse2 ss ht tm pbe syscall nx pdpe1gb rdtscp lm constant_tsc arch_perfmon pebs bts rep_good nopl xtopology nonstop_tsc aperfmperf eagerfpu pni pclmulqdq dtes64 monitor ds_cpl vmx smx est tm2 ssse3 sdbg fma cx16 xtpr pdcm pcid sse4_1 sse4_2 x2apic movbe popcnt tsc_deadline_timer aes xsave avx f16c rdrand lahf_lm abm epb tpr_shadow vnmi flexpriority ept vpid fsgsbase tsc_adjust bmi1 avx2 smep bmi2 erms invpcid xsaveopt dtherm ida arat pln pts
bugs		:
bogomips	: 7186.21
clflush size	: 64
cache_alignment	: 64
address sizes	: 39 bits physical, 48 bits virtual
power management:

processor	: 2
vendor_id	: GenuineIntel
cpu family	: 6
model		: 60
model name	: Intel(R) Core(TM) i7-4790 CPU @ 3.60GHz
stepping	: 3
microcode	: 0x20
cpu MHz		: 3805.444
cache size	: 8192 KB
physical id	: 0
siblings	: 8
core id		: 2
cpu cores	: 4
apicid		: 4
initial apicid	: 4
fpu		: yes
fpu_exception	: yes
cpuid level	: 13
wp		: yes
flags		: fpu vme de pse tsc msr pae mce cx8 apic sep mtrr pge mca cmov pat pse36 clflush dts acpi mmx fxsr sse sse2 ss ht tm pbe syscall nx pdpe1gb rdtscp lm constant_tsc arch_perfmon pebs bts rep_good nopl xtopology nonstop_tsc aperfmperf eagerfpu pni pclmulqdq dtes64 monitor ds_cpl vmx smx est tm2 ssse3 sdbg fma cx16 xtpr pdcm pcid sse4_1 sse4_2 x2apic movbe popcnt tsc_deadline_timer aes xsave avx f16c rdrand lahf_lm abm epb tpr_shadow vnmi flexpriority ept vpid fsgsbase tsc_adjust bmi1 avx2 smep bmi2 erms invpcid xsaveopt dtherm ida arat pln pts
bugs		:
bogomips	: 7186.44
clflush size	: 64
cache_alignment	: 64
address sizes	: 39 bits physical, 48 bits virtual
power management:

processor	: 3
vendor_id	: GenuineIntel
cpu family	: 6
model		: 60
model name	: Intel(R) Core(TM) i7-4790 CPU @ 3.60GHz
stepping	: 3
microcode	: 0x20
cpu MHz		: 3799.951
cache size	: 8192 KB
physical id	: 0
siblings	: 8
core id		: 3
cpu cores	: 4
apicid		: 6
initial apicid	: 6
fpu		: yes
fpu_exception	: yes
cpuid level	: 13
wp		: yes
flags		: fpu vme de pse tsc msr pae mce cx8 apic sep mtrr pge mca cmov pat pse36 clflush dts acpi mmx fxsr sse sse2 ss ht tm pbe syscall nx pdpe1gb rdtscp lm constant_tsc arch_perfmon pebs bts rep_good nopl xtopology nonstop_tsc aperfmperf eagerfpu pni pclmulqdq dtes64 monitor ds_cpl vmx smx est tm2 ssse3 sdbg fma cx16 xtpr pdcm pcid sse4_1 sse4_2 x2apic movbe popcnt tsc_deadline_timer aes xsave avx f16c rdrand lahf_lm abm epb tpr_shadow vnmi flexpriority ept vpid fsgsbase tsc_adjust bmi1 avx2 smep bmi2 erms invpcid xsaveopt dtherm ida arat pln pts
bugs		:
bogomips	: 7186.54
clflush size	: 64
cache_alignment	: 64
address sizes	: 39 bits physical, 48 bits virtual
power management:

processor	: 4
vendor_id	: GenuineIntel
cpu family	: 6
model		: 60
model name	: Intel(R) Core(TM) i7-4790 CPU @ 3.60GHz
stepping	: 3
microcode	: 0x20
cpu MHz		: 3799.951
cache size	: 8192 KB
physical id	: 0
siblings	: 8
core id		: 0
cpu cores	: 4
apicid		: 1
initial apicid	: 1
fpu		: yes
fpu_exception	: yes
cpuid level	: 13
wp		: yes
flags		: fpu vme de pse tsc msr pae mce cx8 apic sep mtrr pge mca cmov pat pse36 clflush dts acpi mmx fxsr sse sse2 ss ht tm pbe syscall nx pdpe1gb rdtscp lm constant_tsc arch_perfmon pebs bts rep_good nopl xtopology nonstop_tsc aperfmperf eagerfpu pni pclmulqdq dtes64 monitor ds_cpl vmx smx est tm2 ssse3 sdbg fma cx16 xtpr pdcm pcid sse4_1 sse4_2 x2apic movbe popcnt tsc_deadline_timer aes xsave avx f16c rdrand lahf_lm abm epb tpr_shadow vnmi flexpriority ept vpid fsgsbase tsc_adjust bmi1 avx2 smep bmi2 erms invpcid xsaveopt dtherm ida arat pln pts
bugs		:
bogomips	: 7188.60
clflush size	: 64
cache_alignment	: 64
address sizes	: 39 bits physical, 48 bits virtual
power management:

processor	: 5
vendor_id	: GenuineIntel
cpu family	: 6
model		: 60
model name	: Intel(R) Core(TM) i7-4790 CPU @ 3.60GHz
stepping	: 3
microcode	: 0x20
cpu MHz		: 3799.951
cache size	: 8192 KB
physical id	: 0
siblings	: 8
core id		: 1
cpu cores	: 4
apicid		: 3
initial apicid	: 3
fpu		: yes
fpu_exception	: yes
cpuid level	: 13
wp		: yes
flags		: fpu vme de pse tsc msr pae mce cx8 apic sep mtrr pge mca cmov pat pse36 clflush dts acpi mmx fxsr sse sse2 ss ht tm pbe syscall nx pdpe1gb rdtscp lm constant_tsc arch_perfmon pebs bts rep_good nopl xtopology nonstop_tsc aperfmperf eagerfpu pni pclmulqdq dtes64 monitor ds_cpl vmx smx est tm2 ssse3 sdbg fma cx16 xtpr pdcm pcid sse4_1 sse4_2 x2apic movbe popcnt tsc_deadline_timer aes xsave avx f16c rdrand lahf_lm abm epb tpr_shadow vnmi flexpriority ept vpid fsgsbase tsc_adjust bmi1 avx2 smep bmi2 erms invpcid xsaveopt dtherm ida arat pln pts
bugs		:
bogomips	: 7186.95
clflush size	: 64
cache_alignment	: 64
address sizes	: 39 bits physical, 48 bits virtual
power management:

processor	: 6
vendor_id	: GenuineIntel
cpu family	: 6
model		: 60
model name	: Intel(R) Core(TM) i7-4790 CPU @ 3.60GHz
stepping	: 3
microcode	: 0x20
cpu MHz		: 3809.399
cache size	: 8192 KB
physical id	: 0
siblings	: 8
core id		: 2
cpu cores	: 4
apicid		: 5
initial apicid	: 5
fpu		: yes
fpu_exception	: yes
cpuid level	: 13
wp		: yes
flags		: fpu vme de pse tsc msr pae mce cx8 apic sep mtrr pge mca cmov pat pse36 clflush dts acpi mmx fxsr sse sse2 ss ht tm pbe syscall nx pdpe1gb rdtscp lm constant_tsc arch_perfmon pebs bts rep_good nopl xtopology nonstop_tsc aperfmperf eagerfpu pni pclmulqdq dtes64 monitor ds_cpl vmx smx est tm2 ssse3 sdbg fma cx16 xtpr pdcm pcid sse4_1 sse4_2 x2apic movbe popcnt tsc_deadline_timer aes xsave avx f16c rdrand lahf_lm abm epb tpr_shadow vnmi flexpriority ept vpid fsgsbase tsc_adjust bmi1 avx2 smep bmi2 erms invpcid xsaveopt dtherm ida arat pln pts
bugs		:
bogomips	: 7186.87
clflush size	: 64
cache_alignment	: 64
address sizes	: 39 bits physical, 48 bits virtual
power management:

processor	: 7
vendor_id	: GenuineIntel
cpu family	: 6
model		: 60
model name	: Intel(R) Core(TM) i7-4790 CPU @ 3.60GHz
stepping	: 3
microcode	: 0x20
cpu MHz		: 3805.883
cache size	: 8192 KB
physical id	: 0
siblings	: 8
core id		: 3
cpu cores	: 4
apicid		: 7
initial apicid	: 7
fpu		: yes
fpu_exception	: yes
cpuid level	: 13
wp		: yes
flags		: fpu vme de pse tsc msr pae mce cx8 apic sep mtrr pge mca cmov pat pse36 clflush dts acpi mmx fxsr sse sse2 ss ht tm pbe syscall nx pdpe1gb rdtscp lm constant_tsc arch_perfmon pebs bts rep_good nopl xtopology nonstop_tsc aperfmperf eagerfpu pni pclmulqdq dtes64 monitor ds_cpl vmx smx est tm2 ssse3 sdbg fma cx16 xtpr pdcm pcid sse4_1 sse4_2 x2apic movbe popcnt tsc_deadline_timer aes xsave avx f16c rdrand lahf_lm abm epb tpr_shadow vnmi flexpriority ept vpid fsgsbase tsc_adjust bmi1 avx2 smep bmi2 erms invpcid xsaveopt dtherm ida arat pln pts
bugs		:
bogomips	: 7186.79
clflush size	: 64
cache_alignment	: 64
address sizes	: 39 bits physical, 48 bits virtual
power management:



Memory: 4k page, physical 32816512k(22796260k free), swap 0k(0k free)

vm_info: OpenJDK 64-Bit Server VM (25.76-b03) for linux-amd64 JRE (1.8.0_76-release-b03), built on Jun 29 2016 09:39:19 by "builder" with gcc 4.8.4

time: Mon Dec 12 14:49:58 2016
elapsed time: 0 seconds (0d 0h 0m 0s)

