#
# A fatal error has been detected by the Java Runtime Environment:
#
#  SIGSEGV (0xb) at pc=0x00007fcc8d022163, pid=7733, tid=0x00007fcc566c5700
#
# JRE version: OpenJDK Runtime Environment (8.0_76-b03) (build 1.8.0_76-release-b03)
# Java VM: OpenJDK 64-Bit Server VM (25.76-b03 mixed mode linux-amd64 compressed oops)
# Problematic frame:
# V  [libjvm.so+0x70d163]  vsra2I_reg_immNode::out_RegMask() const+0x4694f3
#
# Failed to write core dump. Core dumps have been disabled. To enable core dumping, try "ulimit -c unlimited" before starting Java again
#
# If you would like to submit a bug report, please visit:
#   http://bugreport.java.com/bugreport/crash.jsp
#

---------------  T H R E A D  ---------------

Current thread (0x00007fcc88140800):  JavaThread "pool-2-thread-3" [_thread_in_vm, id=7780, stack(0x00007fcc565c5000,0x00007fcc566c6000)]

siginfo: si_signo: 11 (SIGSEGV), si_code: 1 (SEGV_MAPERR), si_addr: 0x00000000000009e0

Registers:
RAX=0x0000000000000000, RBX=0x00000000000009d8, RCX=0x0000000000000003, RDX=0x0000000000000000
RSP=0x00007fcc566c3f40, RBP=0x00007fcc566c3fa0, RSI=0x00000000ec11ab40, RDI=0x00000000000009d8
R8 =0x0000000000001da6, R9 =0x0000000000000028, R10=0x0000000000000001, R11=0x00000000ecd6b0a8
R12=0x00007fcc28000f60, R13=0x00007fcc28001348, R14=0x00007fcc28000f70, R15=0x00007fcc8813ebf0
RIP=0x00007fcc8d022163, EFLAGS=0x0000000000010246, CSGSFS=0x002b000000000033, ERR=0x0000000000000004
  TRAPNO=0x000000000000000e

Top of Stack: (sp=0x00007fcc566c3f40)
0x00007fcc566c3f40:   0000000000000000 0000000000000000
0x00007fcc566c3f50:   00007fcc8d79dff0 0000000000000000
0x00007fcc566c3f60:   00007fcc566c3fc0 ddd73a6266c7fd00
0x00007fcc566c3f70:   4039000000000000 00007fcc88140800
0x00007fcc566c3f80:   00007fcc28000f60 00007fcc28001348
0x00007fcc566c3f90:   00007fcc28000f70 00007fcc8813ebf0
0x00007fcc566c3fa0:   00007fcc566c3ff0 00007fcc8ccc7d82
0x00007fcc566c3fb0:   00007fcc88140800 00000000000003d8
0x00007fcc566c3fc0:   00007fcc566c4020 00007fcc75775a98
0x00007fcc566c3fd0:   0000000000000000 00007fcc566c4370
0x00007fcc566c3fe0:   00007fcc566c43f8 00007fcc88140800
0x00007fcc566c3ff0:   00007fcc566c41d0 00007fcc78aa82de
0x00007fcc566c4000:   0000000000000000 409b800000000001
0x00007fcc566c4010:   403199999999999a 409a000000000000
0x00007fcc566c4020:   400638e38e38e38e 400638e38e38e38e
0x00007fcc566c4030:   4039000000000000 4039000000000000
0x00007fcc566c4040:   00007fcc7572e080 00007fcc751da6e8
0x00007fcc566c4050:   00007fcc751da640 00007fcc75730b28
0x00007fcc566c4060:   00007fcc75730be0 00007fcc7572d780
0x00007fcc566c4070:   00007fcc7572d960 00007fcc7572df70
0x00007fcc566c4080:   00007fcc7572e108 00007fcc88140800
0x00007fcc566c4090:   00007fcc566c4160 00007fcc88140800
0x00007fcc566c40a0:   00007fcc566c4170 00007fcc566c4140
0x00007fcc566c40b0:   00007fcc88140800 00007fcc566c4170
0x00007fcc566c40c0:   00007fcc566c41d0 00007fcc8cf2fa73
0x00007fcc566c40d0:   0000000000000000 00007fcc88140800
0x00007fcc566c40e0:   00007fcc566c41f0 00000000ffffffff
0x00007fcc566c40f0:   00007fcc88052b50 01007fcc8d7e8260
0x00007fcc566c4100:   0000000000000000 00007fcc566c4120
0x00007fcc566c4110:   00007fcc88140800 00000000ecd74df8
0x00007fcc566c4120:   00000000eb0fb130 00007fcc566c4128
0x00007fcc566c4130:   00007fcc7561a328 00007fcc566c4178 

Instructions: (pc=0x00007fcc8d022163)
0x00007fcc8d022143:   e5 41 57 41 56 41 55 41 54 53 48 89 fb 48 83 ec
0x00007fcc8d022153:   38 64 48 8b 04 25 28 00 00 00 48 89 45 c8 31 c0
0x00007fcc8d022163:   8b 47 08 85 c0 0f 8e fa 00 00 00 f6 87 fe 00 00
0x00007fcc8d022173:   00 08 0f 84 ed 00 00 00 48 8b 7f 68 45 31 c0 48 

Register to memory mapping:

RAX=0x0000000000000000 is an unknown value
RBX=0x00000000000009d8 is an unknown value
RCX=0x0000000000000003 is an unknown value
RDX=0x0000000000000000 is an unknown value
RSP=0x00007fcc566c3f40 is pointing into the stack for thread: 0x00007fcc88140800
RBP=0x00007fcc566c3fa0 is pointing into the stack for thread: 0x00007fcc88140800
RSI=0x00000000ec11ab40 is an oop

[error occurred during error reporting (printing register info), id 0xb]

Stack: [0x00007fcc565c5000,0x00007fcc566c6000],  sp=0x00007fcc566c3f40,  free space=1019k
Native frames: (J=compiled Java code, j=interpreted, Vv=VM code, C=native code)
V  [libjvm.so+0x70d163]  vsra2I_reg_immNode::out_RegMask() const+0x4694f3
V  [libjvm.so+0x3b2d82]  loadConINode::bottom_type() const+0xfd722
v  ~RuntimeStub::throw_class_cast_exception Runtime1 stub
J 488 C1 com.android.dx.rop.code.BasicBlockList$RegCountVisitor.visit(Lcom/android/dx/rop/code/Insn;)V (52 bytes) @ 0x00007fcc78b9c044 [0x00007fcc78b9b320+0xd24]
J 631 C1 com.android.dx.rop.code.BasicBlockList$RegCountVisitor.visitPlainInsn(Lcom/android/dx/rop/code/PlainInsn;)V (6 bytes) @ 0x00007fcc78be597c [0x00007fcc78be5900+0x7c]
J 525 C1 com.android.dx.rop.code.PlainInsn.accept(Lcom/android/dx/rop/code/Insn$Visitor;)V (8 bytes) @ 0x00007fcc78bb708c [0x00007fcc78bb6f80+0x10c]
J 526 C1 com.android.dx.rop.code.InsnList.forEach(Lcom/android/dx/rop/code/Insn$Visitor;)V (28 bytes) @ 0x00007fcc78b9d7b4 [0x00007fcc78b9d380+0x434]
j  com.android.dx.rop.code.BasicBlockList.forEachInsn(Lcom/android/dx/rop/code/Insn$Visitor;)V+29
j  com.android.dx.rop.code.BasicBlockList.getRegCount()I+18
j  com.android.dx.ssa.Optimizer.optimize(Lcom/android/dx/rop/code/RopMethod;IZZLcom/android/dx/rop/code/TranslationAdvice;Ljava/util/EnumSet;)Lcom/android/dx/rop/code/RopMethod;+40
j  com.android.dx.ssa.Optimizer.optimize(Lcom/android/dx/rop/code/RopMethod;IZZLcom/android/dx/rop/code/TranslationAdvice;)Lcom/android/dx/rop/code/RopMethod;+11
j  com.android.dx.dex.cf.CfTranslator.processMethods(Lcom/android/dx/cf/direct/DirectClassFile;Lcom/android/dx/dex/cf/CfOptions;Lcom/android/dx/dex/DexOptions;Lcom/android/dx/dex/file/ClassDefItem;Lcom/android/dx/dex/file/DexFile;)V+265
j  com.android.dx.dex.cf.CfTranslator.translate0(Lcom/android/dx/cf/direct/DirectClassFile;[BLcom/android/dx/dex/cf/CfOptions;Lcom/android/dx/dex/DexOptions;Lcom/android/dx/dex/file/DexFile;)Lcom/android/dx/dex/file/ClassDefItem;+120
j  com.android.dx.dex.cf.CfTranslator.translate(Lcom/android/dx/cf/direct/DirectClassFile;[BLcom/android/dx/dex/cf/CfOptions;Lcom/android/dx/dex/DexOptions;Lcom/android/dx/dex/file/DexFile;)Lcom/android/dx/dex/file/ClassDefItem;+6
j  com.android.dx.command.dexer.Main.translateClass([BLcom/android/dx/cf/direct/DirectClassFile;)Lcom/android/dx/dex/file/ClassDefItem;+17
j  com.android.dx.command.dexer.Main.access$2700([BLcom/android/dx/cf/direct/DirectClassFile;)Lcom/android/dx/dex/file/ClassDefItem;+2
j  com.android.dx.command.dexer.Main$ClassTranslatorTask.call()Lcom/android/dx/dex/file/ClassDefItem;+8
j  com.android.dx.command.dexer.Main$ClassTranslatorTask.call()Ljava/lang/Object;+1
j  java.util.concurrent.FutureTask.run()V+42
j  java.util.concurrent.ThreadPoolExecutor.runWorker(Ljava/util/concurrent/ThreadPoolExecutor$Worker;)V+95
j  java.util.concurrent.ThreadPoolExecutor$Worker.run()V+5
j  java.lang.Thread.run()V+11
v  ~StubRoutines::call_stub
V  [libjvm.so+0x6257fa]  vsra2I_reg_immNode::out_RegMask() const+0x381b8a
V  [libjvm.so+0x622ed4]  vsra2I_reg_immNode::out_RegMask() const+0x37f264
V  [libjvm.so+0x6234ca]  vsra2I_reg_immNode::out_RegMask() const+0x37f85a
V  [libjvm.so+0x663efe]  thread_entry(JavaThread*, Thread*)+0x8e
V  [libjvm.so+0x986ec0]  vsra2I_reg_immNode::out_RegMask() const+0x6e3250
V  [libjvm.so+0x8425b2]  java_start(Thread*)+0xf2
C  [libpthread.so.0+0x75ca]  start_thread+0xca

Java frames: (J=compiled Java code, j=interpreted, Vv=VM code)
v  ~RuntimeStub::throw_class_cast_exception Runtime1 stub
J 488 C1 com.android.dx.rop.code.BasicBlockList$RegCountVisitor.visit(Lcom/android/dx/rop/code/Insn;)V (52 bytes) @ 0x00007fcc78b9c044 [0x00007fcc78b9b320+0xd24]
J 631 C1 com.android.dx.rop.code.BasicBlockList$RegCountVisitor.visitPlainInsn(Lcom/android/dx/rop/code/PlainInsn;)V (6 bytes) @ 0x00007fcc78be597c [0x00007fcc78be5900+0x7c]
J 525 C1 com.android.dx.rop.code.PlainInsn.accept(Lcom/android/dx/rop/code/Insn$Visitor;)V (8 bytes) @ 0x00007fcc78bb708c [0x00007fcc78bb6f80+0x10c]
J 526 C1 com.android.dx.rop.code.InsnList.forEach(Lcom/android/dx/rop/code/Insn$Visitor;)V (28 bytes) @ 0x00007fcc78b9d7b4 [0x00007fcc78b9d380+0x434]
j  com.android.dx.rop.code.BasicBlockList.forEachInsn(Lcom/android/dx/rop/code/Insn$Visitor;)V+29
j  com.android.dx.rop.code.BasicBlockList.getRegCount()I+18
j  com.android.dx.ssa.Optimizer.optimize(Lcom/android/dx/rop/code/RopMethod;IZZLcom/android/dx/rop/code/TranslationAdvice;Ljava/util/EnumSet;)Lcom/android/dx/rop/code/RopMethod;+40
j  com.android.dx.ssa.Optimizer.optimize(Lcom/android/dx/rop/code/RopMethod;IZZLcom/android/dx/rop/code/TranslationAdvice;)Lcom/android/dx/rop/code/RopMethod;+11
j  com.android.dx.dex.cf.CfTranslator.processMethods(Lcom/android/dx/cf/direct/DirectClassFile;Lcom/android/dx/dex/cf/CfOptions;Lcom/android/dx/dex/DexOptions;Lcom/android/dx/dex/file/ClassDefItem;Lcom/android/dx/dex/file/DexFile;)V+265
j  com.android.dx.dex.cf.CfTranslator.translate0(Lcom/android/dx/cf/direct/DirectClassFile;[BLcom/android/dx/dex/cf/CfOptions;Lcom/android/dx/dex/DexOptions;Lcom/android/dx/dex/file/DexFile;)Lcom/android/dx/dex/file/ClassDefItem;+120
j  com.android.dx.dex.cf.CfTranslator.translate(Lcom/android/dx/cf/direct/DirectClassFile;[BLcom/android/dx/dex/cf/CfOptions;Lcom/android/dx/dex/DexOptions;Lcom/android/dx/dex/file/DexFile;)Lcom/android/dx/dex/file/ClassDefItem;+6
j  com.android.dx.command.dexer.Main.translateClass([BLcom/android/dx/cf/direct/DirectClassFile;)Lcom/android/dx/dex/file/ClassDefItem;+17
j  com.android.dx.command.dexer.Main.access$2700([BLcom/android/dx/cf/direct/DirectClassFile;)Lcom/android/dx/dex/file/ClassDefItem;+2
j  com.android.dx.command.dexer.Main$ClassTranslatorTask.call()Lcom/android/dx/dex/file/ClassDefItem;+8
j  com.android.dx.command.dexer.Main$ClassTranslatorTask.call()Ljava/lang/Object;+1
j  java.util.concurrent.FutureTask.run()V+42
j  java.util.concurrent.ThreadPoolExecutor.runWorker(Ljava/util/concurrent/ThreadPoolExecutor$Worker;)V+95
j  java.util.concurrent.ThreadPoolExecutor$Worker.run()V+5
j  java.lang.Thread.run()V+11
v  ~StubRoutines::call_stub

---------------  P R O C E S S  ---------------

Java Threads: ( => current thread )
  0x00007fcc88142000 JavaThread "pool-2-thread-4" [_thread_in_Java, id=7781, stack(0x00007fcc564c4000,0x00007fcc565c5000)]
=>0x00007fcc88140800 JavaThread "pool-2-thread-3" [_thread_in_vm, id=7780, stack(0x00007fcc565c5000,0x00007fcc566c6000)]
  0x00007fcc8813f000 JavaThread "pool-2-thread-2" [_thread_blocked, id=7778, stack(0x00007fcc566c6000,0x00007fcc567c7000)]
  0x00007fcc88136000 JavaThread "pool-3-thread-1" [_thread_blocked, id=7773, stack(0x00007fcc567c7000,0x00007fcc568c8000)]
  0x00007fcc88135000 JavaThread "pool-2-thread-1" [_thread_blocked, id=7772, stack(0x00007fcc568c8000,0x00007fcc569c9000)]
  0x00007fcc880c8800 JavaThread "Service Thread" daemon [_thread_blocked, id=7761, stack(0x00007fcc56aca000,0x00007fcc56bcb000)]
  0x00007fcc880c5800 JavaThread "C1 CompilerThread3" daemon [_thread_in_native, id=7760, stack(0x00007fcc56bcb000,0x00007fcc56ccc000)]
  0x00007fcc880c3800 JavaThread "C2 CompilerThread2" daemon [_thread_in_vm, id=7759, stack(0x00007fcc56ccc000,0x00007fcc56dcd000)]
  0x00007fcc880c2000 JavaThread "C2 CompilerThread1" daemon [_thread_in_native, id=7757, stack(0x00007fcc56dcd000,0x00007fcc56ece000)]
  0x00007fcc880bf000 JavaThread "C2 CompilerThread0" daemon [_thread_in_native, id=7756, stack(0x00007fcc56ece000,0x00007fcc56fcf000)]
  0x00007fcc880bd800 JavaThread "Signal Dispatcher" daemon [_thread_blocked, id=7755, stack(0x00007fcc56fcf000,0x00007fcc570d0000)]
  0x00007fcc8808b000 JavaThread "Finalizer" daemon [_thread_blocked, id=7754, stack(0x00007fcc570d0000,0x00007fcc571d1000)]
  0x00007fcc88086000 JavaThread "Reference Handler" daemon [_thread_blocked, id=7753, stack(0x00007fcc571d1000,0x00007fcc572d2000)]
  0x00007fcc88008800 JavaThread "main" [_thread_in_Java, id=7736, stack(0x00007fcc8e2fa000,0x00007fcc8e3fb000)]

Other Threads:
  0x00007fcc8807e800 VMThread [stack: 0x00007fcc572d2000,0x00007fcc573d3000] [id=7752]
  0x00007fcc880cb000 WatcherThread [stack: 0x00007fcc569c9000,0x00007fcc56aca000] [id=7762]

VM state:not at safepoint (normal execution)

VM Mutex/Monitor currently owned by a thread: None

Heap:
 PSYoungGen      total 150016K, used 43870K [0x00000000eab00000, 0x00000000f5200000, 0x0000000100000000)
  eden space 129024K, 34% used [0x00000000eab00000,0x00000000ed5d7918,0x00000000f2900000)
  from space 20992K, 0% used [0x00000000f3d80000,0x00000000f3d80000,0x00000000f5200000)
  to   space 20992K, 0% used [0x00000000f2900000,0x00000000f2900000,0x00000000f3d80000)
 ParOldGen       total 343040K, used 0K [0x00000000c0000000, 0x00000000d4f00000, 0x00000000eab00000)
  object space 343040K, 0% used [0x00000000c0000000,0x00000000c0000000,0x00000000d4f00000)
 Metaspace       used 5626K, capacity 6768K, committed 7040K, reserved 1056768K
  class space    used 561K, capacity 616K, committed 640K, reserved 1048576K

Card table byte_map: [0x00007fcc783e2000,0x00007fcc785e3000] byte_map_base: 0x00007fcc77de2000

Marking Bits: (ParMarkBitMap*) 0x00007fcc8d7d81a0
 Begin Bits: [0x00007fcc75bda000, 0x00007fcc76bda000)
 End Bits:   [0x00007fcc76bda000, 0x00007fcc77bda000)

Polling page: 0x00007fcc8e41f000

CodeCache: size=245760Kb used=2941Kb max_used=2941Kb free=242818Kb
 bounds [0x00007fcc789a3000, 0x00007fcc78c93000, 0x00007fcc879a3000]
 total_blobs=974 nmethods=713 adapters=176
 compilation: enabled

Compilation events (10 events):
Event: 0.985 Thread 0x00007fcc880c5800 nmethod 788 0x00007fcc78c719d0 code [0x00007fcc78c71b20, 0x00007fcc78c71c90]
Event: 0.985 Thread 0x00007fcc880c5800  790       2       com.android.dx.ssa.InterferenceRegisterMapper::interferes (78 bytes)
Event: 0.986 Thread 0x00007fcc880c5800 nmethod 790 0x00007fcc78c6d290 code [0x00007fcc78c6d440, 0x00007fcc78c6d908]
Event: 0.986 Thread 0x00007fcc880c5800  789       2       com.android.dx.ssa.back.FirstFitLocalCombiningAllocator::canMapReg (32 bytes)
Event: 0.986 Thread 0x00007fcc880c5800 nmethod 789 0x00007fcc78c6ffd0 code [0x00007fcc78c70180, 0x00007fcc78c70428]
Event: 0.986 Thread 0x00007fcc880c5800  723       3       com.android.dx.rop.code.ThrowingCstInsn::withNewRegisters (25 bytes)
Event: 0.986 Thread 0x00007fcc880c5800 nmethod 723 0x00007fcc78c6f9d0 code [0x00007fcc78c6fb40, 0x00007fcc78c6ff08]
Event: 0.986 Thread 0x00007fcc880c5800  819       2       com.android.dx.ssa.back.FirstFitLocalCombiningAllocator::getParameterIndexForReg (55 bytes)
Event: 0.986 Thread 0x00007fcc880c5800 nmethod 819 0x00007fcc78c6f3d0 code [0x00007fcc78c6f560, 0x00007fcc78c6f7e8]
Event: 0.986 Thread 0x00007fcc880c5800  803       2       com.android.dx.ssa.back.SsaToRop$PhiVisitor::<init> (10 bytes)

GC Heap History (0 events):
No events

Deoptimization events (8 events):
Event: 0.244 Thread 0x00007fcc88008800 Uncommon trap: reason=unstable_if action=reinterpret pc=0x00007fcc78ae9b50 method=java.lang.String.indexOf(II)I @ 49
Event: 0.478 Thread 0x00007fcc88140800 Uncommon trap: reason=unstable_if action=reinterpret pc=0x00007fcc78b87480 method=java.util.HashMap.getNode(ILjava/lang/Object;)Ljava/util/HashMap$Node; @ 62
Event: 0.505 Thread 0x00007fcc8813f000 Uncommon trap: reason=class_check action=maybe_recompile pc=0x00007fcc78b9af10 method=com.android.dx.ssa.NormalSsaInsn.accept(Lcom/android/dx/ssa/SsaInsn$Visitor;)V @ 9
Event: 0.528 Thread 0x00007fcc88135000 Uncommon trap: reason=unstable_if action=reinterpret pc=0x00007fcc78b970ec method=java.util.BitSet.nextSetBit(I)I @ 87
Event: 0.537 Thread 0x00007fcc88142000 Uncommon trap: reason=class_check action=maybe_recompile pc=0x00007fcc78b9af10 method=com.android.dx.ssa.NormalSsaInsn.accept(Lcom/android/dx/ssa/SsaInsn$Visitor;)V @ 9
Event: 0.569 Thread 0x00007fcc88142000 Uncommon trap: reason=class_check action=maybe_recompile pc=0x00007fcc78b9af10 method=com.android.dx.ssa.NormalSsaInsn.accept(Lcom/android/dx/ssa/SsaInsn$Visitor;)V @ 9
Event: 0.569 Thread 0x00007fcc88142000 Uncommon trap: reason=class_check action=maybe_recompile pc=0x00007fcc78b9af10 method=com.android.dx.ssa.NormalSsaInsn.accept(Lcom/android/dx/ssa/SsaInsn$Visitor;)V @ 9
Event: 0.727 Thread 0x00007fcc88142000 Uncommon trap: reason=unstable_if action=reinterpret pc=0x00007fcc78ba505c method=com.android.dx.rop.cst.Constant.compareTo(Lcom/android/dx/rop/cst/Constant;)I @ 12

Internal exceptions (2 events):
Event: 0.015 Thread 0x00007fcc88008800 Exception <a 'java/lang/NoSuchMethodError': Method sun.misc.Unsafe.defineClass(Ljava/lang/String;[BII)Ljava/lang/Class; name or signature does not match> (0x00000000eab07cc0) thrown at [/ssd/Android/AOSP-openjdk/external/jetbrains/jdk/hotspot/src/share/vm
Event: 0.015 Thread 0x00007fcc88008800 Exception <a 'java/lang/NoSuchMethodError': Method sun.misc.Unsafe.prefetchRead(Ljava/lang/Object;J)V name or signature does not match> (0x00000000eab07fa8) thrown at [/ssd/Android/AOSP-openjdk/external/jetbrains/jdk/hotspot/src/share/vm/prims/jni.cpp, li

Events (10 events):
Event: 0.569 Thread 0x00007fcc88142000 DEOPT UNPACKING pc=0x00007fcc789a7f69 sp=0x00007fcc565c2fc0 mode 2
Event: 0.570 loading class com/android/dx/cf/code/BytecodeArray$ConstantParserVisitor
Event: 0.570 loading class com/android/dx/cf/code/BytecodeArray$ConstantParserVisitor done
Event: 0.660 loading class com/android/dx/cf/code/SwitchList
Event: 0.660 loading class com/android/dx/cf/code/SwitchList done
Event: 0.727 Thread 0x00007fcc88142000 Uncommon trap: trap_request=0xffffff65 fr.pc=0x00007fcc78ba505c
Event: 0.727 Thread 0x00007fcc88142000 DEOPT PACKING pc=0x00007fcc78ba505c sp=0x00007fcc565c2e90
Event: 0.727 Thread 0x00007fcc88142000 DEOPT UNPACKING pc=0x00007fcc789a7f69 sp=0x00007fcc565c2e50 mode 2
Event: 0.812 Executing VM operation: ForceSafepoint
Event: 0.820 Executing VM operation: ForceSafepoint done


Dynamic libraries:
00400000-00401000 r-xp 00000000 08:01 37487725                           /home/caitano/android-studio/jre/bin/java
00600000-00601000 r--p 00000000 08:01 37487725                           /home/caitano/android-studio/jre/bin/java
00601000-00602000 rw-p 00001000 08:01 37487725                           /home/caitano/android-studio/jre/bin/java
02423000-02444000 rw-p 00000000 00:00 0                                  [heap]
c0000000-d4f00000 rw-p 00000000 00:00 0 
d4f00000-eab00000 ---p 00000000 00:00 0 
eab00000-f5200000 rw-p 00000000 00:00 0 
f5200000-100000000 ---p 00000000 00:00 0 
100000000-1000a0000 rw-p 00000000 00:00 0 
1000a0000-140000000 ---p 00000000 00:00 0 
7fcc08000000-7fcc0803a000 rw-p 00000000 00:00 0 
7fcc0803a000-7fcc0c000000 ---p 00000000 00:00 0 
7fcc10000000-7fcc10021000 rw-p 00000000 00:00 0 
7fcc10021000-7fcc14000000 ---p 00000000 00:00 0 
7fcc14000000-7fcc14293000 rw-p 00000000 00:00 0 
7fcc14293000-7fcc18000000 ---p 00000000 00:00 0 
7fcc18000000-7fcc1804a000 rw-p 00000000 00:00 0 
7fcc1804a000-7fcc1c000000 ---p 00000000 00:00 0 
7fcc1c000000-7fcc1c021000 rw-p 00000000 00:00 0 
7fcc1c021000-7fcc20000000 ---p 00000000 00:00 0 
7fcc20000000-7fcc20021000 rw-p 00000000 00:00 0 
7fcc20021000-7fcc24000000 ---p 00000000 00:00 0 
7fcc24000000-7fcc24021000 rw-p 00000000 00:00 0 
7fcc24021000-7fcc28000000 ---p 00000000 00:00 0 
7fcc28000000-7fcc2839f000 rw-p 00000000 00:00 0 
7fcc2839f000-7fcc2c000000 ---p 00000000 00:00 0 
7fcc2c000000-7fcc2c528000 rw-p 00000000 00:00 0 
7fcc2c528000-7fcc30000000 ---p 00000000 00:00 0 
7fcc30000000-7fcc303fe000 rw-p 00000000 00:00 0 
7fcc303fe000-7fcc34000000 ---p 00000000 00:00 0 
7fcc34000000-7fcc3442c000 rw-p 00000000 00:00 0 
7fcc3442c000-7fcc38000000 ---p 00000000 00:00 0 
7fcc38000000-7fcc38021000 rw-p 00000000 00:00 0 
7fcc38021000-7fcc3c000000 ---p 00000000 00:00 0 
7fcc3d68d000-7fcc44000000 r--p 00000000 08:02 1579773                    /usr/lib/locale/locale-archive
7fcc44000000-7fcc44021000 rw-p 00000000 00:00 0 
7fcc44021000-7fcc48000000 ---p 00000000 00:00 0 
7fcc48000000-7fcc48021000 rw-p 00000000 00:00 0 
7fcc48021000-7fcc4c000000 ---p 00000000 00:00 0 
7fcc4c000000-7fcc4c021000 rw-p 00000000 00:00 0 
7fcc4c021000-7fcc50000000 ---p 00000000 00:00 0 
7fcc50000000-7fcc50021000 rw-p 00000000 00:00 0 
7fcc50021000-7fcc54000000 ---p 00000000 00:00 0 
7fcc564c4000-7fcc564c7000 ---p 00000000 00:00 0 
7fcc564c7000-7fcc565c5000 rw-p 00000000 00:00 0 
7fcc565c5000-7fcc565c8000 ---p 00000000 00:00 0 
7fcc565c8000-7fcc566c6000 rw-p 00000000 00:00 0 
7fcc566c6000-7fcc566c9000 ---p 00000000 00:00 0 
7fcc566c9000-7fcc567c7000 rw-p 00000000 00:00 0 
7fcc567c7000-7fcc567ca000 ---p 00000000 00:00 0 
7fcc567ca000-7fcc568c8000 rw-p 00000000 00:00 0 
7fcc568c8000-7fcc568cb000 ---p 00000000 00:00 0 
7fcc568cb000-7fcc569c9000 rw-p 00000000 00:00 0 
7fcc569c9000-7fcc569ca000 ---p 00000000 00:00 0 
7fcc569ca000-7fcc56aca000 rw-p 00000000 00:00 0 
7fcc56aca000-7fcc56acd000 ---p 00000000 00:00 0 
7fcc56acd000-7fcc56bcb000 rw-p 00000000 00:00 0 
7fcc56bcb000-7fcc56bce000 ---p 00000000 00:00 0 
7fcc56bce000-7fcc56ccc000 rw-p 00000000 00:00 0 
7fcc56ccc000-7fcc56ccf000 ---p 00000000 00:00 0 
7fcc56ccf000-7fcc56dcd000 rw-p 00000000 00:00 0 
7fcc56dcd000-7fcc56dd0000 ---p 00000000 00:00 0 
7fcc56dd0000-7fcc56ece000 rw-p 00000000 00:00 0 
7fcc56ece000-7fcc56ed1000 ---p 00000000 00:00 0 
7fcc56ed1000-7fcc56fcf000 rw-p 00000000 00:00 0 
7fcc56fcf000-7fcc56fd2000 ---p 00000000 00:00 0 
7fcc56fd2000-7fcc570d0000 rw-p 00000000 00:00 0 
7fcc570d0000-7fcc570d3000 ---p 00000000 00:00 0 
7fcc570d3000-7fcc571d1000 rw-p 00000000 00:00 0 
7fcc571d1000-7fcc571d4000 ---p 00000000 00:00 0 
7fcc571d4000-7fcc572d2000 rw-p 00000000 00:00 0 
7fcc572d2000-7fcc572d3000 ---p 00000000 00:00 0 
7fcc572d3000-7fcc58000000 rw-p 00000000 00:00 0 
7fcc58000000-7fcc58021000 rw-p 00000000 00:00 0 
7fcc58021000-7fcc5c000000 ---p 00000000 00:00 0 
7fcc5c000000-7fcc5c021000 rw-p 00000000 00:00 0 
7fcc5c021000-7fcc60000000 ---p 00000000 00:00 0 
7fcc60000000-7fcc60021000 rw-p 00000000 00:00 0 
7fcc60021000-7fcc64000000 ---p 00000000 00:00 0 
7fcc64000000-7fcc64021000 rw-p 00000000 00:00 0 
7fcc64021000-7fcc68000000 ---p 00000000 00:00 0 
7fcc68000000-7fcc68021000 rw-p 00000000 00:00 0 
7fcc68021000-7fcc6c000000 ---p 00000000 00:00 0 
7fcc6c000000-7fcc6c021000 rw-p 00000000 00:00 0 
7fcc6c021000-7fcc70000000 ---p 00000000 00:00 0 
7fcc70000000-7fcc70021000 rw-p 00000000 00:00 0 
7fcc70021000-7fcc74000000 ---p 00000000 00:00 0 
7fcc74009000-7fcc74017000 r--s 000e0000 08:01 22164268                   /home/caitano/Android/Sdk/build-tools/24.0.2/lib/dx.jar
7fcc74017000-7fcc7500d000 rw-p 00000000 00:00 0 
7fcc7500d000-7fcc751da000 r--s 03bec000 08:01 37487781                   /home/caitano/android-studio/jre/jre/lib/rt.jar
7fcc751da000-7fcc7581a000 rw-p 00000000 00:00 0 
7fcc7581a000-7fcc759da000 ---p 00000000 00:00 0 
7fcc759da000-7fcc77bda000 rw-p 00000000 00:00 0 
7fcc77bda000-7fcc77bdb000 ---p 00000000 00:00 0 
7fcc77bdb000-7fcc77cdb000 rw-p 00000000 00:00 0 
7fcc77cdb000-7fcc77cdc000 ---p 00000000 00:00 0 
7fcc77cdc000-7fcc77ddc000 rw-p 00000000 00:00 0 
7fcc77ddc000-7fcc77ddd000 ---p 00000000 00:00 0 
7fcc77ddd000-7fcc77edd000 rw-p 00000000 00:00 0 
7fcc77edd000-7fcc77ede000 ---p 00000000 00:00 0 
7fcc77ede000-7fcc77fde000 rw-p 00000000 00:00 0 
7fcc77fde000-7fcc77fdf000 ---p 00000000 00:00 0 
7fcc77fdf000-7fcc780df000 rw-p 00000000 00:00 0 
7fcc780df000-7fcc780e0000 ---p 00000000 00:00 0 
7fcc780e0000-7fcc781e0000 rw-p 00000000 00:00 0 
7fcc781e0000-7fcc781e1000 ---p 00000000 00:00 0 
7fcc781e1000-7fcc782e1000 rw-p 00000000 00:00 0 
7fcc782e1000-7fcc782e2000 ---p 00000000 00:00 0 
7fcc782e2000-7fcc7848a000 rw-p 00000000 00:00 0 
7fcc7848a000-7fcc78537000 ---p 00000000 00:00 0 
7fcc78537000-7fcc7858b000 rw-p 00000000 00:00 0 
7fcc7858b000-7fcc785e2000 ---p 00000000 00:00 0 
7fcc785e2000-7fcc785ef000 rw-p 00000000 00:00 0 
7fcc785ef000-7fcc789a3000 ---p 00000000 00:00 0 
7fcc789a3000-7fcc78c93000 rwxp 00000000 00:00 0 
7fcc78c93000-7fcc879a3000 ---p 00000000 00:00 0 
7fcc879a3000-7fcc879bd000 r-xp 00000000 08:01 37487808                   /home/caitano/android-studio/jre/jre/lib/amd64/libzip.so
7fcc879bd000-7fcc87bbd000 ---p 0001a000 08:01 37487808                   /home/caitano/android-studio/jre/jre/lib/amd64/libzip.so
7fcc87bbd000-7fcc87bbe000 r--p 0001a000 08:01 37487808                   /home/caitano/android-studio/jre/jre/lib/amd64/libzip.so
7fcc87bbe000-7fcc87bbf000 rw-p 0001b000 08:01 37487808                   /home/caitano/android-studio/jre/jre/lib/amd64/libzip.so
7fcc87bbf000-7fcc87bca000 r-xp 00000000 08:02 1584032                    /usr/lib64/libnss_files-2.23.so
7fcc87bca000-7fcc87dc9000 ---p 0000b000 08:02 1584032                    /usr/lib64/libnss_files-2.23.so
7fcc87dc9000-7fcc87dca000 r--p 0000a000 08:02 1584032                    /usr/lib64/libnss_files-2.23.so
7fcc87dca000-7fcc87dcb000 rw-p 0000b000 08:02 1584032                    /usr/lib64/libnss_files-2.23.so
7fcc87dcb000-7fcc87dd1000 rw-p 00000000 00:00 0 
7fcc87dd1000-7fcc87dfe000 r-xp 00000000 08:01 37487818                   /home/caitano/android-studio/jre/jre/lib/amd64/libjava.so
7fcc87dfe000-7fcc87ffd000 ---p 0002d000 08:01 37487818                   /home/caitano/android-studio/jre/jre/lib/amd64/libjava.so
7fcc87ffd000-7fcc87ffe000 r--p 0002c000 08:01 37487818                   /home/caitano/android-studio/jre/jre/lib/amd64/libjava.so
7fcc87ffe000-7fcc88000000 rw-p 0002d000 08:01 37487818                   /home/caitano/android-studio/jre/jre/lib/amd64/libjava.so
7fcc88000000-7fcc88388000 rw-p 00000000 00:00 0 
7fcc88388000-7fcc8c000000 ---p 00000000 00:00 0 
7fcc8c005000-7fcc8c144000 rw-p 00000000 00:00 0 
7fcc8c144000-7fcc8c1f2000 ---p 00000000 00:00 0 
7fcc8c1f2000-7fcc8c202000 r-xp 00000000 08:01 37487834                   /home/caitano/android-studio/jre/jre/lib/amd64/libverify.so
7fcc8c202000-7fcc8c401000 ---p 00010000 08:01 37487834                   /home/caitano/android-studio/jre/jre/lib/amd64/libverify.so
7fcc8c401000-7fcc8c403000 r--p 0000f000 08:01 37487834                   /home/caitano/android-studio/jre/jre/lib/amd64/libverify.so
7fcc8c403000-7fcc8c404000 rw-p 00011000 08:01 37487834                   /home/caitano/android-studio/jre/jre/lib/amd64/libverify.so
7fcc8c404000-7fcc8c40b000 r-xp 00000000 08:02 1584140                    /usr/lib64/librt-2.23.so
7fcc8c40b000-7fcc8c60a000 ---p 00007000 08:02 1584140                    /usr/lib64/librt-2.23.so
7fcc8c60a000-7fcc8c60b000 r--p 00006000 08:02 1584140                    /usr/lib64/librt-2.23.so
7fcc8c60b000-7fcc8c60c000 rw-p 00007000 08:02 1584140                    /usr/lib64/librt-2.23.so
7fcc8c60c000-7fcc8c714000 r-xp 00000000 08:02 1583634                    /usr/lib64/libm-2.23.so
7fcc8c714000-7fcc8c913000 ---p 00108000 08:02 1583634                    /usr/lib64/libm-2.23.so
7fcc8c913000-7fcc8c914000 r--p 00107000 08:02 1583634                    /usr/lib64/libm-2.23.so
7fcc8c914000-7fcc8c915000 rw-p 00108000 08:02 1583634                    /usr/lib64/libm-2.23.so
7fcc8c915000-7fcc8d4fb000 r-xp 00000000 08:01 37487838                   /home/caitano/android-studio/jre/jre/lib/amd64/server/libjvm.so
7fcc8d4fb000-7fcc8d6fb000 ---p 00be6000 08:01 37487838                   /home/caitano/android-studio/jre/jre/lib/amd64/server/libjvm.so
7fcc8d6fb000-7fcc8d79a000 r--p 00be6000 08:01 37487838                   /home/caitano/android-studio/jre/jre/lib/amd64/server/libjvm.so
7fcc8d79a000-7fcc8d7c3000 rw-p 00c85000 08:01 37487838                   /home/caitano/android-studio/jre/jre/lib/amd64/server/libjvm.so
7fcc8d7c3000-7fcc8d805000 rw-p 00000000 00:00 0 
7fcc8d805000-7fcc8d81c000 r-xp 00000000 08:02 1584040                    /usr/lib64/libpthread-2.23.so
7fcc8d81c000-7fcc8da1b000 ---p 00017000 08:02 1584040                    /usr/lib64/libpthread-2.23.so
7fcc8da1b000-7fcc8da1c000 r--p 00016000 08:02 1584040                    /usr/lib64/libpthread-2.23.so
7fcc8da1c000-7fcc8da1d000 rw-p 00017000 08:02 1584040                    /usr/lib64/libpthread-2.23.so
7fcc8da1d000-7fcc8da21000 rw-p 00000000 00:00 0 
7fcc8da21000-7fcc8da24000 r-xp 00000000 08:02 1583610                    /usr/lib64/libdl-2.23.so
7fcc8da24000-7fcc8dc23000 ---p 00003000 08:02 1583610                    /usr/lib64/libdl-2.23.so
7fcc8dc23000-7fcc8dc24000 r--p 00002000 08:02 1583610                    /usr/lib64/libdl-2.23.so
7fcc8dc24000-7fcc8dc25000 rw-p 00003000 08:02 1583610                    /usr/lib64/libdl-2.23.so
7fcc8dc25000-7fcc8ddde000 r-xp 00000000 08:02 1583483                    /usr/lib64/libc-2.23.so
7fcc8ddde000-7fcc8dfdd000 ---p 001b9000 08:02 1583483                    /usr/lib64/libc-2.23.so
7fcc8dfdd000-7fcc8dfe1000 r--p 001b8000 08:02 1583483                    /usr/lib64/libc-2.23.so
7fcc8dfe1000-7fcc8dfe3000 rw-p 001bc000 08:02 1583483                    /usr/lib64/libc-2.23.so
7fcc8dfe3000-7fcc8dfe7000 rw-p 00000000 00:00 0 
7fcc8dfe7000-7fcc8dffd000 r-xp 00000000 08:01 37487699                   /home/caitano/android-studio/jre/lib/amd64/jli/libjli.so
7fcc8dffd000-7fcc8e1fc000 ---p 00016000 08:01 37487699                   /home/caitano/android-studio/jre/lib/amd64/jli/libjli.so
7fcc8e1fc000-7fcc8e1fd000 r--p 00015000 08:01 37487699                   /home/caitano/android-studio/jre/lib/amd64/jli/libjli.so
7fcc8e1fd000-7fcc8e1fe000 rw-p 00016000 08:01 37487699                   /home/caitano/android-studio/jre/lib/amd64/jli/libjli.so
7fcc8e1fe000-7fcc8e222000 r-xp 00000000 08:02 1586592                    /usr/lib64/ld-2.23.so
7fcc8e225000-7fcc8e22a000 r--s 0003a000 08:01 19137334                   /home/caitano/AndroidStudioProjects/nutrition_app/app/build/intermediates/exploded-aar/com.android.support/support-core-ui/25.0.0/jars/classes.jar
7fcc8e22a000-7fcc8e2fa000 rw-p 00000000 00:00 0 
7fcc8e2fa000-7fcc8e2fd000 ---p 00000000 00:00 0 
7fcc8e2fd000-7fcc8e3ff000 rw-p 00000000 00:00 0 
7fcc8e402000-7fcc8e416000 rw-p 00000000 00:00 0 
7fcc8e416000-7fcc8e41e000 rw-s 00000000 00:26 160127                     /tmp/hsperfdata_caitano/7733
7fcc8e41e000-7fcc8e41f000 rw-p 00000000 00:00 0 
7fcc8e41f000-7fcc8e420000 r--p 00000000 00:00 0 
7fcc8e420000-7fcc8e421000 rw-p 00000000 00:00 0 
7fcc8e421000-7fcc8e422000 r--p 00023000 08:02 1586592                    /usr/lib64/ld-2.23.so
7fcc8e422000-7fcc8e423000 rw-p 00024000 08:02 1586592                    /usr/lib64/ld-2.23.so
7fcc8e423000-7fcc8e424000 rw-p 00000000 00:00 0 
7ffcfb9a3000-7ffcfb9c4000 rw-p 00000000 00:00 0                          [stack]
7ffcfb9e6000-7ffcfb9e8000 r--p 00000000 00:00 0                          [vvar]
7ffcfb9e8000-7ffcfb9ea000 r-xp 00000000 00:00 0                          [vdso]
ffffffffff600000-ffffffffff601000 r-xp 00000000 00:00 0                  [vsyscall]

VM Arguments:
jvm_args: -Djava.awt.headless=true -Xmx1024M -Dfile.encoding=UTF-8 -Duser.country=US -Duser.language=en -Duser.variant 
java_command: com.android.dx.command.Main --dex --force-jumbo --num-threads=4 --multi-dex --output /home/caitano/AndroidStudioProjects/nutrition_app/app/build/intermediates/transforms/dex/debug/folders/1000/10/com.android.support-support-core-ui-25.0.0_ea65604cdb1a2ad5cb48730dd90619d039c91890 /home/caitano/AndroidStudioProjects/nutrition_app/app/build/intermediates/exploded-aar/com.android.support/support-core-ui/25.0.0/jars/classes.jar
java_class_path (initial): /home/caitano/Android/Sdk/build-tools/24.0.2/lib/dx.jar
Launcher Type: SUN_STANDARD

Environment Variables:
JAVA_HOME=/usr/java/jdk1.8.0_102
PATH=/usr/lib64/qt-3.3/bin:/usr/java/latest/bin:/usr/local/bin:/usr/local/sbin:/usr/bin:/usr/sbin:/opt/node-v4.4.7-linux-x64/bin:/home/caitano/WebStorm-145.597.6/bin:/home/caitano/android-studio/bin:/home/caitano/.local/bin:/home/caitano/bin
USERNAME=caitano
LD_LIBRARY_PATH=/home/caitano/android-studio/bin:
SHELL=/bin/bash
DISPLAY=:0

Signal Handlers:
SIGSEGV: [libjvm.so+0x9daac0], sa_mask[0]=11111111011111111101111111111110, sa_flags=SA_RESTART|SA_SIGINFO
SIGBUS: [libjvm.so+0x9daac0], sa_mask[0]=11111111011111111101111111111110, sa_flags=SA_RESTART|SA_SIGINFO
SIGFPE: [libjvm.so+0x840d90], sa_mask[0]=11111111011111111101111111111110, sa_flags=SA_RESTART|SA_SIGINFO
SIGPIPE: [libjvm.so+0x840d90], sa_mask[0]=11111111011111111101111111111110, sa_flags=SA_RESTART|SA_SIGINFO
SIGXFSZ: [libjvm.so+0x840d90], sa_mask[0]=11111111011111111101111111111110, sa_flags=SA_RESTART|SA_SIGINFO
SIGILL: [libjvm.so+0x840d90], sa_mask[0]=11111111011111111101111111111110, sa_flags=SA_RESTART|SA_SIGINFO
SIGUSR1: SIG_DFL, sa_mask[0]=00000000000000000000000000000000, sa_flags=none
SIGUSR2: [libjvm.so+0x840c60], sa_mask[0]=00100000000000000000000000000000, sa_flags=SA_RESTART|SA_SIGINFO
SIGHUP: [libjvm.so+0x840e50], sa_mask[0]=11111111011111111101111111111110, sa_flags=SA_RESTART|SA_SIGINFO
SIGINT: [libjvm.so+0x840e50], sa_mask[0]=11111111011111111101111111111110, sa_flags=SA_RESTART|SA_SIGINFO
SIGTERM: [libjvm.so+0x840e50], sa_mask[0]=11111111011111111101111111111110, sa_flags=SA_RESTART|SA_SIGINFO
SIGQUIT: [libjvm.so+0x840e50], sa_mask[0]=11111111011111111101111111111110, sa_flags=SA_RESTART|SA_SIGINFO


---------------  S Y S T E M  ---------------

OS:Fedora release 24 (Twenty Four)

uname:Linux 4.7.4-200.fc24.x86_64 #1 SMP Thu Sep 15 18:42:09 UTC 2016 x86_64
libc:glibc 2.23 NPTL 2.23 
rlimit: STACK 8192k, CORE 0k, NPROC 128111, NOFILE 4096, AS infinity
load average:5.19 1.94 1.33

/proc/meminfo:
MemTotal:       32816512 kB
MemFree:        22724368 kB
MemAvailable:   25440924 kB
Buffers:          581980 kB
Cached:          3545408 kB
SwapCached:            0 kB
Active:          6396748 kB
Inactive:        3041852 kB
Active(anon):    5312944 kB
Inactive(anon):  1304828 kB
Active(file):    1083804 kB
Inactive(file):  1737024 kB
Unevictable:         100 kB
Mlocked:             100 kB
SwapTotal:             0 kB
SwapFree:              0 kB
Dirty:              5676 kB
Writeback:             0 kB
AnonPages:       5311492 kB
Mapped:           964924 kB
Shmem:           1306568 kB
Slab:             448012 kB
SReclaimable:     360152 kB
SUnreclaim:        87860 kB
KernelStack:       17456 kB
PageTables:        64980 kB
NFS_Unstable:          0 kB
Bounce:                0 kB
WritebackTmp:          0 kB
CommitLimit:    16408256 kB
Committed_AS:   14602564 kB
VmallocTotal:   34359738367 kB
VmallocUsed:           0 kB
VmallocChunk:          0 kB
HardwareCorrupted:     0 kB
AnonHugePages:         0 kB
CmaTotal:              0 kB
CmaFree:               0 kB
HugePages_Total:       0
HugePages_Free:        0
HugePages_Rsvd:        0
HugePages_Surp:        0
Hugepagesize:       2048 kB
DirectMap4k:      180096 kB
DirectMap2M:    10174464 kB
DirectMap1G:    24117248 kB


CPU:total 8 (4 cores per cpu, 2 threads per core) family 6 model 60 stepping 3, cmov, cx8, fxsr, mmx, sse, sse2, sse3, ssse3, sse4.1, sse4.2, popcnt, avx, avx2, aes, clmul, erms, lzcnt, ht, tsc, tscinvbit, bmi1, bmi2

/proc/cpuinfo:
processor	: 0
vendor_id	: GenuineIntel
cpu family	: 6
model		: 60
model name	: Intel(R) Core(TM) i7-4790 CPU @ 3.60GHz
stepping	: 3
microcode	: 0x20
cpu MHz		: 3799.951
cache size	: 8192 KB
physical id	: 0
siblings	: 8
core id		: 0
cpu cores	: 4
apicid		: 0
initial apicid	: 0
fpu		: yes
fpu_exception	: yes
cpuid level	: 13
wp		: yes
flags		: fpu vme de pse tsc msr pae mce cx8 apic sep mtrr pge mca cmov pat pse36 clflush dts acpi mmx fxsr sse sse2 ss ht tm pbe syscall nx pdpe1gb rdtscp lm constant_tsc arch_perfmon pebs bts rep_good nopl xtopology nonstop_tsc aperfmperf eagerfpu pni pclmulqdq dtes64 monitor ds_cpl vmx smx est tm2 ssse3 sdbg fma cx16 xtpr pdcm pcid sse4_1 sse4_2 x2apic movbe popcnt tsc_deadline_timer aes xsave avx f16c rdrand lahf_lm abm epb tpr_shadow vnmi flexpriority ept vpid fsgsbase tsc_adjust bmi1 avx2 smep bmi2 erms invpcid xsaveopt dtherm ida arat pln pts
bugs		:
bogomips	: 7182.93
clflush size	: 64
cache_alignment	: 64
address sizes	: 39 bits physical, 48 bits virtual
power management:

processor	: 1
vendor_id	: GenuineIntel
cpu family	: 6
model		: 60
model name	: Intel(R) Core(TM) i7-4790 CPU @ 3.60GHz
stepping	: 3
microcode	: 0x20
cpu MHz		: 3799.951
cache size	: 8192 KB
physical id	: 0
siblings	: 8
core id		: 1
cpu cores	: 4
apicid		: 2
initial apicid	: 2
fpu		: yes
fpu_exception	: yes
cpuid level	: 13
wp		: yes
flags		: fpu vme de pse tsc msr pae mce cx8 apic sep mtrr pge mca cmov pat pse36 clflush dts acpi mmx fxsr sse sse2 ss ht tm pbe syscall nx pdpe1gb rdtscp lm constant_tsc arch_perfmon pebs bts rep_good nopl xtopology nonstop_tsc aperfmperf eagerfpu pni pclmulqdq dtes64 monitor ds_cpl vmx smx est tm2 ssse3 sdbg fma cx16 xtpr pdcm pcid sse4_1 sse4_2 x2apic movbe popcnt tsc_deadline_timer aes xsave avx f16c rdrand lahf_lm abm epb tpr_shadow vnmi flexpriority ept vpid fsgsbase tsc_adjust bmi1 avx2 smep bmi2 erms invpcid xsaveopt dtherm ida arat pln pts
bugs		:
bogomips	: 7186.21
clflush size	: 64
cache_alignment	: 64
address sizes	: 39 bits physical, 48 bits virtual
power management:

processor	: 2
vendor_id	: GenuineIntel
cpu family	: 6
model		: 60
model name	: Intel(R) Core(TM) i7-4790 CPU @ 3.60GHz
stepping	: 3
microcode	: 0x20
cpu MHz		: 3799.951
cache size	: 8192 KB
physical id	: 0
siblings	: 8
core id		: 2
cpu cores	: 4
apicid		: 4
initial apicid	: 4
fpu		: yes
fpu_exception	: yes
cpuid level	: 13
wp		: yes
flags		: fpu vme de pse tsc msr pae mce cx8 apic sep mtrr pge mca cmov pat pse36 clflush dts acpi mmx fxsr sse sse2 ss ht tm pbe syscall nx pdpe1gb rdtscp lm constant_tsc arch_perfmon pebs bts rep_good nopl xtopology nonstop_tsc aperfmperf eagerfpu pni pclmulqdq dtes64 monitor ds_cpl vmx smx est tm2 ssse3 sdbg fma cx16 xtpr pdcm pcid sse4_1 sse4_2 x2apic movbe popcnt tsc_deadline_timer aes xsave avx f16c rdrand lahf_lm abm epb tpr_shadow vnmi flexpriority ept vpid fsgsbase tsc_adjust bmi1 avx2 smep bmi2 erms invpcid xsaveopt dtherm ida arat pln pts
bugs		:
bogomips	: 7186.44
clflush size	: 64
cache_alignment	: 64
address sizes	: 39 bits physical, 48 bits virtual
power management:

processor	: 3
vendor_id	: GenuineIntel
cpu family	: 6
model		: 60
model name	: Intel(R) Core(TM) i7-4790 CPU @ 3.60GHz
stepping	: 3
microcode	: 0x20
cpu MHz		: 3799.951
cache size	: 8192 KB
physical id	: 0
siblings	: 8
core id		: 3
cpu cores	: 4
apicid		: 6
initial apicid	: 6
fpu		: yes
fpu_exception	: yes
cpuid level	: 13
wp		: yes
flags		: fpu vme de pse tsc msr pae mce cx8 apic sep mtrr pge mca cmov pat pse36 clflush dts acpi mmx fxsr sse sse2 ss ht tm pbe syscall nx pdpe1gb rdtscp lm constant_tsc arch_perfmon pebs bts rep_good nopl xtopology nonstop_tsc aperfmperf eagerfpu pni pclmulqdq dtes64 monitor ds_cpl vmx smx est tm2 ssse3 sdbg fma cx16 xtpr pdcm pcid sse4_1 sse4_2 x2apic movbe popcnt tsc_deadline_timer aes xsave avx f16c rdrand lahf_lm abm epb tpr_shadow vnmi flexpriority ept vpid fsgsbase tsc_adjust bmi1 avx2 smep bmi2 erms invpcid xsaveopt dtherm ida arat pln pts
bugs		:
bogomips	: 7186.54
clflush size	: 64
cache_alignment	: 64
address sizes	: 39 bits physical, 48 bits virtual
power management:

processor	: 4
vendor_id	: GenuineIntel
cpu family	: 6
model		: 60
model name	: Intel(R) Core(TM) i7-4790 CPU @ 3.60GHz
stepping	: 3
microcode	: 0x20
cpu MHz		: 3799.951
cache size	: 8192 KB
physical id	: 0
siblings	: 8
core id		: 0
cpu cores	: 4
apicid		: 1
initial apicid	: 1
fpu		: yes
fpu_exception	: yes
cpuid level	: 13
wp		: yes
flags		: fpu vme de pse tsc msr pae mce cx8 apic sep mtrr pge mca cmov pat pse36 clflush dts acpi mmx fxsr sse sse2 ss ht tm pbe syscall nx pdpe1gb rdtscp lm constant_tsc arch_perfmon pebs bts rep_good nopl xtopology nonstop_tsc aperfmperf eagerfpu pni pclmulqdq dtes64 monitor ds_cpl vmx smx est tm2 ssse3 sdbg fma cx16 xtpr pdcm pcid sse4_1 sse4_2 x2apic movbe popcnt tsc_deadline_timer aes xsave avx f16c rdrand lahf_lm abm epb tpr_shadow vnmi flexpriority ept vpid fsgsbase tsc_adjust bmi1 avx2 smep bmi2 erms invpcid xsaveopt dtherm ida arat pln pts
bugs		:
bogomips	: 7188.60
clflush size	: 64
cache_alignment	: 64
address sizes	: 39 bits physical, 48 bits virtual
power management:

processor	: 5
vendor_id	: GenuineIntel
cpu family	: 6
model		: 60
model name	: Intel(R) Core(TM) i7-4790 CPU @ 3.60GHz
stepping	: 3
microcode	: 0x20
cpu MHz		: 3799.951
cache size	: 8192 KB
physical id	: 0
siblings	: 8
core id		: 1
cpu cores	: 4
apicid		: 3
initial apicid	: 3
fpu		: yes
fpu_exception	: yes
cpuid level	: 13
wp		: yes
flags		: fpu vme de pse tsc msr pae mce cx8 apic sep mtrr pge mca cmov pat pse36 clflush dts acpi mmx fxsr sse sse2 ss ht tm pbe syscall nx pdpe1gb rdtscp lm constant_tsc arch_perfmon pebs bts rep_good nopl xtopology nonstop_tsc aperfmperf eagerfpu pni pclmulqdq dtes64 monitor ds_cpl vmx smx est tm2 ssse3 sdbg fma cx16 xtpr pdcm pcid sse4_1 sse4_2 x2apic movbe popcnt tsc_deadline_timer aes xsave avx f16c rdrand lahf_lm abm epb tpr_shadow vnmi flexpriority ept vpid fsgsbase tsc_adjust bmi1 avx2 smep bmi2 erms invpcid xsaveopt dtherm ida arat pln pts
bugs		:
bogomips	: 7186.95
clflush size	: 64
cache_alignment	: 64
address sizes	: 39 bits physical, 48 bits virtual
power management:

processor	: 6
vendor_id	: GenuineIntel
cpu family	: 6
model		: 60
model name	: Intel(R) Core(TM) i7-4790 CPU @ 3.60GHz
stepping	: 3
microcode	: 0x20
cpu MHz		: 3799.951
cache size	: 8192 KB
physical id	: 0
siblings	: 8
core id		: 2
cpu cores	: 4
apicid		: 5
initial apicid	: 5
fpu		: yes
fpu_exception	: yes
cpuid level	: 13
wp		: yes
flags		: fpu vme de pse tsc msr pae mce cx8 apic sep mtrr pge mca cmov pat pse36 clflush dts acpi mmx fxsr sse sse2 ss ht tm pbe syscall nx pdpe1gb rdtscp lm constant_tsc arch_perfmon pebs bts rep_good nopl xtopology nonstop_tsc aperfmperf eagerfpu pni pclmulqdq dtes64 monitor ds_cpl vmx smx est tm2 ssse3 sdbg fma cx16 xtpr pdcm pcid sse4_1 sse4_2 x2apic movbe popcnt tsc_deadline_timer aes xsave avx f16c rdrand lahf_lm abm epb tpr_shadow vnmi flexpriority ept vpid fsgsbase tsc_adjust bmi1 avx2 smep bmi2 erms invpcid xsaveopt dtherm ida arat pln pts
bugs		:
bogomips	: 7186.87
clflush size	: 64
cache_alignment	: 64
address sizes	: 39 bits physical, 48 bits virtual
power management:

processor	: 7
vendor_id	: GenuineIntel
cpu family	: 6
model		: 60
model name	: Intel(R) Core(TM) i7-4790 CPU @ 3.60GHz
stepping	: 3
microcode	: 0x20
cpu MHz		: 3799.951
cache size	: 8192 KB
physical id	: 0
siblings	: 8
core id		: 3
cpu cores	: 4
apicid		: 7
initial apicid	: 7
fpu		: yes
fpu_exception	: yes
cpuid level	: 13
wp		: yes
flags		: fpu vme de pse tsc msr pae mce cx8 apic sep mtrr pge mca cmov pat pse36 clflush dts acpi mmx fxsr sse sse2 ss ht tm pbe syscall nx pdpe1gb rdtscp lm constant_tsc arch_perfmon pebs bts rep_good nopl xtopology nonstop_tsc aperfmperf eagerfpu pni pclmulqdq dtes64 monitor ds_cpl vmx smx est tm2 ssse3 sdbg fma cx16 xtpr pdcm pcid sse4_1 sse4_2 x2apic movbe popcnt tsc_deadline_timer aes xsave avx f16c rdrand lahf_lm abm epb tpr_shadow vnmi flexpriority ept vpid fsgsbase tsc_adjust bmi1 avx2 smep bmi2 erms invpcid xsaveopt dtherm ida arat pln pts
bugs		:
bogomips	: 7186.79
clflush size	: 64
cache_alignment	: 64
address sizes	: 39 bits physical, 48 bits virtual
power management:



Memory: 4k page, physical 32816512k(22724368k free), swap 0k(0k free)

vm_info: OpenJDK 64-Bit Server VM (25.76-b03) for linux-amd64 JRE (1.8.0_76-release-b03), built on Jun 29 2016 09:39:19 by "builder" with gcc 4.8.4

time: Mon Dec 12 14:50:00 2016
elapsed time: 1 seconds (0d 0h 0m 1s)

