#
# There is insufficient memory for the Java Runtime Environment to continue.
# Native memory allocation (mmap) failed to map 42991616 bytes for committing reserved memory.
# Possible reasons:
#   The system is out of physical RAM or swap space
#   In 32 bit mode, the process size limit was hit
# Possible solutions:
#   Reduce memory load on the system
#   Increase physical memory or swap space
#   Check if swap backing store is full
#   Use 64 bit Java on a 64 bit OS
#   Decrease Java heap size (-Xmx/-Xms)
#   Decrease number of Java threads
#   Decrease Java thread stack sizes (-Xss)
#   Set larger code cache with -XX:ReservedCodeCacheSize=
# This output file may be truncated or incomplete.
#
#  Out of Memory Error (os_linux.cpp:2627), pid=9693, tid=0x00007f71c2aaf700
#
# JRE version:  (8.0_76-b03) (build )
# Java VM: OpenJDK 64-Bit Server VM (25.76-b03 mixed mode linux-amd64 compressed oops)
# Core dump written. Default location: /home/caitano/git-local/nutrition_app/app/core or core.9693
#

---------------  T H R E A D  ---------------

Current thread (0x00007f71bc008800):  JavaThread "Unknown thread" [_thread_in_vm, id=9697, stack(0x00007f71c29af000,0x00007f71c2ab0000)]

Stack: [0x00007f71c29af000,0x00007f71c2ab0000],  sp=0x00007f71c2aae5e0,  free space=1021k
Native frames: (J=compiled Java code, j=interpreted, Vv=VM code, C=native code)
V  [libjvm.so+0x9d9fcd]  VMError::report_and_die()+0x15d
V  [libjvm.so+0x4b4d4a]  report_vm_out_of_memory(char const*, int, unsigned long, VMErrorType, char const*)+0x8a
V  [libjvm.so+0x845190]  os::pd_commit_memory(char*, unsigned long, unsigned long, bool)+0xf0
V  [libjvm.so+0x83fcbf]  os::commit_memory(char*, unsigned long, unsigned long, bool)+0x1f
V  [libjvm.so+0x8b4d9b]  PSVirtualSpace::expand_by(unsigned long)+0x5b
V  [libjvm.so+0x8b63f6]  PSYoungGen::initialize_virtual_space(ReservedSpace, unsigned long)+0x96
V  [libjvm.so+0x8b67ee]  PSYoungGen::initialize(ReservedSpace, unsigned long)+0x3e
V  [libjvm.so+0x2c3740]  AdjoiningGenerations::AdjoiningGenerations(ReservedSpace, GenerationSizer*, unsigned long)+0x300
V  [libjvm.so+0x868921]  ParallelScavengeHeap::initialize()+0x211
V  [libjvm.so+0x9a5e59]  Universe::initialize_heap()+0x189
V  [libjvm.so+0x9a6053]  universe_init()+0x33
V  [libjvm.so+0x5da925]  init_globals()+0x55
V  [libjvm.so+0x989ca3]  Threads::create_vm(JavaVMInitArgs*, bool*)+0x2b3
V  [libjvm.so+0x647c52]  JNI_CreateJavaVM+0x52
C  [libjli.so+0x77c8]  JavaMain+0x88
C  [libpthread.so.0+0x75ca]  start_thread+0xca


---------------  P R O C E S S  ---------------

Java Threads: ( => current thread )

Other Threads:

=>0x00007f71bc008800 (exited) JavaThread "Unknown thread" [_thread_in_vm, id=9697, stack(0x00007f71c29af000,0x00007f71c2ab0000)]

VM state:not at safepoint (not fully initialized)

VM Mutex/Monitor currently owned by a thread: None

GC Heap History (0 events):
No events

Deoptimization events (0 events):
No events

Internal exceptions (0 events):
No events

Events (0 events):
No events


Dynamic libraries:
00400000-00401000 r-xp 00000000 08:04 3148253                            /opt/android-studio/jre/bin/java
00600000-00601000 r--p 00000000 08:04 3148253                            /opt/android-studio/jre/bin/java
00601000-00602000 rw-p 00001000 08:04 3148253                            /opt/android-studio/jre/bin/java
00ff0000-01011000 rw-p 00000000 00:00 0                                  [heap]
c0000000-eab00000 ---p 00000000 00:00 0 
ed400000-100000000 ---p 00000000 00:00 0 
7f71ac9cb000-7f71acc4a000 rw-p 00000000 00:00 0 
7f71acc4a000-7f71ad000000 ---p 00000000 00:00 0 
7f71ad000000-7f71ad270000 rwxp 00000000 00:00 0 
7f71ad270000-7f71bc000000 ---p 00000000 00:00 0 
7f71bc000000-7f71bc034000 rw-p 00000000 00:00 0 
7f71bc034000-7f71c0000000 ---p 00000000 00:00 0 
7f71c0047000-7f71c0247000 ---p 00000000 00:00 0 
7f71c0247000-7f71c0248000 rw-p 00000000 00:00 0 
7f71c0248000-7f71c0262000 r-xp 00000000 08:04 3803060                    /opt/android-studio/jre/jre/lib/amd64/libzip.so
7f71c0262000-7f71c0462000 ---p 0001a000 08:04 3803060                    /opt/android-studio/jre/jre/lib/amd64/libzip.so
7f71c0462000-7f71c0463000 r--p 0001a000 08:04 3803060                    /opt/android-studio/jre/jre/lib/amd64/libzip.so
7f71c0463000-7f71c0464000 rw-p 0001b000 08:04 3803060                    /opt/android-studio/jre/jre/lib/amd64/libzip.so
7f71c0464000-7f71c046f000 r-xp 00000000 08:04 3419534                    /usr/lib64/libnss_files-2.23.so
7f71c046f000-7f71c066e000 ---p 0000b000 08:04 3419534                    /usr/lib64/libnss_files-2.23.so
7f71c066e000-7f71c066f000 r--p 0000a000 08:04 3419534                    /usr/lib64/libnss_files-2.23.so
7f71c066f000-7f71c0670000 rw-p 0000b000 08:04 3419534                    /usr/lib64/libnss_files-2.23.so
7f71c0670000-7f71c0676000 rw-p 00000000 00:00 0 
7f71c0676000-7f71c06a3000 r-xp 00000000 08:04 3803946                    /opt/android-studio/jre/jre/lib/amd64/libjava.so
7f71c06a3000-7f71c08a2000 ---p 0002d000 08:04 3803946                    /opt/android-studio/jre/jre/lib/amd64/libjava.so
7f71c08a2000-7f71c08a3000 r--p 0002c000 08:04 3803946                    /opt/android-studio/jre/jre/lib/amd64/libjava.so
7f71c08a3000-7f71c08a5000 rw-p 0002d000 08:04 3803946                    /opt/android-studio/jre/jre/lib/amd64/libjava.so
7f71c08a5000-7f71c08b5000 r-xp 00000000 08:04 3804378                    /opt/android-studio/jre/jre/lib/amd64/libverify.so
7f71c08b5000-7f71c0ab4000 ---p 00010000 08:04 3804378                    /opt/android-studio/jre/jre/lib/amd64/libverify.so
7f71c0ab4000-7f71c0ab6000 r--p 0000f000 08:04 3804378                    /opt/android-studio/jre/jre/lib/amd64/libverify.so
7f71c0ab6000-7f71c0ab7000 rw-p 00011000 08:04 3804378                    /opt/android-studio/jre/jre/lib/amd64/libverify.so
7f71c0ab7000-7f71c0abe000 r-xp 00000000 08:04 3419537                    /usr/lib64/librt-2.23.so
7f71c0abe000-7f71c0cbd000 ---p 00007000 08:04 3419537                    /usr/lib64/librt-2.23.so
7f71c0cbd000-7f71c0cbe000 r--p 00006000 08:04 3419537                    /usr/lib64/librt-2.23.so
7f71c0cbe000-7f71c0cbf000 rw-p 00007000 08:04 3419537                    /usr/lib64/librt-2.23.so
7f71c0cbf000-7f71c0dc7000 r-xp 00000000 08:04 3419531                    /usr/lib64/libm-2.23.so
7f71c0dc7000-7f71c0fc6000 ---p 00108000 08:04 3419531                    /usr/lib64/libm-2.23.so
7f71c0fc6000-7f71c0fc7000 r--p 00107000 08:04 3419531                    /usr/lib64/libm-2.23.so
7f71c0fc7000-7f71c0fc8000 rw-p 00108000 08:04 3419531                    /usr/lib64/libm-2.23.so
7f71c0fc8000-7f71c1bae000 r-xp 00000000 08:04 3804440                    /opt/android-studio/jre/jre/lib/amd64/server/libjvm.so
7f71c1bae000-7f71c1dae000 ---p 00be6000 08:04 3804440                    /opt/android-studio/jre/jre/lib/amd64/server/libjvm.so
7f71c1dae000-7f71c1e4d000 r--p 00be6000 08:04 3804440                    /opt/android-studio/jre/jre/lib/amd64/server/libjvm.so
7f71c1e4d000-7f71c1e76000 rw-p 00c85000 08:04 3804440                    /opt/android-studio/jre/jre/lib/amd64/server/libjvm.so
7f71c1e76000-7f71c1eb8000 rw-p 00000000 00:00 0 
7f71c1eb8000-7f71c1ecf000 r-xp 00000000 08:04 3417370                    /usr/lib64/libpthread-2.23.so
7f71c1ecf000-7f71c20ce000 ---p 00017000 08:04 3417370                    /usr/lib64/libpthread-2.23.so
7f71c20ce000-7f71c20cf000 r--p 00016000 08:04 3417370                    /usr/lib64/libpthread-2.23.so
7f71c20cf000-7f71c20d0000 rw-p 00017000 08:04 3417370                    /usr/lib64/libpthread-2.23.so
7f71c20d0000-7f71c20d4000 rw-p 00000000 00:00 0 
7f71c20d4000-7f71c20d7000 r-xp 00000000 08:04 3419530                    /usr/lib64/libdl-2.23.so
7f71c20d7000-7f71c22d6000 ---p 00003000 08:04 3419530                    /usr/lib64/libdl-2.23.so
7f71c22d6000-7f71c22d7000 r--p 00002000 08:04 3419530                    /usr/lib64/libdl-2.23.so
7f71c22d7000-7f71c22d8000 rw-p 00003000 08:04 3419530                    /usr/lib64/libdl-2.23.so
7f71c22d8000-7f71c2491000 r-xp 00000000 08:04 3416783                    /usr/lib64/libc-2.23.so
7f71c2491000-7f71c2690000 ---p 001b9000 08:04 3416783                    /usr/lib64/libc-2.23.so
7f71c2690000-7f71c2694000 r--p 001b8000 08:04 3416783                    /usr/lib64/libc-2.23.so
7f71c2694000-7f71c2696000 rw-p 001bc000 08:04 3416783                    /usr/lib64/libc-2.23.so
7f71c2696000-7f71c269a000 rw-p 00000000 00:00 0 
7f71c269a000-7f71c26b0000 r-xp 00000000 08:04 3019000                    /opt/android-studio/jre/lib/amd64/jli/libjli.so
7f71c26b0000-7f71c28af000 ---p 00016000 08:04 3019000                    /opt/android-studio/jre/lib/amd64/jli/libjli.so
7f71c28af000-7f71c28b0000 r--p 00015000 08:04 3019000                    /opt/android-studio/jre/lib/amd64/jli/libjli.so
7f71c28b0000-7f71c28b1000 rw-p 00016000 08:04 3019000                    /opt/android-studio/jre/lib/amd64/jli/libjli.so
7f71c28b1000-7f71c28d5000 r-xp 00000000 08:04 3422375                    /usr/lib64/ld-2.23.so
7f71c29af000-7f71c29b2000 ---p 00000000 00:00 0 
7f71c29b2000-7f71c2ab4000 rw-p 00000000 00:00 0 
7f71c2ac9000-7f71c2ad1000 rw-s 00000000 00:26 368038                     /tmp/hsperfdata_caitano/9693
7f71c2ad1000-7f71c2ad2000 rw-p 00000000 00:00 0 
7f71c2ad2000-7f71c2ad3000 r--p 00000000 00:00 0 
7f71c2ad3000-7f71c2ad4000 rw-p 00000000 00:00 0 
7f71c2ad4000-7f71c2ad5000 r--p 00023000 08:04 3422375                    /usr/lib64/ld-2.23.so
7f71c2ad5000-7f71c2ad6000 rw-p 00024000 08:04 3422375                    /usr/lib64/ld-2.23.so
7f71c2ad6000-7f71c2ad7000 rw-p 00000000 00:00 0 
7ffd03658000-7ffd03679000 rw-p 00000000 00:00 0                          [stack]
7ffd037e5000-7ffd037e7000 r--p 00000000 00:00 0                          [vvar]
7ffd037e7000-7ffd037e9000 r-xp 00000000 00:00 0                          [vdso]
ffffffffff600000-ffffffffff601000 r-xp 00000000 00:00 0                  [vsyscall]

VM Arguments:
jvm_args: -Djava.awt.headless=true -Xmx1024M -Dfile.encoding=UTF-8 -Duser.country=US -Duser.language=en -Duser.variant 
java_command: com.android.dx.command.Main --dex --force-jumbo --num-threads=4 --multi-dex --output /home/caitano/git-local/nutrition_app/app/build/intermediates/transforms/dex/debug/folders/1000/5/slice_9 /home/caitano/git-local/nutrition_app/app/build/intermediates/transforms/instantRunSlicer/debug/folders/1/5/slice_9
java_class_path (initial): /home/caitano/Android/Sdk/build-tools/24.0.2/lib/dx.jar
Launcher Type: SUN_STANDARD

Environment Variables:
PATH=/usr/lib64/qt-3.3/bin:/usr/java/jdk1.8.0_102/bin:/usr/java/jdk1.8.0_102/bin:/usr/java/jdk1.8.0_102/bin:/usr/local/bin:/usr/local/sbin:/usr/bin:/usr/sbin:/opt/android-studio/bin:/home/caitano/.local/bin:/home/caitano/bin
USERNAME=caitano
LD_LIBRARY_PATH=/opt/android-studio/bin:
SHELL=/bin/bash
DISPLAY=:0

Signal Handlers:
SIGSEGV: [libjvm.so+0x9daac0], sa_mask[0]=11111111011111111101111111111110, sa_flags=SA_RESTART|SA_SIGINFO
SIGBUS: [libjvm.so+0x9daac0], sa_mask[0]=11111111011111111101111111111110, sa_flags=SA_RESTART|SA_SIGINFO
SIGFPE: [libjvm.so+0x840d90], sa_mask[0]=11111111011111111101111111111110, sa_flags=SA_RESTART|SA_SIGINFO
SIGPIPE: [libjvm.so+0x840d90], sa_mask[0]=11111111011111111101111111111110, sa_flags=SA_RESTART|SA_SIGINFO
SIGXFSZ: [libjvm.so+0x840d90], sa_mask[0]=11111111011111111101111111111110, sa_flags=SA_RESTART|SA_SIGINFO
SIGILL: [libjvm.so+0x840d90], sa_mask[0]=11111111011111111101111111111110, sa_flags=SA_RESTART|SA_SIGINFO
SIGUSR1: SIG_DFL, sa_mask[0]=00000000000000000000000000000000, sa_flags=none
SIGUSR2: [libjvm.so+0x840c60], sa_mask[0]=00100000000000000000000000000000, sa_flags=SA_RESTART|SA_SIGINFO
SIGHUP: SIG_DFL, sa_mask[0]=00000000000000000000000000000000, sa_flags=none
SIGINT: SIG_DFL, sa_mask[0]=00000000000000000000000000000000, sa_flags=none
SIGTERM: SIG_DFL, sa_mask[0]=00000000000000000000000000000000, sa_flags=none
SIGQUIT: SIG_DFL, sa_mask[0]=00000000000000000000000000000000, sa_flags=none


---------------  S Y S T E M  ---------------

OS:Fedora release 24 (Twenty Four)

uname:Linux 4.7.6-200.fc24.x86_64 #1 SMP Mon Oct 3 20:10:24 UTC 2016 x86_64
libc:glibc 2.23 NPTL 2.23 
rlimit: STACK 8192k, CORE infinity, NPROC 31270, NOFILE 4096, AS infinity
load average:8.08 2.38 1.21

/proc/meminfo:
MemTotal:        8025292 kB
MemFree:          104332 kB
MemAvailable:       3700 kB
Buffers:             644 kB
Cached:          1199252 kB
SwapCached:            0 kB
Active:          6466344 kB
Inactive:        1168740 kB
Active(anon):    6447032 kB
Inactive(anon):  1154236 kB
Active(file):      19312 kB
Inactive(file):    14504 kB
Unevictable:          60 kB
Mlocked:              60 kB
SwapTotal:             0 kB
SwapFree:              0 kB
Dirty:                 0 kB
Writeback:             0 kB
AnonPages:       6436088 kB
Mapped:           579676 kB
Shmem:           1165212 kB
Slab:             111364 kB
SReclaimable:      39952 kB
SUnreclaim:        71412 kB
KernelStack:       15328 kB
PageTables:        80280 kB
NFS_Unstable:          0 kB
Bounce:                0 kB
WritebackTmp:          0 kB
CommitLimit:     4012644 kB
Committed_AS:   16659472 kB
VmallocTotal:   34359738367 kB
VmallocUsed:           0 kB
VmallocChunk:          0 kB
HardwareCorrupted:     0 kB
AnonHugePages:         0 kB
CmaTotal:              0 kB
CmaFree:               0 kB
HugePages_Total:       0
HugePages_Free:        0
HugePages_Rsvd:        0
HugePages_Surp:        0
Hugepagesize:       2048 kB
DirectMap4k:      192768 kB
DirectMap2M:     8044544 kB


CPU:total 4 (2 cores per cpu, 2 threads per core) family 6 model 42 stepping 7, cmov, cx8, fxsr, mmx, sse, sse2, sse3, ssse3, sse4.1, sse4.2, popcnt, avx, clmul, ht, tsc, tscinvbit

/proc/cpuinfo:
processor	: 0
vendor_id	: GenuineIntel
cpu family	: 6
model		: 42
model name	: Intel(R) Core(TM) i3-2310M CPU @ 2.10GHz
stepping	: 7
microcode	: 0x29
cpu MHz		: 2099.871
cache size	: 3072 KB
physical id	: 0
siblings	: 4
core id		: 0
cpu cores	: 2
apicid		: 0
initial apicid	: 0
fpu		: yes
fpu_exception	: yes
cpuid level	: 13
wp		: yes
flags		: fpu vme de pse tsc msr pae mce cx8 apic sep mtrr pge mca cmov pat pse36 clflush dts acpi mmx fxsr sse sse2 ss ht tm pbe syscall nx rdtscp lm constant_tsc arch_perfmon pebs bts rep_good nopl xtopology nonstop_tsc aperfmperf eagerfpu pni pclmulqdq dtes64 monitor ds_cpl vmx est tm2 ssse3 cx16 xtpr pdcm pcid sse4_1 sse4_2 x2apic popcnt tsc_deadline_timer xsave avx lahf_lm epb tpr_shadow vnmi flexpriority ept vpid xsaveopt dtherm arat pln pts
bugs		:
bogomips	: 4190.51
clflush size	: 64
cache_alignment	: 64
address sizes	: 36 bits physical, 48 bits virtual
power management:

processor	: 1
vendor_id	: GenuineIntel
cpu family	: 6
model		: 42
model name	: Intel(R) Core(TM) i3-2310M CPU @ 2.10GHz
stepping	: 7
microcode	: 0x29
cpu MHz		: 2100.000
cache size	: 3072 KB
physical id	: 0
siblings	: 4
core id		: 0
cpu cores	: 2
apicid		: 1
initial apicid	: 1
fpu		: yes
fpu_exception	: yes
cpuid level	: 13
wp		: yes
flags		: fpu vme de pse tsc msr pae mce cx8 apic sep mtrr pge mca cmov pat pse36 clflush dts acpi mmx fxsr sse sse2 ss ht tm pbe syscall nx rdtscp lm constant_tsc arch_perfmon pebs bts rep_good nopl xtopology nonstop_tsc aperfmperf eagerfpu pni pclmulqdq dtes64 monitor ds_cpl vmx est tm2 ssse3 cx16 xtpr pdcm pcid sse4_1 sse4_2 x2apic popcnt tsc_deadline_timer xsave avx lahf_lm epb tpr_shadow vnmi flexpriority ept vpid xsaveopt dtherm arat pln pts
bugs		:
bogomips	: 4195.86
clflush size	: 64
cache_alignment	: 64
address sizes	: 36 bits physical, 48 bits virtual
power management:

processor	: 2
vendor_id	: GenuineIntel
cpu family	: 6
model		: 42
model name	: Intel(R) Core(TM) i3-2310M CPU @ 2.10GHz
stepping	: 7
microcode	: 0x29
cpu MHz		: 2100.000
cache size	: 3072 KB
physical id	: 0
siblings	: 4
core id		: 1
cpu cores	: 2
apicid		: 2
initial apicid	: 2
fpu		: yes
fpu_exception	: yes
cpuid level	: 13
wp		: yes
flags		: fpu vme de pse tsc msr pae mce cx8 apic sep mtrr pge mca cmov pat pse36 clflush dts acpi mmx fxsr sse sse2 ss ht tm pbe syscall nx rdtscp lm constant_tsc arch_perfmon pebs bts rep_good nopl xtopology nonstop_tsc aperfmperf eagerfpu pni pclmulqdq dtes64 monitor ds_cpl vmx est tm2 ssse3 cx16 xtpr pdcm pcid sse4_1 sse4_2 x2apic popcnt tsc_deadline_timer xsave avx lahf_lm epb tpr_shadow vnmi flexpriority ept vpid xsaveopt dtherm arat pln pts
bugs		:
bogomips	: 4194.40
clflush size	: 64
cache_alignment	: 64
address sizes	: 36 bits physical, 48 bits virtual
power management:

processor	: 3
vendor_id	: GenuineIntel
cpu family	: 6
model		: 42
model name	: Intel(R) Core(TM) i3-2310M CPU @ 2.10GHz
stepping	: 7
microcode	: 0x29
cpu MHz		: 2100.000
cache size	: 3072 KB
physical id	: 0
siblings	: 4
core id		: 1
cpu cores	: 2
apicid		: 3
initial apicid	: 3
fpu		: yes
fpu_exception	: yes
cpuid level	: 13
wp		: yes
flags		: fpu vme de pse tsc msr pae mce cx8 apic sep mtrr pge mca cmov pat pse36 clflush dts acpi mmx fxsr sse sse2 ss ht tm pbe syscall nx rdtscp lm constant_tsc arch_perfmon pebs bts rep_good nopl xtopology nonstop_tsc aperfmperf eagerfpu pni pclmulqdq dtes64 monitor ds_cpl vmx est tm2 ssse3 cx16 xtpr pdcm pcid sse4_1 sse4_2 x2apic popcnt tsc_deadline_timer xsave avx lahf_lm epb tpr_shadow vnmi flexpriority ept vpid xsaveopt dtherm arat pln pts
bugs		:
bogomips	: 4194.33
clflush size	: 64
cache_alignment	: 64
address sizes	: 36 bits physical, 48 bits virtual
power management:



Memory: 4k page, physical 8025292k(104348k free), swap 0k(0k free)

vm_info: OpenJDK 64-Bit Server VM (25.76-b03) for linux-amd64 JRE (1.8.0_76-release-b03), built on Jun 29 2016 09:39:19 by "builder" with gcc 4.8.4

time: Sat Nov 19 15:06:31 2016
elapsed time: 0 seconds (0d 0h 0m 0s)

