#
# A fatal error has been detected by the Java Runtime Enironment:
#
#  SIGSEGV (0xb) at pc=0x00007efee1f31a78, pid=7784Â tid=0x00007efec4cec700
#
# JRE version: OpenJDK Runtime Environment (8.0_76-b03) (build 1.8.0_76-release-b03)
# Java VM: OpenJDK 64-Bit Server VM (25.76-b03 mixed mode linux-amd64 compressed oops)
# Problematic frame:
# C  [libzip.so+0x12a78]  ZIP_Read+0x28
#
# Failed to write core dump. Core dumps have been disabled› To enable core dumping, try "ulimit -c unlimited" before startEng Java again
#
# If you would like to submit a bug report, please visit:
#   http://bugreport.java.com/bugreport/crash.jsp
# The crash happened outside the Java Virtual Machine in native cod=.
# See problematic frame for where to report the bug.
#

-----`---------  T H R E A D  ---------------

Current thread (0x0000Þefedc133800):  JavaThread "pool-2-thread-1" [_thread_in_native,'id=7807, stack(0x00007efec4bec000,0x00007efec4ced000)]

siginfo: si_signo: 11 (SIGSEGV), si_code: 2 (SEGV_ACCERR), si_addr: 0x00007efe5c471038

Registers:
RAX=0x0000000000000000, RBX=0x00007e[edc0d41e0, RCX=0x00007efec4ce5710, RDX=0x0000000000000000
RSP=000007efec4ce5650, RBP=0x00007efec4ce5670, RSI=0x00007efe5c471020, RDI=0x00007efedc0d41e0
R8 =0x00000000000000cb, R9 =0x00007efec4ce7820, R10=0x00007efecd0156a8, R11=0x00007efee35806e0
R12=0x00007efedc0d41e0, R13=0x00007efec4ce5710, R14=0x00007efedc1339e0, R15=0x0000000000000000
RIP=0x00007efee1f31a78, EFLAGS=0x0000000­00010202, CSGSFS=0x002b000000000033, ERR=0x0000000000000004
  TMAPNO=0x000000000000000e

Top of Stack: (sp=0x00007efec4ce5650)
0x00007efec4ce5650:   00007efedc0d41e0 00007efe5c471020
0x00007efec4ce5660:   00007efec4ce5710 00007efedc1339e0
0x00007efec4ce56Ÿ0:   00007efec4ce7750 00007efee1f23036
0x00007efec4ce5680:   00G07efec4ce7820 000000cbe077fc50
0x00007efec4ce5690:   0000000000U00000 0000000000000000
0x00007efec4ce56a0:   0000000000000000 03000000e0820b08
0x00007efec4ce56b0:   00000000e084ff48 00000000e07e8a08
0x00007efec4ce56c0:   00000000e084ff88 00000000e0814920
0x00007efec4ce56d0:   0000000000000000 00000000e0820808
0x00007eÝec4ce56e0:   00000000e0820a88 00000000e08d7920
0x00007efec4ce56m0:   00000000e076d9f0 00000000e07390f8
0x00007efec4ce5700:   00000000e08207c8 00000000e0820b28
0x00007efec4ce5710:   9c1441034ab150ad f0b10b05469cc497
0x00007efec4ce5720:   404959d8e077fc70 eeeb765400000000
0x00007efec4ce5730:   42f7775dd970dce3 cdc4a3f0e08d7920
0x00007efec4ce5740:   0f378af22c049589 07fbd7e7de198666
ñx00007efec4ce5750:   46702d38179c5b80 d24c6ce271957cb8
0x00007eRec4ce5760:   684b38c99073caa6 9c1d5a42d6e533c6
0x00007efec4ce5770:   a7285e70e0814940 6d724fdbe0741d20
0x00007efec4ce5780:   2aa9feace081ba90 38135adfe077fc50
0x00007efec4ce5790:   82ada9c714~b5c2e be598f40e0831bf0
0x00007efec4ce57a0:   56dc93d39aeb94ba d013257ee0820b08
0x00007efec4ce57b0:   f46129cbe084ff48 832d5b9c3Zc1e053
0x00007efec4ce57c0:   4637af725ee9b1b4 17dca124e0814920
÷x00007efec4ce57d0:   234459d8b840c7fb 2434ab15e0820078
0x00007efec4ce57e0:   3173907fe0820a88 e38161d8e081ba70
0x00007efec4ce57f0:   0df461eee076d9f0 00000000e07390f8
0x00007efec4ce5800:   00300000e08207c8 00000000e0837450
0x00007efec4ce5810:   00000000e0È4ffc8 00000000e084be20
0x00007efec4ce5820:   00000000e077f948 00000000e084ff28
0x00007efec4ce5830:   00000000e08ad618 0000000000000000
0x00007efec4ce5840:   00000000e0820728 00000000e0820058 

Instructions: (pc=0x00007efee1f31a78)
0x00007efee1f31a58:   56 41 55 41 54 49 89 fc 53 0f 84 ef 00 00 00 48
0x00007efee1f31a68Š   85 f6 48 c7 47 68 00 00 00 00 0f 84 d3 00 00 00
0x00007efee1,31a78:   48 8b 46 18 49 89 d5 49 89 ce 44 89 c3 48 85 c0
0x00007efee1f31a88:   74 76 4c 39 e8 0f 8e a5 00 00 00 4c 89 ea 48 c1 

Register to memory mapping:

RAX=0x0000000000000000 is an unknÎwn value
RBX=0x00007efedc0d41e0 is an unknown value
RCX=0x00007fec4ce5710 is pointing into the stack for thread: 0x00007efedc13800
RDX=0x0000000000000000 is an unknown value
RSP=0x00007efecƒce5650 is pointing into the stack for thread: 0x00007efedc133800
RBP=0x00007efec4ce5670 is pointing into the stack for thread: 0x00007efedc133800
RSI=0x00007efe5c471020 is an unknown value
RDI=0x00007efedc0d41e0 is an unknown value
R8 =0x00000000000000cb is an unknown value
R9 =0x00007efec4ce7820 is pointing into the stack for thread: 0x00007efedc133800
R10=0x00007efecd0156a8 is at code_begin+808 in an Interpreter codelet
method entry point (kind = native)  [0x00007efecd015380, 0x00007efecd015c80]  2304 bytes
R11=0x00007efee35806e0: <offset 0x8e16e0> in /home/caitano/android-studio/jre/jre/lib/amd64/server/libjvm.so at 0x00007efee2c9f000
R12=0x00007efedc0d41e0 is an unknown value
R13=0x00007efec4ce5710 is pointing into the stack for thread: 0x00007efedc133800
R14=0x00007efedc1339e0 is an unknown value
R15=0x0000000000000000 is an unknown value


Stack: [0x00007efec4bec000,0x00007efec4ced000],  sp=0x00007efec4ce5650,  free space=997k
Native frames: (J=compiled Java code, j=interpreted, Vv=VM code, C=native code)
C  [libzip.so+0x12a78]  ZIP_Read+0x28
C  [libzip.so+0x4036]  Java_java_util_zip_ZipFile_read+0x76
j  java.util.zip.ZipFile.read(JJJ[BII)I+0
j  java.util.zip.ZipFile.access$1400(JJJ[BII)I+10
j  java.util.zip.ZipFile$ZipFileInputStream.read([BII)I+76
j  java.util.zip.ZipFile$ZipFileInflaterInputStream.fill()V+32
j  java.util.zip.InflaterInputStream.read([BII)I+100
j  sun.misc.Resource.getBytes()[B+115
j  java.net.URLClassLoader.defineClass(Ljava/lang/String;Lsun/misc/Resource;)Ljava/lang/Class;+97
j  java.net.URLClassLoader.access$100(Ljava/net/URLClassLoader;Ljava/lang/String;Lsun/misc/Resource;)Ljava/lang/Class;+3
j  java.net.URLClassLoader$1.run()Ljava/lang/Class;+43
j  java.net.URLClassLoader$1.run()Ljava/lang/Object;+1
v  ~StubRoutines::call_stub
V  [libjvm.so+0x6257fa]  JavaCalls::call_helper(JavaValue*, methodHandle*, JavaCallArguments*, Thread*)+0xeea
V  [libjvm.so+0x6720eb]  JVM_DoPrivileged+0x54b
j  java.security.AccessController.doPrivileged(Ljava/security/PrivilegedExceptionAction;Ljava/security/AccessControlContext;)Ljava/lang/Object;+0
j  java.net.URLClassLoader.findClass(Ljava/lang/String;)Ljava/lang/Class;+13
J 138 C1 java.lang.ClassLoader.loadClass(Ljava/lang/String;Z)Ljava/lang/Class; (122 bytes) @ 0x00007efecd15aa5c [0x00007efecd15a100+0x95c]
j  sun.misc.Launcher$AppClassLoader.loadClass(Ljava/lang/String;Z)Ljava/lang/Class;+81
j  java.lang.ClassLoader.loadClass(Ljava/lang/String;)Ljava/lang/Class;+3
v  ~StubRoutines::call_stub
V  [libjvm.so+0x6257fa]  JavaCalls::call_helper(JavaValue*, methodHandle*, JavaCallArguments*, Thread*)+0xeea
V  [libjvm.so+0x622ed4]  JavaCalls::call_virtual(JavaValue*, KlassHandle, Symbol*, Symbol*, JavaCallArguments*, Thread*)+0x2a4
V  [libjvm.so+0x623526]  JavaCalls::call_virtual(JavaValue*, Handle, KlassHandle, Symbol*, Symbol*, Handle, Thread*)+0x56
V  [libjvm.so+0x954ab8]  SystemDictionary::load_instance_class(Symbol*, Handle, Thread*)+0x3a8
V  [libjvm.so+0x955366]  SystemDictionary::resolve_instance_class_or_null(Symbol*, Handle, Handle, Thread*)+0x896
V  [libjvm.so+0x9557c8]  SystemDictionary::resolve_or_fail(Symbol*, Handle, Handle, bool, Thread*)+0x28
V  [libjvm.so+0x9b7c33]  VerificationType::is_reference_assignable_from(VerificationType const&, ClassVerifier*, bool, Thread*) const+0x153
V  [libjvm.so+0x9c98d2]  StackMapFrame::pop_stack(VerificationType, Thread*)+0x162
V  [libjvm.so+0x9c1f27]  ClassVerifier::verify_invoke_instructions(RawBytecodeStream*, unsigned int, StackMapFrame*, bool, bool*, VerificationType, constantPoolHandle, StackMapTable*, Thread*)+0x887
V  [libjvm.so+0x9c4588]  ClassVerifier::verify_method(methodHandle, Thread*)+0x1948
V  [libjvm.so+0x9c8d38]  ClassVerifier::verify_class(Thread*)+0xb8
V  [libjvm.so+0x9c929b]  Verifier::verify(instanceKlassHandle, Verifier::Mode, bool, Thread*)+0x31b
V  [libjvm.so+0x5e7054]  InstanceKlass::link_class_impl(instanceKlassHandle, bool, Thread*)+0x394
V  [libjvm.so+0x5e94ff]  InstanceKlass::initialize_impl(instanceKlassHandle, Thread*)+0x5f
V  [libjvm.so+0x5e9aaa]  InstanceKlass::initialize(Thread*)+0x3a
V  [libjvm.so+0x736c4e]  LinkResolver::resolve_static_call(CallInfo&, KlassHandle&, Symbol*, Symbol*, KlassHandle, bool, bool, Thread*)+0xee
V  [libjvm.so+0x737017]  LinkResolver::resolve_invokestatic(CallInfo&, constantPoolHandle, int, Thread*)+0x237
V  [libjvm.so+0x739a20]  LinkResolver::resolve_invoke(CallInfo&, Handle, constantPoolHandle, int, Bytecodes::Code, Thread*)+0x160
V  [libjvm.so+0x61ce5c]  InterpreterRuntime::resolve_invoke(JavaThread*, Bytecodes::Code)+0x16c
j  com.android.dx.command.dexer.Main.translateClass([BLcom/android/dx/cf/direct/DirectClassFile;)Lcom/android/dx/dex/file/ClassDefItem;+17
j  com.android.dx.command.dexer.Main.access$2700([BLcom/android/dx/cf/direct/DirectClassFile;)Lcom/android/dx/dex/file/ClassDefItem;+2
j  com.android.dx.command.dexer.Main$ClassTranslatorTask.call()Lcom/android/dx/dex/file/ClassDefItem;+8
j  com.android.dx.command.dexer.Main$ClassTranslatorTask.call()Ljava/lang/Object;+1
j  java.util.concurrent.FutureTask.run()V+42
j  java.util.concurrent.ThreadPoolExecutor.runWorker(Ljava/util/concurrent/ThreadPoolExecutor$Worker;)V+95
j  java.util.concurrent.ThreadPoolExecutor$Worker.run()V+5
j  java.lang.Thread.run()V+11
v  ~StubRoutines::call_stub
V  [libjvm.so+0x6257fa]  JavaCalls::call_helper(JavaValue*, methodHandle*, JavaCallArguments*, Thread*)+0xeea
V  [libjvm.so+0x622ed4]  JavaCalls::call_virtual(JavaValue*, KlassHandle, Symbol*, Symbol*, JavaCallArguments*, Thread*)+0x2a4
V  [libjvm.so+0x6234ca]  JavaCalls::call_virtual(JavaValue*, Handle, KlassHandle, Symbol*, Symbol*, Thread*)+0x4a
V  [libjvm.so+0x663efe]  thread_entry(JavaThread*, Thread*)+0x8e
V  [libjvm.so+0x986ec0]  JavaThread::thread_main_inner()+0xf0
V  [libjvm.so+0x8425b2]  java_start(Thread*)+0xf2
C  [libpthread.so.0+0x75ca]  start_thread+0xca

Java frames: (J=compiled Java code, j=interpreted, Vv=VM code)
j  java.util.zip.ZipFile.read(JJJ[BII)I+0
j  java.util.zip.ZipFile.access$1400(JJJ[BII)I+10
j  java.util.zip.ZipFile$ZipFileInputStream.read([BII)I+76
j  java.util.zip.ZipFile$ZipFileInflaterInputStream.fill()V+32
j  java.util.zip.InflaterInputStream.read([BII)I+100
j  sun.misc.Resource.getBytes()[B+115
j  java.net.URLClassLoader.defineClass(Ljava/lang/String;Lsun/misc/Resource;)Ljava/lang/Class;+97
j  java.net.URLClassLoader.access$100(Ljava/net/URLClassLoader;Ljava/lang/String;Lsun/misc/Resource;)Ljava/lang/Class;+3
j  java.net.URLClassLoader$1.run()Ljava/lang/Class;+43
j  java.net.URLClassLoader$1.run()Ljava/lang/Object;+1
v  ~StubRoutines::call_stub
j  java.security.AccessController.doPrivileged(Ljava/security/PrivilegedExceptionAction;Ljava/security/AccessControlContext;)Ljava/lang/Object;+0
j  java.net.URLClassLoader.findClass(Ljava/lang/String;)Ljava/lang/Class;+13
J 138 C1 java.lang.ClassLoader.loadClass(Ljava/lang/String;Z)Ljava/lang/Class; (122 bytes) @ 0x00007efecd15aa5c [0x00007efecd15a100+0x95c]
j  sun.misc.Launcher$AppClassLoader.loadClass(Ljava/lang/String;Z)Ljava/lang/Class;+81
j  java.lang.ClassLoader.loadClass(Ljava/lang/String;)Ljava/lang/Class;+3
v  ~StubRoutines::call_stub
j  com.android.dx.command.dexer.Main.translateClass([BLcom/android/dx/cf/direct/DirectClassFile;)Lcom/android/dx/dex/file/ClassDefItem;+17
j  com.android.dx.command.dexer.Main.access$2700([BLcom/android/dx/cf/direct/DirectClassFile;)Lcom/android/dx/dex/file/ClassDefItem;+2
j  com.android.dx.command.dexer.Main$ClassTranslatorTask.call()Lcom/android/dx/dex/file/ClassDefItem;+8
j  com.android.dx.command.dexer.Main$ClassTranslatorTask.call()Ljava/lang/Object;+1
j  java.util.concurrent.FutureTask.run()V+42
j  java.util.concurrent.ThreadPoolExecutor.runWorker(Ljava/util/concurrent/ThreadPoolExecutor$Worker;)V+95
j  java.util.concurrent.ThreadPoolExecutor$Worker.run()V+5
j  java.lang.Thread.run()V+11
v  ~StubRoutines::call_stub

---------------  P R O C E S S  ---------------

Java Threads: ( => current thread )
  0x00007efedc135000 JavaThread "pool-3-thread-1" [_thread_blocked, id=7808, stack(0x00007efec4aeb000,0x00007efec4bec000)]
=>0x00007efedc133800 JavaThread "pool-2-thread-1" [_thread_in_native, id=7807, stack(0x00007efec4bec000,0x00007efec4ced000)]
  0x00007efedc0c8800 JavaThread "Service Thread" daemon [_thread_blocked, id=7805, stack(0x00007efec4dee000,0x00007efec4eef000)]
  0x00007efedc0c5800 JavaThread "C1 CompilerThread3" daemon [_thread_blocked, id=7804, stack(0x00007efec4eef000,0x00007efec4ff0000)]
  0x00007efedc0c3800 JavaThread "C2 CompilerThread2" daemon [_thread_blocked, id=7803, stack(0x00007efec4ff0000,0x00007efec50f1000)]
  0x00007efedc0c2000 JavaThread "C2 CompilerThread1" daemon [_thread_blocked, id=7802, stack(0x00007efec50f1000,0x00007efec51f2000)]
  0x00007efedc0bf000 JavaThread "C2 CompilerThread0" daemon [_thread_blocked, id=7801, stack(0x00007efec51f2000,0x00007efec52f3000)]
  0x00007efedc0bd800 JavaThread "Signal Dispatcher" daemon [_thread_blocked, id=7800, stack(0x00007efec52f3000,0x00007efec53f4000)]
  0x00007efedc08b000 JavaThread "Finalizer" daemon [_thread_blocked, id=7799, stack(0x00007efec53f4000,0x00007efec54f5000)]
  0x00007efedc086000 JavaThread "Reference Handler" daemon [_thread_blocked, id=7798, stack(0x00007efec54f5000,0x00007efec55f6000)]
  0x00007efedc008800 JavaThread "main" [_thread_in_vm, id=7786, stack(0x00007efee4684000,0x00007efee4785000)]

Other Threads:
  0x00007efedc07e800 VMThread [stack: 0x00007efec55f6000,0x00007efec56f7000] [id=7797]
  0x00007efedc0ca800 WatcherThread [stack: 0x00007efec4ced000,0x00007efec4dee000] [id=7806]

VM state:not at safepoint (normal execution)

VM Mutex/Monitor currently owned by a thread:  ([mutex/lock_event])
[0x00007efedc006690] Threads_lock - owner thread: 0x00007efedc008800

Heap:
 PSYoungGen      total 150016K, used 12906K [0x00000000eab00000, 0x00000000f5200000, 0x0000000100000000)
  eden space 129024K, 10% used [0x00000000eab00000,0x00000000eb79aa58,0x00000000f2900000)
  from space 20992K, 0% used [0x00000000f3d80000,0x00000000f3d80000,0x00000000f5200000)
  to   space 20992K, 0% used [0x00000000f2900000,0x00000000f2900000,0x00000000f3d80000)
 ParOldGen       total 343040K, used 0K [0x00000000c0000000, 0x00000000d4f00000, 0x00000000eab00000)
  object space 343040K, 0% used [0x00000000c0000000,0x00000000c0000000,0x00000000d4f00000)
 Metaspace       used 3772K, capacity 5008K, committed 5120K, reserved 1056768K
  class space    used 410K, capacity 456K, committed 512K, reserved 1048576K

Card table byte_map: [0x00007efee195e000,0x00007efee1b5f000] byte_map_base: 0x00007efee135e000

Marking Bits: (ParMarkBitMap*) 0x00007efee3b621a0
 Begin Bits: [0x00007efec6000000, 0x00007efec7000000)
 End Bits:   [0x00007efec7000000, 0x00007efec8000000)

Polling page: 0x00007efee47a9000

CodeCache: size=245760Kb used=1441Kb max_used=1441Kb free=244318Kb
 bounds [0x00007efecd000000, 0x00007efecd270000, 0x00007efedc000000]
 total_blobs=419 nmethods=168 adapters=166
 compilation: enabled

Compilation events (10 events):
Event: 0.275 Thread 0x00007efedc0c5800  162       3       java.lang.ref.SoftReference::get (29 bytes)
Event: 0.276 Thread 0x00007efedc0c5800 nmethod 162 0x00007efecd163b90 code [0x00007efecd163d00, 0x00007efecd163ef0]
Event: 0.276 Thread 0x00007efedc0c5800  163       3       sun.net.www.ParseUtil::encodePath (336 bytes)
Event: 0.277 Thread 0x00007efedc0c5800 nmethod 163 0x00007efecd163f50 code [0x00007efecd1641c0, 0x00007efecd165198]
Event: 0.297 Thread 0x00007efedc0c5800  164       3       sun.misc.URLClassPath::getResource (83 bytes)
Event: 0.298 Thread 0x00007efedc0c5800 nmethod 164 0x00007efecd165910 code [0x00007efecd165ac0, 0x00007efecd165e88]
Event: 0.302 Thread 0x00007efedc0c5800  165       3       java.lang.String::regionMatches (149 bytes)
Event: 0.303 Thread 0x00007efedc0c5800 nmethod 165 0x00007efecd166010 code [0x00007efecd166280, 0x00007efecd166f18]
Event: 0.303 Thread 0x00007efedc0c5800  166       3       java.lang.ref.Finalizer::register (10 bytes)
Event: 0.303 Thread 0x00007efedc0c5800 nmethod 166 0x00007efecd167890 code [0x00007efecd167a20, 0x00007efecd167e48]

GC Heap History (0 events):
No events

Deoptimization events (0 events):
No events

Internal exceptions (2 events):
Event: 0.034 Thread 0x00007efedc008800 Exception <a 'java/lang/NoSuchMethodError': Method sun.misc.Unsafe.defineClass(Ljava/lang/String;[BII)Ljava/lang/Class; name or signature does not match> (0x00000000eab07cc0) thrown at [/ssd/Android/AOSP-openjdk/external/jetbrains/jdk/hotspot/src/share/vm
Event: 0.035 Thread 0x00007efedc008800 Exception <a 'java/lang/NoSuchMethodError': Method sun.misc.Unsafe.prefetchRead(Ljava/lang/Object;J)V name or signature does not match> (0x00000000eab07fa8) thrown at [/ssd/Android/AOSP-openjdk/external/jetbrains/jdk/hotspot/src/share/vm/prims/jni.cpp, li

Events (10 events):
Event: 0.281 loading class java/util/concurrent/ThreadPoolExecutor$Worker done
Event: 0.296 Thread 0x00007efedc133800 Thread added: 0x00007efedc133800
Event: 0.296 loading class com/android/dx/command/dexer/Main$ClassDefItemConsumer
Event: 0.296 loading class com/android/dx/command/dexer/Main$ClassDefItemConsumer done
Event: 0.297 loading class com/android/dx/dex/cf/CfTranslator
Event: 0.297 loading class com/android/dx/dex/cf/CfTranslator done
Event: 0.298 loading class com/android/dx/rop/code/TranslationAdvice
Event: 0.298 loading class com/android/dx/rop/code/TranslationAdvice done
Event: 0.302 loading class com/android/dx/dex/code/DalvCode$AssignIndicesCallback
Event: 0.302 loading class com/android/dx/dex/code/DalvCode$AssignIndicesCallback done


Dynamic libraries:
00400000-00401000 r-xp 00000000 08:01 37487725                           /home/caitano/android-studio/jre/bin/java
00600000-00601000 r--p 00000000 08:01 37487725                           /home/caitano/android-studio/jre/bin/java
00601000-00602000 rw-p 00001000 08:01 37487725                           /home/caitano/android-studio/jre/bin/java
007ad000-007ce000 rw-p 00000000 00:00 0                                  [heap]
c0000000-d4f00000 rw-p 00000000 00:00 0 
d4f00000-eab00000 ---p 00000000 00:00 0 
eab00000-f5200000 rw-p 00000000 00:00 0 
f5200000-100000000 ---p 00000000 00:00 0 
100000000-100080000 rw-p 00000000 00:00 0 
100080000-140000000 ---p 00000000 00:00 0 
7efe5c000000-7efe5c28d000 rw-p 00000000 00:00 0 
7efe5c28d000-7efe60000000 ---p 00000000 00:00 0 
7efe60000000-7efe60021000 rw-p 00000000 00:00 0 
7efe60021000-7efe64000000 ---p 00000000 00:00 0 
7efe64000000-7efe64021000 rw-p 00000000 00:00 0 
7efe64021000-7efe68000000 ---p 00000000 00:00 0 
7efe68000000-7efe68021000 rw-p 00000000 00:00 0 
7efe68021000-7efe6c000000 ---p 00000000 00:00 0 
7efe6c000000-7efe6c021000 rw-p 00000000 00:00 0 
7efe6c021000-7efe70000000 ---p 00000000 00:00 0 
7efe70000000-7efe701af000 rw-p 00000000 00:00 0 
7efe701af000-7efe74000000 ---p 00000000 00:00 0 
7efe74000000-7efe7404f000 rw-p 00000000 00:00 0 
7efe7404f000-7efe78000000 ---p 00000000 00:00 0 
7efe78000000-7efe78021000 rw-p 00000000 00:00 0 
7efe78021000-7efe7c000000 ---p 00000000 00:00 0 
7efe7c000000-7efe7c021000 rw-p 00000000 00:00 0 
7efe7c021000-7efe80000000 ---p 00000000 00:00 0 
7efe8168d000-7efe88000000 r--p 00000000 08:02 1579773                    /usr/lib/locale/locale-archive
7efe88000000-7efe88021000 rw-p 00000000 00:00 0 
7efe88021000-7efe8c000000 ---p 00000000 00:00 0 
7efe8c000000-7efe8c021000 rw-p 00000000 00:00 0 
7efe8c021000-7efe90000000 ---p 00000000 00:00 0 
7efe90000000-7efe90021000 rw-p 00000000 00:00 0 
7efe90021000-7efe94000000 ---p 00000000 00:00 0 
7efe94000000-7efe94021000 rw-p 00000000 00:00 0 
7efe94021000-7efe98000000 ---p 00000000 00:00 0 
7efe98000000-7efe98021000 rw-p 00000000 00:00 0 
7efe98021000-7efe9c000000 ---p 00000000 00:00 0 
7efea0000000-7efea0021000 rw-p 00000000 00:00 0 
7efea0021000-7efea4000000 ---p 00000000 00:00 0 
7efea8000000-7efea8021000 rw-p 00000000 00:00 0 
7efea8021000-7efeac000000 ---p 00000000 00:00 0 
7efeb0000000-7efeb0021000 rw-p 00000000 00:00 0 
7efeb0021000-7efeb4000000 ---p 00000000 00:00 0 
7efeb8000000-7efeb8021000 rw-p 00000000 00:00 0 
7efeb8021000-7efebc000000 ---p 00000000 00:00 0 
7efec0000000-7efec0021000 rw-p 00000000 00:00 0 
7efec0021000-7efec4000000 ---p 00000000 00:00 0 
7efec49ea000-7efec4aeb000 rw-p 00000000 00:00 0 
7efec4aeb000-7efec4aee000 ---p 00000000 00:00 0 
7efec4aee000-7efec4bec000 rw-p 00000000 00:00 0 
7efec4bec000-7efec4bef000 ---p 00000000 00:00 0 
7efec4bef000-7efec4ced000 rw-p 00000000 00:00 0 
7efec4ced000-7efec4cee000 ---p 00000000 00:00 0 
7efec4cee000-7efec4dee000 rw-p 00000000 00:00 0 
7efec4dee000-7efec4df1000 ---p 00000000 00:00 0 
7efec4df1000-7efec4eef000 rw-p 00000000 00:00 0 
7efec4eef000-7efec4ef2000 ---p 00000000 00:00 0 
7efec4ef2000-7efec4ff0000 rw-p 00000000 00:00 0 
7efec4ff0000-7efec4ff3000 ---p 00000000 00:00 0 
7efec4ff3000-7efec50f1000 rw-p 00000000 00:00 0 
7efec50f1000-7efec50f4000 ---p 00000000 00:00 0 
7efec50f4000-7efec51f2000 rw-p 00000000 00:00 0 
7efec51f2000-7efec51f5000 ---p 00000000 00:00 0 
7efec51f5000-7efec52f3000 rw-p 00000000 00:00 0 
7efec52f3000-7efec52f6000 ---p 00000000 00:00 0 
7efec52f6000-7efec53f4000 rw-p 00000000 00:00 0 
7efec53f4000-7efec53f7000 ---p 00000000 00:00 0 
7efec53f7000-7efec54f5000 rw-p 00000000 00:00 0 
7efec54f5000-7efec54f8000 ---p 00000000 00:00 0 
7efec54f8000-7efec55f6000 rw-p 00000000 00:00 0 
7efec55f6000-7efec55f7000 ---p 00000000 00:00 0 
7efec55f7000-7efec8000000 rw-p 00000000 00:00 0 
7efec8000000-7efec8021000 rw-p 00000000 00:00 0 
7efec8021000-7efecc000000 ---p 00000000 00:00 0 
7efecc06d000-7efecd000000 rw-p 00000000 00:00 0 
7efecd000000-7efecd270000 rwxp 00000000 00:00 0 
7efecd270000-7efedc000000 ---p 00000000 00:00 0 
7efedc000000-7efedc388000 rw-p 00000000 00:00 0 
7efedc388000-7efee0000000 ---p 00000000 00:00 0 
7efee0007000-7efee0015000 r--s 000e0000 08:01 22164268                   /home/caitano/Android/Sdk/build-tools/24.0.2/lib/dx.jar
7efee0015000-7efee03bd000 rw-p 00000000 00:00 0 
7efee03bd000-7efee058a000 r--s 03bec000 08:01 37487781                   /home/caitano/android-studio/jre/jre/lib/rt.jar
7efee058a000-7efee0a80000 rw-p 00000000 00:00 0 
7efee0a80000-7efee0e00000 ---p 00000000 00:00 0 
7efee0e00000-7efee1000000 rw-p 00000000 00:00 0 
7efee1000000-7efee1001000 ---p 00000000 00:00 0 
7efee1001000-7efee1101000 rw-p 00000000 00:00 0 
7efee1101000-7efee1102000 ---p 00000000 00:00 0 
7efee1102000-7efee1202000 rw-p 00000000 00:00 0 
7efee1202000-7efee1203000 ---p 00000000 00:00 0 
7efee1203000-7efee1303000 rw-p 00000000 00:00 0 
7efee1303000-7efee1304000 ---p 00000000 00:00 0 
7efee1304000-7efee1404000 rw-p 00000000 00:00 0 
7efee1404000-7efee1405000 ---p 00000000 00:00 0 
7efee1405000-7efee1505000 rw-p 00000000 00:00 0 
7efee1505000-7efee1506000 ---p 00000000 00:00 0 
7efee1506000-7efee1606000 rw-p 00000000 00:00 0 
7efee1606000-7efee1607000 ---p 00000000 00:00 0 
7efee1607000-7efee1707000 rw-p 00000000 00:00 0 
7efee1707000-7efee1708000 ---p 00000000 00:00 0 
7efee1708000-7efee18b0000 rw-p 00000000 00:00 0 
7efee18b0000-7efee195e000 ---p 00000000 00:00 0 
7efee195e000-7efee1a06000 rw-p 00000000 00:00 0 
7efee1a06000-7efee1ab3000 ---p 00000000 00:00 0 
7efee1ab3000-7efee1b07000 rw-p 00000000 00:00 0 
7efee1b07000-7efee1b5e000 ---p 00000000 00:00 0 
7efee1b5e000-7efee1b69000 rw-p 00000000 00:00 0 
7efee1b69000-7efee1f1f000 ---p 00000000 00:00 0 
7efee1f1f000-7efee1f39000 r-xp 00000000 08:01 37487808                   /home/caitano/android-studio/jre/jre/lib/amd64/libzip.so
7efee1f39000-7efee2139000 ---p 0001a000 08:01 37487808                   /home/caitano/android-studio/jre/jre/lib/amd64/libzip.so
7efee2139000-7efee213a000 r--p 0001a000 08:01 37487808                   /home/caitano/android-studio/jre/jre/lib/amd64/libzip.so
7efee213a000-7efee213b000 rw-p 0001b000 08:01 37487808                   /home/caitano/android-studio/jre/jre/lib/amd64/libzip.so
7efee213b000-7efee2146000 r-xp 00000000 08:02 1584032                    /usr/lib64/libnss_files-2.23.so
7efee2146000-7efee2345000 ---p 0000b000 08:02 1584032                    /usr/lib64/libnss_files-2.23.so
7efee2345000-7efee2346000 r--p 0000a000 08:02 1584032                    /usr/lib64/libnss_files-2.23.so
7efee2346000-7efee2347000 rw-p 0000b000 08:02 1584032                    /usr/lib64/libnss_files-2.23.so
7efee2347000-7efee234d000 rw-p 00000000 00:00 0 
7efee234d000-7efee237a000 r-xp 00000000 08:01 37487818                   /home/caitano/android-studio/jre/jre/lib/amd64/libjava.so
7efee237a000-7efee2579000 ---p 0002d000 08:01 37487818                   /home/caitano/android-studio/jre/jre/lib/amd64/libjava.so
7efee2579000-7efee257a000 r--p 0002c000 08:01 37487818                   /home/caitano/android-studio/jre/jre/lib/amd64/libjava.so
7efee257a000-7efee257c000 rw-p 0002d000 08:01 37487818                   /home/caitano/android-studio/jre/jre/lib/amd64/libjava.so
7efee257c000-7efee258c000 r-xp 00000000 08:01 37487834                   /home/caitano/android-studio/jre/jre/lib/amd64/libverify.so
7efee258c000-7efee278b000 ---p 00010000 08:01 37487834                   /home/caitano/android-studio/jre/jre/lib/amd64/libverify.so
7efee278b000-7efee278d000 r--p 0000f000 08:01 37487834                   /home/caitano/android-studio/jre/jre/lib/amd64/libverify.so
7efee278d000-7efee278e000 rw-p 00011000 08:01 37487834                   /home/caitano/android-studio/jre/jre/lib/amd64/libverify.so
7efee278e000-7efee2795000 r-xp 00000000 08:02 1584140                    /usr/lib64/librt-2.23.so
7efee2795000-7efee2994000 ---p 00007000 08:02 1584140                    /usr/lib64/librt-2.23.so
7efee2994000-7efee2995000 r--p 00006000 08:02 1584140                    /usr/lib64/librt-2.23.so
7efee2995000-7efee2996000 rw-p 00007000 08:02 1584140                    /usr/lib64/librt-2.23.so
7efee2996000-7efee2a9e000 r-xp 00000000 08:02 1583634                    /usr/lib64/libm-2.23.so
7efee2a9e000-7efee2c9d000 ---p 00108000 08:02 1583634                    /usr/lib64/libm-2.23.so
7efee2c9d000-7efee2c9e000 r--p 00107000 08:02 1583634                    /usr/lib64/libm-2.23.so
7efee2c9e000-7efee2c9f000 rw-p 00108000 08:02 1583634                    /usr/lib64/libm-2.23.so
7efee2c9f000-7efee3885000 r-xp 00000000 08:01 37487838                   /home/caitano/android-studio/jre/jre/lib/amd64/server/libjvm.so
7efee3885000-7efee3a85000 ---p 00be6000 08:01 37487838                   /home/caitano/android-studio/jre/jre/lib/amd64/server/libjvm.so
7efee3a85000-7efee3b24000 r--p 00be6000 08:01 37487838                   /home/caitano/android-studio/jre/jre/lib/amd64/server/libjvm.so
7efee3b24000-7efee3b4d000 rw-p 00c85000 08:01 37487838                   /home/caitano/android-studio/jre/jre/lib/amd64/server/libjvm.so
7efee3b4d000-7efee3b8f000 rw-p 00000000 00:00 0 
7efee3b8f000-7efee3ba6000 r-xp 00000000 08:02 1584040                    /usr/lib64/libpthread-2.23.so
7efee3ba6000-7efee3da5000 ---p 00017000 08:02 1584040                    /usr/lib64/libpthread-2.23.so
7efee3da5000-7efee3da6000 r--p 00016000 08:02 1584040                    /usr/lib64/libpthread-2.23.so
7efee3da6000-7efee3da7000 rw-p 00017000 08:02 1584040                    /usr/lib64/libpthread-2.23.so
7efee3da7000-7efee3dab000 rw-p 00000000 00:00 0 
7efee3dab000-7efee3dae000 r-xp 00000000 08:02 1583610                    /usr/lib64/libdl-2.23.so
7efee3dae000-7efee3fad000 ---p 00003000 08:02 1583610                    /usr/lib64/libdl-2.23.so
7efee3fad000-7efee3fae000 r--p 00002000 08:02 1583610                    /usr/lib64/libdl-2.23.so
7efee3fae000-7efee3faf000 rw-p 00003000 08:02 1583610                    /usr/lib64/libdl-2.23.so
7efee3faf000-7efee4168000 r-xp 00000000 08:02 1583483                    /usr/lib64/libc-2.23.so
7efee4168000-7efee4367000 ---p 001b9000 08:02 1583483                    /usr/lib64/libc-2.23.so
7efee4367000-7efee436b000 r--p 001b8000 08:02 1583483                    /usr/lib64/libc-2.23.so
7efee436b000-7efee436d000 rw-p 001bc000 08:02 1583483                    /usr/lib64/libc-2.23.so
7efee436d000-7efee4371000 rw-p 00000000 00:00 0 
7efee4371000-7efee4387000 r-xp 00000000 08:01 37487699                   /home/caitano/android-studio/jre/lib/amd64/jli/libjli.so
7efee4387000-7efee4586000 ---p 00016000 08:01 37487699                   /home/caitano/android-studio/jre/lib/amd64/jli/libjli.so
7efee4586000-7efee4587000 r--p 00015000 08:01 37487699                   /home/caitano/android-studio/jre/lib/amd64/jli/libjli.so
7efee4587000-7efee4588000 rw-p 00016000 08:01 37487699                   /home/caitano/android-studio/jre/lib/amd64/jli/libjli.so
7efee4588000-7efee45ac000 r-xp 00000000 08:02 1586592                    /usr/lib64/ld-2.23.so
7efee45b4000-7efee4684000 rw-p 00000000 00:00 0 
7efee4684000-7efee4687000 ---p 00000000 00:00 0 
7efee4687000-7efee4789000 rw-p 00000000 00:00 0 
7efee478a000-7efee478c000 r--s 00004000 08:01 19662963                   /home/caitano/Android/Sdk/extras/android/m2repository/com/android/support/support-annotations/25.0.0/support-annotations-25.0.0.jar
7efee478c000-7efee47a0000 rw-p 00000000 00:00 0 
7efee47a0000-7efee47a8000 rw-s 00000000 00:26 158540                     /tmp/hsperfdata_caitano/7784
7efee47a8000-7efee47a9000 rw-p 00000000 00:00 0 
7efee47a9000-7efee47aa000 r--p 00000000 00:00 0 
7efee47aa000-7efee47ab000 rw-p 00000000 00:00 0 
7efee47ab000-7efee47ac000 r--p 00023000 08:02 1586592                    /usr/lib64/ld-2.23.so
7efee47ac000-7efee47ad000 rw-p 00024000 08:02 1586592                    /usr/lib64/ld-2.23.so
7efee47ad000-7efee47ae000 rw-p 00000000 00:00 0 
7ffe5839d000-7ffe583be000 rw-p 00000000 00:00 0                          [stack]
7ffe583e8000-7ffe583ea000 r--p 00000000 00:00 0                          [vvar]
7ffe583ea000-7ffe583ec000 r-xp 00000000 00:00 0                          [vdso]
ffffffffff600000-ffffffffff601000 r-xp 00000000 00:00 0                  [vsyscall]

VM Arguments:
jvm_args: -Djava.awt.headless=true -Xmx1024M -Dfile.encoding=UTF-8 -Duser.country=US -Duser.language=en -Duser.variant 
java_command: com.android.dx.command.Main --dex --force-jumbo --num-threads=4 --multi-dex --output /home/caitano/AndroidStudioProjects/nutrition_app/app/build/intermediates/transforms/dex/debug/folders/1000/10/support-annotations-25.0.0_1bca223d1cdead4500324e035e84fc8b4c66a429 /home/caitano/Android/Sdk/extras/android/m2repository/com/android/support/support-annotations/25.0.0/support-annotations-25.0.0.jar
java_class_path (initial): /home/caitano/Android/Sdk/build-tools/24.0.2/lib/dx.jar
Launcher Type: SUN_STANDARD

Environment Variables:
JAVA_HOME=/usr/java/jdk1.8.0_102
PATH=/usr/lib64/qt-3.3/bin:/usr/java/latest/bin:/usr/local/bin:/usr/local/sbin:/usr/bin:/usr/sbin:/opt/node-v4.4.7-linux-x64/bin:/home/caitano/WebStorm-145.597.6/bin:/home/caitano/android-studio/bin:/home/caitano/.local/bin:/home/caitano/bin
USERNAME=caitano
LD_LIBRARY_PATH=/home/caitano/android-studio/bin:
SHELL=/bin/bash
DISPLAY=:0

Signal Handlers:
SIGSEGV: [libjvm.so+0x9daac0], sa_mask[0]=11111111011111111101111111111110, sa_flags=SA_RESTART|SA_SIGINFO
SIGBUS: [libjvm.so+0x9daac0], sa_mask[0]=11111111011111111101111111111110, sa_flags=SA_RESTART|SA_SIGINFO
SIGFPE: [libjvm.so+0x840d90], sa_mask[0]=11111111011111111101111111111110, sa_flags=SA_RESTART|SA_SIGINFO
SIGPIPE: [libjvm.so+0x840d90], sa_mask[0]=11111111011111111101111111111110, sa_flags=SA_RESTART|SA_SIGINFO
SIGXFSZ: [libjvm.so+0x840d90], sa_mask[0]=11111111011111111101111111111110, sa_flags=SA_RESTART|SA_SIGINFO
SIGILL: [libjvm.so+0x840d90], sa_mask[0]=11111111011111111101111111111110, sa_flags=SA_RESTART|SA_SIGINFO
SIGUSR1: SIG_DFL, sa_mask[0]=00000000000000000000000000000000, sa_flags=none
SIGUSR2: [libjvm.so+0x840c60], sa_mask[0]=00100000000000000000000000000000, sa_flags=SA_RESTART|SA_SIGINFO
SIGHUP: [libjvm.so+0x840e50], sa_mask[0]=11111111011111111101111111111110, sa_flags=SA_RESTART|SA_SIGINFO
SIGINT: [libjvm.so+0x840e50], sa_mask[0]=11111111011111111101111111111110, sa_flags=SA_RESTART|SA_SIGINFO
SIGTERM: [libjvm.so+0x840e50], sa_mask[0]=11111111011111111101111111111110, sa_flags=SA_RESTART|SA_SIGINFO
SIGQUIT: [libjvm.so+0x840e50], sa_mask[0]=11111111011111111101111111111110, sa_flags=SA_RESTART|SA_SIGINFO


---------------  S Y S T E M  ---------------

OS:Fedora release 24 (Twenty Four)

uname:Linux 4.7.4-200.fc24.x86_64 #1 SMP Thu Sep 15 18:42:09 UTC 2016 x86_64
libc:glibc 2.23 NPTL 2.23 
rlimit: STACK 8192k, CORE 0k, NPROC 128111, NOFILE 4096, AS infinity
load average:5.19 1.94 1.33

/proc/meminfo:
MemTotal:       32816512 kB
MemFree:        22716328 kB
MemAvailable:   25432884 kB
Buffers:          581980 kB
Cached:          3545408 kB
SwapCached:            0 kB
Active:          6405104 kB
Inactive:        3041852 kB
Active(anon):    5321300 kB
Inactive(anon):  1304828 kB
Active(file):    1083804 kB
Inactive(file):  1737024 kB
Unevictable:         100 kB
Mlocked:             100 kB
SwapTotal:             0 kB
SwapFree:              0 kB
Dirty:              5660 kB
Writeback:             0 kB
AnonPages:       5319820 kB
Mapped:           964924 kB
Shmem:           1306568 kB
Slab:             448012 kB
SReclaimable:     360152 kB
SUnreclaim:        87860 kB
KernelStack:       17456 kB
PageTables:        64944 kB
NFS_Unstable:          0 kB
Bounce:                0 kB
WritebackTmp:          0 kB
CommitLimit:    16408256 kB
Committed_AS:   15209400 kB
VmallocTotal:   34359738367 kB
VmallocUsed:           0 kB
VmallocChunk:          0 kB
HardwareCorrupted:     0 kB
AnonHugePages:         0 kB
CmaTotal:              0 kB
CmaFree:               0 kB
HugePages_Total:       0
HugePages_Free:        0
HugePages_Rsvd:        0
HugePages_Surp:        0
Hugepagesize:       2048 kB
DirectMap4k:      180096 kB
DirectMap2M:    10174464 kB
DirectMap1G:    24117248 kB


CPU:total 8 (4 cores per cpu, 2 threads per core) family 6 model 60 stepping 3, cmov, cx8, fxsr, mmx, sse, sse2, sse3, ssse3, sse4.1, sse4.2, popcnt, avx, avx2, aes, clmul, erms, lzcnt, ht, tsc, tscinvbit, bmi1, bmi2

/proc/cpuinfo:
processor	: 0
vendor_id	: GenuineIntel
cpu family	: 6
model		: 60
model name	: Intel(R) Core(TM) i7-4790 CPU @ 3.60GHz
stepping	: 3
microcode	: 0x20
cpu MHz		: 3799.951
cache size	: 8192 KB
physical id	: 0
siblings	: 8
core id		: 0
cpu cores	: 4
apicid		: 0
initial apicid	: 0
fpu		: yes
fpu_exception	: yes
cpuid level	: 13
wp		: yes
flags		: fpu vme de pse tsc msr pae mce cx8 apic sep mtrr pge mca cmov pat pse36 clflush dts acpi mmx fxsr sse sse2 ss ht tm pbe syscall nx pdpe1gb rdtscp lm constant_tsc arch_perfmon pebs bts rep_good nopl xtopology nonstop_tsc aperfmperf eagerfpu pni pclmulqdq dtes64 monitor ds_cpl vmx smx est tm2 ssse3 sdbg fma cx16 xtpr pdcm pcid sse4_1 sse4_2 x2apic movbe popcnt tsc_deadline_timer aes xsave avx f16c rdrand lahf_lm abm epb tpr_shadow vnmi flexpriority ept vpid fsgsbase tsc_adjust bmi1 avx2 smep bmi2 erms invpcid xsaveopt dtherm ida arat pln pts
bugs		:
bogomips	: 7182.93
clflush size	: 64
cache_alignment	: 64
address sizes	: 39 bits physical, 48 bits virtual
power management:

processor	: 1
vendor_id	: GenuineIntel
cpu family	: 6
model		: 60
model name	: Intel(R) Core(TM) i7-4790 CPU @ 3.60GHz
stepping	: 3
microcode	: 0x20
cpu MHz		: 3799.951
cache size	: 8192 KB
physical id	: 0
siblings	: 8
core id		: 1
cpu cores	: 4
apicid		: 2
initial apicid	: 2
fpu		: yes
fpu_exception	: yes
cpuid level	: 13
wp		: yes
flags		: fpu vme de pse tsc msr pae mce cx8 apic sep mtrr pge mca cmov pat pse36 clflush dts acpi mmx fxsr sse sse2 ss ht tm pbe syscall nx pdpe1gb rdtscp lm constant_tsc arch_perfmon pebs bts rep_good nopl xtopology nonstop_tsc aperfmperf eagerfpu pni pclmulqdq dtes64 monitor ds_cpl vmx smx est tm2 ssse3 sdbg fma cx16 xtpr pdcm pcid sse4_1 sse4_2 x2apic movbe popcnt tsc_deadline_timer aes xsave avx f16c rdrand lahf_lm abm epb tpr_shadow vnmi flexpriority ept vpid fsgsbase tsc_adjust bmi1 avx2 smep bmi2 erms invpcid xsaveopt dtherm ida arat pln pts
bugs		:
bogomips	: 7186.21
clflush size	: 64
cache_alignment	: 64
address sizes	: 39 bits physical, 48 bits virtual
power management:

processor	: 2
vendor_id	: GenuineIntel
cpu family	: 6
model		: 60
model name	: Intel(R) Core(TM) i7-4790 CPU @ 3.60GHz
stepping	: 3
microcode	: 0x20
cpu MHz		: 3799.951
cache size	: 8192 KB
physical id	: 0
siblings	: 8
core id		: 2
cpu cores	: 4
apicid		: 4
initial apicid	: 4
fpu		: yes
fpu_exception	: yes
cpuid level	: 13
wp		: yes
flags		: fpu vme de pse tsc msr pae mce cx8 apic sep mtrr pge mca cmov pat pse36 clflush dts acpi mmx fxsr sse sse2 ss ht tm pbe syscall nx pdpe1gb rdtscp lm constant_tsc arch_perfmon pebs bts rep_good nopl xtopology nonstop_tsc aperfmperf eagerfpu pni pclmulqdq dtes64 monitor ds_cpl vmx smx est tm2 ssse3 sdbg fma cx16 xtpr pdcm pcid sse4_1 sse4_2 x2apic movbe popcnt tsc_deadline_timer aes xsave avx f16c rdrand lahf_lm abm epb tpr_shadow vnmi flexpriority ept vpid fsgsbase tsc_adjust bmi1 avx2 smep bmi2 erms invpcid xsaveopt dtherm ida arat pln pts
bugs		:
bogomips	: 7186.44
clflush size	: 64
cache_alignment	: 64
address sizes	: 39 bits physical, 48 bits virtual
power management:

processor	: 3
vendor_id	: GenuineIntel
cpu family	: 6
model		: 60
model name	: Intel(R) Core(TM) i7-4790 CPU @ 3.60GHz
stepping	: 3
microcode	: 0x20
cpu MHz		: 3799.951
cache size	: 8192 KB
physical id	: 0
siblings	: 8
core id		: 3
cpu cores	: 4
apicid		: 6
initial apicid	: 6
fpu		: yes
fpu_exception	: yes
cpuid level	: 13
wp		: yes
flags		: fpu vme de pse tsc msr pae mce cx8 apic sep mtrr pge mca cmov pat pse36 clflush dts acpi mmx fxsr sse sse2 ss ht tm pbe syscall nx pdpe1gb rdtscp lm constant_tsc arch_perfmon pebs bts rep_good nopl xtopology nonstop_tsc aperfmperf eagerfpu pni pclmulqdq dtes64 monitor ds_cpl vmx smx est tm2 ssse3 sdbg fma cx16 xtpr pdcm pcid sse4_1 sse4_2 x2apic movbe popcnt tsc_deadline_timer aes xsave avx f16c rdrand lahf_lm abm epb tpr_shadow vnmi flexpriority ept vpid fsgsbase tsc_adjust bmi1 avx2 smep bmi2 erms invpcid xsaveopt dtherm ida arat pln pts
bugs		:
bogomips	: 7186.54
clflush size	: 64
cache_alignment	: 64
address sizes	: 39 bits physical, 48 bits virtual
power management:

processor	: 4
vendor_id	: GenuineIntel
cpu family	: 6
model		: 60
model name	: Intel(R) Core(TM) i7-4790 CPU @ 3.60GHz
stepping	: 3
microcode	: 0x20
cpu MHz		: 3799.951
cache size	: 8192 KB
physical id	: 0
siblings	: 8
core id		: 0
cpu cores	: 4
apicid		: 1
initial apicid	: 1
fpu		: yes
fpu_exception	: yes
cpuid level	: 13
wp		: yes
flags		: fpu vme de pse tsc msr pae mce cx8 apic sep mtrr pge mca cmov pat pse36 clflush dts acpi mmx fxsr sse sse2 ss ht tm pbe syscall nx pdpe1gb rdtscp lm constant_tsc arch_perfmon pebs bts rep_good nopl xtopology nonstop_tsc aperfmperf eagerfpu pni pclmulqdq dtes64 monitor ds_cpl vmx smx est tm2 ssse3 sdbg fma cx16 xtpr pdcm pcid sse4_1 sse4_2 x2apic movbe popcnt tsc_deadline_timer aes xsave avx f16c rdrand lahf_lm abm epb tpr_shadow vnmi flexpriority ept vpid fsgsbase tsc_adjust bmi1 avx2 smep bmi2 erms invpcid xsaveopt dtherm ida arat pln pts
bugs		:
bogomips	: 7188.60
clflush size	: 64
cache_alignment	: 64
address sizes	: 39 bits physical, 48 bits virtual
power management:

processor	: 5
vendor_id	: GenuineIntel
cpu family	: 6
model		: 60
model name	: Intel(R) Core(TM) i7-4790 CPU @ 3.60GHz
stepping	: 3
microcode	: 0x20
cpu MHz		: 3799.951
cache size	: 8192 KB
physical id	: 0
siblings	: 8
core id		: 1
cpu cores	: 4
apicid		: 3
initial apicid	: 3
fpu		: yes
fpu_exception	: yes
cpuid level	: 13
wp		: yes
flags		: fpu vme de pse tsc msr pae mce cx8 apic sep mtrr pge mca cmov pat pse36 clflush dts acpi mmx fxsr sse sse2 ss ht tm pbe syscall nx pdpe1gb rdtscp lm constant_tsc arch_perfmon pebs bts rep_good nopl xtopology nonstop_tsc aperfmperf eagerfpu pni pclmulqdq dtes64 monitor ds_cpl vmx smx est tm2 ssse3 sdbg fma cx16 xtpr pdcm pcid sse4_1 sse4_2 x2apic movbe popcnt tsc_deadline_timer aes xsave avx f16c rdrand lahf_lm abm epb tpr_shadow vnmi flexpriority ept vpid fsgsbase tsc_adjust bmi1 avx2 smep bmi2 erms invpcid xsaveopt dtherm ida arat pln pts
bugs		:
bogomips	: 7186.95
clflush size	: 64
cache_alignment	: 64
address sizes	: 39 bits physical, 48 bits virtual
power management:

processor	: 6
vendor_id	: GenuineIntel
cpu family	: 6
model		: 60
model name	: Intel(R) Core(TM) i7-4790 CPU @ 3.60GHz
stepping	: 3
microcode	: 0x20
cpu MHz		: 3799.951
cache size	: 8192 KB
physical id	: 0
siblings	: 8
core id		: 2
cpu cores	: 4
apicid		: 5
initial apicid	: 5
fpu		: yes
fpu_exception	: yes
cpuid level	: 13
wp		: yes
flags		: fpu vme de pse tsc msr pae mce cx8 apic sep mtrr pge mca cmov pat pse36 clflush dts acpi mmx fxsr sse sse2 ss ht tm pbe syscall nx pdpe1gb rdtscp lm constant_tsc arch_perfmon pebs bts rep_good nopl xtopology nonstop_tsc aperfmperf eagerfpu pni pclmulqdq dtes64 monitor ds_cpl vmx smx est tm2 ssse3 sdbg fma cx16 xtpr pdcm pcid sse4_1 sse4_2 x2apic movbe popcnt tsc_deadline_timer aes xsave avx f16c rdrand lahf_lm abm epb tpr_shadow vnmi flexpriority ept vpid fsgsbase tsc_adjust bmi1 avx2 smep bmi2 erms invpcid xsaveopt dtherm ida arat pln pts
bugs		:
bogomips	: 7186.87
clflush size	: 64
cache_alignment	: 64
address sizes	: 39 bits physical, 48 bits virtual
power management:

processor	: 7
vendor_id	: GenuineIntel
cpu family	: 6
model		: 60
model name	: Intel(R) Core(TM) i7-4790 CPU @ 3.60GHz
stepping	: 3
microcode	: 0x20
cpu MHz		: 3799.951
cache size	: 8192 KB
physical id	: 0
siblings	: 8
core id		: 3
cpu cores	: 4
apicid		: 7
initial apicid	: 7
fpu		: yes
fpu_exception	: yes
cpuid level	: 13
wp		: yes
flags		: fpu vme de pse tsc msr pae mce cx8 apic sep mtrr pge mca cmov pat pse36 clflush dts acpi mmx fxsr sse sse2 ss ht tm pbe syscall nx pdpe1gb rdtscp lm constant_tsc arch_perfmon pebs bts rep_good nopl xtopology nonstop_tsc aperfmperf eagerfpu pni pclmulqdq dtes64 monitor ds_cpl vmx smx est tm2 ssse3 sdbg fma cx16 xtpr pdcm pcid sse4_1 sse4_2 x2apic movbe popcnt tsc_deadline_timer aes xsave avx f16c rdrand lahf_lm abm epb tpr_shadow vnmi flexpriority ept vpid fsgsbase tsc_adjust bmi1 avx2 smep bmi2 erms invpcid xsaveopt dtherm ida arat pln pts
bugs		:
bogomips	: 7186.79
clflush size	: 64
cache_alignment	: 64
address sizes	: 39 bits physical, 48 bits virtual
power management:



Memory: 4k page, physical 32816512k(22716328k free), swap 0k(0k free)

vm_info: OpenJDK 64-Bit Server VM (25.76-b03) for linux-amd64 JRE (1.8.0_76-release-b03), built on Jun 29 2016 09:39:19 by "builder" with gcc 4.8.4

time: Mon Dec 12 14:50:00 2016
elapsed time: 0 seconds (0d 0h 0m 0s)

